2018-01-03 22:47:11,097 INFO  DownloadService - Downloading "https://github.com/dailystudio/devbricks/archive/master.zip", attempt 3
2018-01-03 22:47:12,714 INFO  DownloadService - Downloaded https://github.com/dailystudio/devbricks/archive/master.zip, attempt 3
2018-01-03 22:47:12,714 INFO  DownloadService - Size of file "/tmp/1515019631094-0/master.zip": 388 KB
2018-01-03 22:47:12,714 INFO  ArchiveUtils - Checking entries [.gradle] in ZIP file...
2018-01-03 22:47:12,715 INFO  ArchiveUtils - Has entries [.gradle] in ZIP file /tmp/1515019631094-0/master.zip: true
2018-01-03 22:47:12,715 DEBUG ZipUtil - Extracting '/tmp/1515019631094-0/master.zip' into '/tmp/1515019631094-0/src'.
2018-01-03 22:47:12,752 INFO  FullProcessService - Size of directory with sources: 1 MB
2018-01-03 22:47:12,752 INFO  SysUtils - Execute command: [git, init, /tmp/1515019631094-0/src]
2018-01-03 22:47:12,780 INFO  SysUtils - Initialized empty Git repository in /tmp/1515019631094-0/src/.git/

2018-01-03 22:47:12,783 INFO  ProjectBuildService - Gradle wrapper(s): /tmp/1515019631094-0/src/devbricks-master/gradlew
2018-01-03 22:47:12,786 INFO  ProjectBuildService - Build script(s): /tmp/1515019631094-0/src/devbricks-master/build.gradle
2018-01-03 22:47:12,789 INFO  ProjectBuildService - All script(s): /tmp/1515019631094-0/src/devbricks-master/maven_push.gradle /tmp/1515019631094-0/src/devbricks-master/build.gradle /tmp/1515019631094-0/src/devbricks-master/settings.gradle
2018-01-03 22:47:12,790 INFO  ProjectBuildService - Remote scripts: none
2018-01-03 22:47:12,790 INFO  ProjectFixService - Fixing project...
2018-01-03 22:47:12,800 INFO  LocalPropertiesFixService - Created fake /tmp/1515019631094-0/src/devbricks-master/local.properties
2018-01-03 22:47:12,801 INFO  WrapperPropertiesFixService - Gradle wrapper: https://services.gradle.org/distributions/gradle-3.3-bin.zip
2018-01-03 22:47:12,804 INFO  ProjectFixService - Build info for "/tmp/1515019631094-0/src/devbricks-master/build.gradle": [buildToolsVersion=<null>,compileSdkVersion=<null>,minSdkVersion=<null>,targetSdkVersion=<null>]
2018-01-03 22:47:12,804 INFO  ProjectFixService - Fixed build info for "/tmp/1515019631094-0/src/devbricks-master/build.gradle": [buildToolsVersion=27.0.3,compileSdkVersion=27,minSdkVersion=27,targetSdkVersion=27]
2018-01-03 22:47:12,805 INFO  ProjectFixService - Project was maybe fixed
2018-01-03 22:47:12,805 INFO  ProjectTaskService - Detecting possible tasks...
2018-01-03 22:47:12,806 INFO  SysUtils - Execute command: [/tmp/1515019631094-0/src/devbricks-master/gradlew, -b, /tmp/1515019631094-0/src/devbricks-master/build.gradle, -Dorg.gradle.daemon=false, -Dorg.gradle.daemon.performance.enable-monitoring=false, -Dorg.gradle.configureondemand=true, tasks]
2018-01-03 22:47:15,215 ERROR ProjectTaskService - Could not detect possible Gradle tasks: Process exited with an error: 1 (Exit value: 1)
2018-01-03 22:47:15,215 INFO  ProjectTaskService - Detected possible tasks: 0
2018-01-03 22:47:15,215 INFO  ProjectTaskService - Excluded tasks (0): none
2018-01-03 22:47:15,216 INFO  SysUtils - Execute command: [/tmp/1515019631094-0/src/devbricks-master/gradlew, -b, /tmp/1515019631094-0/src/devbricks-master/build.gradle, -Dorg.gradle.daemon=false, -Dorg.gradle.daemon.performance.enable-monitoring=false, -Dorg.gradle.configureondemand=true, --stacktrace, build]
2018-01-03 22:47:17,463 ERROR SysUtils - Could not process external command
org.apache.commons.exec.ExecuteException: Process exited with an error: 1 (Exit value: 1)
	at org.apache.commons.exec.DefaultExecutor.executeInternal(DefaultExecutor.java:404)
	at org.apache.commons.exec.DefaultExecutor.execute(DefaultExecutor.java:166)
	at com.github.vbauer.apkmaster.util.SysUtils.execute(SysUtils.java:67)
	at com.github.vbauer.apkmaster.util.SysUtils.executeSimple(SysUtils.java:43)
	at com.github.vbauer.apkmaster.service.assembly.ProjectBuildService.buildProject(ProjectBuildService.java:78)
	at com.github.vbauer.apkmaster.service.assembly.ProjectBuildService.buildProject(ProjectBuildService.java:64)
	at com.github.vbauer.apkmaster.service.assembly.ProjectBuildService.buildProject(ProjectBuildService.java:43)
	at com.github.vbauer.apkmaster.service.FullProcessService.build(FullProcessService.java:84)
	at com.github.vbauer.apkmaster.service.FullProcessService.process(FullProcessService.java:34)
	at com.github.vbauer.apkmaster.app.MainApplication.process(MainApplication.java:38)
	at com.github.vbauer.apkmaster.app.MainApplication.main(MainApplication.java:20)
	at sun.reflect.NativeMethodAccessorImpl.invoke0(Native Method)
	at sun.reflect.NativeMethodAccessorImpl.invoke(NativeMethodAccessorImpl.java:62)
	at sun.reflect.DelegatingMethodAccessorImpl.invoke(DelegatingMethodAccessorImpl.java:43)
	at java.lang.reflect.Method.invoke(Method.java:498)
	at com.android.arsenal.util.ReflectionUtils.invoke(ReflectionUtils.java:42)
	at com.android.arsenal.util.ApkMasterUtils.main(ApkMasterUtils.java:30)
	at com.android.arsenal.service.processor.impl.BuildProcessorServiceImpl.buildProject(BuildProcessorServiceImpl.java:200)
	at com.android.arsenal.service.processor.impl.BuildProcessorServiceImpl.build(BuildProcessorServiceImpl.java:134)
	at com.android.arsenal.service.processor.impl.BuildProcessorServiceImpl.lambda$null$0(BuildProcessorServiceImpl.java:117)
	at java.util.concurrent.FutureTask.run(FutureTask.java:266)
	at java.util.concurrent.Executors$RunnableAdapter.call(Executors.java:511)
	at java.util.concurrent.FutureTask.run(FutureTask.java:266)
	at java.util.concurrent.ThreadPoolExecutor.runWorker(ThreadPoolExecutor.java:1149)
	at java.util.concurrent.ThreadPoolExecutor$Worker.run(ThreadPoolExecutor.java:624)
	at java.lang.Thread.run(Thread.java:748)
2018-01-03 22:47:17,463 INFO  SysUtils - Configuration on demand is an incubating feature.

FAILURE: Build failed with an exception.

* Where:
Build file '/tmp/1515019631094-0/src/devbricks-master/build.gradle' line: 45

* What went wrong:
A problem occurred evaluating root project 'devbricks-master'.
> Could not find method google() for arguments [] on repository container.

* Try:
Run with --info or --debug option to get more log output.

* Exception is:
org.gradle.api.GradleScriptException: A problem occurred evaluating root project 'devbricks-master'.
	at org.gradle.groovy.scripts.internal.DefaultScriptRunnerFactory$ScriptRunnerImpl.run(DefaultScriptRunnerFactory.java:92)
	at org.gradle.configuration.DefaultScriptPluginFactory$ScriptPluginImpl.apply(DefaultScriptPluginFactory.java:152)
	at org.gradle.configuration.project.BuildScriptProcessor.execute(BuildScriptProcessor.java:39)
	at org.gradle.configuration.project.BuildScriptProcessor.execute(BuildScriptProcessor.java:26)
	at org.gradle.configuration.project.ConfigureActionsProjectEvaluator.evaluate(ConfigureActionsProjectEvaluator.java:34)
	at org.gradle.configuration.project.LifecycleProjectEvaluator.doConfigure(LifecycleProjectEvaluator.java:70)
	at org.gradle.configuration.project.LifecycleProjectEvaluator.access$000(LifecycleProjectEvaluator.java:33)
	at org.gradle.configuration.project.LifecycleProjectEvaluator$1.execute(LifecycleProjectEvaluator.java:53)
	at org.gradle.configuration.project.LifecycleProjectEvaluator$1.execute(LifecycleProjectEvaluator.java:50)
	at org.gradle.internal.Transformers$4.transform(Transformers.java:169)
	at org.gradle.internal.progress.DefaultBuildOperationExecutor.run(DefaultBuildOperationExecutor.java:106)
	at org.gradle.internal.progress.DefaultBuildOperationExecutor.run(DefaultBuildOperationExecutor.java:61)
	at org.gradle.configuration.project.LifecycleProjectEvaluator.evaluate(LifecycleProjectEvaluator.java:50)
	at org.gradle.api.internal.project.DefaultProject.evaluate(DefaultProject.java:628)
	at org.gradle.api.internal.project.DefaultProject.evaluate(DefaultProject.java:129)
	at org.gradle.execution.TaskPathProjectEvaluator.configure(TaskPathProjectEvaluator.java:35)
	at org.gradle.configuration.DefaultBuildConfigurer.configure(DefaultBuildConfigurer.java:36)
	at org.gradle.initialization.DefaultGradleLauncher$1.execute(DefaultGradleLauncher.java:161)
	at org.gradle.initialization.DefaultGradleLauncher$1.execute(DefaultGradleLauncher.java:158)
	at org.gradle.internal.Transformers$4.transform(Transformers.java:169)
	at org.gradle.internal.progress.DefaultBuildOperationExecutor.run(DefaultBuildOperationExecutor.java:106)
	at org.gradle.internal.progress.DefaultBuildOperationExecutor.run(DefaultBuildOperationExecutor.java:56)
	at org.gradle.initialization.DefaultGradleLauncher.doBuildStages(DefaultGradleLauncher.java:158)
	at org.gradle.initialization.DefaultGradleLauncher.doBuild(DefaultGradleLauncher.java:119)
	at org.gradle.initialization.DefaultGradleLauncher.run(DefaultGradleLauncher.java:102)
	at org.gradle.launcher.exec.GradleBuildController.run(GradleBuildController.java:71)
	at org.gradle.tooling.internal.provider.ExecuteBuildActionRunner.run(ExecuteBuildActionRunner.java:28)
	at org.gradle.launcher.exec.ChainingBuildActionRunner.run(ChainingBuildActionRunner.java:35)
	at org.gradle.launcher.exec.InProcessBuildActionExecuter.execute(InProcessBuildActionExecuter.java:41)
	at org.gradle.launcher.exec.InProcessBuildActionExecuter.execute(InProcessBuildActionExecuter.java:26)
	at org.gradle.tooling.internal.provider.ContinuousBuildActionExecuter.execute(ContinuousBuildActionExecuter.java:75)
	at org.gradle.tooling.internal.provider.ContinuousBuildActionExecuter.execute(ContinuousBuildActionExecuter.java:49)
	at org.gradle.tooling.internal.provider.ServicesSetupBuildActionExecuter.execute(ServicesSetupBuildActionExecuter.java:44)
	at org.gradle.tooling.internal.provider.ServicesSetupBuildActionExecuter.execute(ServicesSetupBuildActionExecuter.java:29)
	at org.gradle.launcher.cli.RunBuildAction.run(RunBuildAction.java:51)
	at org.gradle.internal.Actions$RunnableActionAdapter.execute(Actions.java:173)
	at org.gradle.launcher.cli.CommandLineActionFactory$ParseAndBuildAction.execute(CommandLineActionFactory.java:244)
	at org.gradle.launcher.cli.CommandLineActionFactory$ParseAndBuildAction.execute(CommandLineActionFactory.java:217)
	at org.gradle.launcher.cli.JavaRuntimeValidationAction.execute(JavaRuntimeValidationAction.java:33)
	at org.gradle.launcher.cli.JavaRuntimeValidationAction.execute(JavaRuntimeValidationAction.java:24)
	at org.gradle.launcher.cli.ExceptionReportingAction.execute(ExceptionReportingAction.java:33)
	at org.gradle.launcher.cli.ExceptionReportingAction.execute(ExceptionReportingAction.java:22)
	at org.gradle.launcher.cli.CommandLineActionFactory$WithLogging.execute(CommandLineActionFactory.java:210)
	at org.gradle.launcher.cli.CommandLineActionFactory$WithLogging.execute(CommandLineActionFactory.java:174)
	at org.gradle.launcher.Main.doAction(Main.java:33)
	at org.gradle.launcher.bootstrap.EntryPoint.run(EntryPoint.java:45)
	at org.gradle.launcher.bootstrap.ProcessBootstrap.runNoExit(ProcessBootstrap.java:60)
	at org.gradle.launcher.bootstrap.ProcessBootstrap.run(ProcessBootstrap.java:37)
	at org.gradle.launcher.GradleMain.main(GradleMain.java:23)
	at org.gradle.wrapper.BootstrapMainStarter.start(BootstrapMainStarter.java:30)
	at org.gradle.wrapper.WrapperExecutor.execute(WrapperExecutor.java:127)
	at org.gradle.wrapper.GradleWrapperMain.main(GradleWrapperMain.java:56)
Caused by: org.gradle.internal.metaobject.AbstractDynamicObject$CustomMessageMissingMethodException: Could not find method google() for arguments [] on repository container.
	at org.gradle.internal.metaobject.AbstractDynamicObject.methodMissingException(AbstractDynamicObject.java:182)
	at org.gradle.internal.metaobject.ConfigureDelegate.invokeMethod(ConfigureDelegate.java:89)
	at build_359qejrmxk4sm23c8v1l3tiyc$_run_closure1$_closure2.doCall(/tmp/1515019631094-0/src/devbricks-master/build.gradle:45)
	at org.gradle.api.internal.ClosureBackedAction.execute(ClosureBackedAction.java:70)
	at org.gradle.util.ConfigureUtil.configureTarget(ConfigureUtil.java:160)
	at org.gradle.util.ConfigureUtil.configureSelf(ConfigureUtil.java:136)
	at org.gradle.api.internal.artifacts.DefaultArtifactRepositoryContainer.configure(DefaultArtifactRepositoryContainer.java:66)
	at org.gradle.api.internal.artifacts.DefaultArtifactRepositoryContainer.configure(DefaultArtifactRepositoryContainer.java:33)
	at org.gradle.util.ConfigureUtil.configure(ConfigureUtil.java:104)
	at org.gradle.api.internal.initialization.DefaultScriptHandler.repositories(DefaultScriptHandler.java:91)
	at org.gradle.internal.metaobject.BeanDynamicObject$MetaClassAdapter.invokeMethod(BeanDynamicObject.java:382)
	at org.gradle.internal.metaobject.BeanDynamicObject.invokeMethod(BeanDynamicObject.java:170)
	at org.gradle.internal.metaobject.ConfigureDelegate.invokeMethod(ConfigureDelegate.java:59)
	at build_359qejrmxk4sm23c8v1l3tiyc$_run_closure1.doCall(/tmp/1515019631094-0/src/devbricks-master/build.gradle:43)
	at org.gradle.api.internal.ClosureBackedAction.execute(ClosureBackedAction.java:70)
	at org.gradle.util.ConfigureUtil.configureTarget(ConfigureUtil.java:160)
	at org.gradle.util.ConfigureUtil.configure(ConfigureUtil.java:106)
	at org.gradle.api.internal.project.DefaultProject.buildscript(DefaultProject.java:1010)
	at org.gradle.api.internal.project.ProjectScript.buildscript(ProjectScript.java:42)
	at org.gradle.api.Script$buildscript.callCurrent(Unknown Source)
	at build_359qejrmxk4sm23c8v1l3tiyc.run(/tmp/1515019631094-0/src/devbricks-master/build.gradle:42)
	at org.gradle.groovy.scripts.internal.DefaultScriptRunnerFactory$ScriptRunnerImpl.run(DefaultScriptRunnerFactory.java:90)
	... 51 more


BUILD FAILED

Total time: 2.139 secs

2018-01-03 22:47:17,468 ERROR FullProcessService - Project build has not produced APK file
2018-01-03 22:47:17,470 ERROR FullProcessService - Could not find generated or existed APK file
