2019-04-06 18:32:10,959 INFO  DownloadService - Downloading "https://github.com/tikivn/ABTesting/archive/master.zip", attempt 3
2019-04-06 18:32:11,475 INFO  DownloadService - Downloaded https://github.com/tikivn/ABTesting/archive/master.zip, attempt 3
2019-04-06 18:32:11,476 INFO  DownloadService - Size of file "/var/folders/bq/vtzpc5ns5sg2cthy61lqpg3dfzgbys/T/1554550330956-0/master.zip": 122 KB
2019-04-06 18:32:11,476 INFO  ArchiveUtils - Checking entries [.gradle] in ZIP file...
2019-04-06 18:32:11,481 INFO  ArchiveUtils - Has entries [.gradle] in ZIP file /var/folders/bq/vtzpc5ns5sg2cthy61lqpg3dfzgbys/T/1554550330956-0/master.zip: true
2019-04-06 18:32:11,481 DEBUG ZipUtil - Extracting '/var/folders/bq/vtzpc5ns5sg2cthy61lqpg3dfzgbys/T/1554550330956-0/master.zip' into '/var/folders/bq/vtzpc5ns5sg2cthy61lqpg3dfzgbys/T/1554550330956-0/src'.
2019-04-06 18:32:11,500 INFO  FullProcessService - Size of directory with sources: 154 KB
2019-04-06 18:32:11,501 INFO  SysUtils - Execute command: [git, init, /var/folders/bq/vtzpc5ns5sg2cthy61lqpg3dfzgbys/T/1554550330956-0/src]
2019-04-06 18:32:11,518 INFO  SysUtils - Initialized empty Git repository in /private/var/folders/bq/vtzpc5ns5sg2cthy61lqpg3dfzgbys/T/1554550330956-0/src/.git/

2019-04-06 18:32:11,520 INFO  ProjectBuildService - Gradle wrapper(s): /var/folders/bq/vtzpc5ns5sg2cthy61lqpg3dfzgbys/T/1554550330956-0/src/ABTesting-master/gradlew
2019-04-06 18:32:11,523 INFO  ProjectBuildService - Build script(s): /var/folders/bq/vtzpc5ns5sg2cthy61lqpg3dfzgbys/T/1554550330956-0/src/ABTesting-master/abtesting/build.gradle /var/folders/bq/vtzpc5ns5sg2cthy61lqpg3dfzgbys/T/1554550330956-0/src/ABTesting-master/app/build.gradle /var/folders/bq/vtzpc5ns5sg2cthy61lqpg3dfzgbys/T/1554550330956-0/src/ABTesting-master/build.gradle
2019-04-06 18:32:11,526 INFO  ProjectBuildService - All script(s): /var/folders/bq/vtzpc5ns5sg2cthy61lqpg3dfzgbys/T/1554550330956-0/src/ABTesting-master/abtesting/build.gradle /var/folders/bq/vtzpc5ns5sg2cthy61lqpg3dfzgbys/T/1554550330956-0/src/ABTesting-master/app/build.gradle /var/folders/bq/vtzpc5ns5sg2cthy61lqpg3dfzgbys/T/1554550330956-0/src/ABTesting-master/dependencies.gradle /var/folders/bq/vtzpc5ns5sg2cthy61lqpg3dfzgbys/T/1554550330956-0/src/ABTesting-master/gradle/gradle-mvn-push.gradle /var/folders/bq/vtzpc5ns5sg2cthy61lqpg3dfzgbys/T/1554550330956-0/src/ABTesting-master/build.gradle /var/folders/bq/vtzpc5ns5sg2cthy61lqpg3dfzgbys/T/1554550330956-0/src/ABTesting-master/settings.gradle
2019-04-06 18:32:11,527 INFO  ProjectBuildService - Remote scripts: none
2019-04-06 18:32:11,527 INFO  ProjectFixService - Fixing project...
2019-04-06 18:32:11,535 INFO  LocalPropertiesFixService - Created fake /var/folders/bq/vtzpc5ns5sg2cthy61lqpg3dfzgbys/T/1554550330956-0/src/ABTesting-master/abtesting/local.properties
2019-04-06 18:32:11,537 INFO  ProjectFixService - Build info for "/var/folders/bq/vtzpc5ns5sg2cthy61lqpg3dfzgbys/T/1554550330956-0/src/ABTesting-master/abtesting/build.gradle": [buildToolsVersion=24.0.2,compileSdkVersion=24,minSdkVersion=15,targetSdkVersion=<null>]
2019-04-06 18:32:11,537 INFO  ProjectFixService - Fixed build info for "/var/folders/bq/vtzpc5ns5sg2cthy61lqpg3dfzgbys/T/1554550330956-0/src/ABTesting-master/abtesting/build.gradle": [buildToolsVersion=24.0.2,compileSdkVersion=24,minSdkVersion=15,targetSdkVersion=28]
2019-04-06 18:32:11,538 INFO  LocalPropertiesFixService - Created fake /var/folders/bq/vtzpc5ns5sg2cthy61lqpg3dfzgbys/T/1554550330956-0/src/ABTesting-master/app/local.properties
2019-04-06 18:32:11,540 INFO  ProjectFixService - Build info for "/var/folders/bq/vtzpc5ns5sg2cthy61lqpg3dfzgbys/T/1554550330956-0/src/ABTesting-master/app/build.gradle": [buildToolsVersion=24.0.2,compileSdkVersion=24,minSdkVersion=15,targetSdkVersion=<null>]
2019-04-06 18:32:11,540 INFO  ProjectFixService - Fixed build info for "/var/folders/bq/vtzpc5ns5sg2cthy61lqpg3dfzgbys/T/1554550330956-0/src/ABTesting-master/app/build.gradle": [buildToolsVersion=24.0.2,compileSdkVersion=24,minSdkVersion=15,targetSdkVersion=28]
2019-04-06 18:32:11,541 INFO  LocalPropertiesFixService - Created fake /var/folders/bq/vtzpc5ns5sg2cthy61lqpg3dfzgbys/T/1554550330956-0/src/ABTesting-master/local.properties
2019-04-06 18:32:11,542 INFO  WrapperPropertiesFixService - Gradle wrapper: https://services.gradle.org/distributions/gradle-2.14.1-all.zip
2019-04-06 18:32:11,542 INFO  WrapperPropertiesFixService - Gradle wrapper was changed from "-all.zip" to "-bin.zip" (https://services.gradle.org/distributions/gradle-2.14.1-bin.zip)
2019-04-06 18:32:11,544 INFO  ProjectFixService - Build info for "/var/folders/bq/vtzpc5ns5sg2cthy61lqpg3dfzgbys/T/1554550330956-0/src/ABTesting-master/build.gradle": [buildToolsVersion=24.0.2,compileSdkVersion=24,minSdkVersion=15,targetSdkVersion=<null>]
2019-04-06 18:32:11,544 INFO  ProjectFixService - Fixed build info for "/var/folders/bq/vtzpc5ns5sg2cthy61lqpg3dfzgbys/T/1554550330956-0/src/ABTesting-master/build.gradle": [buildToolsVersion=24.0.2,compileSdkVersion=24,minSdkVersion=15,targetSdkVersion=28]
2019-04-06 18:32:11,544 INFO  ProjectFixService - Project was maybe fixed
2019-04-06 18:32:11,544 INFO  ProjectTaskService - Detecting possible tasks...
2019-04-06 18:32:11,545 INFO  SysUtils - Execute command: [/var/folders/bq/vtzpc5ns5sg2cthy61lqpg3dfzgbys/T/1554550330956-0/src/ABTesting-master/gradlew, -b, /var/folders/bq/vtzpc5ns5sg2cthy61lqpg3dfzgbys/T/1554550330956-0/src/ABTesting-master/abtesting/build.gradle, -Dorg.gradle.daemon=false, -Dorg.gradle.daemon.performance.enable-monitoring=false, -Dorg.gradle.configureondemand=true, tasks]
2019-04-06 18:32:19,937 ERROR ProjectTaskService - Could not detect possible Gradle tasks: Process exited with an error: 1 (Exit value: 1)
2019-04-06 18:32:19,937 INFO  ProjectTaskService - Detected possible tasks: 0
2019-04-06 18:32:19,937 INFO  ProjectTaskService - Excluded tasks (0): none
2019-04-06 18:32:19,937 INFO  SysUtils - Execute command: [/var/folders/bq/vtzpc5ns5sg2cthy61lqpg3dfzgbys/T/1554550330956-0/src/ABTesting-master/gradlew, -b, /var/folders/bq/vtzpc5ns5sg2cthy61lqpg3dfzgbys/T/1554550330956-0/src/ABTesting-master/abtesting/build.gradle, -Dorg.gradle.daemon=false, -Dorg.gradle.daemon.performance.enable-monitoring=false, -Dorg.gradle.configureondemand=true, --stacktrace, build]
2019-04-06 18:32:43,994 ERROR SysUtils - Could not process external command
org.apache.commons.exec.ExecuteException: Process exited with an error: 1 (Exit value: 1)
	at org.apache.commons.exec.DefaultExecutor.executeInternal(DefaultExecutor.java:404)
	at org.apache.commons.exec.DefaultExecutor.execute(DefaultExecutor.java:166)
	at com.github.vbauer.apkmaster.util.SysUtils.execute(SysUtils.java:67)
	at com.github.vbauer.apkmaster.util.SysUtils.executeSimple(SysUtils.java:43)
	at com.github.vbauer.apkmaster.service.assembly.ProjectBuildService.buildProject(ProjectBuildService.java:78)
	at com.github.vbauer.apkmaster.service.assembly.ProjectBuildService.buildProject(ProjectBuildService.java:64)
	at com.github.vbauer.apkmaster.service.assembly.ProjectBuildService.buildProject(ProjectBuildService.java:43)
	at com.github.vbauer.apkmaster.service.FullProcessService.build(FullProcessService.java:84)
	at com.github.vbauer.apkmaster.service.FullProcessService.process(FullProcessService.java:34)
	at com.github.vbauer.apkmaster.app.MainApplication.process(MainApplication.java:38)
	at com.github.vbauer.apkmaster.app.MainApplication.main(MainApplication.java:20)
	at sun.reflect.GeneratedMethodAccessor9.invoke(Unknown Source)
	at sun.reflect.DelegatingMethodAccessorImpl.invoke(DelegatingMethodAccessorImpl.java:43)
	at java.lang.reflect.Method.invoke(Method.java:498)
	at com.android.arsenal.util.ReflectionUtils.invoke(ReflectionUtils.java:52)
	at com.android.arsenal.util.ApkMasterUtils.main(ApkMasterUtils.java:30)
	at com.android.arsenal.service.processor.impl.BuildProcessorServiceImpl.buildProject(BuildProcessorServiceImpl.java:196)
	at com.android.arsenal.service.processor.impl.BuildProcessorServiceImpl.build(BuildProcessorServiceImpl.java:130)
	at com.android.arsenal.service.processor.impl.BuildProcessorServiceImpl.lambda$null$1(BuildProcessorServiceImpl.java:113)
	at java.util.concurrent.FutureTask.run(FutureTask.java:266)
	at java.util.concurrent.Executors$RunnableAdapter.call(Executors.java:511)
	at java.util.concurrent.FutureTask.run(FutureTask.java:266)
	at java.util.concurrent.ThreadPoolExecutor.runWorker(ThreadPoolExecutor.java:1149)
	at java.util.concurrent.ThreadPoolExecutor$Worker.run(ThreadPoolExecutor.java:624)
	at java.lang.Thread.run(Thread.java:748)
2019-04-06 18:32:43,996 INFO  SysUtils - Configuration on demand is an incubating feature.
:abtesting:androidJavadocs/private/var/folders/bq/vtzpc5ns5sg2cthy61lqpg3dfzgbys/T/1554550330956-0/src/ABTesting-master/abtesting/src/main/java/vn/tiki/ab/ValueRequest.java:4: error: package android.support.annotation does not exist
import android.support.annotation.NonNull;
                                 ^
/private/var/folders/bq/vtzpc5ns5sg2cthy61lqpg3dfzgbys/T/1554550330956-0/src/ABTesting-master/abtesting/src/main/java/vn/tiki/ab/ValueRequest.java:5: error: package android.support.annotation does not exist
import android.support.annotation.Nullable;
                                 ^
/private/var/folders/bq/vtzpc5ns5sg2cthy61lqpg3dfzgbys/T/1554550330956-0/src/ABTesting-master/abtesting/src/main/java/vn/tiki/ab/ValueRequest.java:6: error: package com.google.android.gms.tasks does not exist
import com.google.android.gms.tasks.OnCompleteListener;
                                   ^
/private/var/folders/bq/vtzpc5ns5sg2cthy61lqpg3dfzgbys/T/1554550330956-0/src/ABTesting-master/abtesting/src/main/java/vn/tiki/ab/ValueRequest.java:7: error: package com.google.android.gms.tasks does not exist
import com.google.android.gms.tasks.OnFailureListener;
                                   ^
/private/var/folders/bq/vtzpc5ns5sg2cthy61lqpg3dfzgbys/T/1554550330956-0/src/ABTesting-master/abtesting/src/main/java/vn/tiki/ab/ValueRequest.java:8: error: package com.google.android.gms.tasks does not exist
import com.google.android.gms.tasks.OnSuccessListener;
                                   ^
/private/var/folders/bq/vtzpc5ns5sg2cthy61lqpg3dfzgbys/T/1554550330956-0/src/ABTesting-master/abtesting/src/main/java/vn/tiki/ab/ValueRequest.java:9: error: package com.google.android.gms.tasks does not exist
import com.google.android.gms.tasks.Task;
                                   ^
/private/var/folders/bq/vtzpc5ns5sg2cthy61lqpg3dfzgbys/T/1554550330956-0/src/ABTesting-master/abtesting/src/main/java/vn/tiki/ab/ValueRequest.java:10: error: package com.google.firebase.remoteconfig does not exist
import com.google.firebase.remoteconfig.FirebaseRemoteConfig;
                                       ^
/private/var/folders/bq/vtzpc5ns5sg2cthy61lqpg3dfzgbys/T/1554550330956-0/src/ABTesting-master/abtesting/src/main/java/vn/tiki/ab/ValueRequest.java:11: error: package com.google.firebase.remoteconfig does not exist
import com.google.firebase.remoteconfig.FirebaseRemoteConfigValue;
                                       ^
/private/var/folders/bq/vtzpc5ns5sg2cthy61lqpg3dfzgbys/T/1554550330956-0/src/ABTesting-master/abtesting/src/main/java/vn/tiki/ab/ValueRequest.java:14: error: package rx does not exist
import rx.AsyncEmitter;
         ^
/private/var/folders/bq/vtzpc5ns5sg2cthy61lqpg3dfzgbys/T/1554550330956-0/src/ABTesting-master/abtesting/src/main/java/vn/tiki/ab/ValueRequest.java:15: error: package rx does not exist
import rx.Observable;
         ^
/private/var/folders/bq/vtzpc5ns5sg2cthy61lqpg3dfzgbys/T/1554550330956-0/src/ABTesting-master/abtesting/src/main/java/vn/tiki/ab/ValueRequest.java:16: error: package rx.functions does not exist
import rx.functions.Action1;
                   ^
/private/var/folders/bq/vtzpc5ns5sg2cthy61lqpg3dfzgbys/T/1554550330956-0/src/ABTesting-master/abtesting/src/main/java/vn/tiki/ab/ValueRequest.java:17: error: package rx.functions does not exist
import rx.functions.Func1;
                   ^
/private/var/folders/bq/vtzpc5ns5sg2cthy61lqpg3dfzgbys/T/1554550330956-0/src/ABTesting-master/abtesting/src/main/java/vn/tiki/ab/ValueRequest.java:25: error: cannot find symbol
  private final FirebaseRemoteConfig remoteConfig;
                ^
  symbol:   class FirebaseRemoteConfig
  location: class ValueRequest
/private/var/folders/bq/vtzpc5ns5sg2cthy61lqpg3dfzgbys/T/1554550330956-0/src/ABTesting-master/abtesting/src/main/java/vn/tiki/ab/ValueRequest.java:31: error: cannot find symbol
  ValueRequest(@Nullable Activity activity, FirebaseRemoteConfig remoteConfig, long cacheExpiration,
                                            ^
  symbol:   class FirebaseRemoteConfig
  location: class ValueRequest
/private/var/folders/bq/vtzpc5ns5sg2cthy61lqpg3dfzgbys/T/1554550330956-0/src/ABTesting-master/abtesting/src/main/java/vn/tiki/ab/ValueRequest.java:40: error: cannot find symbol
  public <T> Observable<T> parseValue(final ValueParser<T> valueParser) {
             ^
  symbol:   class Observable
  location: class ValueRequest
/private/var/folders/bq/vtzpc5ns5sg2cthy61lqpg3dfzgbys/T/1554550330956-0/src/ABTesting-master/abtesting/src/main/java/vn/tiki/ab/ValueRequest.java:48: error: cannot find symbol
  public Observable<String> stringValue() {
         ^
  symbol:   class Observable
  location: class ValueRequest
/private/var/folders/bq/vtzpc5ns5sg2cthy61lqpg3dfzgbys/T/1554550330956-0/src/ABTesting-master/abtesting/src/main/java/vn/tiki/ab/ValueRequest.java:56: error: cannot find symbol
  public Observable<Boolean> booleanValue() {
         ^
  symbol:   class Observable
  location: class ValueRequest
/private/var/folders/bq/vtzpc5ns5sg2cthy61lqpg3dfzgbys/T/1554550330956-0/src/ABTesting-master/abtesting/src/main/java/vn/tiki/ab/ValueRequest.java:64: error: cannot find symbol
  private Observable<FirebaseRemoteConfigValue> getValue() {
          ^
  symbol:   class Observable
  location: class ValueRequest
/private/var/folders/bq/vtzpc5ns5sg2cthy61lqpg3dfzgbys/T/1554550330956-0/src/ABTesting-master/abtesting/src/main/java/vn/tiki/ab/ValueRequest.java:64: error: cannot find symbol
  private Observable<FirebaseRemoteConfigValue> getValue() {
                     ^
  symbol:   class FirebaseRemoteConfigValue
  location: class ValueRequest
/private/var/folders/bq/vtzpc5ns5sg2cthy61lqpg3dfzgbys/T/1554550330956-0/src/ABTesting-master/abtesting/src/main/java/vn/tiki/ab/AbTesting.java:4: error: package android.support.annotation does not exist
import android.support.annotation.NonNull;
                                 ^
/private/var/folders/bq/vtzpc5ns5sg2cthy61lqpg3dfzgbys/T/1554550330956-0/src/ABTesting-master/abtesting/src/main/java/vn/tiki/ab/AbTesting.java:5: error: package com.google.firebase.remoteconfig does not exist
import com.google.firebase.remoteconfig.FirebaseRemoteConfig;
                                       ^
/private/var/folders/bq/vtzpc5ns5sg2cthy61lqpg3dfzgbys/T/1554550330956-0/src/ABTesting-master/abtesting/src/main/java/vn/tiki/ab/AbTesting.java:6: error: package com.google.firebase.remoteconfig does not exist
import com.google.firebase.remoteconfig.FirebaseRemoteConfigSettings;
                                       ^
/private/var/folders/bq/vtzpc5ns5sg2cthy61lqpg3dfzgbys/T/1554550330956-0/src/ABTesting-master/abtesting/src/main/java/vn/tiki/ab/AbTesting.java:10: error: cannot find symbol
  private final FirebaseRemoteConfig firebaseRemoteConfig;
                ^
  symbol:   class FirebaseRemoteConfig
  location: class AbTesting
/private/var/folders/bq/vtzpc5ns5sg2cthy61lqpg3dfzgbys/T/1554550330956-0/src/ABTesting-master/abtesting/src/main/java/vn/tiki/ab/RequestBuilder.java:4: error: package android.support.annotation does not exist
import android.support.annotation.NonNull;
                                 ^
/private/var/folders/bq/vtzpc5ns5sg2cthy61lqpg3dfzgbys/T/1554550330956-0/src/ABTesting-master/abtesting/src/main/java/vn/tiki/ab/RequestBuilder.java:5: error: package com.google.firebase.remoteconfig does not exist
import com.google.firebase.remoteconfig.FirebaseRemoteConfig;
                                       ^
/private/var/folders/bq/vtzpc5ns5sg2cthy61lqpg3dfzgbys/T/1554550330956-0/src/ABTesting-master/abtesting/src/main/java/vn/tiki/ab/RequestBuilder.java:15: error: cannot find symbol
  private final FirebaseRemoteConfig remoteConfig;
                ^
  symbol:   class FirebaseRemoteConfig
  location: class RequestBuilder
/private/var/folders/bq/vtzpc5ns5sg2cthy61lqpg3dfzgbys/T/1554550330956-0/src/ABTesting-master/abtesting/src/main/java/vn/tiki/ab/RequestBuilder.java:19: error: cannot find symbol
  RequestBuilder(@NonNull FirebaseRemoteConfig remoteConfig, @NonNull Activity activity,
                          ^
  symbol:   class FirebaseRemoteConfig
  location: class RequestBuilder
/private/var/folders/bq/vtzpc5ns5sg2cthy61lqpg3dfzgbys/T/1554550330956-0/src/ABTesting-master/abtesting/src/main/java/vn/tiki/ab/ValueRequest.java:31: error: cannot find symbol
  ValueRequest(@Nullable Activity activity, FirebaseRemoteConfig remoteConfig, long cacheExpiration,
                ^
  symbol:   class Nullable
  location: class ValueRequest
/private/var/folders/bq/vtzpc5ns5sg2cthy61lqpg3dfzgbys/T/1554550330956-0/src/ABTesting-master/abtesting/src/main/java/vn/tiki/ab/AbTesting.java:31: error: cannot find symbol
  public RequestBuilder request(@NonNull Activity activity) {
                                 ^
  symbol:   class NonNull
  location: class AbTesting
/private/var/folders/bq/vtzpc5ns5sg2cthy61lqpg3dfzgbys/T/1554550330956-0/src/ABTesting-master/abtesting/src/main/java/vn/tiki/ab/RequestBuilder.java:19: error: cannot find symbol
  RequestBuilder(@NonNull FirebaseRemoteConfig remoteConfig, @NonNull Activity activity,
                  ^
  symbol:   class NonNull
  location: class RequestBuilder
/private/var/folders/bq/vtzpc5ns5sg2cthy61lqpg3dfzgbys/T/1554550330956-0/src/ABTesting-master/abtesting/src/main/java/vn/tiki/ab/RequestBuilder.java:19: error: cannot find symbol
  RequestBuilder(@NonNull FirebaseRemoteConfig remoteConfig, @NonNull Activity activity,
                                                              ^
  symbol:   class NonNull
  location: class RequestBuilder
javadoc: warning - Class NonNull not found.

32 warnings
:abtesting:androidJavadocsJar
:abtesting:androidSourcesJar
:abtesting:preBuild UP-TO-DATE
:abtesting:preDebugBuild UP-TO-DATE
:abtesting:checkDebugManifest
:abtesting:preDebugAndroidTestBuild UP-TO-DATE
:abtesting:preDebugUnitTestBuild UP-TO-DATE
:abtesting:preReleaseBuild UP-TO-DATE
:abtesting:preReleaseUnitTestBuild UP-TO-DATE
:abtesting:prepareComAndroidDatabindingAdapters121Library
:abtesting:prepareComAndroidDatabindingLibrary121Library
:abtesting:prepareComAndroidSupportSupportV42400Library
:abtesting:prepareComGoogleAndroidGmsPlayServicesBase980Library
:abtesting:prepareComGoogleAndroidGmsPlayServicesBasement980Library
:abtesting:prepareComGoogleAndroidGmsPlayServicesTasks980Library
:abtesting:prepareComGoogleFirebaseFirebaseAnalytics980Library
:abtesting:prepareComGoogleFirebaseFirebaseAnalyticsImpl980Library
:abtesting:prepareComGoogleFirebaseFirebaseCommon980Library
:abtesting:prepareComGoogleFirebaseFirebaseConfig980Library
:abtesting:prepareComGoogleFirebaseFirebaseCore980Library
:abtesting:prepareComGoogleFirebaseFirebaseIid980Library
:abtesting:prepareDebugDependencies
:abtesting:compileDebugAidl
:abtesting:compileDebugNdk UP-TO-DATE
:abtesting:compileLint
:abtesting:copyDebugLint UP-TO-DATE
:abtesting:compileDebugRenderscript
:abtesting:generateDebugResValues
:abtesting:generateDebugResources
:abtesting:mergeDebugResources
:abtesting:dataBindingProcessLayoutsDebug
:abtesting:generateDebugBuildConfig
:abtesting:processDebugManifest
:abtesting:processDebugResources
:abtesting:generateDebugSources
:abtesting:dataBindingExportBuildInfoDebug
:abtesting:incrementalDebugJavaCompilationSafeguard
:abtesting:compileDebugJavaWithJavac
:abtesting:extractDebugAnnotations
:abtesting:mergeDebugShaders
:abtesting:compileDebugShaders
:abtesting:generateDebugAssets
:abtesting:mergeDebugAssets
:abtesting:mergeDebugProguardFiles
:abtesting:packageDebugRenderscript UP-TO-DATE
:abtesting:packageDebugResources
:abtesting:unzipJacocoAgent
:abtesting:transformClassesWithJacocoForDebug
:abtesting:processDebugJavaRes UP-TO-DATE
:abtesting:transformResourcesWithMergeJavaResForDebug
:abtesting:transformClassesAndResourcesWithSyncLibJarsForDebug
:abtesting:mergeDebugJniLibFolders
:abtesting:transformNative_libsWithMergeJniLibsForDebug
:abtesting:transformNative_libsWithSyncJniLibsForDebug
:abtesting:bundleDebug
:abtesting:compileDebugSources
:abtesting:assembleDebug
:abtesting:prepareComAndroidSupportTestEspressoEspressoCore222Library
:abtesting:prepareComAndroidSupportTestEspressoEspressoIdlingResource222Library
:abtesting:prepareComAndroidSupportTestExposedInstrumentationApiPublish05Library
:abtesting:prepareComAndroidSupportTestRules05Library
:abtesting:prepareComAndroidSupportTestRunner05Library
:abtesting:prepareDebugAndroidTestDependencies
:abtesting:processDebugAndroidTestManifest
:abtesting:compileDebugAndroidTestRenderscript
:abtesting:generateDebugAndroidTestResValues
:abtesting:generateDebugAndroidTestResources
:abtesting:mergeDebugAndroidTestResources
:abtesting:dataBindingProcessLayoutsDebugAndroidTest
:abtesting:compileDebugAndroidTestAidl
:abtesting:generateDebugAndroidTestBuildConfig
:abtesting:processDebugAndroidTestResources
:abtesting:generateDebugAndroidTestSources
:abtesting:dataBindingExportBuildInfoDebugAndroidTest
:abtesting:incrementalDebugAndroidTestJavaCompilationSafeguard
:abtesting:compileDebugAndroidTestJavaWithJavac
:abtesting:compileDebugAndroidTestNdk UP-TO-DATE
:abtesting:compileDebugAndroidTestSources
:abtesting:mergeDebugAndroidTestShaders
:abtesting:compileDebugAndroidTestShaders
:abtesting:generateDebugAndroidTestAssets
:abtesting:mergeDebugAndroidTestAssets
:abtesting:transformClassesWithDexForDebugAndroidTest
:abtesting:mergeDebugAndroidTestJniLibFolders
:abtesting:transformNative_libsWithMergeJniLibsForDebugAndroidTest
:abtesting:processDebugAndroidTestJavaRes UP-TO-DATE
:abtesting:transformResourcesWithMergeJavaResForDebugAndroidTest
:abtesting:validateSigningDebugAndroidTest
:abtesting:packageDebugAndroidTest
:abtesting:assembleDebugAndroidTest
:abtesting:checkReleaseManifest
:abtesting:prepareReleaseDependencies
:abtesting:compileReleaseAidl
:abtesting:compileReleaseNdk UP-TO-DATE
:abtesting:copyReleaseLint UP-TO-DATE
:abtesting:compileReleaseRenderscript
:abtesting:generateReleaseResValues
:abtesting:generateReleaseResources
:abtesting:mergeReleaseResources
:abtesting:dataBindingProcessLayoutsRelease
:abtesting:generateReleaseBuildConfig
:abtesting:processReleaseManifest
:abtesting:processReleaseResources
:abtesting:generateReleaseSources
:abtesting:dataBindingExportBuildInfoRelease
:abtesting:incrementalReleaseJavaCompilationSafeguard
:abtesting:compileReleaseJavaWithJavac
:abtesting:extractReleaseAnnotations
:abtesting:mergeReleaseShaders
:abtesting:compileReleaseShaders
:abtesting:generateReleaseAssets
:abtesting:mergeReleaseAssets
:abtesting:mergeReleaseProguardFiles
:abtesting:packageReleaseRenderscript UP-TO-DATE
:abtesting:packageReleaseResources
:abtesting:processReleaseJavaRes UP-TO-DATE
:abtesting:transformResourcesWithMergeJavaResForRelease
:abtesting:transformClassesAndResourcesWithSyncLibJarsForRelease
:abtesting:mergeReleaseJniLibFolders
:abtesting:transformNative_libsWithMergeJniLibsForRelease
:abtesting:transformNative_libsWithSyncJniLibsForRelease
:abtesting:bundleRelease
:abtesting:compileReleaseSources
:abtesting:assembleRelease
:abtesting:signArchives SKIPPED
:abtesting:assemble
:abtesting:checkstyle
:abtesting:lint FAILED

FAILURE: Build failed with an exception.

* What went wrong:
Execution failed for task ':abtesting:lint'.
> No toolchains found in the NDK toolchains folder for ABI with prefix: mipsel-linux-android

* Try:
Run with --info or --debug option to get more log output.

* Exception is:
org.gradle.api.tasks.TaskExecutionException: Execution failed for task ':abtesting:lint'.
	at org.gradle.api.internal.tasks.execution.ExecuteActionsTaskExecuter.executeActions(ExecuteActionsTaskExecuter.java:69)
	at org.gradle.api.internal.tasks.execution.ExecuteActionsTaskExecuter.execute(ExecuteActionsTaskExecuter.java:46)
	at org.gradle.api.internal.tasks.execution.PostExecutionAnalysisTaskExecuter.execute(PostExecutionAnalysisTaskExecuter.java:35)
	at org.gradle.api.internal.tasks.execution.SkipUpToDateTaskExecuter.execute(SkipUpToDateTaskExecuter.java:66)
	at org.gradle.api.internal.tasks.execution.ValidatingTaskExecuter.execute(ValidatingTaskExecuter.java:58)
	at org.gradle.api.internal.tasks.execution.SkipEmptySourceFilesTaskExecuter.execute(SkipEmptySourceFilesTaskExecuter.java:52)
	at org.gradle.api.internal.tasks.execution.SkipTaskWithNoActionsExecuter.execute(SkipTaskWithNoActionsExecuter.java:52)
	at org.gradle.api.internal.tasks.execution.SkipOnlyIfTaskExecuter.execute(SkipOnlyIfTaskExecuter.java:53)
	at org.gradle.api.internal.tasks.execution.ExecuteAtMostOnceTaskExecuter.execute(ExecuteAtMostOnceTaskExecuter.java:43)
	at org.gradle.execution.taskgraph.DefaultTaskGraphExecuter$EventFiringTaskWorker.execute(DefaultTaskGraphExecuter.java:203)
	at org.gradle.execution.taskgraph.DefaultTaskGraphExecuter$EventFiringTaskWorker.execute(DefaultTaskGraphExecuter.java:185)
	at org.gradle.execution.taskgraph.AbstractTaskPlanExecutor$TaskExecutorWorker.processTask(AbstractTaskPlanExecutor.java:66)
	at org.gradle.execution.taskgraph.AbstractTaskPlanExecutor$TaskExecutorWorker.run(AbstractTaskPlanExecutor.java:50)
	at org.gradle.execution.taskgraph.DefaultTaskPlanExecutor.process(DefaultTaskPlanExecutor.java:25)
	at org.gradle.execution.taskgraph.DefaultTaskGraphExecuter.execute(DefaultTaskGraphExecuter.java:110)
	at org.gradle.execution.SelectedTaskExecutionAction.execute(SelectedTaskExecutionAction.java:37)
	at org.gradle.execution.DefaultBuildExecuter.execute(DefaultBuildExecuter.java:37)
	at org.gradle.execution.DefaultBuildExecuter.access$000(DefaultBuildExecuter.java:23)
	at org.gradle.execution.DefaultBuildExecuter$1.proceed(DefaultBuildExecuter.java:43)
	at org.gradle.execution.DryRunBuildExecutionAction.execute(DryRunBuildExecutionAction.java:32)
	at org.gradle.execution.DefaultBuildExecuter.execute(DefaultBuildExecuter.java:37)
	at org.gradle.execution.DefaultBuildExecuter.execute(DefaultBuildExecuter.java:30)
	at org.gradle.initialization.DefaultGradleLauncher$4.run(DefaultGradleLauncher.java:153)
	at org.gradle.internal.Factories$1.create(Factories.java:22)
	at org.gradle.internal.progress.DefaultBuildOperationExecutor.run(DefaultBuildOperationExecutor.java:91)
	at org.gradle.internal.progress.DefaultBuildOperationExecutor.run(DefaultBuildOperationExecutor.java:53)
	at org.gradle.initialization.DefaultGradleLauncher.doBuildStages(DefaultGradleLauncher.java:150)
	at org.gradle.initialization.DefaultGradleLauncher.access$200(DefaultGradleLauncher.java:32)
	at org.gradle.initialization.DefaultGradleLauncher$1.create(DefaultGradleLauncher.java:98)
	at org.gradle.initialization.DefaultGradleLauncher$1.create(DefaultGradleLauncher.java:92)
	at org.gradle.internal.progress.DefaultBuildOperationExecutor.run(DefaultBuildOperationExecutor.java:91)
	at org.gradle.internal.progress.DefaultBuildOperationExecutor.run(DefaultBuildOperationExecutor.java:63)
	at org.gradle.initialization.DefaultGradleLauncher.doBuild(DefaultGradleLauncher.java:92)
	at org.gradle.initialization.DefaultGradleLauncher.run(DefaultGradleLauncher.java:83)
	at org.gradle.launcher.exec.InProcessBuildActionExecuter$DefaultBuildController.run(InProcessBuildActionExecuter.java:99)
	at org.gradle.tooling.internal.provider.ExecuteBuildActionRunner.run(ExecuteBuildActionRunner.java:28)
	at org.gradle.launcher.exec.ChainingBuildActionRunner.run(ChainingBuildActionRunner.java:35)
	at org.gradle.launcher.exec.InProcessBuildActionExecuter.execute(InProcessBuildActionExecuter.java:48)
	at org.gradle.launcher.exec.InProcessBuildActionExecuter.execute(InProcessBuildActionExecuter.java:30)
	at org.gradle.launcher.exec.ContinuousBuildActionExecuter.execute(ContinuousBuildActionExecuter.java:81)
	at org.gradle.launcher.exec.ContinuousBuildActionExecuter.execute(ContinuousBuildActionExecuter.java:46)
	at org.gradle.launcher.exec.DaemonUsageSuggestingBuildActionExecuter.execute(DaemonUsageSuggestingBuildActionExecuter.java:51)
	at org.gradle.launcher.exec.DaemonUsageSuggestingBuildActionExecuter.execute(DaemonUsageSuggestingBuildActionExecuter.java:28)
	at org.gradle.launcher.cli.RunBuildAction.run(RunBuildAction.java:43)
	at org.gradle.internal.Actions$RunnableActionAdapter.execute(Actions.java:173)
	at org.gradle.launcher.cli.CommandLineActionFactory$ParseAndBuildAction.execute(CommandLineActionFactory.java:239)
	at org.gradle.launcher.cli.CommandLineActionFactory$ParseAndBuildAction.execute(CommandLineActionFactory.java:212)
	at org.gradle.launcher.cli.JavaRuntimeValidationAction.execute(JavaRuntimeValidationAction.java:35)
	at org.gradle.launcher.cli.JavaRuntimeValidationAction.execute(JavaRuntimeValidationAction.java:24)
	at org.gradle.launcher.cli.ExceptionReportingAction.execute(ExceptionReportingAction.java:33)
	at org.gradle.launcher.cli.ExceptionReportingAction.execute(ExceptionReportingAction.java:22)
	at org.gradle.launcher.cli.CommandLineActionFactory$WithLogging.execute(CommandLineActionFactory.java:205)
	at org.gradle.launcher.cli.CommandLineActionFactory$WithLogging.execute(CommandLineActionFactory.java:169)
	at org.gradle.launcher.Main.doAction(Main.java:33)
	at org.gradle.launcher.bootstrap.EntryPoint.run(EntryPoint.java:45)
	at org.gradle.launcher.bootstrap.ProcessBootstrap.runNoExit(ProcessBootstrap.java:55)
	at org.gradle.launcher.bootstrap.ProcessBootstrap.run(ProcessBootstrap.java:36)
	at org.gradle.launcher.GradleMain.main(GradleMain.java:23)
	at org.gradle.wrapper.BootstrapMainStarter.start(BootstrapMainStarter.java:30)
	at org.gradle.wrapper.WrapperExecutor.execute(WrapperExecutor.java:129)
	at org.gradle.wrapper.GradleWrapperMain.main(GradleWrapperMain.java:61)
Caused by: java.lang.RuntimeException: No toolchains found in the NDK toolchains folder for ABI with prefix: mipsel-linux-android
	at com.android.build.gradle.internal.ndk.DefaultNdkInfo.getDefaultToolchainVersion(DefaultNdkInfo.java:330)
	at com.android.build.gradle.internal.ndk.DefaultNdkInfo.getToolchainPath(DefaultNdkInfo.java:207)
	at com.android.build.gradle.internal.ndk.DefaultNdkInfo.getCCompiler(DefaultNdkInfo.java:263)
	at com.android.build.gradle.internal.ndk.NdkHandler.getCCompiler(NdkHandler.java:306)
	at com.android.build.gradle.internal.model.ModelBuilder.createNativeToolchainModelMap(ModelBuilder.java:240)
	at com.android.build.gradle.internal.model.ModelBuilder.buildAll(ModelBuilder.java:175)
	at com.android.build.gradle.tasks.Lint.createAndroidProject(Lint.java:288)
	at com.android.build.gradle.tasks.Lint.lint(Lint.java:105)
	at org.gradle.internal.reflect.JavaMethod.invoke(JavaMethod.java:75)
	at org.gradle.api.internal.project.taskfactory.AnnotationProcessingTaskFactory$StandardTaskAction.doExecute(AnnotationProcessingTaskFactory.java:228)
	at org.gradle.api.internal.project.taskfactory.AnnotationProcessingTaskFactory$StandardTaskAction.execute(AnnotationProcessingTaskFactory.java:221)
	at org.gradle.api.internal.project.taskfactory.AnnotationProcessingTaskFactory$StandardTaskAction.execute(AnnotationProcessingTaskFactory.java:210)
	at org.gradle.api.internal.AbstractTask$TaskActionWrapper.execute(AbstractTask.java:621)
	at org.gradle.api.internal.AbstractTask$TaskActionWrapper.execute(AbstractTask.java:604)
	at org.gradle.api.internal.tasks.execution.ExecuteActionsTaskExecuter.executeAction(ExecuteActionsTaskExecuter.java:80)
	at org.gradle.api.internal.tasks.execution.ExecuteActionsTaskExecuter.executeActions(ExecuteActionsTaskExecuter.java:61)
	... 60 more


BUILD FAILED

Total time: 23.239 secs

2019-04-06 18:32:44,089 INFO  FullProcessService - Found APK file: /var/folders/bq/vtzpc5ns5sg2cthy61lqpg3dfzgbys/T/1554550330956-0/src/ABTesting-master/abtesting/build/outputs/apk/abtesting-debug-androidTest.apk
