2019-04-05 13:42:40,893 INFO  DownloadService - Downloading "https://github.com/zhukic/Sectioned-RecyclerView/archive/master.zip", attempt 3
2019-04-05 13:42:47,718 INFO  DownloadService - Downloaded https://github.com/zhukic/Sectioned-RecyclerView/archive/master.zip, attempt 3
2019-04-05 13:42:47,718 INFO  DownloadService - Size of file "/var/folders/bq/vtzpc5ns5sg2cthy61lqpg3dfzgbys/T/1554446560891-0/master.zip": 8 MB
2019-04-05 13:42:47,718 INFO  ArchiveUtils - Checking entries [.gradle] in ZIP file...
2019-04-05 13:42:47,718 INFO  ArchiveUtils - Has entries [.gradle] in ZIP file /var/folders/bq/vtzpc5ns5sg2cthy61lqpg3dfzgbys/T/1554446560891-0/master.zip: true
2019-04-05 13:42:47,718 DEBUG ZipUtil - Extracting '/var/folders/bq/vtzpc5ns5sg2cthy61lqpg3dfzgbys/T/1554446560891-0/master.zip' into '/var/folders/bq/vtzpc5ns5sg2cthy61lqpg3dfzgbys/T/1554446560891-0/src'.
2019-04-05 13:42:47,830 INFO  FullProcessService - Size of directory with sources: 8 MB
2019-04-05 13:42:47,830 INFO  SysUtils - Execute command: [git, init, /var/folders/bq/vtzpc5ns5sg2cthy61lqpg3dfzgbys/T/1554446560891-0/src]
2019-04-05 13:42:47,849 INFO  SysUtils - Initialized empty Git repository in /private/var/folders/bq/vtzpc5ns5sg2cthy61lqpg3dfzgbys/T/1554446560891-0/src/.git/

2019-04-05 13:42:47,852 INFO  ProjectBuildService - Gradle wrapper(s): /var/folders/bq/vtzpc5ns5sg2cthy61lqpg3dfzgbys/T/1554446560891-0/src/Sectioned-RecyclerView-master/gradlew
2019-04-05 13:42:47,856 INFO  ProjectBuildService - Build script(s): /var/folders/bq/vtzpc5ns5sg2cthy61lqpg3dfzgbys/T/1554446560891-0/src/Sectioned-RecyclerView-master/sample/build.gradle /var/folders/bq/vtzpc5ns5sg2cthy61lqpg3dfzgbys/T/1554446560891-0/src/Sectioned-RecyclerView-master/sectioned-recyclerview/build.gradle /var/folders/bq/vtzpc5ns5sg2cthy61lqpg3dfzgbys/T/1554446560891-0/src/Sectioned-RecyclerView-master/build.gradle
2019-04-05 13:42:47,859 INFO  ProjectBuildService - All script(s): /var/folders/bq/vtzpc5ns5sg2cthy61lqpg3dfzgbys/T/1554446560891-0/src/Sectioned-RecyclerView-master/dependencies.gradle /var/folders/bq/vtzpc5ns5sg2cthy61lqpg3dfzgbys/T/1554446560891-0/src/Sectioned-RecyclerView-master/build.gradle /var/folders/bq/vtzpc5ns5sg2cthy61lqpg3dfzgbys/T/1554446560891-0/src/Sectioned-RecyclerView-master/sample/build.gradle /var/folders/bq/vtzpc5ns5sg2cthy61lqpg3dfzgbys/T/1554446560891-0/src/Sectioned-RecyclerView-master/settings.gradle /var/folders/bq/vtzpc5ns5sg2cthy61lqpg3dfzgbys/T/1554446560891-0/src/Sectioned-RecyclerView-master/sectioned-recyclerview/build.gradle
2019-04-05 13:42:47,859 INFO  DownloadService - Downloading "https://raw.githubusercontent.com/blundell/release-android-library/master/android-release-aar.gradle", attempt 3
2019-04-05 13:42:47,959 INFO  DownloadService - Downloaded https://raw.githubusercontent.com/blundell/release-android-library/master/android-release-aar.gradle, attempt 3
2019-04-05 13:42:47,959 INFO  ProjectBuildService - Remote scripts: https://raw.githubusercontent.com/blundell/release-android-library/master/android-release-aar.gradle
2019-04-05 13:42:47,959 INFO  ProjectFixService - Fixing project...
2019-04-05 13:42:47,971 INFO  LocalPropertiesFixService - Created fake /var/folders/bq/vtzpc5ns5sg2cthy61lqpg3dfzgbys/T/1554446560891-0/src/Sectioned-RecyclerView-master/sample/local.properties
2019-04-05 13:42:47,974 INFO  ProjectFixService - Build info for "/var/folders/bq/vtzpc5ns5sg2cthy61lqpg3dfzgbys/T/1554446560891-0/src/Sectioned-RecyclerView-master/sample/build.gradle": [buildToolsVersion=<null>,compileSdkVersion=<null>,minSdkVersion=<null>,targetSdkVersion=<null>]
2019-04-05 13:42:47,974 INFO  ProjectFixService - Fixed build info for "/var/folders/bq/vtzpc5ns5sg2cthy61lqpg3dfzgbys/T/1554446560891-0/src/Sectioned-RecyclerView-master/sample/build.gradle": [buildToolsVersion=28.0.0-rc2,compileSdkVersion=28,minSdkVersion=28,targetSdkVersion=28]
2019-04-05 13:42:47,975 INFO  LocalPropertiesFixService - Created fake /var/folders/bq/vtzpc5ns5sg2cthy61lqpg3dfzgbys/T/1554446560891-0/src/Sectioned-RecyclerView-master/sectioned-recyclerview/local.properties
2019-04-05 13:42:47,978 INFO  ProjectFixService - Build info for "/var/folders/bq/vtzpc5ns5sg2cthy61lqpg3dfzgbys/T/1554446560891-0/src/Sectioned-RecyclerView-master/sectioned-recyclerview/build.gradle": [buildToolsVersion=<null>,compileSdkVersion=<null>,minSdkVersion=<null>,targetSdkVersion=<null>]
2019-04-05 13:42:47,978 INFO  ProjectFixService - Fixed build info for "/var/folders/bq/vtzpc5ns5sg2cthy61lqpg3dfzgbys/T/1554446560891-0/src/Sectioned-RecyclerView-master/sectioned-recyclerview/build.gradle": [buildToolsVersion=28.0.0-rc2,compileSdkVersion=28,minSdkVersion=28,targetSdkVersion=28]
2019-04-05 13:42:47,979 INFO  LocalPropertiesFixService - Created fake /var/folders/bq/vtzpc5ns5sg2cthy61lqpg3dfzgbys/T/1554446560891-0/src/Sectioned-RecyclerView-master/local.properties
2019-04-05 13:42:47,979 INFO  WrapperPropertiesFixService - Gradle wrapper: https://services.gradle.org/distributions/gradle-4.10-all.zip
2019-04-05 13:42:47,979 INFO  WrapperPropertiesFixService - Gradle wrapper was changed from "-all.zip" to "-bin.zip" (https://services.gradle.org/distributions/gradle-4.10-bin.zip)
2019-04-05 13:42:47,981 INFO  ProjectFixService - Build info for "/var/folders/bq/vtzpc5ns5sg2cthy61lqpg3dfzgbys/T/1554446560891-0/src/Sectioned-RecyclerView-master/build.gradle": [buildToolsVersion=<null>,compileSdkVersion=<null>,minSdkVersion=<null>,targetSdkVersion=<null>]
2019-04-05 13:42:47,981 INFO  ProjectFixService - Fixed build info for "/var/folders/bq/vtzpc5ns5sg2cthy61lqpg3dfzgbys/T/1554446560891-0/src/Sectioned-RecyclerView-master/build.gradle": [buildToolsVersion=28.0.0-rc2,compileSdkVersion=28,minSdkVersion=28,targetSdkVersion=28]
2019-04-05 13:42:47,982 INFO  ProjectFixService - Project was maybe fixed
2019-04-05 13:42:47,982 INFO  ProjectTaskService - Detecting possible tasks...
2019-04-05 13:42:47,982 INFO  SysUtils - Execute command: [/var/folders/bq/vtzpc5ns5sg2cthy61lqpg3dfzgbys/T/1554446560891-0/src/Sectioned-RecyclerView-master/gradlew, -b, /var/folders/bq/vtzpc5ns5sg2cthy61lqpg3dfzgbys/T/1554446560891-0/src/Sectioned-RecyclerView-master/sample/build.gradle, -Dorg.gradle.daemon=false, -Dorg.gradle.daemon.performance.enable-monitoring=false, -Dorg.gradle.configureondemand=true, tasks]
2019-04-05 13:42:56,215 INFO  ProjectTaskService - Detected possible tasks: 73
2019-04-05 13:42:56,215 INFO  ProjectTaskService - Excluded tasks (21): lintDebug androidJavadocs deviceCheck lint androidSourcesJar testReleaseUnitTest uninstallRelease deviceAndroidTest uninstallDebugAndroidTest installDebugAndroidTest connectedCheck connectedDebugAndroidTest uninstallAll androidJavadocsJar test check testDebugUnitTest connectedAndroidTest installDebug lintRelease uninstallDebug
2019-04-05 13:42:56,215 INFO  SysUtils - Execute command: [/var/folders/bq/vtzpc5ns5sg2cthy61lqpg3dfzgbys/T/1554446560891-0/src/Sectioned-RecyclerView-master/gradlew, -b, /var/folders/bq/vtzpc5ns5sg2cthy61lqpg3dfzgbys/T/1554446560891-0/src/Sectioned-RecyclerView-master/sample/build.gradle, -Dorg.gradle.daemon=false, -Dorg.gradle.daemon.performance.enable-monitoring=false, -Dorg.gradle.configureondemand=true, --stacktrace, -x, lintDebug, -x, androidJavadocs, -x, deviceCheck, -x, lint, -x, androidSourcesJar, -x, testReleaseUnitTest, -x, uninstallRelease, -x, deviceAndroidTest, -x, uninstallDebugAndroidTest, -x, installDebugAndroidTest, -x, connectedCheck, -x, connectedDebugAndroidTest, -x, uninstallAll, -x, androidJavadocsJar, -x, test, -x, check, -x, testDebugUnitTest, -x, connectedAndroidTest, -x, installDebug, -x, lintRelease, -x, uninstallDebug, build]
2019-04-05 13:43:01,672 ERROR SysUtils - Could not process external command
org.apache.commons.exec.ExecuteException: Process exited with an error: 1 (Exit value: 1)
	at org.apache.commons.exec.DefaultExecutor.executeInternal(DefaultExecutor.java:404)
	at org.apache.commons.exec.DefaultExecutor.execute(DefaultExecutor.java:166)
	at com.github.vbauer.apkmaster.util.SysUtils.execute(SysUtils.java:67)
	at com.github.vbauer.apkmaster.util.SysUtils.executeSimple(SysUtils.java:43)
	at com.github.vbauer.apkmaster.service.assembly.ProjectBuildService.buildProject(ProjectBuildService.java:78)
	at com.github.vbauer.apkmaster.service.assembly.ProjectBuildService.buildProject(ProjectBuildService.java:64)
	at com.github.vbauer.apkmaster.service.assembly.ProjectBuildService.buildProject(ProjectBuildService.java:43)
	at com.github.vbauer.apkmaster.service.FullProcessService.build(FullProcessService.java:84)
	at com.github.vbauer.apkmaster.service.FullProcessService.process(FullProcessService.java:34)
	at com.github.vbauer.apkmaster.app.MainApplication.process(MainApplication.java:38)
	at com.github.vbauer.apkmaster.app.MainApplication.main(MainApplication.java:20)
	at sun.reflect.GeneratedMethodAccessor8.invoke(Unknown Source)
	at sun.reflect.DelegatingMethodAccessorImpl.invoke(DelegatingMethodAccessorImpl.java:43)
	at java.lang.reflect.Method.invoke(Method.java:498)
	at com.android.arsenal.util.ReflectionUtils.invoke(ReflectionUtils.java:52)
	at com.android.arsenal.util.ApkMasterUtils.main(ApkMasterUtils.java:30)
	at com.android.arsenal.service.processor.impl.BuildProcessorServiceImpl.buildProject(BuildProcessorServiceImpl.java:196)
	at com.android.arsenal.service.processor.impl.BuildProcessorServiceImpl.build(BuildProcessorServiceImpl.java:130)
	at com.android.arsenal.service.processor.impl.BuildProcessorServiceImpl.lambda$null$1(BuildProcessorServiceImpl.java:113)
	at java.util.concurrent.FutureTask.run(FutureTask.java:266)
	at java.util.concurrent.Executors$RunnableAdapter.call(Executors.java:511)
	at java.util.concurrent.FutureTask.run(FutureTask.java:266)
	at java.util.concurrent.ThreadPoolExecutor.runWorker(ThreadPoolExecutor.java:1149)
	at java.util.concurrent.ThreadPoolExecutor$Worker.run(ThreadPoolExecutor.java:624)
	at java.lang.Thread.run(Thread.java:748)
2019-04-05 13:43:01,672 INFO  SysUtils - Configuration on demand is an incubating feature.

FAILURE: Build failed with an exception.

* What went wrong:
Task 'androidJavadocs' not found in project ':sample'.

* Try:
Run gradlew tasks to get a list of available tasks. Run with --info or --debug option to get more log output. Run with --scan to get full insights.

* Exception is:
org.gradle.execution.TaskSelectionException: Task 'androidJavadocs' not found in project ':sample'.
	at org.gradle.execution.TaskSelector.getSelection(TaskSelector.java:116)
	at org.gradle.execution.TaskSelector.getFilter(TaskSelector.java:66)
	at org.gradle.execution.ExcludedTaskFilteringBuildConfigurationAction.configure(ExcludedTaskFilteringBuildConfigurationAction.java:42)
	at org.gradle.execution.DefaultBuildConfigurationActionExecuter.configure(DefaultBuildConfigurationActionExecuter.java:48)
	at org.gradle.execution.DefaultBuildConfigurationActionExecuter.select(DefaultBuildConfigurationActionExecuter.java:36)
	at org.gradle.initialization.DefaultGradleLauncher$CalculateTaskGraph.run(DefaultGradleLauncher.java:305)
	at org.gradle.internal.operations.DefaultBuildOperationExecutor$RunnableBuildOperationWorker.execute(DefaultBuildOperationExecutor.java:300)
	at org.gradle.internal.operations.DefaultBuildOperationExecutor$RunnableBuildOperationWorker.execute(DefaultBuildOperationExecutor.java:292)
	at org.gradle.internal.operations.DefaultBuildOperationExecutor.execute(DefaultBuildOperationExecutor.java:174)
	at org.gradle.internal.operations.DefaultBuildOperationExecutor.run(DefaultBuildOperationExecutor.java:90)
	at org.gradle.internal.operations.DelegatingBuildOperationExecutor.run(DelegatingBuildOperationExecutor.java:31)
	at org.gradle.initialization.DefaultGradleLauncher.constructTaskGraph(DefaultGradleLauncher.java:190)
	at org.gradle.initialization.DefaultGradleLauncher.doBuildStages(DefaultGradleLauncher.java:145)
	at org.gradle.initialization.DefaultGradleLauncher.executeTasks(DefaultGradleLauncher.java:124)
	at org.gradle.internal.invocation.GradleBuildController$1.call(GradleBuildController.java:77)
	at org.gradle.internal.invocation.GradleBuildController$1.call(GradleBuildController.java:74)
	at org.gradle.internal.work.DefaultWorkerLeaseService.withLocks(DefaultWorkerLeaseService.java:154)
	at org.gradle.internal.work.StopShieldingWorkerLeaseService.withLocks(StopShieldingWorkerLeaseService.java:38)
	at org.gradle.internal.invocation.GradleBuildController.doBuild(GradleBuildController.java:96)
	at org.gradle.internal.invocation.GradleBuildController.run(GradleBuildController.java:74)
	at org.gradle.tooling.internal.provider.ExecuteBuildActionRunner.run(ExecuteBuildActionRunner.java:28)
	at org.gradle.launcher.exec.ChainingBuildActionRunner.run(ChainingBuildActionRunner.java:35)
	at org.gradle.tooling.internal.provider.ValidatingBuildActionRunner.run(ValidatingBuildActionRunner.java:32)
	at org.gradle.launcher.exec.RunAsBuildOperationBuildActionRunner$3.run(RunAsBuildOperationBuildActionRunner.java:50)
	at org.gradle.internal.operations.DefaultBuildOperationExecutor$RunnableBuildOperationWorker.execute(DefaultBuildOperationExecutor.java:300)
	at org.gradle.internal.operations.DefaultBuildOperationExecutor$RunnableBuildOperationWorker.execute(DefaultBuildOperationExecutor.java:292)
	at org.gradle.internal.operations.DefaultBuildOperationExecutor.execute(DefaultBuildOperationExecutor.java:174)
	at org.gradle.internal.operations.DefaultBuildOperationExecutor.run(DefaultBuildOperationExecutor.java:90)
	at org.gradle.internal.operations.DelegatingBuildOperationExecutor.run(DelegatingBuildOperationExecutor.java:31)
	at org.gradle.launcher.exec.RunAsBuildOperationBuildActionRunner.run(RunAsBuildOperationBuildActionRunner.java:45)
	at org.gradle.tooling.internal.provider.SubscribableBuildActionRunner.run(SubscribableBuildActionRunner.java:51)
	at org.gradle.launcher.exec.InProcessBuildActionExecuter$1.transform(InProcessBuildActionExecuter.java:47)
	at org.gradle.launcher.exec.InProcessBuildActionExecuter$1.transform(InProcessBuildActionExecuter.java:44)
	at org.gradle.composite.internal.DefaultRootBuildState.run(DefaultRootBuildState.java:79)
	at org.gradle.launcher.exec.InProcessBuildActionExecuter.execute(InProcessBuildActionExecuter.java:44)
	at org.gradle.launcher.exec.InProcessBuildActionExecuter.execute(InProcessBuildActionExecuter.java:30)
	at org.gradle.launcher.exec.BuildTreeScopeBuildActionExecuter.execute(BuildTreeScopeBuildActionExecuter.java:39)
	at org.gradle.launcher.exec.BuildTreeScopeBuildActionExecuter.execute(BuildTreeScopeBuildActionExecuter.java:25)
	at org.gradle.tooling.internal.provider.ContinuousBuildActionExecuter.execute(ContinuousBuildActionExecuter.java:80)
	at org.gradle.tooling.internal.provider.ContinuousBuildActionExecuter.execute(ContinuousBuildActionExecuter.java:53)
	at org.gradle.tooling.internal.provider.ServicesSetupBuildActionExecuter.execute(ServicesSetupBuildActionExecuter.java:62)
	at org.gradle.tooling.internal.provider.ServicesSetupBuildActionExecuter.execute(ServicesSetupBuildActionExecuter.java:34)
	at org.gradle.tooling.internal.provider.GradleThreadBuildActionExecuter.execute(GradleThreadBuildActionExecuter.java:36)
	at org.gradle.tooling.internal.provider.GradleThreadBuildActionExecuter.execute(GradleThreadBuildActionExecuter.java:25)
	at org.gradle.tooling.internal.provider.ParallelismConfigurationBuildActionExecuter.execute(ParallelismConfigurationBuildActionExecuter.java:43)
	at org.gradle.tooling.internal.provider.ParallelismConfigurationBuildActionExecuter.execute(ParallelismConfigurationBuildActionExecuter.java:29)
	at org.gradle.tooling.internal.provider.StartParamsValidatingActionExecuter.execute(StartParamsValidatingActionExecuter.java:59)
	at org.gradle.tooling.internal.provider.StartParamsValidatingActionExecuter.execute(StartParamsValidatingActionExecuter.java:31)
	at org.gradle.tooling.internal.provider.SessionFailureReportingActionExecuter.execute(SessionFailureReportingActionExecuter.java:59)
	at org.gradle.tooling.internal.provider.SessionFailureReportingActionExecuter.execute(SessionFailureReportingActionExecuter.java:44)
	at org.gradle.tooling.internal.provider.SetupLoggingActionExecuter.execute(SetupLoggingActionExecuter.java:46)
	at org.gradle.tooling.internal.provider.SetupLoggingActionExecuter.execute(SetupLoggingActionExecuter.java:30)
	at org.gradle.launcher.cli.RunBuildAction.run(RunBuildAction.java:52)
	at org.gradle.internal.Actions$RunnableActionAdapter.execute(Actions.java:207)
	at org.gradle.launcher.cli.CommandLineActionFactory$ParseAndBuildAction.execute(CommandLineActionFactory.java:402)
	at org.gradle.launcher.cli.CommandLineActionFactory$ParseAndBuildAction.execute(CommandLineActionFactory.java:375)
	at org.gradle.launcher.cli.ExceptionReportingAction.execute(ExceptionReportingAction.java:37)
	at org.gradle.launcher.cli.ExceptionReportingAction.execute(ExceptionReportingAction.java:23)
	at org.gradle.launcher.cli.CommandLineActionFactory$WithLogging.execute(CommandLineActionFactory.java:368)
	at org.gradle.launcher.cli.CommandLineActionFactory$WithLogging.execute(CommandLineActionFactory.java:298)
	at org.gradle.launcher.Main.doAction(Main.java:36)
	at org.gradle.launcher.bootstrap.EntryPoint.run(EntryPoint.java:45)
	at org.gradle.launcher.bootstrap.ProcessBootstrap.runNoExit(ProcessBootstrap.java:60)
	at org.gradle.launcher.bootstrap.ProcessBootstrap.run(ProcessBootstrap.java:37)
	at org.gradle.launcher.GradleMain.main(GradleMain.java:23)
	at org.gradle.wrapper.BootstrapMainStarter.start(BootstrapMainStarter.java:30)
	at org.gradle.wrapper.WrapperExecutor.execute(WrapperExecutor.java:129)
	at org.gradle.wrapper.GradleWrapperMain.main(GradleWrapperMain.java:61)


* Get more help at https://help.gradle.org

BUILD FAILED in 5s

2019-04-05 13:43:01,673 ERROR ProjectBuildService - Excluded tasks were detected wrong
2019-04-05 13:43:01,673 INFO  SysUtils - Execute command: [/var/folders/bq/vtzpc5ns5sg2cthy61lqpg3dfzgbys/T/1554446560891-0/src/Sectioned-RecyclerView-master/gradlew, -b, /var/folders/bq/vtzpc5ns5sg2cthy61lqpg3dfzgbys/T/1554446560891-0/src/Sectioned-RecyclerView-master/sample/build.gradle, -Dorg.gradle.daemon=false, -Dorg.gradle.daemon.performance.enable-monitoring=false, -Dorg.gradle.configureondemand=true, --stacktrace, build]
2019-04-05 13:43:38,879 INFO  SysUtils - Configuration on demand is an incubating feature.
> Task :sample:checkDebugClasspath
> Task :sample:preBuild UP-TO-DATE
> Task :sectioned-recyclerview:preBuild UP-TO-DATE
> Task :sectioned-recyclerview:preDebugBuild UP-TO-DATE
> Task :sectioned-recyclerview:checkDebugManifest
> Task :sectioned-recyclerview:processDebugManifest
> Task :sample:preDebugBuild
> Task :sectioned-recyclerview:compileDebugAidl NO-SOURCE
> Task :sample:compileDebugAidl NO-SOURCE
> Task :sectioned-recyclerview:packageDebugRenderscript NO-SOURCE
> Task :sample:compileDebugRenderscript
> Task :sample:checkDebugManifest
> Task :sample:generateDebugBuildConfig
> Task :sample:prepareLintJar
> Task :sample:mainApkListPersistenceDebug
> Task :sample:generateDebugResValues
> Task :sample:generateDebugResources
> Task :sectioned-recyclerview:compileDebugRenderscript
> Task :sectioned-recyclerview:generateDebugResValues
> Task :sectioned-recyclerview:generateDebugResources
> Task :sectioned-recyclerview:packageDebugResources
/private/var/folders/bq/vtzpc5ns5sg2cthy61lqpg3dfzgbys/T/1554446560891-0/src/Sectioned-RecyclerView-master/sample/build/intermediates/incremental/mergeDebugResources/merged.dir/values/values.xml:2352: warn: multiple substitutions specified in non-positional format; did you mean to add the formatted="false" attribute?.

> Task :sample:mergeDebugResources
> Task :sample:createDebugCompatibleScreenManifests
> Task :sample:processDebugManifest
> Task :sample:splitsDiscoveryTaskDebug
> Task :sectioned-recyclerview:generateDebugRFile
> Task :sample:processDebugResources
> Task :sample:generateDebugSources
> Task :sectioned-recyclerview:generateDebugBuildConfig
> Task :sectioned-recyclerview:prepareLintJar
> Task :sectioned-recyclerview:generateDebugSources
> Task :sectioned-recyclerview:javaPreCompileDebug
> Task :sectioned-recyclerview:compileDebugJavaWithJavac
> Task :sectioned-recyclerview:processDebugJavaRes NO-SOURCE
> Task :sectioned-recyclerview:transformClassesAndResourcesWithPrepareIntermediateJarsForDebug
> Task :sample:javaPreCompileDebug
> Task :sample:compileDebugJavaWithJavac
> Task :sample:compileDebugNdk NO-SOURCE
> Task :sample:compileDebugSources
> Task :sample:mergeDebugShaders
> Task :sample:compileDebugShaders
> Task :sample:generateDebugAssets
> Task :sectioned-recyclerview:mergeDebugShaders
> Task :sectioned-recyclerview:compileDebugShaders
> Task :sectioned-recyclerview:generateDebugAssets
> Task :sectioned-recyclerview:packageDebugAssets
> Task :sample:mergeDebugAssets
> Task :sample:transformClassesWithDexBuilderForDebug
> Task :sample:transformDexArchiveWithExternalLibsDexMergerForDebug
> Task :sample:transformDexArchiveWithDexMergerForDebug
> Task :sample:mergeDebugJniLibFolders
> Task :sectioned-recyclerview:compileDebugNdk NO-SOURCE
> Task :sectioned-recyclerview:mergeDebugJniLibFolders
> Task :sectioned-recyclerview:transformNativeLibsWithMergeJniLibsForDebug
> Task :sectioned-recyclerview:transformNativeLibsWithStripDebugSymbolForDebug
> Task :sectioned-recyclerview:transformNativeLibsWithIntermediateJniLibsForDebug
> Task :sample:transformNativeLibsWithMergeJniLibsForDebug
> Task :sample:transformNativeLibsWithStripDebugSymbolForDebug
> Task :sample:checkDebugLibraries
> Task :sample:processDebugJavaRes NO-SOURCE
> Task :sample:transformResourcesWithMergeJavaResForDebug
> Task :sample:validateSigningDebug
> Task :sample:packageDebug
> Task :sample:assembleDebug
> Task :sample:checkReleaseClasspath
> Task :sectioned-recyclerview:preReleaseBuild UP-TO-DATE
> Task :sectioned-recyclerview:checkReleaseManifest
> Task :sectioned-recyclerview:processReleaseManifest
> Task :sample:preReleaseBuild
> Task :sectioned-recyclerview:compileReleaseAidl NO-SOURCE
> Task :sample:compileReleaseAidl NO-SOURCE
> Task :sectioned-recyclerview:packageReleaseRenderscript NO-SOURCE
> Task :sample:compileReleaseRenderscript
> Task :sample:checkReleaseManifest
> Task :sample:generateReleaseBuildConfig
> Task :sample:mainApkListPersistenceRelease
> Task :sample:generateReleaseResValues
> Task :sample:generateReleaseResources
> Task :sectioned-recyclerview:compileReleaseRenderscript
> Task :sectioned-recyclerview:generateReleaseResValues
> Task :sectioned-recyclerview:generateReleaseResources
> Task :sectioned-recyclerview:packageReleaseResources
/private/var/folders/bq/vtzpc5ns5sg2cthy61lqpg3dfzgbys/T/1554446560891-0/src/Sectioned-RecyclerView-master/sample/build/intermediates/incremental/mergeReleaseResources/merged.dir/values/values.xml:2352: warn: multiple substitutions specified in non-positional format; did you mean to add the formatted="false" attribute?.

> Task :sample:mergeReleaseResources
> Task :sample:createReleaseCompatibleScreenManifests
> Task :sample:processReleaseManifest
> Task :sample:splitsDiscoveryTaskRelease
> Task :sectioned-recyclerview:generateReleaseRFile
> Task :sample:processReleaseResources
> Task :sample:generateReleaseSources
> Task :sectioned-recyclerview:generateReleaseBuildConfig
> Task :sectioned-recyclerview:generateReleaseSources
> Task :sectioned-recyclerview:javaPreCompileRelease
> Task :sectioned-recyclerview:compileReleaseJavaWithJavac
> Task :sectioned-recyclerview:processReleaseJavaRes NO-SOURCE
> Task :sectioned-recyclerview:transformClassesAndResourcesWithPrepareIntermediateJarsForRelease
> Task :sample:javaPreCompileRelease
> Task :sample:compileReleaseJavaWithJavac
> Task :sample:compileReleaseNdk NO-SOURCE
> Task :sample:compileReleaseSources
> Task :sample:lintVitalRelease SKIPPED
> Task :sample:mergeReleaseShaders
> Task :sample:compileReleaseShaders
> Task :sample:generateReleaseAssets
> Task :sectioned-recyclerview:mergeReleaseShaders
> Task :sectioned-recyclerview:compileReleaseShaders
> Task :sectioned-recyclerview:generateReleaseAssets
> Task :sectioned-recyclerview:packageReleaseAssets
> Task :sample:mergeReleaseAssets
> Task :sample:transformClassesWithDexBuilderForRelease
> Task :sample:transformDexArchiveWithExternalLibsDexMergerForRelease
> Task :sample:transformDexArchiveWithDexMergerForRelease
> Task :sample:mergeReleaseJniLibFolders
> Task :sectioned-recyclerview:compileReleaseNdk NO-SOURCE
> Task :sectioned-recyclerview:mergeReleaseJniLibFolders
> Task :sectioned-recyclerview:transformNativeLibsWithMergeJniLibsForRelease
> Task :sectioned-recyclerview:transformNativeLibsWithStripDebugSymbolForRelease
> Task :sectioned-recyclerview:transformNativeLibsWithIntermediateJniLibsForRelease
> Task :sample:transformNativeLibsWithMergeJniLibsForRelease
> Task :sample:transformNativeLibsWithStripDebugSymbolForRelease
> Task :sample:checkReleaseLibraries
> Task :sample:processReleaseJavaRes NO-SOURCE
> Task :sample:transformResourcesWithMergeJavaResForRelease
> Task :sample:packageRelease
> Task :sample:assembleRelease
> Task :sample:assemble

> Task :sample:lint
Calling mockable JAR artifact transform to create file: /Users/vbauer/.gradle/caches/transforms-1/files-1.1/android.jar/38b5a95aa6daeec2ed03850e1f96cf65/android.jar with input /Users/vbauer/Library/Android/sdk/platforms/android-28/android.jar
Ran lint on variant release: 25 issues found
Ran lint on variant debug: 25 issues found
Wrote HTML report to file:///private/var/folders/bq/vtzpc5ns5sg2cthy61lqpg3dfzgbys/T/1554446560891-0/src/Sectioned-RecyclerView-master/sample/build/reports/lint-results.html
Wrote XML report to file:///private/var/folders/bq/vtzpc5ns5sg2cthy61lqpg3dfzgbys/T/1554446560891-0/src/Sectioned-RecyclerView-master/sample/build/reports/lint-results.xml

> Task :sample:generateDebugUnitTestSources
> Task :sample:preDebugUnitTestBuild UP-TO-DATE
> Task :sample:javaPreCompileDebugUnitTest
> Task :sample:compileDebugUnitTestJavaWithJavac NO-SOURCE
> Task :sample:processDebugUnitTestJavaRes NO-SOURCE
> Task :sample:testDebugUnitTest NO-SOURCE
> Task :sample:generateReleaseUnitTestSources
> Task :sample:preReleaseUnitTestBuild UP-TO-DATE
> Task :sample:javaPreCompileReleaseUnitTest
> Task :sample:compileReleaseUnitTestJavaWithJavac NO-SOURCE
> Task :sample:processReleaseUnitTestJavaRes NO-SOURCE
> Task :sample:testReleaseUnitTest NO-SOURCE
> Task :sample:test UP-TO-DATE
> Task :sample:check
> Task :sample:build

BUILD SUCCESSFUL in 36s
92 actionable tasks: 92 executed

2019-04-05 13:43:38,984 INFO  FullProcessService - Found APK file: /var/folders/bq/vtzpc5ns5sg2cthy61lqpg3dfzgbys/T/1554446560891-0/src/Sectioned-RecyclerView-master/sample/build/outputs/apk/release/sample-release-unsigned.apk
