2019-04-05 14:26:04,980 INFO  DownloadService - Downloading "https://github.com/MarkusAmshove/Kluent/archive/master.zip", attempt 3
2019-04-05 14:27:05,636 INFO  GithubDownloadService - Could not find ZIP archive for master branch
2019-04-05 14:27:06,791 INFO  GithubDownloadService - Default branch of this repository: master
2019-04-05 14:27:06,803 INFO  DownloadService - Downloading "https://github.com/MarkusAmshove/Kluent/archive/master.zip", attempt 3
2019-04-05 14:28:08,380 DEBUG FullProcessService - Repository https://github.com/MarkusAmshove/Kluent available: true
2019-04-05 14:28:08,380 INFO  FullProcessService - Could not download ZIP file from Github, lets clone it
2019-04-05 14:28:08,380 INFO  SysUtils - Execute command: [git, clone, -q, --single-branch, --depth, 1, https://github.com/MarkusAmshove/Kluent, /var/folders/bq/vtzpc5ns5sg2cthy61lqpg3dfzgbys/T/1554449164978-0/src]
2019-04-05 14:28:10,493 INFO  SysUtils - 
2019-04-05 14:28:10,503 INFO  GitService - Deleted "/var/folders/bq/vtzpc5ns5sg2cthy61lqpg3dfzgbys/T/1554449164978-0/src/.git": true
2019-04-05 14:28:10,510 INFO  FullProcessService - Size of directory with sources: 417 KB
2019-04-05 14:28:10,511 INFO  SysUtils - Execute command: [git, init, /var/folders/bq/vtzpc5ns5sg2cthy61lqpg3dfzgbys/T/1554449164978-0/src]
2019-04-05 14:28:10,527 INFO  SysUtils - Initialized empty Git repository in /private/var/folders/bq/vtzpc5ns5sg2cthy61lqpg3dfzgbys/T/1554449164978-0/src/.git/

2019-04-05 14:28:10,534 INFO  ProjectBuildService - Gradle wrapper(s): /var/folders/bq/vtzpc5ns5sg2cthy61lqpg3dfzgbys/T/1554449164978-0/src/gradlew
2019-04-05 14:28:10,540 INFO  ProjectBuildService - Build script(s): /var/folders/bq/vtzpc5ns5sg2cthy61lqpg3dfzgbys/T/1554449164978-0/src/build.gradle /var/folders/bq/vtzpc5ns5sg2cthy61lqpg3dfzgbys/T/1554449164978-0/src/common/build.gradle /var/folders/bq/vtzpc5ns5sg2cthy61lqpg3dfzgbys/T/1554449164978-0/src/js/build.gradle /var/folders/bq/vtzpc5ns5sg2cthy61lqpg3dfzgbys/T/1554449164978-0/src/jvm/build.gradle /var/folders/bq/vtzpc5ns5sg2cthy61lqpg3dfzgbys/T/1554449164978-0/src/native/build.gradle
2019-04-05 14:28:10,546 INFO  ProjectBuildService - All script(s): /var/folders/bq/vtzpc5ns5sg2cthy61lqpg3dfzgbys/T/1554449164978-0/src/native/build.gradle /var/folders/bq/vtzpc5ns5sg2cthy61lqpg3dfzgbys/T/1554449164978-0/src/js/build.gradle /var/folders/bq/vtzpc5ns5sg2cthy61lqpg3dfzgbys/T/1554449164978-0/src/jvm/build.gradle /var/folders/bq/vtzpc5ns5sg2cthy61lqpg3dfzgbys/T/1554449164978-0/src/common/build.gradle /var/folders/bq/vtzpc5ns5sg2cthy61lqpg3dfzgbys/T/1554449164978-0/src/build.gradle /var/folders/bq/vtzpc5ns5sg2cthy61lqpg3dfzgbys/T/1554449164978-0/src/settings.gradle
2019-04-05 14:28:10,546 INFO  ProjectBuildService - Remote scripts: none
2019-04-05 14:28:10,546 INFO  ProjectFixService - Fixing project...
2019-04-05 14:28:10,560 INFO  LocalPropertiesFixService - Created fake /var/folders/bq/vtzpc5ns5sg2cthy61lqpg3dfzgbys/T/1554449164978-0/src/local.properties
2019-04-05 14:28:10,560 INFO  WrapperPropertiesFixService - Gradle wrapper: https://services.gradle.org/distributions/gradle-4.8.1-bin.zip
2019-04-05 14:28:10,562 INFO  ProjectFixService - Build info for "/var/folders/bq/vtzpc5ns5sg2cthy61lqpg3dfzgbys/T/1554449164978-0/src/build.gradle": [buildToolsVersion=<null>,compileSdkVersion=<null>,minSdkVersion=<null>,targetSdkVersion=<null>]
2019-04-05 14:28:10,562 INFO  ProjectFixService - Fixed build info for "/var/folders/bq/vtzpc5ns5sg2cthy61lqpg3dfzgbys/T/1554449164978-0/src/build.gradle": [buildToolsVersion=28.0.0-rc2,compileSdkVersion=28,minSdkVersion=28,targetSdkVersion=28]
2019-04-05 14:28:10,564 INFO  LocalPropertiesFixService - Created fake /var/folders/bq/vtzpc5ns5sg2cthy61lqpg3dfzgbys/T/1554449164978-0/src/common/local.properties
2019-04-05 14:28:10,566 INFO  ProjectFixService - Build info for "/var/folders/bq/vtzpc5ns5sg2cthy61lqpg3dfzgbys/T/1554449164978-0/src/common/build.gradle": [buildToolsVersion=<null>,compileSdkVersion=<null>,minSdkVersion=<null>,targetSdkVersion=<null>]
2019-04-05 14:28:10,566 INFO  ProjectFixService - Fixed build info for "/var/folders/bq/vtzpc5ns5sg2cthy61lqpg3dfzgbys/T/1554449164978-0/src/common/build.gradle": [buildToolsVersion=28.0.0-rc2,compileSdkVersion=28,minSdkVersion=28,targetSdkVersion=28]
2019-04-05 14:28:10,567 INFO  LocalPropertiesFixService - Created fake /var/folders/bq/vtzpc5ns5sg2cthy61lqpg3dfzgbys/T/1554449164978-0/src/js/local.properties
2019-04-05 14:28:10,569 INFO  ProjectFixService - Build info for "/var/folders/bq/vtzpc5ns5sg2cthy61lqpg3dfzgbys/T/1554449164978-0/src/js/build.gradle": [buildToolsVersion=<null>,compileSdkVersion=<null>,minSdkVersion=<null>,targetSdkVersion=<null>]
2019-04-05 14:28:10,569 INFO  ProjectFixService - Fixed build info for "/var/folders/bq/vtzpc5ns5sg2cthy61lqpg3dfzgbys/T/1554449164978-0/src/js/build.gradle": [buildToolsVersion=28.0.0-rc2,compileSdkVersion=28,minSdkVersion=28,targetSdkVersion=28]
2019-04-05 14:28:10,570 INFO  LocalPropertiesFixService - Created fake /var/folders/bq/vtzpc5ns5sg2cthy61lqpg3dfzgbys/T/1554449164978-0/src/jvm/local.properties
2019-04-05 14:28:10,573 INFO  ProjectFixService - Build info for "/var/folders/bq/vtzpc5ns5sg2cthy61lqpg3dfzgbys/T/1554449164978-0/src/jvm/build.gradle": [buildToolsVersion=<null>,compileSdkVersion=<null>,minSdkVersion=<null>,targetSdkVersion=<null>]
2019-04-05 14:28:10,573 INFO  ProjectFixService - Fixed build info for "/var/folders/bq/vtzpc5ns5sg2cthy61lqpg3dfzgbys/T/1554449164978-0/src/jvm/build.gradle": [buildToolsVersion=28.0.0-rc2,compileSdkVersion=28,minSdkVersion=28,targetSdkVersion=28]
2019-04-05 14:28:10,574 INFO  LocalPropertiesFixService - Created fake /var/folders/bq/vtzpc5ns5sg2cthy61lqpg3dfzgbys/T/1554449164978-0/src/native/local.properties
2019-04-05 14:28:10,576 INFO  ProjectFixService - Build info for "/var/folders/bq/vtzpc5ns5sg2cthy61lqpg3dfzgbys/T/1554449164978-0/src/native/build.gradle": [buildToolsVersion=<null>,compileSdkVersion=<null>,minSdkVersion=<null>,targetSdkVersion=<null>]
2019-04-05 14:28:10,576 INFO  ProjectFixService - Fixed build info for "/var/folders/bq/vtzpc5ns5sg2cthy61lqpg3dfzgbys/T/1554449164978-0/src/native/build.gradle": [buildToolsVersion=28.0.0-rc2,compileSdkVersion=28,minSdkVersion=28,targetSdkVersion=28]
2019-04-05 14:28:10,577 INFO  ProjectFixService - Project was maybe fixed
2019-04-05 14:28:10,577 INFO  ProjectTaskService - Detecting possible tasks...
2019-04-05 14:28:10,577 INFO  SysUtils - Execute command: [/var/folders/bq/vtzpc5ns5sg2cthy61lqpg3dfzgbys/T/1554449164978-0/src/gradlew, -b, /var/folders/bq/vtzpc5ns5sg2cthy61lqpg3dfzgbys/T/1554449164978-0/src/build.gradle, -Dorg.gradle.daemon=false, -Dorg.gradle.daemon.performance.enable-monitoring=false, -Dorg.gradle.configureondemand=true, tasks]
2019-04-05 14:28:32,769 INFO  ProjectTaskService - Detected possible tasks: 71
2019-04-05 14:28:32,769 INFO  ProjectTaskService - Excluded tasks (3): javadoc test check
2019-04-05 14:28:32,769 INFO  SysUtils - Execute command: [/var/folders/bq/vtzpc5ns5sg2cthy61lqpg3dfzgbys/T/1554449164978-0/src/gradlew, -b, /var/folders/bq/vtzpc5ns5sg2cthy61lqpg3dfzgbys/T/1554449164978-0/src/build.gradle, -Dorg.gradle.daemon=false, -Dorg.gradle.daemon.performance.enable-monitoring=false, -Dorg.gradle.configureondemand=true, --stacktrace, -x, javadoc, -x, test, -x, check, build]
2019-04-05 14:29:28,930 INFO  SysUtils - Skipping JVM build
Configuration on demand is an incubating feature.

> Configure project :kluent-common
artifactName: kluent-common

> Configure project :kluent-js
artifactName: kluent-js

> Configure project :kluent-native
feature GRADLE_METADATA is not enabled: publication is disabled
Configuration(s) specified but the install task does not exist in project :kluent-common.
Configuration(s) specified but the install task does not exist in project :kluent-js.

> Task :kluent-common:compileJava NO-SOURCE
> Task :kluent-common:compileKotlinCommon
> Task :kluent-common:processResources NO-SOURCE
> Task :kluent-common:classes
> Task :kluent-common:inspectClassesForKotlinIC
> Task :kluent-common:jar
> Task :kluent-common:sourcesJar
> Task :kluent-common:assemble
> Task :kluent-common:build
> Task :kluent-js:compileJava NO-SOURCE
> Task :kluent-js:compileKotlin2Js
> Task :kluent-js:processResources NO-SOURCE
> Task :kluent-js:classes
> Task :kluent-js:inspectClassesForKotlinIC
> Task :kluent-js:jar
> Task :kluent-js:sourcesJar
> Task :kluent-js:assemble
> Task :kluent-js:build
> Task :kluent-native:assemble UP-TO-DATE
> Task :kluent-native:checkKonanCompiler

> Task :kluent-native:compileKonanKluent-nativeMacos_x64
/private/var/folders/bq/vtzpc5ns5sg2cthy61lqpg3dfzgbys/T/1554449164978-0/src/common/src/main/kotlin/org/amshove/kluent/Basic.kt:20:2: warning: this class can only be used with the compiler argument '-Xuse-experimental=kotlin.Experimental'
@UseExperimental(ExperimentalContracts::class)
 ^
/private/var/folders/bq/vtzpc5ns5sg2cthy61lqpg3dfzgbys/T/1554449164978-0/src/common/src/main/kotlin/org/amshove/kluent/Basic.kt:29:2: warning: this class can only be used with the compiler argument '-Xuse-experimental=kotlin.Experimental'
@UseExperimental(ExperimentalContracts::class)
 ^
/private/var/folders/bq/vtzpc5ns5sg2cthy61lqpg3dfzgbys/T/1554449164978-0/src/common/src/main/kotlin/org/amshove/kluent/Basic.kt:38:2: warning: this class can only be used with the compiler argument '-Xuse-experimental=kotlin.Experimental'
@UseExperimental(ExperimentalContracts::class)
 ^
/private/var/folders/bq/vtzpc5ns5sg2cthy61lqpg3dfzgbys/T/1554449164978-0/src/common/src/main/kotlin/org/amshove/kluent/Basic.kt:47:2: warning: this class can only be used with the compiler argument '-Xuse-experimental=kotlin.Experimental'
@UseExperimental(ExperimentalContracts::class)
 ^
/private/var/folders/bq/vtzpc5ns5sg2cthy61lqpg3dfzgbys/T/1554449164978-0/src/common/src/main/kotlin/org/amshove/kluent/Basic.kt:56:2: warning: this class can only be used with the compiler argument '-Xuse-experimental=kotlin.Experimental'
@UseExperimental(ExperimentalContracts::class)
 ^
/private/var/folders/bq/vtzpc5ns5sg2cthy61lqpg3dfzgbys/T/1554449164978-0/src/common/src/main/kotlin/org/amshove/kluent/CharSequence.kt:67:2: warning: this class can only be used with the compiler argument '-Xuse-experimental=kotlin.Experimental'
@UseExperimental(ExperimentalContracts::class)
 ^
/private/var/folders/bq/vtzpc5ns5sg2cthy61lqpg3dfzgbys/T/1554449164978-0/src/common/src/main/kotlin/org/amshove/kluent/CharSequence.kt:79:2: warning: this class can only be used with the compiler argument '-Xuse-experimental=kotlin.Experimental'
@UseExperimental(ExperimentalContracts::class)
 ^

> Task :kluent-native:compileKonanKluent-native
> Task :kluent-native:compileKonanNative-testMacos_x64
> Task :kluent-native:compileKonanNative-test
> Task :kluent-native:compileKonan

> Task :kluent-native:runNative-test
[==========] Running 522 tests from 64 test cases.
[----------] Global test environment set-up.
[----------] 4 tests from org.amshove.kluent.basic.ShouldBeDigitShould
[ RUN      ] org.amshove.kluent.basic.ShouldBeDigitShould.passWhenTestingAnyDigit
[       OK ] org.amshove.kluent.basic.ShouldBeDigitShould.passWhenTestingAnyDigit (1 ms)
[ RUN      ] org.amshove.kluent.basic.ShouldBeDigitShould.passWhenTestingAnyUnicodeDigit
[       OK ] org.amshove.kluent.basic.ShouldBeDigitShould.passWhenTestingAnyUnicodeDigit (1 ms)
[ RUN      ] org.amshove.kluent.basic.ShouldBeDigitShould.failWhenTestingAnyNonDigit
[       OK ] org.amshove.kluent.basic.ShouldBeDigitShould.failWhenTestingAnyNonDigit (0 ms)
[ RUN      ] org.amshove.kluent.basic.ShouldBeDigitShould.failWhenTestingAnyNonDigitUnicode
[       OK ] org.amshove.kluent.basic.ShouldBeDigitShould.failWhenTestingAnyNonDigitUnicode (1 ms)
[----------] 4 tests from org.amshove.kluent.basic.ShouldBeDigitShould (3 ms total)

[----------] 3 tests from org.amshove.kluent.basic.ShouldBeFalseShould
[ RUN      ] org.amshove.kluent.basic.ShouldBeFalseShould.passWhenPassingFalse
[       OK ] org.amshove.kluent.basic.ShouldBeFalseShould.passWhenPassingFalse (0 ms)
[ RUN      ] org.amshove.kluent.basic.ShouldBeFalseShould.failWhenPassingTrue
[       OK ] org.amshove.kluent.basic.ShouldBeFalseShould.failWhenPassingTrue (0 ms)
[ RUN      ] org.amshove.kluent.basic.ShouldBeFalseShould.provideADescriptiveMessage
[       OK ] org.amshove.kluent.basic.ShouldBeFalseShould.provideADescriptiveMessage (0 ms)
[----------] 3 tests from org.amshove.kluent.basic.ShouldBeFalseShould (0 ms total)

[----------] 3 tests from org.amshove.kluent.basic.ShouldBeNullShould
[ RUN      ] org.amshove.kluent.basic.ShouldBeNullShould.passWhenPassingNull
[       OK ] org.amshove.kluent.basic.ShouldBeNullShould.passWhenPassingNull (0 ms)
[ RUN      ] org.amshove.kluent.basic.ShouldBeNullShould.failWhenPassingNonNull
[       OK ] org.amshove.kluent.basic.ShouldBeNullShould.failWhenPassingNonNull (0 ms)
[ RUN      ] org.amshove.kluent.basic.ShouldBeNullShould.failWhenCheckingNonNullableType
[       OK ] org.amshove.kluent.basic.ShouldBeNullShould.failWhenCheckingNonNullableType (0 ms)
[----------] 3 tests from org.amshove.kluent.basic.ShouldBeNullShould (0 ms total)

[----------] 2 tests from org.amshove.kluent.basic.ShouldBeShould
[ RUN      ] org.amshove.kluent.basic.ShouldBeShould.passWhenCheckingObjectsWithSameReference
[       OK ] org.amshove.kluent.basic.ShouldBeShould.passWhenCheckingObjectsWithSameReference (0 ms)
[ RUN      ] org.amshove.kluent.basic.ShouldBeShould.failWhenCheckingObjectsWithDifferentReference
[       OK ] org.amshove.kluent.basic.ShouldBeShould.failWhenCheckingObjectsWithDifferentReference (0 ms)
[----------] 2 tests from org.amshove.kluent.basic.ShouldBeShould (0 ms total)

[----------] 3 tests from org.amshove.kluent.basic.ShouldBeTrueShould
[ RUN      ] org.amshove.kluent.basic.ShouldBeTrueShould.passWhenPassingTrue
[       OK ] org.amshove.kluent.basic.ShouldBeTrueShould.passWhenPassingTrue (0 ms)
[ RUN      ] org.amshove.kluent.basic.ShouldBeTrueShould.failWhenPassingFalse
[       OK ] org.amshove.kluent.basic.ShouldBeTrueShould.failWhenPassingFalse (0 ms)
[ RUN      ] org.amshove.kluent.basic.ShouldBeTrueShould.provideADescriptiveMessage
[       OK ] org.amshove.kluent.basic.ShouldBeTrueShould.provideADescriptiveMessage (0 ms)
[----------] 3 tests from org.amshove.kluent.basic.ShouldBeTrueShould (0 ms total)

[----------] 6 tests from org.amshove.kluent.basic.ShouldEqualShould
[ RUN      ] org.amshove.kluent.basic.ShouldEqualShould.passWhenComparingEqualStrings
[       OK ] org.amshove.kluent.basic.ShouldEqualShould.passWhenComparingEqualStrings (0 ms)
[ RUN      ] org.amshove.kluent.basic.ShouldEqualShould.returnTheTestedInstance
[       OK ] org.amshove.kluent.basic.ShouldEqualShould.returnTheTestedInstance (0 ms)
[ RUN      ] org.amshove.kluent.basic.ShouldEqualShould.failWhenComparingUnequalStrings
[       OK ] org.amshove.kluent.basic.ShouldEqualShould.failWhenComparingUnequalStrings (0 ms)
[ RUN      ] org.amshove.kluent.basic.ShouldEqualShould.failWhenComparingDifferentTypes
[       OK ] org.amshove.kluent.basic.ShouldEqualShould.failWhenComparingDifferentTypes (0 ms)
[ RUN      ] org.amshove.kluent.basic.ShouldEqualShould.passWhenCheckingTwoDataObjectsWithSameValues
[       OK ] org.amshove.kluent.basic.ShouldEqualShould.passWhenCheckingTwoDataObjectsWithSameValues (0 ms)
[ RUN      ] org.amshove.kluent.basic.ShouldEqualShould.failWhenCheckingTwoDataObjectsWithDifferentValues
[       OK ] org.amshove.kluent.basic.ShouldEqualShould.failWhenCheckingTwoDataObjectsWithDifferentValues (0 ms)
[----------] 6 tests from org.amshove.kluent.basic.ShouldEqualShould (0 ms total)

[----------] 4 tests from org.amshove.kluent.basic.ShouldNotBeDigitShould
[ RUN      ] org.amshove.kluent.basic.ShouldNotBeDigitShould.passWhenTestingAnyNonDigit
[       OK ] org.amshove.kluent.basic.ShouldNotBeDigitShould.passWhenTestingAnyNonDigit (1 ms)
[ RUN      ] org.amshove.kluent.basic.ShouldNotBeDigitShould.passWhenTestingAnyNonDigitUnicode
[       OK ] org.amshove.kluent.basic.ShouldNotBeDigitShould.passWhenTestingAnyNonDigitUnicode (0 ms)
[ RUN      ] org.amshove.kluent.basic.ShouldNotBeDigitShould.failWhenTestingAnyDigit
[       OK ] org.amshove.kluent.basic.ShouldNotBeDigitShould.failWhenTestingAnyDigit (1 ms)
[ RUN      ] org.amshove.kluent.basic.ShouldNotBeDigitShould.failWhenTestingAnyUnicodeDigit
[       OK ] org.amshove.kluent.basic.ShouldNotBeDigitShould.failWhenTestingAnyUnicodeDigit (0 ms)
[----------] 4 tests from org.amshove.kluent.basic.ShouldNotBeDigitShould (2 ms total)

[----------] 2 tests from org.amshove.kluent.basic.ShouldNotBeFalseShould
[ RUN      ] org.amshove.kluent.basic.ShouldNotBeFalseShould.passWhenPassingTrue
[       OK ] org.amshove.kluent.basic.ShouldNotBeFalseShould.passWhenPassingTrue (0 ms)
[ RUN      ] org.amshove.kluent.basic.ShouldNotBeFalseShould.failWhenPassingFalse
[       OK ] org.amshove.kluent.basic.ShouldNotBeFalseShould.failWhenPassingFalse (0 ms)
[----------] 2 tests from org.amshove.kluent.basic.ShouldNotBeFalseShould (0 ms total)

[----------] 4 tests from org.amshove.kluent.basic.ShouldNotBeNullShould
[ RUN      ] org.amshove.kluent.basic.ShouldNotBeNullShould.passWhenPassingNonNullReference
[       OK ] org.amshove.kluent.basic.ShouldNotBeNullShould.passWhenPassingNonNullReference (0 ms)
[ RUN      ] org.amshove.kluent.basic.ShouldNotBeNullShould.returnANonNullableInstance
[       OK ] org.amshove.kluent.basic.ShouldNotBeNullShould.returnANonNullableInstance (0 ms)
[ RUN      ] org.amshove.kluent.basic.ShouldNotBeNullShould.failWhenPassingNullReference
[       OK ] org.amshove.kluent.basic.ShouldNotBeNullShould.failWhenPassingNullReference (0 ms)
[ RUN      ] org.amshove.kluent.basic.ShouldNotBeNullShould.passWhenPassingNonNullableType
[       OK ] org.amshove.kluent.basic.ShouldNotBeNullShould.passWhenPassingNonNullableType (0 ms)
[----------] 4 tests from org.amshove.kluent.basic.ShouldNotBeNullShould (1 ms total)

[----------] 2 tests from org.amshove.kluent.basic.ShouldNotBeShould
[ RUN      ] org.amshove.kluent.basic.ShouldNotBeShould.passWhenCheckingObjectsWithDifferentReference
[       OK ] org.amshove.kluent.basic.ShouldNotBeShould.passWhenCheckingObjectsWithDifferentReference (0 ms)
[ RUN      ] org.amshove.kluent.basic.ShouldNotBeShould.failWhenCheckingObjectsWithSameReference
[       OK ] org.amshove.kluent.basic.ShouldNotBeShould.failWhenCheckingObjectsWithSameReference (0 ms)
[----------] 2 tests from org.amshove.kluent.basic.ShouldNotBeShould (0 ms total)

[----------] 2 tests from org.amshove.kluent.basic.ShouldNotBeTrueShould
[ RUN      ] org.amshove.kluent.basic.ShouldNotBeTrueShould.passWhenPassingFalse
[       OK ] org.amshove.kluent.basic.ShouldNotBeTrueShould.passWhenPassingFalse (0 ms)
[ RUN      ] org.amshove.kluent.basic.ShouldNotBeTrueShould.failWhenPassingTrue
[       OK ] org.amshove.kluent.basic.ShouldNotBeTrueShould.failWhenPassingTrue (0 ms)
[----------] 2 tests from org.amshove.kluent.basic.ShouldNotBeTrueShould (0 ms total)

[----------] 6 tests from org.amshove.kluent.basic.ShouldNotEqualShould
[ RUN      ] org.amshove.kluent.basic.ShouldNotEqualShould.passWhenCheckingEqualityOfDifferentStrings
[       OK ] org.amshove.kluent.basic.ShouldNotEqualShould.passWhenCheckingEqualityOfDifferentStrings (0 ms)
[ RUN      ] org.amshove.kluent.basic.ShouldNotEqualShould.failWhenCheckingEqualityOfEqualStrings
[       OK ] org.amshove.kluent.basic.ShouldNotEqualShould.failWhenCheckingEqualityOfEqualStrings (0 ms)
[ RUN      ] org.amshove.kluent.basic.ShouldNotEqualShould.passWhenCheckingDifferentTypes
[       OK ] org.amshove.kluent.basic.ShouldNotEqualShould.passWhenCheckingDifferentTypes (0 ms)
[ RUN      ] org.amshove.kluent.basic.ShouldNotEqualShould.passWhenCheckingUnequalDataObjects
[       OK ] org.amshove.kluent.basic.ShouldNotEqualShould.passWhenCheckingUnequalDataObjects (0 ms)
[ RUN      ] org.amshove.kluent.basic.ShouldNotEqualShould.failWhenCheckingEqualDataObjects
[       OK ] org.amshove.kluent.basic.ShouldNotEqualShould.failWhenCheckingEqualDataObjects (0 ms)
[ RUN      ] org.amshove.kluent.basic.ShouldNotEqualShould.returnTheTestedInstance
[       OK ] org.amshove.kluent.basic.ShouldNotEqualShould.returnTheTestedInstance (0 ms)
[----------] 6 tests from org.amshove.kluent.basic.ShouldNotEqualShould (0 ms total)

[----------] 7 tests from org.amshove.kluent.basic.ShouldShould
[ RUN      ] org.amshove.kluent.basic.ShouldShould.makeItPossibleToChainAssertions
[       OK ] org.amshove.kluent.basic.ShouldShould.makeItPossibleToChainAssertions (0 ms)
[ RUN      ] org.amshove.kluent.basic.ShouldShould.passWhenPassingALambdaThatReturnsTrue
[       OK ] org.amshove.kluent.basic.ShouldShould.passWhenPassingALambdaThatReturnsTrue (0 ms)
[ RUN      ] org.amshove.kluent.basic.ShouldShould.failWhenPassingALambdaThatReturnsFalse
[       OK ] org.amshove.kluent.basic.ShouldShould.failWhenPassingALambdaThatReturnsFalse (1 ms)
[ RUN      ] org.amshove.kluent.basic.ShouldShould.passWhenDefiningADomainSpecificAssertionEvaluatingToTrue
[       OK ] org.amshove.kluent.basic.ShouldShould.passWhenDefiningADomainSpecificAssertionEvaluatingToTrue (0 ms)
[ RUN      ] org.amshove.kluent.basic.ShouldShould.failWhenDefiningADomainSpecificAssertionEvaluatingToFalse
[       OK ] org.amshove.kluent.basic.ShouldShould.failWhenDefiningADomainSpecificAssertionEvaluatingToFalse (0 ms)
[ RUN      ] org.amshove.kluent.basic.ShouldShould.provideTheMessageOfDomainSpecificAssertionWhenFailing
[       OK ] org.amshove.kluent.basic.ShouldShould.provideTheMessageOfDomainSpecificAssertionWhenFailing (1 ms)
[ RUN      ] org.amshove.kluent.basic.ShouldShould.failTheDomainSpecificAssertionWhenAnExceptionOccurs
[       OK ] org.amshove.kluent.basic.ShouldShould.failTheDomainSpecificAssertionWhenAnExceptionOccurs (0 ms)
[----------] 7 tests from org.amshove.kluent.basic.ShouldShould (2 ms total)

[----------] 2 tests from org.amshove.kluent.charsequence.ShouldBeBlankShould
[ RUN      ] org.amshove.kluent.charsequence.ShouldBeBlankShould.passWhenTestingABlankCharSequence
[       OK ] org.amshove.kluent.charsequence.ShouldBeBlankShould.passWhenTestingABlankCharSequence (0 ms)
[ RUN      ] org.amshove.kluent.charsequence.ShouldBeBlankShould.failWhenTestingANonBlankCharSequence
[       OK ] org.amshove.kluent.charsequence.ShouldBeBlankShould.failWhenTestingANonBlankCharSequence (0 ms)
[----------] 2 tests from org.amshove.kluent.charsequence.ShouldBeBlankShould (0 ms total)

[----------] 2 tests from org.amshove.kluent.charsequence.ShouldBeEmptyShould
[ RUN      ] org.amshove.kluent.charsequence.ShouldBeEmptyShould.passWhenTestingAnEmptyCharSequence
[       OK ] org.amshove.kluent.charsequence.ShouldBeEmptyShould.passWhenTestingAnEmptyCharSequence (0 ms)
[ RUN      ] org.amshove.kluent.charsequence.ShouldBeEmptyShould.failWhenTestingANonEmptyCharSequence
[       OK ] org.amshove.kluent.charsequence.ShouldBeEmptyShould.failWhenTestingANonEmptyCharSequence (0 ms)
[----------] 2 tests from org.amshove.kluent.charsequence.ShouldBeEmptyShould (0 ms total)

[----------] 3 tests from org.amshove.kluent.charsequence.ShouldBeNullOrBlankShould
[ RUN      ] org.amshove.kluent.charsequence.ShouldBeNullOrBlankShould.passWhenTestingABlankCharSequence
[       OK ] org.amshove.kluent.charsequence.ShouldBeNullOrBlankShould.passWhenTestingABlankCharSequence (0 ms)
[ RUN      ] org.amshove.kluent.charsequence.ShouldBeNullOrBlankShould.passWhenTestingANullReference
[       OK ] org.amshove.kluent.charsequence.ShouldBeNullOrBlankShould.passWhenTestingANullReference (0 ms)
[ RUN      ] org.amshove.kluent.charsequence.ShouldBeNullOrBlankShould.failWhenTestingANonBlankCharSequence
[       OK ] org.amshove.kluent.charsequence.ShouldBeNullOrBlankShould.failWhenTestingANonBlankCharSequence (0 ms)
[----------] 3 tests from org.amshove.kluent.charsequence.ShouldBeNullOrBlankShould (1 ms total)

[----------] 3 tests from org.amshove.kluent.charsequence.ShouldBeNullOrEmptyShould
[ RUN      ] org.amshove.kluent.charsequence.ShouldBeNullOrEmptyShould.passWhenTestingAnEmptyCharSequence
[       OK ] org.amshove.kluent.charsequence.ShouldBeNullOrEmptyShould.passWhenTestingAnEmptyCharSequence (0 ms)
[ RUN      ] org.amshove.kluent.charsequence.ShouldBeNullOrEmptyShould.passWhenTestingANullReference
[       OK ] org.amshove.kluent.charsequence.ShouldBeNullOrEmptyShould.passWhenTestingANullReference (0 ms)
[ RUN      ] org.amshove.kluent.charsequence.ShouldBeNullOrEmptyShould.failWhenTestingANonEmptyCharSequence
[       OK ] org.amshove.kluent.charsequence.ShouldBeNullOrEmptyShould.failWhenTestingANonEmptyCharSequence (0 ms)
[----------] 3 tests from org.amshove.kluent.charsequence.ShouldBeNullOrEmptyShould (1 ms total)

[----------] 2 tests from org.amshove.kluent.charsequence.ShouldContainAllShould
[ RUN      ] org.amshove.kluent.charsequence.ShouldContainAllShould.passWhenTestingAListWhereAllSequencesAreWithinTheOriginalSequence
[       OK ] org.amshove.kluent.charsequence.ShouldContainAllShould.passWhenTestingAListWhereAllSequencesAreWithinTheOriginalSequence (0 ms)
[ RUN      ] org.amshove.kluent.charsequence.ShouldContainAllShould.failWhenTestingAListWhereAtLeastOneSequenceIsNotWithinTheOriginalSequence
[       OK ] org.amshove.kluent.charsequence.ShouldContainAllShould.failWhenTestingAListWhereAtLeastOneSequenceIsNotWithinTheOriginalSequence (0 ms)
[----------] 2 tests from org.amshove.kluent.charsequence.ShouldContainAllShould (0 ms total)

[----------] 2 tests from org.amshove.kluent.charsequence.ShouldContainNoneShould
[ RUN      ] org.amshove.kluent.charsequence.ShouldContainNoneShould.passWhenTestingCharSequencesWhereNoneIsContainedInTheOriginalSequence
[       OK ] org.amshove.kluent.charsequence.ShouldContainNoneShould.passWhenTestingCharSequencesWhereNoneIsContainedInTheOriginalSequence (0 ms)
[ RUN      ] org.amshove.kluent.charsequence.ShouldContainNoneShould.failWhenTestingCharSequencesWhereAtleastOneIsContainedInTheOriginalSequence
[       OK ] org.amshove.kluent.charsequence.ShouldContainNoneShould.failWhenTestingCharSequencesWhereAtleastOneIsContainedInTheOriginalSequence (0 ms)
[----------] 2 tests from org.amshove.kluent.charsequence.ShouldContainNoneShould (0 ms total)

[----------] 4 tests from org.amshove.kluent.charsequence.ShouldContainShould
[ RUN      ] org.amshove.kluent.charsequence.ShouldContainShould.passWhenTestingACharacterThatIsContained
[       OK ] org.amshove.kluent.charsequence.ShouldContainShould.passWhenTestingACharacterThatIsContained (0 ms)
[ RUN      ] org.amshove.kluent.charsequence.ShouldContainShould.failWhenTestingACharacterWhichIsNotContained
[       OK ] org.amshove.kluent.charsequence.ShouldContainShould.failWhenTestingACharacterWhichIsNotContained (0 ms)
[ RUN      ] org.amshove.kluent.charsequence.ShouldContainShould.passWhenTestingACharSequenceWhichIsContained
[       OK ] org.amshove.kluent.charsequence.ShouldContainShould.passWhenTestingACharSequenceWhichIsContained (0 ms)
[ RUN      ] org.amshove.kluent.charsequence.ShouldContainShould.failWhenTestingACharSequenceWhichIsNotContained
[       OK ] org.amshove.kluent.charsequence.ShouldContainShould.failWhenTestingACharSequenceWhichIsNotContained (0 ms)
[----------] 4 tests from org.amshove.kluent.charsequence.ShouldContainShould (0 ms total)

[----------] 2 tests from org.amshove.kluent.charsequence.ShouldContainSomeShould
[ RUN      ] org.amshove.kluent.charsequence.ShouldContainSomeShould.passWhenTestingCharSequencesWithAtleastOneBeingInTheOriginalSequence
[       OK ] org.amshove.kluent.charsequence.ShouldContainSomeShould.passWhenTestingCharSequencesWithAtleastOneBeingInTheOriginalSequence (0 ms)
[ RUN      ] org.amshove.kluent.charsequence.ShouldContainSomeShould.failWhenTestingCharSequencesWithNoneBeingInTheOriginalSequence
[       OK ] org.amshove.kluent.charsequence.ShouldContainSomeShould.failWhenTestingCharSequencesWithNoneBeingInTheOriginalSequence (1 ms)
[----------] 2 tests from org.amshove.kluent.charsequence.ShouldContainSomeShould (1 ms total)

[----------] 2 tests from org.amshove.kluent.charsequence.ShouldEndWithShould
[ RUN      ] org.amshove.kluent.charsequence.ShouldEndWithShould.passWhenTestingACharSequenceWhichEndsWithASequence
[       OK ] org.amshove.kluent.charsequence.ShouldEndWithShould.passWhenTestingACharSequenceWhichEndsWithASequence (0 ms)
[ RUN      ] org.amshove.kluent.charsequence.ShouldEndWithShould.failWhenTestingACharSequenceWhichDoesNotEndWithASequence
[       OK ] org.amshove.kluent.charsequence.ShouldEndWithShould.failWhenTestingACharSequenceWhichDoesNotEndWithASequence (0 ms)
[----------] 2 tests from org.amshove.kluent.charsequence.ShouldEndWithShould (0 ms total)

[----------] 4 tests from org.amshove.kluent.charsequence.ShouldMatchShould
[ RUN      ] org.amshove.kluent.charsequence.ShouldMatchShould.passWhenTestingIfACharSequenceMatchesARegexRepresentedByAPattern
[       OK ] org.amshove.kluent.charsequence.ShouldMatchShould.passWhenTestingIfACharSequenceMatchesARegexRepresentedByAPattern (0 ms)
[ RUN      ] org.amshove.kluent.charsequence.ShouldMatchShould.passWhenTestingIfACharSequenceMatchesARegex
[       OK ] org.amshove.kluent.charsequence.ShouldMatchShould.passWhenTestingIfACharSequenceMatchesARegex (0 ms)
[ RUN      ] org.amshove.kluent.charsequence.ShouldMatchShould.failWhenTestingACharSequenceWhichDoesNotMatchARegexRepresentedByAPattern
[       OK ] org.amshove.kluent.charsequence.ShouldMatchShould.failWhenTestingACharSequenceWhichDoesNotMatchARegexRepresentedByAPattern (0 ms)
[ RUN      ] org.amshove.kluent.charsequence.ShouldMatchShould.failWhenTestingACharSequenceWhichDoesNotMatchARegex
[       OK ] org.amshove.kluent.charsequence.ShouldMatchShould.failWhenTestingACharSequenceWhichDoesNotMatchARegex (0 ms)
[----------] 4 tests from org.amshove.kluent.charsequence.ShouldMatchShould (0 ms total)

[----------] 2 tests from org.amshove.kluent.charsequence.ShouldNotBeBlankShould
[ RUN      ] org.amshove.kluent.charsequence.ShouldNotBeBlankShould.passWhenTestingANonBlankCharSequence
[       OK ] org.amshove.kluent.charsequence.ShouldNotBeBlankShould.passWhenTestingANonBlankCharSequence (0 ms)
[ RUN      ] org.amshove.kluent.charsequence.ShouldNotBeBlankShould.failWhenTestingABlankCharSequence
[       OK ] org.amshove.kluent.charsequence.ShouldNotBeBlankShould.failWhenTestingABlankCharSequence (0 ms)
[----------] 2 tests from org.amshove.kluent.charsequence.ShouldNotBeBlankShould (1 ms total)

[----------] 2 tests from org.amshove.kluent.charsequence.ShouldNotBeEmptyShould
[ RUN      ] org.amshove.kluent.charsequence.ShouldNotBeEmptyShould.passWhenTestingANonEmptyCharSequence
[       OK ] org.amshove.kluent.charsequence.ShouldNotBeEmptyShould.passWhenTestingANonEmptyCharSequence (0 ms)
[ RUN      ] org.amshove.kluent.charsequence.ShouldNotBeEmptyShould.failWhenTestingAnEmptyCharSequence
[       OK ] org.amshove.kluent.charsequence.ShouldNotBeEmptyShould.failWhenTestingAnEmptyCharSequence (0 ms)
[----------] 2 tests from org.amshove.kluent.charsequence.ShouldNotBeEmptyShould (0 ms total)

[----------] 4 tests from org.amshove.kluent.charsequence.ShouldNotBeNullOrBlankShould
[ RUN      ] org.amshove.kluent.charsequence.ShouldNotBeNullOrBlankShould.passWhenTestingANonEmptyCharSequence
[       OK ] org.amshove.kluent.charsequence.ShouldNotBeNullOrBlankShould.passWhenTestingANonEmptyCharSequence (0 ms)
[ RUN      ] org.amshove.kluent.charsequence.ShouldNotBeNullOrBlankShould.failWhenTestingABlankCharSequence
[       OK ] org.amshove.kluent.charsequence.ShouldNotBeNullOrBlankShould.failWhenTestingABlankCharSequence (0 ms)
[ RUN      ] org.amshove.kluent.charsequence.ShouldNotBeNullOrBlankShould.failWhenTestingANullReference
[       OK ] org.amshove.kluent.charsequence.ShouldNotBeNullOrBlankShould.failWhenTestingANullReference (0 ms)
[ RUN      ] org.amshove.kluent.charsequence.ShouldNotBeNullOrBlankShould.returnANonNullableInstance
[       OK ] org.amshove.kluent.charsequence.ShouldNotBeNullOrBlankShould.returnANonNullableInstance (0 ms)
[----------] 4 tests from org.amshove.kluent.charsequence.ShouldNotBeNullOrBlankShould (0 ms total)

[----------] 4 tests from org.amshove.kluent.charsequence.ShouldNotBeNullOrEmptyShould
[ RUN      ] org.amshove.kluent.charsequence.ShouldNotBeNullOrEmptyShould.passWhenTestingANonEmptyCharSequence
[       OK ] org.amshove.kluent.charsequence.ShouldNotBeNullOrEmptyShould.passWhenTestingANonEmptyCharSequence (0 ms)
[ RUN      ] org.amshove.kluent.charsequence.ShouldNotBeNullOrEmptyShould.failWhenTestingAnEmptyCharSequence
[       OK ] org.amshove.kluent.charsequence.ShouldNotBeNullOrEmptyShould.failWhenTestingAnEmptyCharSequence (0 ms)
[ RUN      ] org.amshove.kluent.charsequence.ShouldNotBeNullOrEmptyShould.failWhenTestingNull
[       OK ] org.amshove.kluent.charsequence.ShouldNotBeNullOrEmptyShould.failWhenTestingNull (0 ms)
[ RUN      ] org.amshove.kluent.charsequence.ShouldNotBeNullOrEmptyShould.returnANonNullableInstance
[       OK ] org.amshove.kluent.charsequence.ShouldNotBeNullOrEmptyShould.returnANonNullableInstance (0 ms)
[----------] 4 tests from org.amshove.kluent.charsequence.ShouldNotBeNullOrEmptyShould (0 ms total)

[----------] 2 tests from org.amshove.kluent.charsequence.ShouldNotContainAllShould
[ RUN      ] org.amshove.kluent.charsequence.ShouldNotContainAllShould.passWhenTestingAListWhereSomeItemsAreNotWithinTheOriginalSequence
[       OK ] org.amshove.kluent.charsequence.ShouldNotContainAllShould.passWhenTestingAListWhereSomeItemsAreNotWithinTheOriginalSequence (0 ms)
[ RUN      ] org.amshove.kluent.charsequence.ShouldNotContainAllShould.failWhenTestingAListWhereAllItemsAreWithinTheOriginalSequence
[       OK ] org.amshove.kluent.charsequence.ShouldNotContainAllShould.failWhenTestingAListWhereAllItemsAreWithinTheOriginalSequence (0 ms)
[----------] 2 tests from org.amshove.kluent.charsequence.ShouldNotContainAllShould (0 ms total)

[----------] 4 tests from org.amshove.kluent.charsequence.ShouldNotContainShould
[ RUN      ] org.amshove.kluent.charsequence.ShouldNotContainShould.passWhenTestingACharSequenceWhichDoesNotContainTheCharacter
[       OK ] org.amshove.kluent.charsequence.ShouldNotContainShould.passWhenTestingACharSequenceWhichDoesNotContainTheCharacter (0 ms)
[ RUN      ] org.amshove.kluent.charsequence.ShouldNotContainShould.failWhenTestingACharSequenceWhichDoesContainTheCharacter
[       OK ] org.amshove.kluent.charsequence.ShouldNotContainShould.failWhenTestingACharSequenceWhichDoesContainTheCharacter (0 ms)
[ RUN      ] org.amshove.kluent.charsequence.ShouldNotContainShould.passWhenTestingACharSequenceWhichDoesNotContainASubsequence
[       OK ] org.amshove.kluent.charsequence.ShouldNotContainShould.passWhenTestingACharSequenceWhichDoesNotContainASubsequence (1 ms)
[ RUN      ] org.amshove.kluent.charsequence.ShouldNotContainShould.failWhenTestingACharSequenceWhichDoesContainASubsequence
[       OK ] org.amshove.kluent.charsequence.ShouldNotContainShould.failWhenTestingACharSequenceWhichDoesContainASubsequence (0 ms)
[----------] 4 tests from org.amshove.kluent.charsequence.ShouldNotContainShould (1 ms total)

[----------] 2 tests from org.amshove.kluent.charsequence.ShouldNotEndWithShould
[ RUN      ] org.amshove.kluent.charsequence.ShouldNotEndWithShould.passWhenTestingACharSequenceWhichDoesNotEndWithAnotherSequence
[       OK ] org.amshove.kluent.charsequence.ShouldNotEndWithShould.passWhenTestingACharSequenceWhichDoesNotEndWithAnotherSequence (0 ms)
[ RUN      ] org.amshove.kluent.charsequence.ShouldNotEndWithShould.failWhenTestingACharSequenceWhichDoesEndWithAnotherSequence
[       OK ] org.amshove.kluent.charsequence.ShouldNotEndWithShould.failWhenTestingACharSequenceWhichDoesEndWithAnotherSequence (0 ms)
[----------] 2 tests from org.amshove.kluent.charsequence.ShouldNotEndWithShould (0 ms total)

[----------] 4 tests from org.amshove.kluent.charsequence.ShouldNotMatchShould
[ RUN      ] org.amshove.kluent.charsequence.ShouldNotMatchShould.passWhenTestingACharSequenceWhichDoesNotMatchAPattern
[       OK ] org.amshove.kluent.charsequence.ShouldNotMatchShould.passWhenTestingACharSequenceWhichDoesNotMatchAPattern (0 ms)
[ RUN      ] org.amshove.kluent.charsequence.ShouldNotMatchShould.passWhenTestingACharSequenceWhichDoesNotMatchARegex
[       OK ] org.amshove.kluent.charsequence.ShouldNotMatchShould.passWhenTestingACharSequenceWhichDoesNotMatchARegex (0 ms)
[ RUN      ] org.amshove.kluent.charsequence.ShouldNotMatchShould.failWhenTestingACharSequenceWhichDoesMatchAPattern
[       OK ] org.amshove.kluent.charsequence.ShouldNotMatchShould.failWhenTestingACharSequenceWhichDoesMatchAPattern (0 ms)
[ RUN      ] org.amshove.kluent.charsequence.ShouldNotMatchShould.failWhenTestingACharSequenceWhichDoesMatchARegex
[       OK ] org.amshove.kluent.charsequence.ShouldNotMatchShould.failWhenTestingACharSequenceWhichDoesMatchARegex (0 ms)
[----------] 4 tests from org.amshove.kluent.charsequence.ShouldNotMatchShould (0 ms total)

[----------] 2 tests from org.amshove.kluent.charsequence.ShouldNotStartWithShould
[ RUN      ] org.amshove.kluent.charsequence.ShouldNotStartWithShould.passWhenTestingACharSequenceWhichDoesNotStartWithAnotherSequence
[       OK ] org.amshove.kluent.charsequence.ShouldNotStartWithShould.passWhenTestingACharSequenceWhichDoesNotStartWithAnotherSequence (0 ms)
[ RUN      ] org.amshove.kluent.charsequence.ShouldNotStartWithShould.failWhenTestingACharSequenceWhichStartsWithAnotherSequence
[       OK ] org.amshove.kluent.charsequence.ShouldNotStartWithShould.failWhenTestingACharSequenceWhichStartsWithAnotherSequence (0 ms)
[----------] 2 tests from org.amshove.kluent.charsequence.ShouldNotStartWithShould (1 ms total)

[----------] 2 tests from org.amshove.kluent.charsequence.ShouldStartWithShould
[ RUN      ] org.amshove.kluent.charsequence.ShouldStartWithShould.passWhenTestingACharSequenceWhichStartsWithASubSequence
[       OK ] org.amshove.kluent.charsequence.ShouldStartWithShould.passWhenTestingACharSequenceWhichStartsWithASubSequence (0 ms)
[ RUN      ] org.amshove.kluent.charsequence.ShouldStartWithShould.failWhenTestingACharSequenceWhichDoesNotStartWithASubSequence
[       OK ] org.amshove.kluent.charsequence.ShouldStartWithShould.failWhenTestingACharSequenceWhichDoesNotStartWithASubSequence (0 ms)
[----------] 2 tests from org.amshove.kluent.charsequence.ShouldStartWithShould (0 ms total)

[----------] 22 tests from org.amshove.kluent.collections.ShouldBeEmptyShould
[ RUN      ] org.amshove.kluent.collections.ShouldBeEmptyShould.passWhenTestingAnEmptyArray
[       OK ] org.amshove.kluent.collections.ShouldBeEmptyShould.passWhenTestingAnEmptyArray (0 ms)
[ RUN      ] org.amshove.kluent.collections.ShouldBeEmptyShould.passWhenTestingAnEmptyIterable
[       OK ] org.amshove.kluent.collections.ShouldBeEmptyShould.passWhenTestingAnEmptyIterable (0 ms)
[ RUN      ] org.amshove.kluent.collections.ShouldBeEmptyShould.passWhenTestingAnEmptyMap
[       OK ] org.amshove.kluent.collections.ShouldBeEmptyShould.passWhenTestingAnEmptyMap (0 ms)
[ RUN      ] org.amshove.kluent.collections.ShouldBeEmptyShould.failWhenTestingANonEmptyArray
[       OK ] org.amshove.kluent.collections.ShouldBeEmptyShould.failWhenTestingANonEmptyArray (0 ms)
[ RUN      ] org.amshove.kluent.collections.ShouldBeEmptyShould.failWhenTestingANonEmptyIterable
[       OK ] org.amshove.kluent.collections.ShouldBeEmptyShould.failWhenTestingANonEmptyIterable (0 ms)
[ RUN      ] org.amshove.kluent.collections.ShouldBeEmptyShould.failWhenTestingANonEmptyMap
[       OK ] org.amshove.kluent.collections.ShouldBeEmptyShould.failWhenTestingANonEmptyMap (0 ms)
[ RUN      ] org.amshove.kluent.collections.ShouldBeEmptyShould.passWhenTestingAPrimitiveIntegerArrayWhichIsEmpty
[       OK ] org.amshove.kluent.collections.ShouldBeEmptyShould.passWhenTestingAPrimitiveIntegerArrayWhichIsEmpty (0 ms)
[ RUN      ] org.amshove.kluent.collections.ShouldBeEmptyShould.failWhenTestingAPrimitiveIntegerArrayWhichIsNotEmpty
[       OK ] org.amshove.kluent.collections.ShouldBeEmptyShould.failWhenTestingAPrimitiveIntegerArrayWhichIsNotEmpty (0 ms)
[ RUN      ] org.amshove.kluent.collections.ShouldBeEmptyShould.passWhenTestingAPrimitiveLongArrayWhichIsEmpty
[       OK ] org.amshove.kluent.collections.ShouldBeEmptyShould.passWhenTestingAPrimitiveLongArrayWhichIsEmpty (0 ms)
[ RUN      ] org.amshove.kluent.collections.ShouldBeEmptyShould.failWhenTestingAPrimitiveLongArrayWhichIsNotEmpty
[       OK ] org.amshove.kluent.collections.ShouldBeEmptyShould.failWhenTestingAPrimitiveLongArrayWhichIsNotEmpty (0 ms)
[ RUN      ] org.amshove.kluent.collections.ShouldBeEmptyShould.passWhenTestingAPrimitiveShortArrayWhichIsEmpty
[       OK ] org.amshove.kluent.collections.ShouldBeEmptyShould.passWhenTestingAPrimitiveShortArrayWhichIsEmpty (0 ms)
[ RUN      ] org.amshove.kluent.collections.ShouldBeEmptyShould.failWhenTestingAPrimitiveShortArrayWhichIsNotEmpty
[       OK ] org.amshove.kluent.collections.ShouldBeEmptyShould.failWhenTestingAPrimitiveShortArrayWhichIsNotEmpty (0 ms)
[ RUN      ] org.amshove.kluent.collections.ShouldBeEmptyShould.passWhenTestingAPrimitiveDoubleArrayWhichIsEmpty
[       OK ] org.amshove.kluent.collections.ShouldBeEmptyShould.passWhenTestingAPrimitiveDoubleArrayWhichIsEmpty (0 ms)
[ RUN      ] org.amshove.kluent.collections.ShouldBeEmptyShould.failWhenTestingAPrimitiveDoubleArrayWhichIsNotEmpty
[       OK ] org.amshove.kluent.collections.ShouldBeEmptyShould.failWhenTestingAPrimitiveDoubleArrayWhichIsNotEmpty (0 ms)
[ RUN      ] org.amshove.kluent.collections.ShouldBeEmptyShould.passWhenTestingAPrimitiveFloatArrayWhichIsEmpty
[       OK ] org.amshove.kluent.collections.ShouldBeEmptyShould.passWhenTestingAPrimitiveFloatArrayWhichIsEmpty (0 ms)
[ RUN      ] org.amshove.kluent.collections.ShouldBeEmptyShould.failWhenTestingAPrimitiveFloatArrayWhichIsNotEmpty
[       OK ] org.amshove.kluent.collections.ShouldBeEmptyShould.failWhenTestingAPrimitiveFloatArrayWhichIsNotEmpty (0 ms)
[ RUN      ] org.amshove.kluent.collections.ShouldBeEmptyShould.passWhenTestingAPrimitiveByteArrayWhichIsEmpty
[       OK ] org.amshove.kluent.collections.ShouldBeEmptyShould.passWhenTestingAPrimitiveByteArrayWhichIsEmpty (0 ms)
[ RUN      ] org.amshove.kluent.collections.ShouldBeEmptyShould.failWhenTestingAPrimitiveByteArrayWhichIsNotEmpty
[       OK ] org.amshove.kluent.collections.ShouldBeEmptyShould.failWhenTestingAPrimitiveByteArrayWhichIsNotEmpty (0 ms)
[ RUN      ] org.amshove.kluent.collections.ShouldBeEmptyShould.passWhenTestingAPrimitiveCharArrayWhichIsEmpty
[       OK ] org.amshove.kluent.collections.ShouldBeEmptyShould.passWhenTestingAPrimitiveCharArrayWhichIsEmpty (0 ms)
[ RUN      ] org.amshove.kluent.collections.ShouldBeEmptyShould.failWhenTestingAPrimitiveCharArrayWhichIsNotEmpty
[       OK ] org.amshove.kluent.collections.ShouldBeEmptyShould.failWhenTestingAPrimitiveCharArrayWhichIsNotEmpty (0 ms)
[ RUN      ] org.amshove.kluent.collections.ShouldBeEmptyShould.passWhenTestingAPrimitiveBooleanArrayWhichIsEmpty
[       OK ] org.amshove.kluent.collections.ShouldBeEmptyShould.passWhenTestingAPrimitiveBooleanArrayWhichIsEmpty (0 ms)
[ RUN      ] org.amshove.kluent.collections.ShouldBeEmptyShould.failWhenTestingAPrimitiveBooleanArrayWhichIsNotEmpty
[       OK ] org.amshove.kluent.collections.ShouldBeEmptyShould.failWhenTestingAPrimitiveBooleanArrayWhichIsNotEmpty (0 ms)
[----------] 22 tests from org.amshove.kluent.collections.ShouldBeEmptyShould (1 ms total)

[----------] 18 tests from org.amshove.kluent.collections.ShouldBeInShould
[ RUN      ] org.amshove.kluent.collections.ShouldBeInShould.passWhenTestingAnObjectWhichIsWithinAnArray
[       OK ] org.amshove.kluent.collections.ShouldBeInShould.passWhenTestingAnObjectWhichIsWithinAnArray (0 ms)
[ RUN      ] org.amshove.kluent.collections.ShouldBeInShould.failWhenTestingAnObjectWhichIsNotWithinAnArray
[       OK ] org.amshove.kluent.collections.ShouldBeInShould.failWhenTestingAnObjectWhichIsNotWithinAnArray (1 ms)
[ RUN      ] org.amshove.kluent.collections.ShouldBeInShould.passWhenTestingAnObjectWhichIsInAnIterable
[       OK ] org.amshove.kluent.collections.ShouldBeInShould.passWhenTestingAnObjectWhichIsInAnIterable (0 ms)
[ RUN      ] org.amshove.kluent.collections.ShouldBeInShould.failWhenTestingAnObjectWhichIsNotWithinAnIterable
[       OK ] org.amshove.kluent.collections.ShouldBeInShould.failWhenTestingAnObjectWhichIsNotWithinAnIterable (0 ms)
[ RUN      ] org.amshove.kluent.collections.ShouldBeInShould.passWhenTestingAPrimitiveIntegerWhichIsWithinAnArray
[       OK ] org.amshove.kluent.collections.ShouldBeInShould.passWhenTestingAPrimitiveIntegerWhichIsWithinAnArray (0 ms)
[ RUN      ] org.amshove.kluent.collections.ShouldBeInShould.failWhenTestingAPrimitiveIntegerWhichIsNotWithinAnArray
[       OK ] org.amshove.kluent.collections.ShouldBeInShould.failWhenTestingAPrimitiveIntegerWhichIsNotWithinAnArray (0 ms)
[ RUN      ] org.amshove.kluent.collections.ShouldBeInShould.passWhenTestingAPrimitiveLongWhichIsWithinAnArray
[       OK ] org.amshove.kluent.collections.ShouldBeInShould.passWhenTestingAPrimitiveLongWhichIsWithinAnArray (0 ms)
[ RUN      ] org.amshove.kluent.collections.ShouldBeInShould.failWhenTestingAPrimitiveLongWhichIsNotWithinAnArray
[       OK ] org.amshove.kluent.collections.ShouldBeInShould.failWhenTestingAPrimitiveLongWhichIsNotWithinAnArray (1 ms)
[ RUN      ] org.amshove.kluent.collections.ShouldBeInShould.passWhenTestingAPrimitiveShortWhichIsWithinAnArray
[       OK ] org.amshove.kluent.collections.ShouldBeInShould.passWhenTestingAPrimitiveShortWhichIsWithinAnArray (0 ms)
[ RUN      ] org.amshove.kluent.collections.ShouldBeInShould.failWhenTestingAPrimitiveShortWhichIsNotWithinAnArray
[       OK ] org.amshove.kluent.collections.ShouldBeInShould.failWhenTestingAPrimitiveShortWhichIsNotWithinAnArray (0 ms)
[ RUN      ] org.amshove.kluent.collections.ShouldBeInShould.passWhenTestingAPrimitiveDoubleWhichIsWithinAnArray
[       OK ] org.amshove.kluent.collections.ShouldBeInShould.passWhenTestingAPrimitiveDoubleWhichIsWithinAnArray (0 ms)
[ RUN      ] org.amshove.kluent.collections.ShouldBeInShould.failWhenTestingAPrimitiveDoubleWhichIsNotWithinAnArray
[       OK ] org.amshove.kluent.collections.ShouldBeInShould.failWhenTestingAPrimitiveDoubleWhichIsNotWithinAnArray (0 ms)
[ RUN      ] org.amshove.kluent.collections.ShouldBeInShould.passWhenTestingAPrimitiveFloatWhichIsWithinAnArray
[       OK ] org.amshove.kluent.collections.ShouldBeInShould.passWhenTestingAPrimitiveFloatWhichIsWithinAnArray (0 ms)
[ RUN      ] org.amshove.kluent.collections.ShouldBeInShould.failWhenTestingAPrimitiveFloatWhichIsNotWithinAnArray
[       OK ] org.amshove.kluent.collections.ShouldBeInShould.failWhenTestingAPrimitiveFloatWhichIsNotWithinAnArray (1 ms)
[ RUN      ] org.amshove.kluent.collections.ShouldBeInShould.passWhenTestingAPrimitiveCharWhichIsWithinAnArray
[       OK ] org.amshove.kluent.collections.ShouldBeInShould.passWhenTestingAPrimitiveCharWhichIsWithinAnArray (0 ms)
[ RUN      ] org.amshove.kluent.collections.ShouldBeInShould.failWhenTestingAPrimitiveCharWhichIsNotWithinAnArray
[       OK ] org.amshove.kluent.collections.ShouldBeInShould.failWhenTestingAPrimitiveCharWhichIsNotWithinAnArray (0 ms)
[ RUN      ] org.amshove.kluent.collections.ShouldBeInShould.passWhenTestingAPrimitiveBooleanWhichIsWithinAnArray
[       OK ] org.amshove.kluent.collections.ShouldBeInShould.passWhenTestingAPrimitiveBooleanWhichIsWithinAnArray (0 ms)
[ RUN      ] org.amshove.kluent.collections.ShouldBeInShould.failWhenTestingAPrimitiveBooleanWhichIsNotWithinAnArray
[       OK ] org.amshove.kluent.collections.ShouldBeInShould.failWhenTestingAPrimitiveBooleanWhichIsNotWithinAnArray (1 ms)
[----------] 18 tests from org.amshove.kluent.collections.ShouldBeInShould (4 ms total)

[----------] 24 tests from org.amshove.kluent.collections.ShouldContainAllShould
[ RUN      ] org.amshove.kluent.collections.ShouldContainAllShould.passWhenTestingAnArrayWhichContainsAllValues
[       OK ] org.amshove.kluent.collections.ShouldContainAllShould.passWhenTestingAnArrayWhichContainsAllValues (0 ms)
[ RUN      ] org.amshove.kluent.collections.ShouldContainAllShould.failWhenTestingAnArrayWhichDoesNotContainAllValues
[       OK ] org.amshove.kluent.collections.ShouldContainAllShould.failWhenTestingAnArrayWhichDoesNotContainAllValues (0 ms)
[ RUN      ] org.amshove.kluent.collections.ShouldContainAllShould.passWhenTestingAnIntArrayWithAllValues
[       OK ] org.amshove.kluent.collections.ShouldContainAllShould.passWhenTestingAnIntArrayWithAllValues (0 ms)
[ RUN      ] org.amshove.kluent.collections.ShouldContainAllShould.failWhenTestingAnIntArrayWithDoesNotContainAllValues
[       OK ] org.amshove.kluent.collections.ShouldContainAllShould.failWhenTestingAnIntArrayWithDoesNotContainAllValues (1 ms)
[ RUN      ] org.amshove.kluent.collections.ShouldContainAllShould.passWhenTestingABooleanArrayWhichContainsAllValues
[       OK ] org.amshove.kluent.collections.ShouldContainAllShould.passWhenTestingABooleanArrayWhichContainsAllValues (0 ms)
[ RUN      ] org.amshove.kluent.collections.ShouldContainAllShould.failWhenTestingABooleanArrayWhichDoesNotContainAllValues
[       OK ] org.amshove.kluent.collections.ShouldContainAllShould.failWhenTestingABooleanArrayWhichDoesNotContainAllValues (0 ms)
[ RUN      ] org.amshove.kluent.collections.ShouldContainAllShould.passWhenTestingAByteArrayWhichContainsAllValues
[       OK ] org.amshove.kluent.collections.ShouldContainAllShould.passWhenTestingAByteArrayWhichContainsAllValues (0 ms)
[ RUN      ] org.amshove.kluent.collections.ShouldContainAllShould.failWhenTestingAByteArrayWhichDoesNotContainAllValues
[       OK ] org.amshove.kluent.collections.ShouldContainAllShould.failWhenTestingAByteArrayWhichDoesNotContainAllValues (0 ms)
[ RUN      ] org.amshove.kluent.collections.ShouldContainAllShould.passWhenTestingACharArrayWhichContainsAllValues
[       OK ] org.amshove.kluent.collections.ShouldContainAllShould.passWhenTestingACharArrayWhichContainsAllValues (0 ms)
[ RUN      ] org.amshove.kluent.collections.ShouldContainAllShould.failWhenTestingACharArrayWhichDoesNotContainAllValues
[       OK ] org.amshove.kluent.collections.ShouldContainAllShould.failWhenTestingACharArrayWhichDoesNotContainAllValues (0 ms)
[ RUN      ] org.amshove.kluent.collections.ShouldContainAllShould.passWhenTestingADoubleArrayWhichContainsAllValues
[       OK ] org.amshove.kluent.collections.ShouldContainAllShould.passWhenTestingADoubleArrayWhichContainsAllValues (0 ms)
[ RUN      ] org.amshove.kluent.collections.ShouldContainAllShould.failWhenTestingADoubleArrayWhichDoesNotContainAllValues
[       OK ] org.amshove.kluent.collections.ShouldContainAllShould.failWhenTestingADoubleArrayWhichDoesNotContainAllValues (1 ms)
[ RUN      ] org.amshove.kluent.collections.ShouldContainAllShould.passWhenTestingAFloatArrayWhichContainsAllValues
[       OK ] org.amshove.kluent.collections.ShouldContainAllShould.passWhenTestingAFloatArrayWhichContainsAllValues (0 ms)
[ RUN      ] org.amshove.kluent.collections.ShouldContainAllShould.failWhenTestingAFloatArrayWhichDoesNotContainAllValues
[       OK ] org.amshove.kluent.collections.ShouldContainAllShould.failWhenTestingAFloatArrayWhichDoesNotContainAllValues (0 ms)
[ RUN      ] org.amshove.kluent.collections.ShouldContainAllShould.passWhenTestingALongArrayWhichContainsAllValues
[       OK ] org.amshove.kluent.collections.ShouldContainAllShould.passWhenTestingALongArrayWhichContainsAllValues (0 ms)
[ RUN      ] org.amshove.kluent.collections.ShouldContainAllShould.failWhenTestingALongArrayWhichDoesNotContainAllValues
[       OK ] org.amshove.kluent.collections.ShouldContainAllShould.failWhenTestingALongArrayWhichDoesNotContainAllValues (1 ms)
[ RUN      ] org.amshove.kluent.collections.ShouldContainAllShould.passWhenTestingAShortArrayWhichContainsAllValues
[       OK ] org.amshove.kluent.collections.ShouldContainAllShould.passWhenTestingAShortArrayWhichContainsAllValues (0 ms)
[ RUN      ] org.amshove.kluent.collections.ShouldContainAllShould.failWhenTestingAShortArrayWhichDoesNotContainAllValues
[       OK ] org.amshove.kluent.collections.ShouldContainAllShould.failWhenTestingAShortArrayWhichDoesNotContainAllValues (0 ms)
[ RUN      ] org.amshove.kluent.collections.ShouldContainAllShould.passWhenTestingAnIterableWhichContainsAllValues
[       OK ] org.amshove.kluent.collections.ShouldContainAllShould.passWhenTestingAnIterableWhichContainsAllValues (0 ms)
[ RUN      ] org.amshove.kluent.collections.ShouldContainAllShould.failWhenTestingAnIterableWhichDoesNotContainAllValues
[       OK ] org.amshove.kluent.collections.ShouldContainAllShould.failWhenTestingAnIterableWhichDoesNotContainAllValues (0 ms)
[ RUN      ] org.amshove.kluent.collections.ShouldContainAllShould.passWhenTestingAMapWhichContainsAllValues
[       OK ] org.amshove.kluent.collections.ShouldContainAllShould.passWhenTestingAMapWhichContainsAllValues (0 ms)
[ RUN      ] org.amshove.kluent.collections.ShouldContainAllShould.failWhenTestingAMapWhichDoesNotContainAllValues
[       OK ] org.amshove.kluent.collections.ShouldContainAllShould.failWhenTestingAMapWhichDoesNotContainAllValues (1 ms)
[ RUN      ] org.amshove.kluent.collections.ShouldContainAllShould.passWhenTestingAnIterableWhichContainsAllValuesOfAnArray
[       OK ] org.amshove.kluent.collections.ShouldContainAllShould.passWhenTestingAnIterableWhichContainsAllValuesOfAnArray (0 ms)
[ RUN      ] org.amshove.kluent.collections.ShouldContainAllShould.passWhenTestingAnArrayWhichContainsAllValuesOfAnIterable
[       OK ] org.amshove.kluent.collections.ShouldContainAllShould.passWhenTestingAnArrayWhichContainsAllValuesOfAnIterable (0 ms)
[----------] 24 tests from org.amshove.kluent.collections.ShouldContainAllShould (5 ms total)

[----------] 20 tests from org.amshove.kluent.collections.ShouldContainNoneShould
[ RUN      ] org.amshove.kluent.collections.ShouldContainNoneShould.passWhenTestingAnArrayWhichDoesNotContainAtLeastOneElement
[       OK ] org.amshove.kluent.collections.ShouldContainNoneShould.passWhenTestingAnArrayWhichDoesNotContainAtLeastOneElement (0 ms)
[ RUN      ] org.amshove.kluent.collections.ShouldContainNoneShould.failWhenTestingAnArrayWhichContainsAtLeastOneElement
[       OK ] org.amshove.kluent.collections.ShouldContainNoneShould.failWhenTestingAnArrayWhichContainsAtLeastOneElement (0 ms)
[ RUN      ] org.amshove.kluent.collections.ShouldContainNoneShould.passWhenTestingAListWhichDoesNotContainAtLeastOneElement
[       OK ] org.amshove.kluent.collections.ShouldContainNoneShould.passWhenTestingAListWhichDoesNotContainAtLeastOneElement (0 ms)
[ RUN      ] org.amshove.kluent.collections.ShouldContainNoneShould.failWhenTestingAListWhichContainsAtLeastOneElement
[       OK ] org.amshove.kluent.collections.ShouldContainNoneShould.failWhenTestingAListWhichContainsAtLeastOneElement (0 ms)
[ RUN      ] org.amshove.kluent.collections.ShouldContainNoneShould.passWhenTestingAPrimitiveIntegerArrayWhichDoesNotContainAtLeastOneElement
[       OK ] org.amshove.kluent.collections.ShouldContainNoneShould.passWhenTestingAPrimitiveIntegerArrayWhichDoesNotContainAtLeastOneElement (0 ms)
[ RUN      ] org.amshove.kluent.collections.ShouldContainNoneShould.failWhenTestingAPrimitiveIntegerArrayWhichContainsAtLeastOneElement
[       OK ] org.amshove.kluent.collections.ShouldContainNoneShould.failWhenTestingAPrimitiveIntegerArrayWhichContainsAtLeastOneElement (0 ms)
[ RUN      ] org.amshove.kluent.collections.ShouldContainNoneShould.passWhenTestingAPrimitiveLongArrayWhichDoesNotContainAtLeastOneElement
[       OK ] org.amshove.kluent.collections.ShouldContainNoneShould.passWhenTestingAPrimitiveLongArrayWhichDoesNotContainAtLeastOneElement (0 ms)
[ RUN      ] org.amshove.kluent.collections.ShouldContainNoneShould.failWhenTestingAPrimitiveLongArrayWhichContainsAtLeastOneElement
[       OK ] org.amshove.kluent.collections.ShouldContainNoneShould.failWhenTestingAPrimitiveLongArrayWhichContainsAtLeastOneElement (0 ms)
[ RUN      ] org.amshove.kluent.collections.ShouldContainNoneShould.passWhenTestingAPrimitiveShortArrayWhichDoesNotContainAtLeastOneElement
[       OK ] org.amshove.kluent.collections.ShouldContainNoneShould.passWhenTestingAPrimitiveShortArrayWhichDoesNotContainAtLeastOneElement (0 ms)
[ RUN      ] org.amshove.kluent.collections.ShouldContainNoneShould.failWhenTestingAPrimitiveShortArrayWhichContainsAtLeastOneElement
[       OK ] org.amshove.kluent.collections.ShouldContainNoneShould.failWhenTestingAPrimitiveShortArrayWhichContainsAtLeastOneElement (0 ms)
[ RUN      ] org.amshove.kluent.collections.ShouldContainNoneShould.passWhenTestingAPrimitiveByteArrayWhichDoesNotContainAtLeastOneElement
[       OK ] org.amshove.kluent.collections.ShouldContainNoneShould.passWhenTestingAPrimitiveByteArrayWhichDoesNotContainAtLeastOneElement (0 ms)
[ RUN      ] org.amshove.kluent.collections.ShouldContainNoneShould.failWhenTestingAPrimitiveByteArrayWhichContainsAtLeastOneElement
[       OK ] org.amshove.kluent.collections.ShouldContainNoneShould.failWhenTestingAPrimitiveByteArrayWhichContainsAtLeastOneElement (0 ms)
[ RUN      ] org.amshove.kluent.collections.ShouldContainNoneShould.passWhenTestingAPrimitiveDoubleArrayWhichDoesNotContainAtLeastOneElement
[       OK ] org.amshove.kluent.collections.ShouldContainNoneShould.passWhenTestingAPrimitiveDoubleArrayWhichDoesNotContainAtLeastOneElement (0 ms)
[ RUN      ] org.amshove.kluent.collections.ShouldContainNoneShould.failWhenTestingAPrimitiveDoubleArrayWhichContainsAtLeastOneElement
[       OK ] org.amshove.kluent.collections.ShouldContainNoneShould.failWhenTestingAPrimitiveDoubleArrayWhichContainsAtLeastOneElement (1 ms)
[ RUN      ] org.amshove.kluent.collections.ShouldContainNoneShould.passWhenTestingAPrimitiveFloatArrayWhichDoesNotContainAtLeastOneElement
[       OK ] org.amshove.kluent.collections.ShouldContainNoneShould.passWhenTestingAPrimitiveFloatArrayWhichDoesNotContainAtLeastOneElement (0 ms)
[ RUN      ] org.amshove.kluent.collections.ShouldContainNoneShould.failWhenTestingAPrimitiveFloatArrayWhichContainsAtLeastOneElement
[       OK ] org.amshove.kluent.collections.ShouldContainNoneShould.failWhenTestingAPrimitiveFloatArrayWhichContainsAtLeastOneElement (0 ms)
[ RUN      ] org.amshove.kluent.collections.ShouldContainNoneShould.passWhenTestingAPrimitiveCharArrayWhichDoesNotContainAtLeastOneElement
[       OK ] org.amshove.kluent.collections.ShouldContainNoneShould.passWhenTestingAPrimitiveCharArrayWhichDoesNotContainAtLeastOneElement (0 ms)
[ RUN      ] org.amshove.kluent.collections.ShouldContainNoneShould.failWhenTestingAPrimitiveCharArrayWhichContainsAtLeastOneElement
[       OK ] org.amshove.kluent.collections.ShouldContainNoneShould.failWhenTestingAPrimitiveCharArrayWhichContainsAtLeastOneElement (0 ms)
[ RUN      ] org.amshove.kluent.collections.ShouldContainNoneShould.passWhenTestingAPrimitiveBooleanArrayWhichDoesNotContainAtLeastOneElement
[       OK ] org.amshove.kluent.collections.ShouldContainNoneShould.passWhenTestingAPrimitiveBooleanArrayWhichDoesNotContainAtLeastOneElement (0 ms)
[ RUN      ] org.amshove.kluent.collections.ShouldContainNoneShould.failWhenTestingAPrimitiveBooleanArrayWhichContainsAtLeastOneElement
[       OK ] org.amshove.kluent.collections.ShouldContainNoneShould.failWhenTestingAPrimitiveBooleanArrayWhichContainsAtLeastOneElement (0 ms)
[----------] 20 tests from org.amshove.kluent.collections.ShouldContainNoneShould (1 ms total)

[----------] 24 tests from org.amshove.kluent.collections.ShouldContainSameShould
[ RUN      ] org.amshove.kluent.collections.ShouldContainSameShould.passWhenTestingAnArrayWhichContainsSameValues
[       OK ] org.amshove.kluent.collections.ShouldContainSameShould.passWhenTestingAnArrayWhichContainsSameValues (0 ms)
[ RUN      ] org.amshove.kluent.collections.ShouldContainSameShould.failWhenTestingAnArrayWhichDoesNotContainSameValues
[       OK ] org.amshove.kluent.collections.ShouldContainSameShould.failWhenTestingAnArrayWhichDoesNotContainSameValues (1 ms)
[ RUN      ] org.amshove.kluent.collections.ShouldContainSameShould.passWhenTestingAnIntArrayWithSameValues
[       OK ] org.amshove.kluent.collections.ShouldContainSameShould.passWhenTestingAnIntArrayWithSameValues (0 ms)
[ RUN      ] org.amshove.kluent.collections.ShouldContainSameShould.failWhenTestingAnIntArrayWithDoesNotContainSameValues
[       OK ] org.amshove.kluent.collections.ShouldContainSameShould.failWhenTestingAnIntArrayWithDoesNotContainSameValues (1 ms)
[ RUN      ] org.amshove.kluent.collections.ShouldContainSameShould.passWhenTestingABooleanArrayWhichContainsSameValues
[       OK ] org.amshove.kluent.collections.ShouldContainSameShould.passWhenTestingABooleanArrayWhichContainsSameValues (0 ms)
[ RUN      ] org.amshove.kluent.collections.ShouldContainSameShould.failWhenTestingABooleanArrayWhichDoesNotContainSameValues
[       OK ] org.amshove.kluent.collections.ShouldContainSameShould.failWhenTestingABooleanArrayWhichDoesNotContainSameValues (0 ms)
[ RUN      ] org.amshove.kluent.collections.ShouldContainSameShould.passWhenTestingAByteArrayWhichContainsSameValues
[       OK ] org.amshove.kluent.collections.ShouldContainSameShould.passWhenTestingAByteArrayWhichContainsSameValues (0 ms)
[ RUN      ] org.amshove.kluent.collections.ShouldContainSameShould.failWhenTestingAByteArrayWhichDoesNotContainSameValues
[       OK ] org.amshove.kluent.collections.ShouldContainSameShould.failWhenTestingAByteArrayWhichDoesNotContainSameValues (1 ms)
[ RUN      ] org.amshove.kluent.collections.ShouldContainSameShould.passWhenTestingACharArrayWhichContainsSameValues
[       OK ] org.amshove.kluent.collections.ShouldContainSameShould.passWhenTestingACharArrayWhichContainsSameValues (0 ms)
[ RUN      ] org.amshove.kluent.collections.ShouldContainSameShould.failWhenTestingACharArrayWhichDoesNotContainSameValues
[       OK ] org.amshove.kluent.collections.ShouldContainSameShould.failWhenTestingACharArrayWhichDoesNotContainSameValues (0 ms)
[ RUN      ] org.amshove.kluent.collections.ShouldContainSameShould.passWhenTestingADoubleArrayWhichContainsSameValues
[       OK ] org.amshove.kluent.collections.ShouldContainSameShould.passWhenTestingADoubleArrayWhichContainsSameValues (0 ms)
[ RUN      ] org.amshove.kluent.collections.ShouldContainSameShould.failWhenTestingADoubleArrayWhichDoesNotContainSameValues
[       OK ] org.amshove.kluent.collections.ShouldContainSameShould.failWhenTestingADoubleArrayWhichDoesNotContainSameValues (1 ms)
[ RUN      ] org.amshove.kluent.collections.ShouldContainSameShould.passWhenTestingAFloatArrayWhichContainsSameValues
[       OK ] org.amshove.kluent.collections.ShouldContainSameShould.passWhenTestingAFloatArrayWhichContainsSameValues (0 ms)
[ RUN      ] org.amshove.kluent.collections.ShouldContainSameShould.failWhenTestingAFloatArrayWhichDoesNotContainSameValues
[       OK ] org.amshove.kluent.collections.ShouldContainSameShould.failWhenTestingAFloatArrayWhichDoesNotContainSameValues (0 ms)
[ RUN      ] org.amshove.kluent.collections.ShouldContainSameShould.passWhenTestingALongArrayWhichContainsSameValues
[       OK ] org.amshove.kluent.collections.ShouldContainSameShould.passWhenTestingALongArrayWhichContainsSameValues (0 ms)
[ RUN      ] org.amshove.kluent.collections.ShouldContainSameShould.failWhenTestingALongArrayWhichDoesNotContainSameValues
[       OK ] org.amshove.kluent.collections.ShouldContainSameShould.failWhenTestingALongArrayWhichDoesNotContainSameValues (1 ms)
[ RUN      ] org.amshove.kluent.collections.ShouldContainSameShould.passWhenTestingAShortArrayWhichContainsSameValues
[       OK ] org.amshove.kluent.collections.ShouldContainSameShould.passWhenTestingAShortArrayWhichContainsSameValues (0 ms)
[ RUN      ] org.amshove.kluent.collections.ShouldContainSameShould.failWhenTestingAShortArrayWhichDoesNotContainSameValues
[       OK ] org.amshove.kluent.collections.ShouldContainSameShould.failWhenTestingAShortArrayWhichDoesNotContainSameValues (1 ms)
[ RUN      ] org.amshove.kluent.collections.ShouldContainSameShould.passWhenTestingAnIterableWhichContainsSameValues
[       OK ] org.amshove.kluent.collections.ShouldContainSameShould.passWhenTestingAnIterableWhichContainsSameValues (0 ms)
[ RUN      ] org.amshove.kluent.collections.ShouldContainSameShould.failWhenTestingAnIterableWhichDoesNotContainSameValues
[       OK ] org.amshove.kluent.collections.ShouldContainSameShould.failWhenTestingAnIterableWhichDoesNotContainSameValues (0 ms)
[ RUN      ] org.amshove.kluent.collections.ShouldContainSameShould.passWhenTestingAMapWhichContainsSameValues
[       OK ] org.amshove.kluent.collections.ShouldContainSameShould.passWhenTestingAMapWhichContainsSameValues (0 ms)
[ RUN      ] org.amshove.kluent.collections.ShouldContainSameShould.failWhenTestingAMapWhichDoesNotContainSameValues
[       OK ] org.amshove.kluent.collections.ShouldContainSameShould.failWhenTestingAMapWhichDoesNotContainSameValues (0 ms)
[ RUN      ] org.amshove.kluent.collections.ShouldContainSameShould.passWhenTestingAnIterableWhichContainsSameValuesOfAnArray
[       OK ] org.amshove.kluent.collections.ShouldContainSameShould.passWhenTestingAnIterableWhichContainsSameValuesOfAnArray (0 ms)
[ RUN      ] org.amshove.kluent.collections.ShouldContainSameShould.passWhenTestingAnArrayWhichContainsSameValuesOfAnIterable
[       OK ] org.amshove.kluent.collections.ShouldContainSameShould.passWhenTestingAnArrayWhichContainsSameValuesOfAnIterable (0 ms)
[----------] 24 tests from org.amshove.kluent.collections.ShouldContainSameShould (6 ms total)

[----------] 24 tests from org.amshove.kluent.collections.ShouldContainShould
[ RUN      ] org.amshove.kluent.collections.ShouldContainShould.passWhenTestingAnArrayWhichContainsTheValue
[       OK ] org.amshove.kluent.collections.ShouldContainShould.passWhenTestingAnArrayWhichContainsTheValue (1 ms)
[ RUN      ] org.amshove.kluent.collections.ShouldContainShould.failWhenTestingAnArrayWhichDoesNotContainTheValue
[       OK ] org.amshove.kluent.collections.ShouldContainShould.failWhenTestingAnArrayWhichDoesNotContainTheValue (0 ms)
[ RUN      ] org.amshove.kluent.collections.ShouldContainShould.passWhenTestingAnIterableWhichContainsTheValue
[       OK ] org.amshove.kluent.collections.ShouldContainShould.passWhenTestingAnIterableWhichContainsTheValue (0 ms)
[ RUN      ] org.amshove.kluent.collections.ShouldContainShould.failWhenTestingAnIterableWhichDoesNotContainTheValue
[       OK ] org.amshove.kluent.collections.ShouldContainShould.failWhenTestingAnIterableWhichDoesNotContainTheValue (0 ms)
[ RUN      ] org.amshove.kluent.collections.ShouldContainShould.passWhenTestingAMapWhichContainsAPair
[       OK ] org.amshove.kluent.collections.ShouldContainShould.passWhenTestingAMapWhichContainsAPair (0 ms)
[ RUN      ] org.amshove.kluent.collections.ShouldContainShould.failWhenTestingAMapWhichDoesNotContainAPair
[       OK ] org.amshove.kluent.collections.ShouldContainShould.failWhenTestingAMapWhichDoesNotContainAPair (0 ms)
[ RUN      ] org.amshove.kluent.collections.ShouldContainShould.passWhenTestingAMapWhichContainsAPairOfObjects
[       OK ] org.amshove.kluent.collections.ShouldContainShould.passWhenTestingAMapWhichContainsAPairOfObjects (0 ms)
[ RUN      ] org.amshove.kluent.collections.ShouldContainShould.failWhenTestingAMapWhichDoesNotContainAPairOfObjects
[       OK ] org.amshove.kluent.collections.ShouldContainShould.failWhenTestingAMapWhichDoesNotContainAPairOfObjects (1 ms)
[ RUN      ] org.amshove.kluent.collections.ShouldContainShould.passWhenTestingAPrimitiveIntegerArrayContainingTheValue
[       OK ] org.amshove.kluent.collections.ShouldContainShould.passWhenTestingAPrimitiveIntegerArrayContainingTheValue (0 ms)
[ RUN      ] org.amshove.kluent.collections.ShouldContainShould.failWhenTestingAPrimitiveIntegerArrayWhichDoesNotContainTheValue
[       OK ] org.amshove.kluent.collections.ShouldContainShould.failWhenTestingAPrimitiveIntegerArrayWhichDoesNotContainTheValue (0 ms)
[ RUN      ] org.amshove.kluent.collections.ShouldContainShould.passWhenTestingAPrimitiveLongArrayContainingTheValue
[       OK ] org.amshove.kluent.collections.ShouldContainShould.passWhenTestingAPrimitiveLongArrayContainingTheValue (0 ms)
[ RUN      ] org.amshove.kluent.collections.ShouldContainShould.failWhenTestingAPrimitiveLongArrayWhichDoesNotContainTheValue
[       OK ] org.amshove.kluent.collections.ShouldContainShould.failWhenTestingAPrimitiveLongArrayWhichDoesNotContainTheValue (0 ms)
[ RUN      ] org.amshove.kluent.collections.ShouldContainShould.passWhenTestingAPrimitiveShortArrayContainingTheValue
[       OK ] org.amshove.kluent.collections.ShouldContainShould.passWhenTestingAPrimitiveShortArrayContainingTheValue (0 ms)
[ RUN      ] org.amshove.kluent.collections.ShouldContainShould.failWhenTestingAPrimitiveShortArrayWhichDoesNotContainTheValue
[       OK ] org.amshove.kluent.collections.ShouldContainShould.failWhenTestingAPrimitiveShortArrayWhichDoesNotContainTheValue (0 ms)
[ RUN      ] org.amshove.kluent.collections.ShouldContainShould.passWhenTestingAPrimitiveDoubleArrayContainingTheValue
[       OK ] org.amshove.kluent.collections.ShouldContainShould.passWhenTestingAPrimitiveDoubleArrayContainingTheValue (0 ms)
[ RUN      ] org.amshove.kluent.collections.ShouldContainShould.failWhenTestingAPrimitiveDoubleArrayWhichDoesNotContainTheValue
[       OK ] org.amshove.kluent.collections.ShouldContainShould.failWhenTestingAPrimitiveDoubleArrayWhichDoesNotContainTheValue (1 ms)
[ RUN      ] org.amshove.kluent.collections.ShouldContainShould.passWhenTestingAPrimitiveFloatArrayContainingTheValue
[       OK ] org.amshove.kluent.collections.ShouldContainShould.passWhenTestingAPrimitiveFloatArrayContainingTheValue (0 ms)
[ RUN      ] org.amshove.kluent.collections.ShouldContainShould.failWhenTestingAPrimitiveFloatArrayWhichDoesNotContainTheValue
[       OK ] org.amshove.kluent.collections.ShouldContainShould.failWhenTestingAPrimitiveFloatArrayWhichDoesNotContainTheValue (0 ms)
[ RUN      ] org.amshove.kluent.collections.ShouldContainShould.passWhenTestingAPrimitiveByteArrayContainingTheValue
[       OK ] org.amshove.kluent.collections.ShouldContainShould.passWhenTestingAPrimitiveByteArrayContainingTheValue (0 ms)
[ RUN      ] org.amshove.kluent.collections.ShouldContainShould.failWhenTestingAPrimitiveByteArrayWhichDoesNotContainTheValue
[       OK ] org.amshove.kluent.collections.ShouldContainShould.failWhenTestingAPrimitiveByteArrayWhichDoesNotContainTheValue (0 ms)
[ RUN      ] org.amshove.kluent.collections.ShouldContainShould.passWhenTestingAPrimitiveCharArrayContainingTheValue
[       OK ] org.amshove.kluent.collections.ShouldContainShould.passWhenTestingAPrimitiveCharArrayContainingTheValue (0 ms)
[ RUN      ] org.amshove.kluent.collections.ShouldContainShould.failWhenTestingAPrimitiveCharArrayWhichDoesNotContainTheValue
[       OK ] org.amshove.kluent.collections.ShouldContainShould.failWhenTestingAPrimitiveCharArrayWhichDoesNotContainTheValue (0 ms)
[ RUN      ] org.amshove.kluent.collections.ShouldContainShould.passWhenTestingAPrimitiveBooleanArrayContainingTheValue
[       OK ] org.amshove.kluent.collections.ShouldContainShould.passWhenTestingAPrimitiveBooleanArrayContainingTheValue (0 ms)
[ RUN      ] org.amshove.kluent.collections.ShouldContainShould.failWhenTestingAPrimitiveBooleanArrayWhichDoesNotContainTheValue
[       OK ] org.amshove.kluent.collections.ShouldContainShould.failWhenTestingAPrimitiveBooleanArrayWhichDoesNotContainTheValue (0 ms)
[----------] 24 tests from org.amshove.kluent.collections.ShouldContainShould (3 ms total)

[----------] 20 tests from org.amshove.kluent.collections.ShouldContainSomeShould
[ RUN      ] org.amshove.kluent.collections.ShouldContainSomeShould.passWhenTestingAListWhichContainsAtLeastOneElement
[       OK ] org.amshove.kluent.collections.ShouldContainSomeShould.passWhenTestingAListWhichContainsAtLeastOneElement (0 ms)
[ RUN      ] org.amshove.kluent.collections.ShouldContainSomeShould.failWhenTestingAListWhichDoesNotContainAtLeastOneElement
[       OK ] org.amshove.kluent.collections.ShouldContainSomeShould.failWhenTestingAListWhichDoesNotContainAtLeastOneElement (0 ms)
[ RUN      ] org.amshove.kluent.collections.ShouldContainSomeShould.passWhenTestingIfAListContainsASubsetOfAnArrayWhenItDoes
[       OK ] org.amshove.kluent.collections.ShouldContainSomeShould.passWhenTestingIfAListContainsASubsetOfAnArrayWhenItDoes (0 ms)
[ RUN      ] org.amshove.kluent.collections.ShouldContainSomeShould.passWhenTestingIfAnArrayContainsASubsetOfAnIterableWhenItDoes
[       OK ] org.amshove.kluent.collections.ShouldContainSomeShould.passWhenTestingIfAnArrayContainsASubsetOfAnIterableWhenItDoes (0 ms)
[ RUN      ] org.amshove.kluent.collections.ShouldContainSomeShould.passWhenTestingAPrimitiveIntegerArrayContainsAtLeastOneElement
[       OK ] org.amshove.kluent.collections.ShouldContainSomeShould.passWhenTestingAPrimitiveIntegerArrayContainsAtLeastOneElement (0 ms)
[ RUN      ] org.amshove.kluent.collections.ShouldContainSomeShould.failWhenTestingAPrimitiveIntegerArrayWhichDoesNotContainAtLeastOneElement
[       OK ] org.amshove.kluent.collections.ShouldContainSomeShould.failWhenTestingAPrimitiveIntegerArrayWhichDoesNotContainAtLeastOneElement (0 ms)
[ RUN      ] org.amshove.kluent.collections.ShouldContainSomeShould.passWhenTestingAPrimitiveLongArrayContainsAtLeastOneElement
[       OK ] org.amshove.kluent.collections.ShouldContainSomeShould.passWhenTestingAPrimitiveLongArrayContainsAtLeastOneElement (0 ms)
[ RUN      ] org.amshove.kluent.collections.ShouldContainSomeShould.failWhenTestingAPrimitiveLongArrayWhichDoesNotContainAtLeastOneElement
[       OK ] org.amshove.kluent.collections.ShouldContainSomeShould.failWhenTestingAPrimitiveLongArrayWhichDoesNotContainAtLeastOneElement (0 ms)
[ RUN      ] org.amshove.kluent.collections.ShouldContainSomeShould.passWhenTestingAPrimitiveShortArrayContainsAtLeastOneElement
[       OK ] org.amshove.kluent.collections.ShouldContainSomeShould.passWhenTestingAPrimitiveShortArrayContainsAtLeastOneElement (0 ms)
[ RUN      ] org.amshove.kluent.collections.ShouldContainSomeShould.failWhenTestingAPrimitiveShortArrayWhichDoesNotContainAtLeastOneElement
[       OK ] org.amshove.kluent.collections.ShouldContainSomeShould.failWhenTestingAPrimitiveShortArrayWhichDoesNotContainAtLeastOneElement (0 ms)
[ RUN      ] org.amshove.kluent.collections.ShouldContainSomeShould.passWhenTestingAPrimitiveByteArrayContainsAtLeastOneElement
[       OK ] org.amshove.kluent.collections.ShouldContainSomeShould.passWhenTestingAPrimitiveByteArrayContainsAtLeastOneElement (0 ms)
[ RUN      ] org.amshove.kluent.collections.ShouldContainSomeShould.failWhenTestingAPrimitiveByteArrayWhichDoesNotContainAtLeastOneElement
[       OK ] org.amshove.kluent.collections.ShouldContainSomeShould.failWhenTestingAPrimitiveByteArrayWhichDoesNotContainAtLeastOneElement (0 ms)
[ RUN      ] org.amshove.kluent.collections.ShouldContainSomeShould.passWhenTestingAPrimitiveDoubleArrayContainsAtLeastOneElement
[       OK ] org.amshove.kluent.collections.ShouldContainSomeShould.passWhenTestingAPrimitiveDoubleArrayContainsAtLeastOneElement (0 ms)
[ RUN      ] org.amshove.kluent.collections.ShouldContainSomeShould.failWhenTestingAPrimitiveDoubleArrayWhichDoesNotContainAtLeastOneElement
[       OK ] org.amshove.kluent.collections.ShouldContainSomeShould.failWhenTestingAPrimitiveDoubleArrayWhichDoesNotContainAtLeastOneElement (0 ms)
[ RUN      ] org.amshove.kluent.collections.ShouldContainSomeShould.passWhenTestingAPrimitiveFloatArrayContainsAtLeastOneElement
[       OK ] org.amshove.kluent.collections.ShouldContainSomeShould.passWhenTestingAPrimitiveFloatArrayContainsAtLeastOneElement (0 ms)
[ RUN      ] org.amshove.kluent.collections.ShouldContainSomeShould.failWhenTestingAPrimitiveFloatArrayWhichDoesNotContainAtLeastOneElement
[       OK ] org.amshove.kluent.collections.ShouldContainSomeShould.failWhenTestingAPrimitiveFloatArrayWhichDoesNotContainAtLeastOneElement (0 ms)
[ RUN      ] org.amshove.kluent.collections.ShouldContainSomeShould.passWhenTestingAPrimitiveCharArrayContainsAtLeastOneElement
[       OK ] org.amshove.kluent.collections.ShouldContainSomeShould.passWhenTestingAPrimitiveCharArrayContainsAtLeastOneElement (0 ms)
[ RUN      ] org.amshove.kluent.collections.ShouldContainSomeShould.failWhenTestingAPrimitiveCharArrayWhichDoesNotContainAtLeastOneElement
[       OK ] org.amshove.kluent.collections.ShouldContainSomeShould.failWhenTestingAPrimitiveCharArrayWhichDoesNotContainAtLeastOneElement (1 ms)
[ RUN      ] org.amshove.kluent.collections.ShouldContainSomeShould.passWhenTestingAPrimitiveBooleanArrayContainsAtLeastOneElement
[       OK ] org.amshove.kluent.collections.ShouldContainSomeShould.passWhenTestingAPrimitiveBooleanArrayContainsAtLeastOneElement (0 ms)
[ RUN      ] org.amshove.kluent.collections.ShouldContainSomeShould.failWhenTestingAPrimitiveBooleanArrayWhichDoesNotContainAtLeastOneElement
[       OK ] org.amshove.kluent.collections.ShouldContainSomeShould.failWhenTestingAPrimitiveBooleanArrayWhichDoesNotContainAtLeastOneElement (0 ms)
[----------] 20 tests from org.amshove.kluent.collections.ShouldContainSomeShould (2 ms total)

[----------] 22 tests from org.amshove.kluent.collections.ShouldEqualShould
[ RUN      ] org.amshove.kluent.collections.ShouldEqualShould.passWhenTestingEqualArrays
[       OK ] org.amshove.kluent.collections.ShouldEqualShould.passWhenTestingEqualArrays (0 ms)
[ RUN      ] org.amshove.kluent.collections.ShouldEqualShould.failWhenTestingUnequalArrays
[       OK ] org.amshove.kluent.collections.ShouldEqualShould.failWhenTestingUnequalArrays (0 ms)
[ RUN      ] org.amshove.kluent.collections.ShouldEqualShould.passWhenTestingEqualIterable
[       OK ] org.amshove.kluent.collections.ShouldEqualShould.passWhenTestingEqualIterable (0 ms)
[ RUN      ] org.amshove.kluent.collections.ShouldEqualShould.failWhenTestingDifferentIterable
[       OK ] org.amshove.kluent.collections.ShouldEqualShould.failWhenTestingDifferentIterable (0 ms)
[ RUN      ] org.amshove.kluent.collections.ShouldEqualShould.passWhenTestingEqualMaps
[       OK ] org.amshove.kluent.collections.ShouldEqualShould.passWhenTestingEqualMaps (0 ms)
[ RUN      ] org.amshove.kluent.collections.ShouldEqualShould.failWhenTestingDifferentMaps
[       OK ] org.amshove.kluent.collections.ShouldEqualShould.failWhenTestingDifferentMaps (1 ms)
[ RUN      ] org.amshove.kluent.collections.ShouldEqualShould.passWhenTestingEqualIntArrays
[       OK ] org.amshove.kluent.collections.ShouldEqualShould.passWhenTestingEqualIntArrays (0 ms)
[ RUN      ] org.amshove.kluent.collections.ShouldEqualShould.failWhenTestingUnequalIntArrays
[       OK ] org.amshove.kluent.collections.ShouldEqualShould.failWhenTestingUnequalIntArrays (0 ms)
[ RUN      ] org.amshove.kluent.collections.ShouldEqualShould.passWhenTestingEqualBooleanArrays
[       OK ] org.amshove.kluent.collections.ShouldEqualShould.passWhenTestingEqualBooleanArrays (0 ms)
[ RUN      ] org.amshove.kluent.collections.ShouldEqualShould.failWhenTestingUnequalBooleanArrays
[       OK ] org.amshove.kluent.collections.ShouldEqualShould.failWhenTestingUnequalBooleanArrays (1 ms)
[ RUN      ] org.amshove.kluent.collections.ShouldEqualShould.passWhenTestingEqualByteArrays
[       OK ] org.amshove.kluent.collections.ShouldEqualShould.passWhenTestingEqualByteArrays (0 ms)
[ RUN      ] org.amshove.kluent.collections.ShouldEqualShould.failWhenTestingUnequalByteArrays
[       OK ] org.amshove.kluent.collections.ShouldEqualShould.failWhenTestingUnequalByteArrays (0 ms)
[ RUN      ] org.amshove.kluent.collections.ShouldEqualShould.passWhenTestingEqualCharArrays
[       OK ] org.amshove.kluent.collections.ShouldEqualShould.passWhenTestingEqualCharArrays (0 ms)
[ RUN      ] org.amshove.kluent.collections.ShouldEqualShould.failWhenTestingUnequalCharArrays
[       OK ] org.amshove.kluent.collections.ShouldEqualShould.failWhenTestingUnequalCharArrays (0 ms)
[ RUN      ] org.amshove.kluent.collections.ShouldEqualShould.passWhenTestingEqualDoubleArrays
[       OK ] org.amshove.kluent.collections.ShouldEqualShould.passWhenTestingEqualDoubleArrays (0 ms)
[ RUN      ] org.amshove.kluent.collections.ShouldEqualShould.failWhenTestingUnequalDoubleArrays
[       OK ] org.amshove.kluent.collections.ShouldEqualShould.failWhenTestingUnequalDoubleArrays (0 ms)
[ RUN      ] org.amshove.kluent.collections.ShouldEqualShould.passWhenTestingEqualFloatArrays
[       OK ] org.amshove.kluent.collections.ShouldEqualShould.passWhenTestingEqualFloatArrays (0 ms)
[ RUN      ] org.amshove.kluent.collections.ShouldEqualShould.failWhenTestingUnequalFloatArrays
[       OK ] org.amshove.kluent.collections.ShouldEqualShould.failWhenTestingUnequalFloatArrays (1 ms)
[ RUN      ] org.amshove.kluent.collections.ShouldEqualShould.passWhenTestingEqualLongArrays
[       OK ] org.amshove.kluent.collections.ShouldEqualShould.passWhenTestingEqualLongArrays (0 ms)
[ RUN      ] org.amshove.kluent.collections.ShouldEqualShould.failWhenTestingUnequalLongArrays
[       OK ] org.amshove.kluent.collections.ShouldEqualShould.failWhenTestingUnequalLongArrays (0 ms)
[ RUN      ] org.amshove.kluent.collections.ShouldEqualShould.passWhenTestingEqualShortArrays
[       OK ] org.amshove.kluent.collections.ShouldEqualShould.passWhenTestingEqualShortArrays (0 ms)
[ RUN      ] org.amshove.kluent.collections.ShouldEqualShould.failWhenTestingUnequalShortArrays
[       OK ] org.amshove.kluent.collections.ShouldEqualShould.failWhenTestingUnequalShortArrays (0 ms)
[----------] 22 tests from org.amshove.kluent.collections.ShouldEqualShould (3 ms total)

[----------] 4 tests from org.amshove.kluent.collections.ShouldHaveKeyShould
[ RUN      ] org.amshove.kluent.collections.ShouldHaveKeyShould.passWhenTestingAMapWhichContainsTheKey
[       OK ] org.amshove.kluent.collections.ShouldHaveKeyShould.passWhenTestingAMapWhichContainsTheKey (0 ms)
[ RUN      ] org.amshove.kluent.collections.ShouldHaveKeyShould.failWhenTestingAMapWhichDoesNotContainTheKey
[       OK ] org.amshove.kluent.collections.ShouldHaveKeyShould.failWhenTestingAMapWhichDoesNotContainTheKey (0 ms)
[ RUN      ] org.amshove.kluent.collections.ShouldHaveKeyShould.passWhenTestingAMapWhichContainsTheObjectAsKey
[       OK ] org.amshove.kluent.collections.ShouldHaveKeyShould.passWhenTestingAMapWhichContainsTheObjectAsKey (0 ms)
[ RUN      ] org.amshove.kluent.collections.ShouldHaveKeyShould.failWhenTestingAMapWhichDoesNotContainTheObjectAsKey
[       OK ] org.amshove.kluent.collections.ShouldHaveKeyShould.failWhenTestingAMapWhichDoesNotContainTheObjectAsKey (1 ms)
[----------] 4 tests from org.amshove.kluent.collections.ShouldHaveKeyShould (1 ms total)

[----------] 4 tests from org.amshove.kluent.collections.ShouldHaveValueShould
[ RUN      ] org.amshove.kluent.collections.ShouldHaveValueShould.passWhenTestingAMapWhichContainsTheValue
[       OK ] org.amshove.kluent.collections.ShouldHaveValueShould.passWhenTestingAMapWhichContainsTheValue (0 ms)
[ RUN      ] org.amshove.kluent.collections.ShouldHaveValueShould.failWhenTestingAMapWhichDoesNotContainTheValue
[       OK ] org.amshove.kluent.collections.ShouldHaveValueShould.failWhenTestingAMapWhichDoesNotContainTheValue (0 ms)
[ RUN      ] org.amshove.kluent.collections.ShouldHaveValueShould.passWhenTestingAMapWhichContainsTheObjectAsValue
[       OK ] org.amshove.kluent.collections.ShouldHaveValueShould.passWhenTestingAMapWhichContainsTheObjectAsValue (0 ms)
[ RUN      ] org.amshove.kluent.collections.ShouldHaveValueShould.failWhenTestingAMapWhichDoesNotContainTheObjectAsValue
[       OK ] org.amshove.kluent.collections.ShouldHaveValueShould.failWhenTestingAMapWhichDoesNotContainTheObjectAsValue (0 ms)
[----------] 4 tests from org.amshove.kluent.collections.ShouldHaveValueShould (0 ms total)

[----------] 22 tests from org.amshove.kluent.collections.ShouldNotBeEmptyShould
[ RUN      ] org.amshove.kluent.collections.ShouldNotBeEmptyShould.passWhenTestingANonEmptyArray
[       OK ] org.amshove.kluent.collections.ShouldNotBeEmptyShould.passWhenTestingANonEmptyArray (0 ms)
[ RUN      ] org.amshove.kluent.collections.ShouldNotBeEmptyShould.passWhenTestingANonEmptyIterable
[       OK ] org.amshove.kluent.collections.ShouldNotBeEmptyShould.passWhenTestingANonEmptyIterable (0 ms)
[ RUN      ] org.amshove.kluent.collections.ShouldNotBeEmptyShould.passWhenTestingANonEmptyMap
[       OK ] org.amshove.kluent.collections.ShouldNotBeEmptyShould.passWhenTestingANonEmptyMap (0 ms)
[ RUN      ] org.amshove.kluent.collections.ShouldNotBeEmptyShould.failWhenTestingAnEmptyArray
[       OK ] org.amshove.kluent.collections.ShouldNotBeEmptyShould.failWhenTestingAnEmptyArray (0 ms)
[ RUN      ] org.amshove.kluent.collections.ShouldNotBeEmptyShould.failWhenTestingAnEmptyIterable
[       OK ] org.amshove.kluent.collections.ShouldNotBeEmptyShould.failWhenTestingAnEmptyIterable (0 ms)
[ RUN      ] org.amshove.kluent.collections.ShouldNotBeEmptyShould.failWhenTestingAnEmptyMap
[       OK ] org.amshove.kluent.collections.ShouldNotBeEmptyShould.failWhenTestingAnEmptyMap (0 ms)
[ RUN      ] org.amshove.kluent.collections.ShouldNotBeEmptyShould.passWhenTestingAPrimitiveIntegerArrayWhichIsNotEmpty
[       OK ] org.amshove.kluent.collections.ShouldNotBeEmptyShould.passWhenTestingAPrimitiveIntegerArrayWhichIsNotEmpty (0 ms)
[ RUN      ] org.amshove.kluent.collections.ShouldNotBeEmptyShould.failWhenTestingAPrimitiveIntegerArrayWhichIsEmpty
[       OK ] org.amshove.kluent.collections.ShouldNotBeEmptyShould.failWhenTestingAPrimitiveIntegerArrayWhichIsEmpty (0 ms)
[ RUN      ] org.amshove.kluent.collections.ShouldNotBeEmptyShould.passWhenTestingAPrimitiveLongArrayWhichIsNotEmpty
[       OK ] org.amshove.kluent.collections.ShouldNotBeEmptyShould.passWhenTestingAPrimitiveLongArrayWhichIsNotEmpty (0 ms)
[ RUN      ] org.amshove.kluent.collections.ShouldNotBeEmptyShould.failWhenTestingAPrimitiveLongArrayWhichIsEmpty
[       OK ] org.amshove.kluent.collections.ShouldNotBeEmptyShould.failWhenTestingAPrimitiveLongArrayWhichIsEmpty (0 ms)
[ RUN      ] org.amshove.kluent.collections.ShouldNotBeEmptyShould.passWhenTestingAPrimitiveShortArrayWhichIsNotEmpty
[       OK ] org.amshove.kluent.collections.ShouldNotBeEmptyShould.passWhenTestingAPrimitiveShortArrayWhichIsNotEmpty (0 ms)
[ RUN      ] org.amshove.kluent.collections.ShouldNotBeEmptyShould.failWhenTestingAPrimitiveShortArrayWhichIsEmpty
[       OK ] org.amshove.kluent.collections.ShouldNotBeEmptyShould.failWhenTestingAPrimitiveShortArrayWhichIsEmpty (0 ms)
[ RUN      ] org.amshove.kluent.collections.ShouldNotBeEmptyShould.passWhenTestingAPrimitiveDoubleArrayWhichIsNotEmpty
[       OK ] org.amshove.kluent.collections.ShouldNotBeEmptyShould.passWhenTestingAPrimitiveDoubleArrayWhichIsNotEmpty (0 ms)
[ RUN      ] org.amshove.kluent.collections.ShouldNotBeEmptyShould.failWhenTestingAPrimitiveDoubleArrayWhichIsEmpty
[       OK ] org.amshove.kluent.collections.ShouldNotBeEmptyShould.failWhenTestingAPrimitiveDoubleArrayWhichIsEmpty (0 ms)
[ RUN      ] org.amshove.kluent.collections.ShouldNotBeEmptyShould.passWhenTestingAPrimitiveFloatArrayWhichIsNotEmpty
[       OK ] org.amshove.kluent.collections.ShouldNotBeEmptyShould.passWhenTestingAPrimitiveFloatArrayWhichIsNotEmpty (0 ms)
[ RUN      ] org.amshove.kluent.collections.ShouldNotBeEmptyShould.failWhenTestingAPrimitiveFloatArrayWhichIsEmpty
[       OK ] org.amshove.kluent.collections.ShouldNotBeEmptyShould.failWhenTestingAPrimitiveFloatArrayWhichIsEmpty (0 ms)
[ RUN      ] org.amshove.kluent.collections.ShouldNotBeEmptyShould.passWhenTestingAPrimitiveByteArrayWhichIsNotEmpty
[       OK ] org.amshove.kluent.collections.ShouldNotBeEmptyShould.passWhenTestingAPrimitiveByteArrayWhichIsNotEmpty (0 ms)
[ RUN      ] org.amshove.kluent.collections.ShouldNotBeEmptyShould.failWhenTestingAPrimitiveByteArrayWhichIsEmpty
[       OK ] org.amshove.kluent.collections.ShouldNotBeEmptyShould.failWhenTestingAPrimitiveByteArrayWhichIsEmpty (0 ms)
[ RUN      ] org.amshove.kluent.collections.ShouldNotBeEmptyShould.passWhenTestingAPrimitiveCharArrayWhichIsNotEmpty
[       OK ] org.amshove.kluent.collections.ShouldNotBeEmptyShould.passWhenTestingAPrimitiveCharArrayWhichIsNotEmpty (0 ms)
[ RUN      ] org.amshove.kluent.collections.ShouldNotBeEmptyShould.failWhenTestingAPrimitiveCharArrayWhichIsEmpty
[       OK ] org.amshove.kluent.collections.ShouldNotBeEmptyShould.failWhenTestingAPrimitiveCharArrayWhichIsEmpty (0 ms)
[ RUN      ] org.amshove.kluent.collections.ShouldNotBeEmptyShould.passWhenTestingAPrimitiveBooleanArrayWhichIsNotEmpty
[       OK ] org.amshove.kluent.collections.ShouldNotBeEmptyShould.passWhenTestingAPrimitiveBooleanArrayWhichIsNotEmpty (0 ms)
[ RUN      ] org.amshove.kluent.collections.ShouldNotBeEmptyShould.failWhenTestingAPrimitiveBooleanArrayWhichIsEmpty
[       OK ] org.amshove.kluent.collections.ShouldNotBeEmptyShould.failWhenTestingAPrimitiveBooleanArrayWhichIsEmpty (0 ms)
[----------] 22 tests from org.amshove.kluent.collections.ShouldNotBeEmptyShould (1 ms total)

[----------] 18 tests from org.amshove.kluent.collections.ShouldNotBeInShould
[ RUN      ] org.amshove.kluent.collections.ShouldNotBeInShould.passWhenTestingAnObjectWhichIsNotInAnArray
[       OK ] org.amshove.kluent.collections.ShouldNotBeInShould.passWhenTestingAnObjectWhichIsNotInAnArray (0 ms)
[ RUN      ] org.amshove.kluent.collections.ShouldNotBeInShould.failWhenTestingAnObjectWhichIsInAnArray
[       OK ] org.amshove.kluent.collections.ShouldNotBeInShould.failWhenTestingAnObjectWhichIsInAnArray (1 ms)
[ RUN      ] org.amshove.kluent.collections.ShouldNotBeInShould.passWhenTestingAnObjectWhichIsNotInAnIterable
[       OK ] org.amshove.kluent.collections.ShouldNotBeInShould.passWhenTestingAnObjectWhichIsNotInAnIterable (0 ms)
[ RUN      ] org.amshove.kluent.collections.ShouldNotBeInShould.failWhenTestingAnObjectWhichIsInAnIterable
[       OK ] org.amshove.kluent.collections.ShouldNotBeInShould.failWhenTestingAnObjectWhichIsInAnIterable (0 ms)
[ RUN      ] org.amshove.kluent.collections.ShouldNotBeInShould.passWhenTestingAPrimitiveIntegerWhichIsNotWithinAnArray
[       OK ] org.amshove.kluent.collections.ShouldNotBeInShould.passWhenTestingAPrimitiveIntegerWhichIsNotWithinAnArray (0 ms)
[ RUN      ] org.amshove.kluent.collections.ShouldNotBeInShould.failWhenTestingAPrimitiveIntegerWhichIsWithinAnArray
[       OK ] org.amshove.kluent.collections.ShouldNotBeInShould.failWhenTestingAPrimitiveIntegerWhichIsWithinAnArray (0 ms)
[ RUN      ] org.amshove.kluent.collections.ShouldNotBeInShould.passWhenTestingAPrimitiveLongWhichIsNotWithinAnArray
[       OK ] org.amshove.kluent.collections.ShouldNotBeInShould.passWhenTestingAPrimitiveLongWhichIsNotWithinAnArray (0 ms)
[ RUN      ] org.amshove.kluent.collections.ShouldNotBeInShould.failWhenTestingAPrimitiveLongWhichIsWithinAnArray
[       OK ] org.amshove.kluent.collections.ShouldNotBeInShould.failWhenTestingAPrimitiveLongWhichIsWithinAnArray (0 ms)
[ RUN      ] org.amshove.kluent.collections.ShouldNotBeInShould.passWhenTestingAPrimitiveShortWhichIsNotWithinAnArray
[       OK ] org.amshove.kluent.collections.ShouldNotBeInShould.passWhenTestingAPrimitiveShortWhichIsNotWithinAnArray (0 ms)
[ RUN      ] org.amshove.kluent.collections.ShouldNotBeInShould.failWhenTestingAPrimitiveShortWhichIsWithinAnArray
[       OK ] org.amshove.kluent.collections.ShouldNotBeInShould.failWhenTestingAPrimitiveShortWhichIsWithinAnArray (2 ms)
[ RUN      ] org.amshove.kluent.collections.ShouldNotBeInShould.passWhenTestingAPrimitiveDoubleWhichIsNotWithinAnArray
[       OK ] org.amshove.kluent.collections.ShouldNotBeInShould.passWhenTestingAPrimitiveDoubleWhichIsNotWithinAnArray (0 ms)
[ RUN      ] org.amshove.kluent.collections.ShouldNotBeInShould.failWhenTestingAPrimitiveDoubleWhichIsWithinAnArray
[       OK ] org.amshove.kluent.collections.ShouldNotBeInShould.failWhenTestingAPrimitiveDoubleWhichIsWithinAnArray (0 ms)
[ RUN      ] org.amshove.kluent.collections.ShouldNotBeInShould.passWhenTestingAPrimitiveFloatWhichIsNotWithinAnArray
[       OK ] org.amshove.kluent.collections.ShouldNotBeInShould.passWhenTestingAPrimitiveFloatWhichIsNotWithinAnArray (0 ms)
[ RUN      ] org.amshove.kluent.collections.ShouldNotBeInShould.failWhenTestingAPrimitiveFloatWhichIsWithinAnArray
[       OK ] org.amshove.kluent.collections.ShouldNotBeInShould.failWhenTestingAPrimitiveFloatWhichIsWithinAnArray (0 ms)
[ RUN      ] org.amshove.kluent.collections.ShouldNotBeInShould.passWhenTestingAPrimitiveCharWhichIsNotWithinAnArray
[       OK ] org.amshove.kluent.collections.ShouldNotBeInShould.passWhenTestingAPrimitiveCharWhichIsNotWithinAnArray (0 ms)
[ RUN      ] org.amshove.kluent.collections.ShouldNotBeInShould.failWhenTestingAPrimitiveCharWhichIsWithinAnArray
[       OK ] org.amshove.kluent.collections.ShouldNotBeInShould.failWhenTestingAPrimitiveCharWhichIsWithinAnArray (0 ms)
[ RUN      ] org.amshove.kluent.collections.ShouldNotBeInShould.passWhenTestingAPrimitiveBooleanWhichIsNotWithinAnArray
[       OK ] org.amshove.kluent.collections.ShouldNotBeInShould.passWhenTestingAPrimitiveBooleanWhichIsNotWithinAnArray (0 ms)
[ RUN      ] org.amshove.kluent.collections.ShouldNotBeInShould.failWhenTestingAPrimitiveBooleanWhichIsWithinAnArray
[       OK ] org.amshove.kluent.collections.ShouldNotBeInShould.failWhenTestingAPrimitiveBooleanWhichIsWithinAnArray (0 ms)
[----------] 18 tests from org.amshove.kluent.collections.ShouldNotBeInShould (3 ms total)

[----------] 22 tests from org.amshove.kluent.collections.ShouldNotContainAnyShould
[ RUN      ] org.amshove.kluent.collections.ShouldNotContainAnyShould.passWhenTestingAnArrayWithNoMatchingValue
[       OK ] org.amshove.kluent.collections.ShouldNotContainAnyShould.passWhenTestingAnArrayWithNoMatchingValue (0 ms)
[ RUN      ] org.amshove.kluent.collections.ShouldNotContainAnyShould.failWhenTestingAnArrayWithAtLeastOneMatchingValue
[       OK ] org.amshove.kluent.collections.ShouldNotContainAnyShould.failWhenTestingAnArrayWithAtLeastOneMatchingValue (1 ms)
[ RUN      ] org.amshove.kluent.collections.ShouldNotContainAnyShould.passWhenTestingAnIntArrayWithNoMatchingValue
[       OK ] org.amshove.kluent.collections.ShouldNotContainAnyShould.passWhenTestingAnIntArrayWithNoMatchingValue (0 ms)
[ RUN      ] org.amshove.kluent.collections.ShouldNotContainAnyShould.failWhenTestingAnIntArrayWithAtLeastOneMatchingValue
[       OK ] org.amshove.kluent.collections.ShouldNotContainAnyShould.failWhenTestingAnIntArrayWithAtLeastOneMatchingValue (0 ms)
[ RUN      ] org.amshove.kluent.collections.ShouldNotContainAnyShould.passWhenTestingABooleanArrayWithNoMatchingValue
[       OK ] org.amshove.kluent.collections.ShouldNotContainAnyShould.passWhenTestingABooleanArrayWithNoMatchingValue (0 ms)
[ RUN      ] org.amshove.kluent.collections.ShouldNotContainAnyShould.failWhenTestingABooleanArrayWithAtLeastOneMatchingValue
[       OK ] org.amshove.kluent.collections.ShouldNotContainAnyShould.failWhenTestingABooleanArrayWithAtLeastOneMatchingValue (1 ms)
[ RUN      ] org.amshove.kluent.collections.ShouldNotContainAnyShould.passWhenTestingAByteArrayWithNoMatchingValue
[       OK ] org.amshove.kluent.collections.ShouldNotContainAnyShould.passWhenTestingAByteArrayWithNoMatchingValue (0 ms)
[ RUN      ] org.amshove.kluent.collections.ShouldNotContainAnyShould.failWhenTestingAByteArrayWithAtLeastOneMatchingValue
[       OK ] org.amshove.kluent.collections.ShouldNotContainAnyShould.failWhenTestingAByteArrayWithAtLeastOneMatchingValue (0 ms)
[ RUN      ] org.amshove.kluent.collections.ShouldNotContainAnyShould.passWhenTestingACharArrayWithNoMatchingValue
[       OK ] org.amshove.kluent.collections.ShouldNotContainAnyShould.passWhenTestingACharArrayWithNoMatchingValue (0 ms)
[ RUN      ] org.amshove.kluent.collections.ShouldNotContainAnyShould.failWhenTestingACharArrayWithAtLeastOneMatchingValue
[       OK ] org.amshove.kluent.collections.ShouldNotContainAnyShould.failWhenTestingACharArrayWithAtLeastOneMatchingValue (0 ms)
[ RUN      ] org.amshove.kluent.collections.ShouldNotContainAnyShould.passWhenTestingADoubleArrayWithNoMatchingValue
[       OK ] org.amshove.kluent.collections.ShouldNotContainAnyShould.passWhenTestingADoubleArrayWithNoMatchingValue (0 ms)
[ RUN      ] org.amshove.kluent.collections.ShouldNotContainAnyShould.failWhenTestingADoubleArrayWithAtLeastOneMatchingValue
[       OK ] org.amshove.kluent.collections.ShouldNotContainAnyShould.failWhenTestingADoubleArrayWithAtLeastOneMatchingValue (1 ms)
[ RUN      ] org.amshove.kluent.collections.ShouldNotContainAnyShould.passWhenTestingAFloatArrayWithNoMatchingValue
[       OK ] org.amshove.kluent.collections.ShouldNotContainAnyShould.passWhenTestingAFloatArrayWithNoMatchingValue (0 ms)
[ RUN      ] org.amshove.kluent.collections.ShouldNotContainAnyShould.failWhenTestingAFloatArrayWithAtLeastOneMatchingValue
[       OK ] org.amshove.kluent.collections.ShouldNotContainAnyShould.failWhenTestingAFloatArrayWithAtLeastOneMatchingValue (0 ms)
[ RUN      ] org.amshove.kluent.collections.ShouldNotContainAnyShould.passWhenTestingALongArrayWithNoMatchingValue
[       OK ] org.amshove.kluent.collections.ShouldNotContainAnyShould.passWhenTestingALongArrayWithNoMatchingValue (0 ms)
[ RUN      ] org.amshove.kluent.collections.ShouldNotContainAnyShould.failWhenTestingALongArrayWithAtLeastOneMatchingValue
[       OK ] org.amshove.kluent.collections.ShouldNotContainAnyShould.failWhenTestingALongArrayWithAtLeastOneMatchingValue (1 ms)
[ RUN      ] org.amshove.kluent.collections.ShouldNotContainAnyShould.passWhenTestingAShortArrayWithNoMatchingValue
[       OK ] org.amshove.kluent.collections.ShouldNotContainAnyShould.passWhenTestingAShortArrayWithNoMatchingValue (0 ms)
[ RUN      ] org.amshove.kluent.collections.ShouldNotContainAnyShould.failWhenTestingAShortArrayWithAtLeastOneMatchingValue
[       OK ] org.amshove.kluent.collections.ShouldNotContainAnyShould.failWhenTestingAShortArrayWithAtLeastOneMatchingValue (0 ms)
[ RUN      ] org.amshove.kluent.collections.ShouldNotContainAnyShould.passWhenTestingAnIterableWithNoMatchingValue
[       OK ] org.amshove.kluent.collections.ShouldNotContainAnyShould.passWhenTestingAnIterableWithNoMatchingValue (0 ms)
[ RUN      ] org.amshove.kluent.collections.ShouldNotContainAnyShould.failWhenTestingAnIterableWithAtLeastOneMatchingValue
[       OK ] org.amshove.kluent.collections.ShouldNotContainAnyShould.failWhenTestingAnIterableWithAtLeastOneMatchingValue (1 ms)
[ RUN      ] org.amshove.kluent.collections.ShouldNotContainAnyShould.passWhenTestingAMapWithNoMatchingPair
[       OK ] org.amshove.kluent.collections.ShouldNotContainAnyShould.passWhenTestingAMapWithNoMatchingPair (0 ms)
[ RUN      ] org.amshove.kluent.collections.ShouldNotContainAnyShould.failWhenTestingAMapWithAtLeastOneMatchingPair
[       OK ] org.amshove.kluent.collections.ShouldNotContainAnyShould.failWhenTestingAMapWithAtLeastOneMatchingPair (0 ms)
[----------] 22 tests from org.amshove.kluent.collections.ShouldNotContainAnyShould (5 ms total)

[----------] 24 tests from org.amshove.kluent.collections.ShouldNotContainShould
[ RUN      ] org.amshove.kluent.collections.ShouldNotContainShould.passWhenTestingAnArrayWhichDoesNotContainTheValue
[       OK ] org.amshove.kluent.collections.ShouldNotContainShould.passWhenTestingAnArrayWhichDoesNotContainTheValue (0 ms)
[ RUN      ] org.amshove.kluent.collections.ShouldNotContainShould.failWhenTestingAnArrayWhichContainsTheValue
[       OK ] org.amshove.kluent.collections.ShouldNotContainShould.failWhenTestingAnArrayWhichContainsTheValue (0 ms)
[ RUN      ] org.amshove.kluent.collections.ShouldNotContainShould.passWhenTestingAnIterableWhichDoesNotContainTheValue
[       OK ] org.amshove.kluent.collections.ShouldNotContainShould.passWhenTestingAnIterableWhichDoesNotContainTheValue (0 ms)
[ RUN      ] org.amshove.kluent.collections.ShouldNotContainShould.failWhenTestingAnIterableWhichContainsTheValue
[       OK ] org.amshove.kluent.collections.ShouldNotContainShould.failWhenTestingAnIterableWhichContainsTheValue (1 ms)
[ RUN      ] org.amshove.kluent.collections.ShouldNotContainShould.passWhenTestingAMapWhichDoesNotContainAPair
[       OK ] org.amshove.kluent.collections.ShouldNotContainShould.passWhenTestingAMapWhichDoesNotContainAPair (0 ms)
[ RUN      ] org.amshove.kluent.collections.ShouldNotContainShould.failWhenTestingAMapWhichContainsAPair
[       OK ] org.amshove.kluent.collections.ShouldNotContainShould.failWhenTestingAMapWhichContainsAPair (0 ms)
[ RUN      ] org.amshove.kluent.collections.ShouldNotContainShould.passWhenTestingAMapWhichDoesNotContainAPairOfObjects
[       OK ] org.amshove.kluent.collections.ShouldNotContainShould.passWhenTestingAMapWhichDoesNotContainAPairOfObjects (0 ms)
[ RUN      ] org.amshove.kluent.collections.ShouldNotContainShould.failWhenTestingAMapWhichContainsAPairOfObjects
[       OK ] org.amshove.kluent.collections.ShouldNotContainShould.failWhenTestingAMapWhichContainsAPairOfObjects (0 ms)
[ RUN      ] org.amshove.kluent.collections.ShouldNotContainShould.passWhenTestingAPrimitiveIntegerArrayWhichDoesNotContainTheValue
[       OK ] org.amshove.kluent.collections.ShouldNotContainShould.passWhenTestingAPrimitiveIntegerArrayWhichDoesNotContainTheValue (0 ms)
[ RUN      ] org.amshove.kluent.collections.ShouldNotContainShould.failWhenTestingAPrimitiveIntegerArrayContainingTheValue
[       OK ] org.amshove.kluent.collections.ShouldNotContainShould.failWhenTestingAPrimitiveIntegerArrayContainingTheValue (1 ms)
[ RUN      ] org.amshove.kluent.collections.ShouldNotContainShould.passWhenTestingAPrimitiveLongArrayWhichDoesNotContainTheValue
[       OK ] org.amshove.kluent.collections.ShouldNotContainShould.passWhenTestingAPrimitiveLongArrayWhichDoesNotContainTheValue (0 ms)
[ RUN      ] org.amshove.kluent.collections.ShouldNotContainShould.failWhenTestingAPrimitiveLongArrayContainingTheValue
[       OK ] org.amshove.kluent.collections.ShouldNotContainShould.failWhenTestingAPrimitiveLongArrayContainingTheValue (0 ms)
[ RUN      ] org.amshove.kluent.collections.ShouldNotContainShould.passWhenTestingAPrimitiveShortArrayWhichDoesNotContainTheValue
[       OK ] org.amshove.kluent.collections.ShouldNotContainShould.passWhenTestingAPrimitiveShortArrayWhichDoesNotContainTheValue (0 ms)
[ RUN      ] org.amshove.kluent.collections.ShouldNotContainShould.failWhenTestingAPrimitiveShortArrayContainingTheValue
[       OK ] org.amshove.kluent.collections.ShouldNotContainShould.failWhenTestingAPrimitiveShortArrayContainingTheValue (0 ms)
[ RUN      ] org.amshove.kluent.collections.ShouldNotContainShould.passWhenTestingAPrimitiveDoubleArrayWhichDoesNotContainTheValue
[       OK ] org.amshove.kluent.collections.ShouldNotContainShould.passWhenTestingAPrimitiveDoubleArrayWhichDoesNotContainTheValue (0 ms)
[ RUN      ] org.amshove.kluent.collections.ShouldNotContainShould.failWhenTestingAPrimitiveDoubleArrayContainingTheValue
[       OK ] org.amshove.kluent.collections.ShouldNotContainShould.failWhenTestingAPrimitiveDoubleArrayContainingTheValue (0 ms)
[ RUN      ] org.amshove.kluent.collections.ShouldNotContainShould.passWhenTestingAPrimitiveFloatArrayWhichDoesNotContainTheValue
[       OK ] org.amshove.kluent.collections.ShouldNotContainShould.passWhenTestingAPrimitiveFloatArrayWhichDoesNotContainTheValue (0 ms)
[ RUN      ] org.amshove.kluent.collections.ShouldNotContainShould.failWhenTestingAPrimitiveFloatArrayContainingTheValue
[       OK ] org.amshove.kluent.collections.ShouldNotContainShould.failWhenTestingAPrimitiveFloatArrayContainingTheValue (1 ms)
[ RUN      ] org.amshove.kluent.collections.ShouldNotContainShould.passWhenTestingAPrimitiveByteArrayWhichDoesNotContainTheValue
[       OK ] org.amshove.kluent.collections.ShouldNotContainShould.passWhenTestingAPrimitiveByteArrayWhichDoesNotContainTheValue (0 ms)
[ RUN      ] org.amshove.kluent.collections.ShouldNotContainShould.failWhenTestingAPrimitiveByteArrayContainingTheValue
[       OK ] org.amshove.kluent.collections.ShouldNotContainShould.failWhenTestingAPrimitiveByteArrayContainingTheValue (0 ms)
[ RUN      ] org.amshove.kluent.collections.ShouldNotContainShould.passWhenTestingAPrimitiveCharArrayWhichDoesNotContainTheValue
[       OK ] org.amshove.kluent.collections.ShouldNotContainShould.passWhenTestingAPrimitiveCharArrayWhichDoesNotContainTheValue (0 ms)
[ RUN      ] org.amshove.kluent.collections.ShouldNotContainShould.failWhenTestingAPrimitiveCharArrayContainingTheValue
[       OK ] org.amshove.kluent.collections.ShouldNotContainShould.failWhenTestingAPrimitiveCharArrayContainingTheValue (0 ms)
[ RUN      ] org.amshove.kluent.collections.ShouldNotContainShould.passWhenTestingAPrimitiveBooleanArrayWhichDoesNotContainTheValue
[       OK ] org.amshove.kluent.collections.ShouldNotContainShould.passWhenTestingAPrimitiveBooleanArrayWhichDoesNotContainTheValue (0 ms)
[ RUN      ] org.amshove.kluent.collections.ShouldNotContainShould.failWhenTestingAPrimitiveBooleanArrayContainingTheValue
[       OK ] org.amshove.kluent.collections.ShouldNotContainShould.failWhenTestingAPrimitiveBooleanArrayContainingTheValue (0 ms)
[----------] 24 tests from org.amshove.kluent.collections.ShouldNotContainShould (3 ms total)

[----------] 22 tests from org.amshove.kluent.collections.ShouldNotEqualShould
[ RUN      ] org.amshove.kluent.collections.ShouldNotEqualShould.passWhenTestingUnequalArrays
[       OK ] org.amshove.kluent.collections.ShouldNotEqualShould.passWhenTestingUnequalArrays (0 ms)
[ RUN      ] org.amshove.kluent.collections.ShouldNotEqualShould.failWhenTestingEqualArrays
[       OK ] org.amshove.kluent.collections.ShouldNotEqualShould.failWhenTestingEqualArrays (0 ms)
[ RUN      ] org.amshove.kluent.collections.ShouldNotEqualShould.passWhenTestingUnequalIterable
[       OK ] org.amshove.kluent.collections.ShouldNotEqualShould.passWhenTestingUnequalIterable (0 ms)
[ RUN      ] org.amshove.kluent.collections.ShouldNotEqualShould.failWhenTestingEqualIterable
[       OK ] org.amshove.kluent.collections.ShouldNotEqualShould.failWhenTestingEqualIterable (1 ms)
[ RUN      ] org.amshove.kluent.collections.ShouldNotEqualShould.passWhenTestingDifferentMaps
[       OK ] org.amshove.kluent.collections.ShouldNotEqualShould.passWhenTestingDifferentMaps (0 ms)
[ RUN      ] org.amshove.kluent.collections.ShouldNotEqualShould.failWhenTestingEqualMaps
[       OK ] org.amshove.kluent.collections.ShouldNotEqualShould.failWhenTestingEqualMaps (0 ms)
[ RUN      ] org.amshove.kluent.collections.ShouldNotEqualShould.passWhenTestingUnequalIntArrays
[       OK ] org.amshove.kluent.collections.ShouldNotEqualShould.passWhenTestingUnequalIntArrays (0 ms)
[ RUN      ] org.amshove.kluent.collections.ShouldNotEqualShould.failWhenTestingEqualIntArrays
[       OK ] org.amshove.kluent.collections.ShouldNotEqualShould.failWhenTestingEqualIntArrays (0 ms)
[ RUN      ] org.amshove.kluent.collections.ShouldNotEqualShould.passWhenTestingUnequalBooleanArrays
[       OK ] org.amshove.kluent.collections.ShouldNotEqualShould.passWhenTestingUnequalBooleanArrays (0 ms)
[ RUN      ] org.amshove.kluent.collections.ShouldNotEqualShould.failWhenTestingEqualBooleanArrays
[       OK ] org.amshove.kluent.collections.ShouldNotEqualShould.failWhenTestingEqualBooleanArrays (0 ms)
[ RUN      ] org.amshove.kluent.collections.ShouldNotEqualShould.passWhenTestingUnequalByteArrays
[       OK ] org.amshove.kluent.collections.ShouldNotEqualShould.passWhenTestingUnequalByteArrays (0 ms)
[ RUN      ] org.amshove.kluent.collections.ShouldNotEqualShould.failWhenTestingEqualByteArrays
[       OK ] org.amshove.kluent.collections.ShouldNotEqualShould.failWhenTestingEqualByteArrays (1 ms)
[ RUN      ] org.amshove.kluent.collections.ShouldNotEqualShould.passWhenTestingUnequalCharArrays
[       OK ] org.amshove.kluent.collections.ShouldNotEqualShould.passWhenTestingUnequalCharArrays (0 ms)
[ RUN      ] org.amshove.kluent.collections.ShouldNotEqualShould.failWhenTestingEqualCharArrays
[       OK ] org.amshove.kluent.collections.ShouldNotEqualShould.failWhenTestingEqualCharArrays (0 ms)
[ RUN      ] org.amshove.kluent.collections.ShouldNotEqualShould.passWhenTestingUnequalDoubleArrays
[       OK ] org.amshove.kluent.collections.ShouldNotEqualShould.passWhenTestingUnequalDoubleArrays (0 ms)
[ RUN      ] org.amshove.kluent.collections.ShouldNotEqualShould.failWhenTestingEqualDoubleArrays
[       OK ] org.amshove.kluent.collections.ShouldNotEqualShould.failWhenTestingEqualDoubleArrays (1 ms)
[ RUN      ] org.amshove.kluent.collections.ShouldNotEqualShould.passWhenTestingUnequalFloatArrays
[       OK ] org.amshove.kluent.collections.ShouldNotEqualShould.passWhenTestingUnequalFloatArrays (0 ms)
[ RUN      ] org.amshove.kluent.collections.ShouldNotEqualShould.failWhenTestingEqualFloatArrays
[       OK ] org.amshove.kluent.collections.ShouldNotEqualShould.failWhenTestingEqualFloatArrays (0 ms)
[ RUN      ] org.amshove.kluent.collections.ShouldNotEqualShould.passWhenTestingUnequalLongArrays
[       OK ] org.amshove.kluent.collections.ShouldNotEqualShould.passWhenTestingUnequalLongArrays (0 ms)
[ RUN      ] org.amshove.kluent.collections.ShouldNotEqualShould.failWhenTestingEqualLongArrays
[       OK ] org.amshove.kluent.collections.ShouldNotEqualShould.failWhenTestingEqualLongArrays (0 ms)
[ RUN      ] org.amshove.kluent.collections.ShouldNotEqualShould.passWhenTestingUnequalShortArrays
[       OK ] org.amshove.kluent.collections.ShouldNotEqualShould.passWhenTestingUnequalShortArrays (0 ms)
[ RUN      ] org.amshove.kluent.collections.ShouldNotEqualShould.failWhenTestingEqualShortArrays
[       OK ] org.amshove.kluent.collections.ShouldNotEqualShould.failWhenTestingEqualShortArrays (0 ms)
[----------] 22 tests from org.amshove.kluent.collections.ShouldNotEqualShould (3 ms total)

[----------] 4 tests from org.amshove.kluent.collections.ShouldNotHaveKeyShould
[ RUN      ] org.amshove.kluent.collections.ShouldNotHaveKeyShould.passWhenTestingAMapWhichDoesNotContainTheKey
[       OK ] org.amshove.kluent.collections.ShouldNotHaveKeyShould.passWhenTestingAMapWhichDoesNotContainTheKey (0 ms)
[ RUN      ] org.amshove.kluent.collections.ShouldNotHaveKeyShould.failWhenTestingAMapWhichContainsTheKey
[       OK ] org.amshove.kluent.collections.ShouldNotHaveKeyShould.failWhenTestingAMapWhichContainsTheKey (1 ms)
[ RUN      ] org.amshove.kluent.collections.ShouldNotHaveKeyShould.passWhenTestingAMapWhichDoesNotContainTheObjectAsKey
[       OK ] org.amshove.kluent.collections.ShouldNotHaveKeyShould.passWhenTestingAMapWhichDoesNotContainTheObjectAsKey (0 ms)
[ RUN      ] org.amshove.kluent.collections.ShouldNotHaveKeyShould.failWhenTestingAMapWhichContainsTheObjectAsKey
[       OK ] org.amshove.kluent.collections.ShouldNotHaveKeyShould.failWhenTestingAMapWhichContainsTheObjectAsKey (0 ms)
[----------] 4 tests from org.amshove.kluent.collections.ShouldNotHaveKeyShould (1 ms total)

[----------] 4 tests from org.amshove.kluent.collections.ShouldNotHaveValueShould
[ RUN      ] org.amshove.kluent.collections.ShouldNotHaveValueShould.passWhenTestingAMapWhichDoesNotContainTheValue
[       OK ] org.amshove.kluent.collections.ShouldNotHaveValueShould.passWhenTestingAMapWhichDoesNotContainTheValue (0 ms)
[ RUN      ] org.amshove.kluent.collections.ShouldNotHaveValueShould.failWhenTestingAMapWhichContainsTheValue
[       OK ] org.amshove.kluent.collections.ShouldNotHaveValueShould.failWhenTestingAMapWhichContainsTheValue (0 ms)
[ RUN      ] org.amshove.kluent.collections.ShouldNotHaveValueShould.passWhenTestingAMapWhichDoesNotContainTheObjectAsValue
[       OK ] org.amshove.kluent.collections.ShouldNotHaveValueShould.passWhenTestingAMapWhichDoesNotContainTheObjectAsValue (0 ms)
[ RUN      ] org.amshove.kluent.collections.ShouldNotHaveValueShould.failWhenTestingAMapWhichContainsTheObjectAsValue
[       OK ] org.amshove.kluent.collections.ShouldNotHaveValueShould.failWhenTestingAMapWhichContainsTheObjectAsValue (1 ms)
[----------] 4 tests from org.amshove.kluent.collections.ShouldNotHaveValueShould (1 ms total)

[----------] 3 tests from org.amshove.kluent.concepts.ChainingAssertionsShould
[ RUN      ] org.amshove.kluent.concepts.ChainingAssertionsShould.allowChainingOfCollectionAssertions
[       OK ] org.amshove.kluent.concepts.ChainingAssertionsShould.allowChainingOfCollectionAssertions (0 ms)
[ RUN      ] org.amshove.kluent.concepts.ChainingAssertionsShould.allowChainingOfNumericalAssertions
[       OK ] org.amshove.kluent.concepts.ChainingAssertionsShould.allowChainingOfNumericalAssertions (0 ms)
[ RUN      ] org.amshove.kluent.concepts.ChainingAssertionsShould.allowChainingOfCharSequenceAssertions
[       OK ] org.amshove.kluent.concepts.ChainingAssertionsShould.allowChainingOfCharSequenceAssertions (0 ms)
[----------] 3 tests from org.amshove.kluent.concepts.ChainingAssertionsShould (0 ms total)

[----------] 9 tests from org.amshove.kluent.numerical.ShouldBeGreaterOrEqualToShould
[ RUN      ] org.amshove.kluent.numerical.ShouldBeGreaterOrEqualToShould.passWhenTestingAnIntegerWhichIsGreater
[       OK ] org.amshove.kluent.numerical.ShouldBeGreaterOrEqualToShould.passWhenTestingAnIntegerWhichIsGreater (0 ms)
[ RUN      ] org.amshove.kluent.numerical.ShouldBeGreaterOrEqualToShould.passWhenTestingAnIntegerWhichIsEqual
[       OK ] org.amshove.kluent.numerical.ShouldBeGreaterOrEqualToShould.passWhenTestingAnIntegerWhichIsEqual (0 ms)
[ RUN      ] org.amshove.kluent.numerical.ShouldBeGreaterOrEqualToShould.failWhenTestingAnIntegerWhichIsSmaller
[       OK ] org.amshove.kluent.numerical.ShouldBeGreaterOrEqualToShould.failWhenTestingAnIntegerWhichIsSmaller (0 ms)
[ RUN      ] org.amshove.kluent.numerical.ShouldBeGreaterOrEqualToShould.passWhenTestingADoubleWhichIsGreater
[       OK ] org.amshove.kluent.numerical.ShouldBeGreaterOrEqualToShould.passWhenTestingADoubleWhichIsGreater (0 ms)
[ RUN      ] org.amshove.kluent.numerical.ShouldBeGreaterOrEqualToShould.passWhenTestingADoubleWhichIsEqual
[       OK ] org.amshove.kluent.numerical.ShouldBeGreaterOrEqualToShould.passWhenTestingADoubleWhichIsEqual (0 ms)
[ RUN      ] org.amshove.kluent.numerical.ShouldBeGreaterOrEqualToShould.failWhenTestingADoubleWhichIsSmaller
[       OK ] org.amshove.kluent.numerical.ShouldBeGreaterOrEqualToShould.failWhenTestingADoubleWhichIsSmaller (0 ms)
[ RUN      ] org.amshove.kluent.numerical.ShouldBeGreaterOrEqualToShould.passWhenTestingAFloatWhichIsGreater
[       OK ] org.amshove.kluent.numerical.ShouldBeGreaterOrEqualToShould.passWhenTestingAFloatWhichIsGreater (0 ms)
[ RUN      ] org.amshove.kluent.numerical.ShouldBeGreaterOrEqualToShould.passWhenTestingAFloatWhichIsEqual
[       OK ] org.amshove.kluent.numerical.ShouldBeGreaterOrEqualToShould.passWhenTestingAFloatWhichIsEqual (0 ms)
[ RUN      ] org.amshove.kluent.numerical.ShouldBeGreaterOrEqualToShould.failWhenTestingAFloatWhichIsSmaller
[       OK ] org.amshove.kluent.numerical.ShouldBeGreaterOrEqualToShould.failWhenTestingAFloatWhichIsSmaller (0 ms)
[----------] 9 tests from org.amshove.kluent.numerical.ShouldBeGreaterOrEqualToShould (0 ms total)

[----------] 9 tests from org.amshove.kluent.numerical.ShouldBeGreaterThanShould
[ RUN      ] org.amshove.kluent.numerical.ShouldBeGreaterThanShould.passWhenTestingAnIntegerWhichIsGreater
[       OK ] org.amshove.kluent.numerical.ShouldBeGreaterThanShould.passWhenTestingAnIntegerWhichIsGreater (0 ms)
[ RUN      ] org.amshove.kluent.numerical.ShouldBeGreaterThanShould.failWhenTestingAnIntegerWhichIsEqual
[       OK ] org.amshove.kluent.numerical.ShouldBeGreaterThanShould.failWhenTestingAnIntegerWhichIsEqual (0 ms)
[ RUN      ] org.amshove.kluent.numerical.ShouldBeGreaterThanShould.failWhenTestingAnIntegerWhichIsSmaller
[       OK ] org.amshove.kluent.numerical.ShouldBeGreaterThanShould.failWhenTestingAnIntegerWhichIsSmaller (0 ms)
[ RUN      ] org.amshove.kluent.numerical.ShouldBeGreaterThanShould.passWhenTestingADoubleWhichIsGreater
[       OK ] org.amshove.kluent.numerical.ShouldBeGreaterThanShould.passWhenTestingADoubleWhichIsGreater (0 ms)
[ RUN      ] org.amshove.kluent.numerical.ShouldBeGreaterThanShould.failWhenTestingADoubleWhichIsEqual
[       OK ] org.amshove.kluent.numerical.ShouldBeGreaterThanShould.failWhenTestingADoubleWhichIsEqual (0 ms)
[ RUN      ] org.amshove.kluent.numerical.ShouldBeGreaterThanShould.failWhenTestingADoubleWhichIsSmaller
[       OK ] org.amshove.kluent.numerical.ShouldBeGreaterThanShould.failWhenTestingADoubleWhichIsSmaller (0 ms)
[ RUN      ] org.amshove.kluent.numerical.ShouldBeGreaterThanShould.passWhenTestingAFloatWhichIsGreater
[       OK ] org.amshove.kluent.numerical.ShouldBeGreaterThanShould.passWhenTestingAFloatWhichIsGreater (0 ms)
[ RUN      ] org.amshove.kluent.numerical.ShouldBeGreaterThanShould.failWhenTestingAFloatWhichIsEqual
[       OK ] org.amshove.kluent.numerical.ShouldBeGreaterThanShould.failWhenTestingAFloatWhichIsEqual (1 ms)
[ RUN      ] org.amshove.kluent.numerical.ShouldBeGreaterThanShould.failWhenTestingAFloatWhichIsSmaller
[       OK ] org.amshove.kluent.numerical.ShouldBeGreaterThanShould.failWhenTestingAFloatWhichIsSmaller (0 ms)
[----------] 9 tests from org.amshove.kluent.numerical.ShouldBeGreaterThanShould (1 ms total)

[----------] 15 tests from org.amshove.kluent.numerical.ShouldBeInRangeShould
[ RUN      ] org.amshove.kluent.numerical.ShouldBeInRangeShould.passWhenTestingAnIntegerWhichIsWithinTheRange
[       OK ] org.amshove.kluent.numerical.ShouldBeInRangeShould.passWhenTestingAnIntegerWhichIsWithinTheRange (0 ms)
[ RUN      ] org.amshove.kluent.numerical.ShouldBeInRangeShould.passWhenTestingAnIntegerWhichIsTheLowerBound
[       OK ] org.amshove.kluent.numerical.ShouldBeInRangeShould.passWhenTestingAnIntegerWhichIsTheLowerBound (0 ms)
[ RUN      ] org.amshove.kluent.numerical.ShouldBeInRangeShould.passWhenTestingAnIntegerWhichIsTheUpperBound
[       OK ] org.amshove.kluent.numerical.ShouldBeInRangeShould.passWhenTestingAnIntegerWhichIsTheUpperBound (0 ms)
[ RUN      ] org.amshove.kluent.numerical.ShouldBeInRangeShould.failWhenTestingAnIntegerWhichIsBelowTheRange
[       OK ] org.amshove.kluent.numerical.ShouldBeInRangeShould.failWhenTestingAnIntegerWhichIsBelowTheRange (0 ms)
[ RUN      ] org.amshove.kluent.numerical.ShouldBeInRangeShould.failWhenTestingAnIntegerWhichIsAboveTheRange
[       OK ] org.amshove.kluent.numerical.ShouldBeInRangeShould.failWhenTestingAnIntegerWhichIsAboveTheRange (0 ms)
[ RUN      ] org.amshove.kluent.numerical.ShouldBeInRangeShould.passWhenTestingADoubleWhichIsWithinTheRange
[       OK ] org.amshove.kluent.numerical.ShouldBeInRangeShould.passWhenTestingADoubleWhichIsWithinTheRange (0 ms)
[ RUN      ] org.amshove.kluent.numerical.ShouldBeInRangeShould.passWhenTestingADoubleWhichIsTheLowerBound
[       OK ] org.amshove.kluent.numerical.ShouldBeInRangeShould.passWhenTestingADoubleWhichIsTheLowerBound (0 ms)
[ RUN      ] org.amshove.kluent.numerical.ShouldBeInRangeShould.passWhenTestingADoubleWhichIsTheUpperBound
[       OK ] org.amshove.kluent.numerical.ShouldBeInRangeShould.passWhenTestingADoubleWhichIsTheUpperBound (0 ms)
[ RUN      ] org.amshove.kluent.numerical.ShouldBeInRangeShould.failWhenTestingADoubleWhichIsBelowTheRange
[       OK ] org.amshove.kluent.numerical.ShouldBeInRangeShould.failWhenTestingADoubleWhichIsBelowTheRange (0 ms)
[ RUN      ] org.amshove.kluent.numerical.ShouldBeInRangeShould.failWhenTestingADoubleWhichIsAboveTheRange
[       OK ] org.amshove.kluent.numerical.ShouldBeInRangeShould.failWhenTestingADoubleWhichIsAboveTheRange (0 ms)
[ RUN      ] org.amshove.kluent.numerical.ShouldBeInRangeShould.passWhenTestingAFloatWhichIsWithinTheRange
[       OK ] org.amshove.kluent.numerical.ShouldBeInRangeShould.passWhenTestingAFloatWhichIsWithinTheRange (0 ms)
[ RUN      ] org.amshove.kluent.numerical.ShouldBeInRangeShould.passWhenTestingAFloatWhichIsTheLowerBound
[       OK ] org.amshove.kluent.numerical.ShouldBeInRangeShould.passWhenTestingAFloatWhichIsTheLowerBound (0 ms)
[ RUN      ] org.amshove.kluent.numerical.ShouldBeInRangeShould.passWhenTestingAFloatWhichIsTheUpperBound
[       OK ] org.amshove.kluent.numerical.ShouldBeInRangeShould.passWhenTestingAFloatWhichIsTheUpperBound (0 ms)
[ RUN      ] org.amshove.kluent.numerical.ShouldBeInRangeShould.failWhenTestingAFloatWhichIsBelowTheRange
[       OK ] org.amshove.kluent.numerical.ShouldBeInRangeShould.failWhenTestingAFloatWhichIsBelowTheRange (0 ms)
[ RUN      ] org.amshove.kluent.numerical.ShouldBeInRangeShould.failWhenTestingAFloatWhichIsAboveTheRange
[       OK ] org.amshove.kluent.numerical.ShouldBeInRangeShould.failWhenTestingAFloatWhichIsAboveTheRange (0 ms)
[----------] 15 tests from org.amshove.kluent.numerical.ShouldBeInRangeShould (0 ms total)

[----------] 9 tests from org.amshove.kluent.numerical.ShouldBeLessOrEqualToShould
[ RUN      ] org.amshove.kluent.numerical.ShouldBeLessOrEqualToShould.passWhenTestingAnIntegerWhichIsSmaller
[       OK ] org.amshove.kluent.numerical.ShouldBeLessOrEqualToShould.passWhenTestingAnIntegerWhichIsSmaller (0 ms)
[ RUN      ] org.amshove.kluent.numerical.ShouldBeLessOrEqualToShould.passWhenTestingAnIntegerWhichIsEqual
[       OK ] org.amshove.kluent.numerical.ShouldBeLessOrEqualToShould.passWhenTestingAnIntegerWhichIsEqual (0 ms)
[ RUN      ] org.amshove.kluent.numerical.ShouldBeLessOrEqualToShould.failWhenTestingAnIntegerWhichIsGreater
[       OK ] org.amshove.kluent.numerical.ShouldBeLessOrEqualToShould.failWhenTestingAnIntegerWhichIsGreater (0 ms)
[ RUN      ] org.amshove.kluent.numerical.ShouldBeLessOrEqualToShould.passWhenTestingADoubleWhichIsSmaller
[       OK ] org.amshove.kluent.numerical.ShouldBeLessOrEqualToShould.passWhenTestingADoubleWhichIsSmaller (0 ms)
[ RUN      ] org.amshove.kluent.numerical.ShouldBeLessOrEqualToShould.passWhenTestingADoubleWhichIsEqual
[       OK ] org.amshove.kluent.numerical.ShouldBeLessOrEqualToShould.passWhenTestingADoubleWhichIsEqual (1 ms)
[ RUN      ] org.amshove.kluent.numerical.ShouldBeLessOrEqualToShould.failWhenTestingADoubleWhichIsGreater
[       OK ] org.amshove.kluent.numerical.ShouldBeLessOrEqualToShould.failWhenTestingADoubleWhichIsGreater (0 ms)
[ RUN      ] org.amshove.kluent.numerical.ShouldBeLessOrEqualToShould.passWhenTestingAFloatWhichIsSmaller
[       OK ] org.amshove.kluent.numerical.ShouldBeLessOrEqualToShould.passWhenTestingAFloatWhichIsSmaller (0 ms)
[ RUN      ] org.amshove.kluent.numerical.ShouldBeLessOrEqualToShould.passWhenTestingAFloatWhichIsEqual
[       OK ] org.amshove.kluent.numerical.ShouldBeLessOrEqualToShould.passWhenTestingAFloatWhichIsEqual (0 ms)
[ RUN      ] org.amshove.kluent.numerical.ShouldBeLessOrEqualToShould.failWhenTestingAFloatWhichIsGreater
[       OK ] org.amshove.kluent.numerical.ShouldBeLessOrEqualToShould.failWhenTestingAFloatWhichIsGreater (0 ms)
[----------] 9 tests from org.amshove.kluent.numerical.ShouldBeLessOrEqualToShould (1 ms total)

[----------] 6 tests from org.amshove.kluent.numerical.ShouldBeLessThanShould
[ RUN      ] org.amshove.kluent.numerical.ShouldBeLessThanShould.passWhenTestingAnIntegerWhichIsSmaller
[       OK ] org.amshove.kluent.numerical.ShouldBeLessThanShould.passWhenTestingAnIntegerWhichIsSmaller (0 ms)
[ RUN      ] org.amshove.kluent.numerical.ShouldBeLessThanShould.failWhenTestingAnIntegerWhichIsEqual
[       OK ] org.amshove.kluent.numerical.ShouldBeLessThanShould.failWhenTestingAnIntegerWhichIsEqual (0 ms)
[ RUN      ] org.amshove.kluent.numerical.ShouldBeLessThanShould.failWhenTestingAnIntegerWhichIsGreater
[       OK ] org.amshove.kluent.numerical.ShouldBeLessThanShould.failWhenTestingAnIntegerWhichIsGreater (0 ms)
[ RUN      ] org.amshove.kluent.numerical.ShouldBeLessThanShould.passWhenTestingADoubleWhichIsSmaller
[       OK ] org.amshove.kluent.numerical.ShouldBeLessThanShould.passWhenTestingADoubleWhichIsSmaller (0 ms)
[ RUN      ] org.amshove.kluent.numerical.ShouldBeLessThanShould.failWhenTestingADoubleWhichIsEqual
[       OK ] org.amshove.kluent.numerical.ShouldBeLessThanShould.failWhenTestingADoubleWhichIsEqual (0 ms)
[ RUN      ] org.amshove.kluent.numerical.ShouldBeLessThanShould.failWhenTestingADoubleWhichIsGreater
[       OK ] org.amshove.kluent.numerical.ShouldBeLessThanShould.failWhenTestingADoubleWhichIsGreater (0 ms)
[----------] 6 tests from org.amshove.kluent.numerical.ShouldBeLessThanShould (0 ms total)

[----------] 10 tests from org.amshove.kluent.numerical.ShouldBeNearShould
[ RUN      ] org.amshove.kluent.numerical.ShouldBeNearShould.passWhenTestingADoubleWhichIsWithinTheDelta
[       OK ] org.amshove.kluent.numerical.ShouldBeNearShould.passWhenTestingADoubleWhichIsWithinTheDelta (0 ms)
[ RUN      ] org.amshove.kluent.numerical.ShouldBeNearShould.passWhenTestingADoubleWhichIsTheUpperBound
[       OK ] org.amshove.kluent.numerical.ShouldBeNearShould.passWhenTestingADoubleWhichIsTheUpperBound (0 ms)
[ RUN      ] org.amshove.kluent.numerical.ShouldBeNearShould.passWhenTestingADoubleWhichIsTheLowerBound
[       OK ] org.amshove.kluent.numerical.ShouldBeNearShould.passWhenTestingADoubleWhichIsTheLowerBound (0 ms)
[ RUN      ] org.amshove.kluent.numerical.ShouldBeNearShould.failWhenTestingADoubleWhichIsAboveTheBound
[       OK ] org.amshove.kluent.numerical.ShouldBeNearShould.failWhenTestingADoubleWhichIsAboveTheBound (0 ms)
[ RUN      ] org.amshove.kluent.numerical.ShouldBeNearShould.failWhenTestingADoubleWhichIsBelowTheBound
[       OK ] org.amshove.kluent.numerical.ShouldBeNearShould.failWhenTestingADoubleWhichIsBelowTheBound (0 ms)
[ RUN      ] org.amshove.kluent.numerical.ShouldBeNearShould.passWhenTestingAFloatWhichIsWithinTheDelta
[       OK ] org.amshove.kluent.numerical.ShouldBeNearShould.passWhenTestingAFloatWhichIsWithinTheDelta (0 ms)
[ RUN      ] org.amshove.kluent.numerical.ShouldBeNearShould.passWhenTestingAFloatWhichIsTheLowerBound
[       OK ] org.amshove.kluent.numerical.ShouldBeNearShould.passWhenTestingAFloatWhichIsTheLowerBound (0 ms)
[ RUN      ] org.amshove.kluent.numerical.ShouldBeNearShould.passWhenTestingAFloatWhichIsTheUpperBound
[       OK ] org.amshove.kluent.numerical.ShouldBeNearShould.passWhenTestingAFloatWhichIsTheUpperBound (0 ms)
[ RUN      ] org.amshove.kluent.numerical.ShouldBeNearShould.failWhenTestingAFloatWhichIsBelowTheBound
[       OK ] org.amshove.kluent.numerical.ShouldBeNearShould.failWhenTestingAFloatWhichIsBelowTheBound (0 ms)
[ RUN      ] org.amshove.kluent.numerical.ShouldBeNearShould.failWhenTestingAFloatWhichIsAboveTheBound
[       OK ] org.amshove.kluent.numerical.ShouldBeNearShould.failWhenTestingAFloatWhichIsAboveTheBound (0 ms)
[----------] 10 tests from org.amshove.kluent.numerical.ShouldBeNearShould (0 ms total)

[----------] 9 tests from org.amshove.kluent.numerical.ShouldBeNegativeShould
[ RUN      ] org.amshove.kluent.numerical.ShouldBeNegativeShould.passWhenTestingANegativeInteger
[       OK ] org.amshove.kluent.numerical.ShouldBeNegativeShould.passWhenTestingANegativeInteger (0 ms)
[ RUN      ] org.amshove.kluent.numerical.ShouldBeNegativeShould.failWhenTestingAPositiveInteger
[       OK ] org.amshove.kluent.numerical.ShouldBeNegativeShould.failWhenTestingAPositiveInteger (0 ms)
[ RUN      ] org.amshove.kluent.numerical.ShouldBeNegativeShould.failWhenTestingZeroInteger
[       OK ] org.amshove.kluent.numerical.ShouldBeNegativeShould.failWhenTestingZeroInteger (0 ms)
[ RUN      ] org.amshove.kluent.numerical.ShouldBeNegativeShould.passWhenTestingANegativeDouble
[       OK ] org.amshove.kluent.numerical.ShouldBeNegativeShould.passWhenTestingANegativeDouble (0 ms)
[ RUN      ] org.amshove.kluent.numerical.ShouldBeNegativeShould.failWhenTestingAPositiveDouble
[       OK ] org.amshove.kluent.numerical.ShouldBeNegativeShould.failWhenTestingAPositiveDouble (0 ms)
[ RUN      ] org.amshove.kluent.numerical.ShouldBeNegativeShould.failWhenTestingZeroDouble
[       OK ] org.amshove.kluent.numerical.ShouldBeNegativeShould.failWhenTestingZeroDouble (0 ms)
[ RUN      ] org.amshove.kluent.numerical.ShouldBeNegativeShould.passWhenTestingANegativeFloat
[       OK ] org.amshove.kluent.numerical.ShouldBeNegativeShould.passWhenTestingANegativeFloat (0 ms)
[ RUN      ] org.amshove.kluent.numerical.ShouldBeNegativeShould.failWhenTestingAPositiveFloat
[       OK ] org.amshove.kluent.numerical.ShouldBeNegativeShould.failWhenTestingAPositiveFloat (1 ms)
[ RUN      ] org.amshove.kluent.numerical.ShouldBeNegativeShould.failWhenTestingZeroFloat
[       OK ] org.amshove.kluent.numerical.ShouldBeNegativeShould.failWhenTestingZeroFloat (0 ms)
[----------] 9 tests from org.amshove.kluent.numerical.ShouldBeNegativeShould (1 ms total)

[----------] 9 tests from org.amshove.kluent.numerical.ShouldBePositiveShould
[ RUN      ] org.amshove.kluent.numerical.ShouldBePositiveShould.passWhenTestingAPositiveInteger
[       OK ] org.amshove.kluent.numerical.ShouldBePositiveShould.passWhenTestingAPositiveInteger (0 ms)
[ RUN      ] org.amshove.kluent.numerical.ShouldBePositiveShould.failWhenTestingANegativeInteger
[       OK ] org.amshove.kluent.numerical.ShouldBePositiveShould.failWhenTestingANegativeInteger (0 ms)
[ RUN      ] org.amshove.kluent.numerical.ShouldBePositiveShould.failWhenTestingZeroInteger
[       OK ] org.amshove.kluent.numerical.ShouldBePositiveShould.failWhenTestingZeroInteger (0 ms)
[ RUN      ] org.amshove.kluent.numerical.ShouldBePositiveShould.passWhenTestingAPositiveDouble
[       OK ] org.amshove.kluent.numerical.ShouldBePositiveShould.passWhenTestingAPositiveDouble (0 ms)
[ RUN      ] org.amshove.kluent.numerical.ShouldBePositiveShould.failWhenTestingANegativeDouble
[       OK ] org.amshove.kluent.numerical.ShouldBePositiveShould.failWhenTestingANegativeDouble (0 ms)
[ RUN      ] org.amshove.kluent.numerical.ShouldBePositiveShould.failWhenTestingZeroDouble
[       OK ] org.amshove.kluent.numerical.ShouldBePositiveShould.failWhenTestingZeroDouble (0 ms)
[ RUN      ] org.amshove.kluent.numerical.ShouldBePositiveShould.passWhenTestingAPositiveFloat
[       OK ] org.amshove.kluent.numerical.ShouldBePositiveShould.passWhenTestingAPositiveFloat (0 ms)
[ RUN      ] org.amshove.kluent.numerical.ShouldBePositiveShould.failWhenTestingANegativeFloat
[       OK ] org.amshove.kluent.numerical.ShouldBePositiveShould.failWhenTestingANegativeFloat (0 ms)
[ RUN      ] org.amshove.kluent.numerical.ShouldBePositiveShould.failWhenTestingZeroFloat
[       OK ] org.amshove.kluent.numerical.ShouldBePositiveShould.failWhenTestingZeroFloat (0 ms)
[----------] 9 tests from org.amshove.kluent.numerical.ShouldBePositiveShould (0 ms total)

[----------] 9 tests from org.amshove.kluent.numerical.ShouldNotBeGreaterOrEqualToShould
[ RUN      ] org.amshove.kluent.numerical.ShouldNotBeGreaterOrEqualToShould.passWhenTestingAnIntegerWhichIsSmaller
[       OK ] org.amshove.kluent.numerical.ShouldNotBeGreaterOrEqualToShould.passWhenTestingAnIntegerWhichIsSmaller (0 ms)
[ RUN      ] org.amshove.kluent.numerical.ShouldNotBeGreaterOrEqualToShould.failWhenTestingAnIntegerWhichIsGreater
[       OK ] org.amshove.kluent.numerical.ShouldNotBeGreaterOrEqualToShould.failWhenTestingAnIntegerWhichIsGreater (0 ms)
[ RUN      ] org.amshove.kluent.numerical.ShouldNotBeGreaterOrEqualToShould.failWhenTestingAnIntegerWhichIsEqual
[       OK ] org.amshove.kluent.numerical.ShouldNotBeGreaterOrEqualToShould.failWhenTestingAnIntegerWhichIsEqual (0 ms)
[ RUN      ] org.amshove.kluent.numerical.ShouldNotBeGreaterOrEqualToShould.passWhenTestingADoubleWhichIsSmaller
[       OK ] org.amshove.kluent.numerical.ShouldNotBeGreaterOrEqualToShould.passWhenTestingADoubleWhichIsSmaller (0 ms)
[ RUN      ] org.amshove.kluent.numerical.ShouldNotBeGreaterOrEqualToShould.failWhenTestingADoubleWhichIsGreater
[       OK ] org.amshove.kluent.numerical.ShouldNotBeGreaterOrEqualToShould.failWhenTestingADoubleWhichIsGreater (0 ms)
[ RUN      ] org.amshove.kluent.numerical.ShouldNotBeGreaterOrEqualToShould.failWhenTestingADoubleWhichIsEqual
[       OK ] org.amshove.kluent.numerical.ShouldNotBeGreaterOrEqualToShould.failWhenTestingADoubleWhichIsEqual (0 ms)
[ RUN      ] org.amshove.kluent.numerical.ShouldNotBeGreaterOrEqualToShould.passWhenTestingAFloatWhichIsSmaller
[       OK ] org.amshove.kluent.numerical.ShouldNotBeGreaterOrEqualToShould.passWhenTestingAFloatWhichIsSmaller (0 ms)
[ RUN      ] org.amshove.kluent.numerical.ShouldNotBeGreaterOrEqualToShould.failWhenTestingAFloatWhichIsGreater
[       OK ] org.amshove.kluent.numerical.ShouldNotBeGreaterOrEqualToShould.failWhenTestingAFloatWhichIsGreater (0 ms)
[ RUN      ] org.amshove.kluent.numerical.ShouldNotBeGreaterOrEqualToShould.failWhenTestingAFloatWhichIsEqual
[       OK ] org.amshove.kluent.numerical.ShouldNotBeGreaterOrEqualToShould.failWhenTestingAFloatWhichIsEqual (0 ms)
[----------] 9 tests from org.amshove.kluent.numerical.ShouldNotBeGreaterOrEqualToShould (0 ms total)

[----------] 9 tests from org.amshove.kluent.numerical.ShouldNotBeGreaterThanShould
[ RUN      ] org.amshove.kluent.numerical.ShouldNotBeGreaterThanShould.passWhenTestingAnIntegerWhichIsSmaller
[       OK ] org.amshove.kluent.numerical.ShouldNotBeGreaterThanShould.passWhenTestingAnIntegerWhichIsSmaller (0 ms)
[ RUN      ] org.amshove.kluent.numerical.ShouldNotBeGreaterThanShould.passWhenTestingAnIntegerWhichIsEqual
[       OK ] org.amshove.kluent.numerical.ShouldNotBeGreaterThanShould.passWhenTestingAnIntegerWhichIsEqual (0 ms)
[ RUN      ] org.amshove.kluent.numerical.ShouldNotBeGreaterThanShould.failWhenTestingAnIntegerWhichIsGreater
[       OK ] org.amshove.kluent.numerical.ShouldNotBeGreaterThanShould.failWhenTestingAnIntegerWhichIsGreater (0 ms)
[ RUN      ] org.amshove.kluent.numerical.ShouldNotBeGreaterThanShould.passWhenTestingADoubleWhichIsSmaller
[       OK ] org.amshove.kluent.numerical.ShouldNotBeGreaterThanShould.passWhenTestingADoubleWhichIsSmaller (0 ms)
[ RUN      ] org.amshove.kluent.numerical.ShouldNotBeGreaterThanShould.passWhenTestingADoubleWhichIsEqual
[       OK ] org.amshove.kluent.numerical.ShouldNotBeGreaterThanShould.passWhenTestingADoubleWhichIsEqual (0 ms)
[ RUN      ] org.amshove.kluent.numerical.ShouldNotBeGreaterThanShould.failWhenTestingADoubleWhichIsGreater
[       OK ] org.amshove.kluent.numerical.ShouldNotBeGreaterThanShould.failWhenTestingADoubleWhichIsGreater (0 ms)
[ RUN      ] org.amshove.kluent.numerical.ShouldNotBeGreaterThanShould.passWhenTestingAFloatWhichIsSmaller
[       OK ] org.amshove.kluent.numerical.ShouldNotBeGreaterThanShould.passWhenTestingAFloatWhichIsSmaller (0 ms)
[ RUN      ] org.amshove.kluent.numerical.ShouldNotBeGreaterThanShould.passWhenTestingAFloatWhichIsEqual
[       OK ] org.amshove.kluent.numerical.ShouldNotBeGreaterThanShould.passWhenTestingAFloatWhichIsEqual (0 ms)
[ RUN      ] org.amshove.kluent.numerical.ShouldNotBeGreaterThanShould.failWhenTestingAFloatWhichIsGreater
[       OK ] org.amshove.kluent.numerical.ShouldNotBeGreaterThanShould.failWhenTestingAFloatWhichIsGreater (0 ms)
[----------] 9 tests from org.amshove.kluent.numerical.ShouldNotBeGreaterThanShould (1 ms total)

[----------] 15 tests from org.amshove.kluent.numerical.ShouldNotBeInRangeShould
[ RUN      ] org.amshove.kluent.numerical.ShouldNotBeInRangeShould.passWhenTestingAnIntegerWhichIsBelowTheRange
[       OK ] org.amshove.kluent.numerical.ShouldNotBeInRangeShould.passWhenTestingAnIntegerWhichIsBelowTheRange (0 ms)
[ RUN      ] org.amshove.kluent.numerical.ShouldNotBeInRangeShould.passWhenTestingAnIntegerWhichIsAboveTheRange
[       OK ] org.amshove.kluent.numerical.ShouldNotBeInRangeShould.passWhenTestingAnIntegerWhichIsAboveTheRange (0 ms)
[ RUN      ] org.amshove.kluent.numerical.ShouldNotBeInRangeShould.failWhenTestingAnIntegerWhichIsWithinTheRange
[       OK ] org.amshove.kluent.numerical.ShouldNotBeInRangeShould.failWhenTestingAnIntegerWhichIsWithinTheRange (0 ms)
[ RUN      ] org.amshove.kluent.numerical.ShouldNotBeInRangeShould.failWhenTestingAnIntegerWhichIsTheLowerBound
[       OK ] org.amshove.kluent.numerical.ShouldNotBeInRangeShould.failWhenTestingAnIntegerWhichIsTheLowerBound (0 ms)
[ RUN      ] org.amshove.kluent.numerical.ShouldNotBeInRangeShould.failWhenTestingAnIntegerWhichIsTheUpperBound
[       OK ] org.amshove.kluent.numerical.ShouldNotBeInRangeShould.failWhenTestingAnIntegerWhichIsTheUpperBound (0 ms)
[ RUN      ] org.amshove.kluent.numerical.ShouldNotBeInRangeShould.passWhenTestingADoubleWhichIsBelowTheRange
[       OK ] org.amshove.kluent.numerical.ShouldNotBeInRangeShould.passWhenTestingADoubleWhichIsBelowTheRange (0 ms)
[ RUN      ] org.amshove.kluent.numerical.ShouldNotBeInRangeShould.passWhenTestingADoubleWhichIsAboveTheRange
[       OK ] org.amshove.kluent.numerical.ShouldNotBeInRangeShould.passWhenTestingADoubleWhichIsAboveTheRange (0 ms)
[ RUN      ] org.amshove.kluent.numerical.ShouldNotBeInRangeShould.failWhenTestingADoubleWhichIsWithinTheRange
[       OK ] org.amshove.kluent.numerical.ShouldNotBeInRangeShould.failWhenTestingADoubleWhichIsWithinTheRange (0 ms)
[ RUN      ] org.amshove.kluent.numerical.ShouldNotBeInRangeShould.failWhenTestingADoubleWhichIsTheLowerBound
[       OK ] org.amshove.kluent.numerical.ShouldNotBeInRangeShould.failWhenTestingADoubleWhichIsTheLowerBound (0 ms)
[ RUN      ] org.amshove.kluent.numerical.ShouldNotBeInRangeShould.failWhenTestingADoubleWhichIsTheUpperBound
[       OK ] org.amshove.kluent.numerical.ShouldNotBeInRangeShould.failWhenTestingADoubleWhichIsTheUpperBound (0 ms)
[ RUN      ] org.amshove.kluent.numerical.ShouldNotBeInRangeShould.passWhenTestingAFloatWhichIsBelowTheRange
[       OK ] org.amshove.kluent.numerical.ShouldNotBeInRangeShould.passWhenTestingAFloatWhichIsBelowTheRange (0 ms)
[ RUN      ] org.amshove.kluent.numerical.ShouldNotBeInRangeShould.passWhenTestingAFloatWhichIsAboveTheRange
[       OK ] org.amshove.kluent.numerical.ShouldNotBeInRangeShould.passWhenTestingAFloatWhichIsAboveTheRange (0 ms)
[ RUN      ] org.amshove.kluent.numerical.ShouldNotBeInRangeShould.failWhenTestingAFloatWhichIsWithinTheRange
[       OK ] org.amshove.kluent.numerical.ShouldNotBeInRangeShould.failWhenTestingAFloatWhichIsWithinTheRange (0 ms)
[ RUN      ] org.amshove.kluent.numerical.ShouldNotBeInRangeShould.failWhenTestingAFloatWhichIsTheLowerBound
[       OK ] org.amshove.kluent.numerical.ShouldNotBeInRangeShould.failWhenTestingAFloatWhichIsTheLowerBound (0 ms)
[ RUN      ] org.amshove.kluent.numerical.ShouldNotBeInRangeShould.failWhenTestingAFloatWhichIsTheUpperBound
[       OK ] org.amshove.kluent.numerical.ShouldNotBeInRangeShould.failWhenTestingAFloatWhichIsTheUpperBound (0 ms)
[----------] 15 tests from org.amshove.kluent.numerical.ShouldNotBeInRangeShould (0 ms total)

[----------] 9 tests from org.amshove.kluent.numerical.ShouldNotBeLessOrEqualToShould
[ RUN      ] org.amshove.kluent.numerical.ShouldNotBeLessOrEqualToShould.passWhenTestingAnIntegerWhichIsGreater
[       OK ] org.amshove.kluent.numerical.ShouldNotBeLessOrEqualToShould.passWhenTestingAnIntegerWhichIsGreater (0 ms)
[ RUN      ] org.amshove.kluent.numerical.ShouldNotBeLessOrEqualToShould.failWhenTestingAnIntegerWhichIsEqual
[       OK ] org.amshove.kluent.numerical.ShouldNotBeLessOrEqualToShould.failWhenTestingAnIntegerWhichIsEqual (0 ms)
[ RUN      ] org.amshove.kluent.numerical.ShouldNotBeLessOrEqualToShould.failWhenTestingAnIntegerWhichIsSmaller
[       OK ] org.amshove.kluent.numerical.ShouldNotBeLessOrEqualToShould.failWhenTestingAnIntegerWhichIsSmaller (0 ms)
[ RUN      ] org.amshove.kluent.numerical.ShouldNotBeLessOrEqualToShould.passWhenTestingADoubleWhichIsGreater
[       OK ] org.amshove.kluent.numerical.ShouldNotBeLessOrEqualToShould.passWhenTestingADoubleWhichIsGreater (0 ms)
[ RUN      ] org.amshove.kluent.numerical.ShouldNotBeLessOrEqualToShould.failWhenTestingADoubleWhichIsEqual
[       OK ] org.amshove.kluent.numerical.ShouldNotBeLessOrEqualToShould.failWhenTestingADoubleWhichIsEqual (0 ms)
[ RUN      ] org.amshove.kluent.numerical.ShouldNotBeLessOrEqualToShould.failWhenTestingADoubleWhichIsSmaller
[       OK ] org.amshove.kluent.numerical.ShouldNotBeLessOrEqualToShould.failWhenTestingADoubleWhichIsSmaller (1 ms)
[ RUN      ] org.amshove.kluent.numerical.ShouldNotBeLessOrEqualToShould.passWhenTestingAFloatWhichIsGreater
[       OK ] org.amshove.kluent.numerical.ShouldNotBeLessOrEqualToShould.passWhenTestingAFloatWhichIsGreater (0 ms)
[ RUN      ] org.amshove.kluent.numerical.ShouldNotBeLessOrEqualToShould.failWhenTestingAFloatWhichIsEqual
[       OK ] org.amshove.kluent.numerical.ShouldNotBeLessOrEqualToShould.failWhenTestingAFloatWhichIsEqual (0 ms)
[ RUN      ] org.amshove.kluent.numerical.ShouldNotBeLessOrEqualToShould.failWhenTestingAFloatWhichIsSmaller
[       OK ] org.amshove.kluent.numerical.ShouldNotBeLessOrEqualToShould.failWhenTestingAFloatWhichIsSmaller (0 ms)
[----------] 9 tests from org.amshove.kluent.numerical.ShouldNotBeLessOrEqualToShould (1 ms total)

[----------] 1 tests from TestsRun
[ RUN      ] TestsRun.testsRunOnNative
[       OK ] TestsRun.testsRunOnNative (0 ms)
[----------] 1 tests from TestsRun (0 ms total)

[----------] Global test environment tear-down
[==========] 522 tests from 64 test cases ran. (62 ms total)
[  PASSED  ] 522 tests.

> Task :kluent-native:run
> Task :kluent-native:build

Deprecated Gradle features were used in this build, making it incompatible with Gradle 5.0.
See https://docs.gradle.org/4.8.1/userguide/command_line_interface.html#sec:command_line_warnings

BUILD SUCCESSFUL in 55s
12 actionable tasks: 12 executed

2019-04-05 14:29:28,945 INFO  ProjectTaskService - Detecting possible tasks...
2019-04-05 14:29:28,945 INFO  SysUtils - Execute command: [/var/folders/bq/vtzpc5ns5sg2cthy61lqpg3dfzgbys/T/1554449164978-0/src/gradlew, -b, /var/folders/bq/vtzpc5ns5sg2cthy61lqpg3dfzgbys/T/1554449164978-0/src/common/build.gradle, -Dorg.gradle.daemon=false, -Dorg.gradle.daemon.performance.enable-monitoring=false, -Dorg.gradle.configureondemand=true, tasks]
2019-04-05 14:29:33,304 INFO  ProjectTaskService - Detected possible tasks: 52
2019-04-05 14:29:33,304 INFO  ProjectTaskService - Excluded tasks (3): javadoc test check
2019-04-05 14:29:33,304 INFO  SysUtils - Execute command: [/var/folders/bq/vtzpc5ns5sg2cthy61lqpg3dfzgbys/T/1554449164978-0/src/gradlew, -b, /var/folders/bq/vtzpc5ns5sg2cthy61lqpg3dfzgbys/T/1554449164978-0/src/common/build.gradle, -Dorg.gradle.daemon=false, -Dorg.gradle.daemon.performance.enable-monitoring=false, -Dorg.gradle.configureondemand=true, --stacktrace, -x, javadoc, -x, test, -x, check, build]
2019-04-05 14:29:38,664 INFO  SysUtils - Skipping JVM build
Configuration on demand is an incubating feature.

> Configure project :kluent-common
artifactName: kluent-common
Configuration(s) specified but the install task does not exist in project :kluent-common.

> Task :kluent-common:compileJava NO-SOURCE
> Task :kluent-common:compileKotlinCommon UP-TO-DATE
> Task :kluent-common:processResources NO-SOURCE
> Task :kluent-common:classes UP-TO-DATE
> Task :kluent-common:inspectClassesForKotlinIC UP-TO-DATE
> Task :kluent-common:jar UP-TO-DATE
> Task :kluent-common:sourcesJar UP-TO-DATE
> Task :kluent-common:assemble UP-TO-DATE
> Task :kluent-common:build

Deprecated Gradle features were used in this build, making it incompatible with Gradle 5.0.
See https://docs.gradle.org/4.8.1/userguide/command_line_interface.html#sec:command_line_warnings

BUILD SUCCESSFUL in 5s
4 actionable tasks: 4 up-to-date

2019-04-05 14:29:38,676 INFO  ProjectTaskService - Detecting possible tasks...
2019-04-05 14:29:38,676 INFO  SysUtils - Execute command: [/var/folders/bq/vtzpc5ns5sg2cthy61lqpg3dfzgbys/T/1554449164978-0/src/gradlew, -b, /var/folders/bq/vtzpc5ns5sg2cthy61lqpg3dfzgbys/T/1554449164978-0/src/js/build.gradle, -Dorg.gradle.daemon=false, -Dorg.gradle.daemon.performance.enable-monitoring=false, -Dorg.gradle.configureondemand=true, tasks]
2019-04-05 14:29:43,868 INFO  ProjectTaskService - Detected possible tasks: 58
2019-04-05 14:29:43,869 INFO  ProjectTaskService - Excluded tasks (3): javadoc test check
2019-04-05 14:29:43,869 INFO  SysUtils - Execute command: [/var/folders/bq/vtzpc5ns5sg2cthy61lqpg3dfzgbys/T/1554449164978-0/src/gradlew, -b, /var/folders/bq/vtzpc5ns5sg2cthy61lqpg3dfzgbys/T/1554449164978-0/src/js/build.gradle, -Dorg.gradle.daemon=false, -Dorg.gradle.daemon.performance.enable-monitoring=false, -Dorg.gradle.configureondemand=true, --stacktrace, -x, javadoc, -x, test, -x, check, build]
2019-04-05 14:29:49,146 INFO  SysUtils - Skipping JVM build
Configuration on demand is an incubating feature.

> Configure project :kluent-common
artifactName: kluent-common

> Configure project :kluent-js
artifactName: kluent-js
Configuration(s) specified but the install task does not exist in project :kluent-js.
Configuration(s) specified but the install task does not exist in project :kluent-common.

> Task :kluent-common:compileJava NO-SOURCE
> Task :kluent-common:compileKotlinCommon UP-TO-DATE
> Task :kluent-common:processResources NO-SOURCE
> Task :kluent-common:classes UP-TO-DATE
> Task :kluent-common:inspectClassesForKotlinIC UP-TO-DATE
> Task :kluent-common:jar UP-TO-DATE
> Task :kluent-js:compileJava NO-SOURCE
> Task :kluent-js:compileKotlin2Js UP-TO-DATE
> Task :kluent-js:processResources NO-SOURCE
> Task :kluent-js:classes UP-TO-DATE
> Task :kluent-js:inspectClassesForKotlinIC UP-TO-DATE
> Task :kluent-js:jar UP-TO-DATE
> Task :kluent-js:sourcesJar UP-TO-DATE
> Task :kluent-js:assemble UP-TO-DATE
> Task :kluent-js:build

Deprecated Gradle features were used in this build, making it incompatible with Gradle 5.0.
See https://docs.gradle.org/4.8.1/userguide/command_line_interface.html#sec:command_line_warnings

BUILD SUCCESSFUL in 4s
7 actionable tasks: 7 up-to-date

2019-04-05 14:29:49,157 INFO  ProjectTaskService - Detecting possible tasks...
2019-04-05 14:29:49,158 INFO  SysUtils - Execute command: [/var/folders/bq/vtzpc5ns5sg2cthy61lqpg3dfzgbys/T/1554449164978-0/src/gradlew, -b, /var/folders/bq/vtzpc5ns5sg2cthy61lqpg3dfzgbys/T/1554449164978-0/src/jvm/build.gradle, -Dorg.gradle.daemon=false, -Dorg.gradle.daemon.performance.enable-monitoring=false, -Dorg.gradle.configureondemand=true, tasks]
2019-04-05 14:29:51,585 ERROR ProjectTaskService - Could not detect possible Gradle tasks: Process exited with an error: 1 (Exit value: 1)
2019-04-05 14:29:51,585 INFO  ProjectTaskService - Detected possible tasks: 0
2019-04-05 14:29:51,585 INFO  ProjectTaskService - Excluded tasks (0): none
2019-04-05 14:29:51,585 INFO  SysUtils - Execute command: [/var/folders/bq/vtzpc5ns5sg2cthy61lqpg3dfzgbys/T/1554449164978-0/src/gradlew, -b, /var/folders/bq/vtzpc5ns5sg2cthy61lqpg3dfzgbys/T/1554449164978-0/src/jvm/build.gradle, -Dorg.gradle.daemon=false, -Dorg.gradle.daemon.performance.enable-monitoring=false, -Dorg.gradle.configureondemand=true, --stacktrace, build]
2019-04-05 14:29:54,274 ERROR SysUtils - Could not process external command
org.apache.commons.exec.ExecuteException: Process exited with an error: 1 (Exit value: 1)
	at org.apache.commons.exec.DefaultExecutor.executeInternal(DefaultExecutor.java:404)
	at org.apache.commons.exec.DefaultExecutor.execute(DefaultExecutor.java:166)
	at com.github.vbauer.apkmaster.util.SysUtils.execute(SysUtils.java:67)
	at com.github.vbauer.apkmaster.util.SysUtils.executeSimple(SysUtils.java:43)
	at com.github.vbauer.apkmaster.service.assembly.ProjectBuildService.buildProject(ProjectBuildService.java:78)
	at com.github.vbauer.apkmaster.service.assembly.ProjectBuildService.buildProject(ProjectBuildService.java:64)
	at com.github.vbauer.apkmaster.service.assembly.ProjectBuildService.buildProject(ProjectBuildService.java:43)
	at com.github.vbauer.apkmaster.service.FullProcessService.build(FullProcessService.java:84)
	at com.github.vbauer.apkmaster.service.FullProcessService.process(FullProcessService.java:34)
	at com.github.vbauer.apkmaster.app.MainApplication.process(MainApplication.java:38)
	at com.github.vbauer.apkmaster.app.MainApplication.main(MainApplication.java:20)
	at sun.reflect.GeneratedMethodAccessor8.invoke(Unknown Source)
	at sun.reflect.DelegatingMethodAccessorImpl.invoke(DelegatingMethodAccessorImpl.java:43)
	at java.lang.reflect.Method.invoke(Method.java:498)
	at com.android.arsenal.util.ReflectionUtils.invoke(ReflectionUtils.java:52)
	at com.android.arsenal.util.ApkMasterUtils.main(ApkMasterUtils.java:30)
	at com.android.arsenal.service.processor.impl.BuildProcessorServiceImpl.buildProject(BuildProcessorServiceImpl.java:196)
	at com.android.arsenal.service.processor.impl.BuildProcessorServiceImpl.build(BuildProcessorServiceImpl.java:130)
	at com.android.arsenal.service.processor.impl.BuildProcessorServiceImpl.lambda$null$1(BuildProcessorServiceImpl.java:113)
	at java.util.concurrent.FutureTask.run(FutureTask.java:266)
	at java.util.concurrent.Executors$RunnableAdapter.call(Executors.java:511)
	at java.util.concurrent.FutureTask.run(FutureTask.java:266)
	at java.util.concurrent.ThreadPoolExecutor.runWorker(ThreadPoolExecutor.java:1149)
	at java.util.concurrent.ThreadPoolExecutor$Worker.run(ThreadPoolExecutor.java:624)
	at java.lang.Thread.run(Thread.java:748)
2019-04-05 14:29:54,274 INFO  SysUtils - Skipping JVM build
Configuration on demand is an incubating feature.

FAILURE: Build failed with an exception.

* Where:
Build file '/private/var/folders/bq/vtzpc5ns5sg2cthy61lqpg3dfzgbys/T/1554449164978-0/src/jvm/build.gradle' line: 1

* What went wrong:
A problem occurred evaluating root project 'jvm'.
> Plugin with id 'kotlin-platform-jvm' not found.

* Try:
Run with --info or --debug option to get more log output. Run with --scan to get full insights.

* Exception is:
org.gradle.api.GradleScriptException: A problem occurred evaluating root project 'jvm'.
	at org.gradle.groovy.scripts.internal.DefaultScriptRunnerFactory$ScriptRunnerImpl.run(DefaultScriptRunnerFactory.java:92)
	at org.gradle.configuration.DefaultScriptPluginFactory$ScriptPluginImpl$2.run(DefaultScriptPluginFactory.java:204)
	at org.gradle.configuration.ProjectScriptTarget.addConfiguration(ProjectScriptTarget.java:77)
	at org.gradle.configuration.DefaultScriptPluginFactory$ScriptPluginImpl.apply(DefaultScriptPluginFactory.java:209)
	at org.gradle.configuration.BuildOperationScriptPlugin$1.run(BuildOperationScriptPlugin.java:61)
	at org.gradle.internal.operations.DefaultBuildOperationExecutor$RunnableBuildOperationWorker.execute(DefaultBuildOperationExecutor.java:317)
	at org.gradle.internal.operations.DefaultBuildOperationExecutor$RunnableBuildOperationWorker.execute(DefaultBuildOperationExecutor.java:309)
	at org.gradle.internal.operations.DefaultBuildOperationExecutor.execute(DefaultBuildOperationExecutor.java:185)
	at org.gradle.internal.operations.DefaultBuildOperationExecutor.run(DefaultBuildOperationExecutor.java:97)
	at org.gradle.internal.operations.DelegatingBuildOperationExecutor.run(DelegatingBuildOperationExecutor.java:31)
	at org.gradle.configuration.BuildOperationScriptPlugin.apply(BuildOperationScriptPlugin.java:58)
	at org.gradle.configuration.project.BuildScriptProcessor.execute(BuildScriptProcessor.java:41)
	at org.gradle.configuration.project.BuildScriptProcessor.execute(BuildScriptProcessor.java:26)
	at org.gradle.configuration.project.ConfigureActionsProjectEvaluator.evaluate(ConfigureActionsProjectEvaluator.java:34)
	at org.gradle.configuration.project.LifecycleProjectEvaluator.doConfigure(LifecycleProjectEvaluator.java:66)
	at org.gradle.configuration.project.LifecycleProjectEvaluator.access$100(LifecycleProjectEvaluator.java:37)
	at org.gradle.configuration.project.LifecycleProjectEvaluator$ConfigureProject.run(LifecycleProjectEvaluator.java:125)
	at org.gradle.internal.operations.DefaultBuildOperationExecutor$RunnableBuildOperationWorker.execute(DefaultBuildOperationExecutor.java:317)
	at org.gradle.internal.operations.DefaultBuildOperationExecutor$RunnableBuildOperationWorker.execute(DefaultBuildOperationExecutor.java:309)
	at org.gradle.internal.operations.DefaultBuildOperationExecutor.execute(DefaultBuildOperationExecutor.java:185)
	at org.gradle.internal.operations.DefaultBuildOperationExecutor.run(DefaultBuildOperationExecutor.java:97)
	at org.gradle.internal.operations.DelegatingBuildOperationExecutor.run(DelegatingBuildOperationExecutor.java:31)
	at org.gradle.configuration.project.LifecycleProjectEvaluator.evaluate(LifecycleProjectEvaluator.java:52)
	at org.gradle.api.internal.project.DefaultProject.evaluate(DefaultProject.java:677)
	at org.gradle.api.internal.project.DefaultProject.evaluate(DefaultProject.java:138)
	at org.gradle.execution.TaskPathProjectEvaluator.configure(TaskPathProjectEvaluator.java:35)
	at org.gradle.configuration.DefaultBuildConfigurer.configure(DefaultBuildConfigurer.java:39)
	at org.gradle.initialization.DefaultGradleLauncher$ConfigureBuild.run(DefaultGradleLauncher.java:262)
	at org.gradle.internal.operations.DefaultBuildOperationExecutor$RunnableBuildOperationWorker.execute(DefaultBuildOperationExecutor.java:317)
	at org.gradle.internal.operations.DefaultBuildOperationExecutor$RunnableBuildOperationWorker.execute(DefaultBuildOperationExecutor.java:309)
	at org.gradle.internal.operations.DefaultBuildOperationExecutor.execute(DefaultBuildOperationExecutor.java:185)
	at org.gradle.internal.operations.DefaultBuildOperationExecutor.run(DefaultBuildOperationExecutor.java:97)
	at org.gradle.internal.operations.DelegatingBuildOperationExecutor.run(DelegatingBuildOperationExecutor.java:31)
	at org.gradle.initialization.DefaultGradleLauncher.configureBuild(DefaultGradleLauncher.java:175)
	at org.gradle.initialization.DefaultGradleLauncher.doBuildStages(DefaultGradleLauncher.java:132)
	at org.gradle.initialization.DefaultGradleLauncher.executeTasks(DefaultGradleLauncher.java:115)
	at org.gradle.internal.invocation.GradleBuildController$1.call(GradleBuildController.java:77)
	at org.gradle.internal.invocation.GradleBuildController$1.call(GradleBuildController.java:74)
	at org.gradle.internal.work.DefaultWorkerLeaseService.withLocks(DefaultWorkerLeaseService.java:152)
	at org.gradle.internal.work.StopShieldingWorkerLeaseService.withLocks(StopShieldingWorkerLeaseService.java:38)
	at org.gradle.internal.invocation.GradleBuildController.doBuild(GradleBuildController.java:96)
	at org.gradle.internal.invocation.GradleBuildController.run(GradleBuildController.java:74)
	at org.gradle.tooling.internal.provider.ExecuteBuildActionRunner.run(ExecuteBuildActionRunner.java:28)
	at org.gradle.launcher.exec.ChainingBuildActionRunner.run(ChainingBuildActionRunner.java:35)
	at org.gradle.tooling.internal.provider.ValidatingBuildActionRunner.run(ValidatingBuildActionRunner.java:32)
	at org.gradle.launcher.exec.RunAsBuildOperationBuildActionRunner$3.run(RunAsBuildOperationBuildActionRunner.java:47)
	at org.gradle.internal.operations.DefaultBuildOperationExecutor$RunnableBuildOperationWorker.execute(DefaultBuildOperationExecutor.java:317)
	at org.gradle.internal.operations.DefaultBuildOperationExecutor$RunnableBuildOperationWorker.execute(DefaultBuildOperationExecutor.java:309)
	at org.gradle.internal.operations.DefaultBuildOperationExecutor.execute(DefaultBuildOperationExecutor.java:185)
	at org.gradle.internal.operations.DefaultBuildOperationExecutor.run(DefaultBuildOperationExecutor.java:97)
	at org.gradle.internal.operations.DelegatingBuildOperationExecutor.run(DelegatingBuildOperationExecutor.java:31)
	at org.gradle.launcher.exec.RunAsBuildOperationBuildActionRunner.run(RunAsBuildOperationBuildActionRunner.java:43)
	at org.gradle.tooling.internal.provider.SubscribableBuildActionRunner.run(SubscribableBuildActionRunner.java:51)
	at org.gradle.launcher.exec.InProcessBuildActionExecuter$1.transform(InProcessBuildActionExecuter.java:50)
	at org.gradle.launcher.exec.InProcessBuildActionExecuter$1.transform(InProcessBuildActionExecuter.java:46)
	at org.gradle.composite.internal.DefaultRootBuildState.run(DefaultRootBuildState.java:65)
	at org.gradle.launcher.exec.InProcessBuildActionExecuter.execute(InProcessBuildActionExecuter.java:46)
	at org.gradle.launcher.exec.InProcessBuildActionExecuter.execute(InProcessBuildActionExecuter.java:32)
	at org.gradle.launcher.exec.BuildTreeScopeBuildActionExecuter.execute(BuildTreeScopeBuildActionExecuter.java:39)
	at org.gradle.launcher.exec.BuildTreeScopeBuildActionExecuter.execute(BuildTreeScopeBuildActionExecuter.java:25)
	at org.gradle.tooling.internal.provider.ContinuousBuildActionExecuter.execute(ContinuousBuildActionExecuter.java:80)
	at org.gradle.tooling.internal.provider.ContinuousBuildActionExecuter.execute(ContinuousBuildActionExecuter.java:53)
	at org.gradle.tooling.internal.provider.ServicesSetupBuildActionExecuter.execute(ServicesSetupBuildActionExecuter.java:62)
	at org.gradle.tooling.internal.provider.ServicesSetupBuildActionExecuter.execute(ServicesSetupBuildActionExecuter.java:34)
	at org.gradle.tooling.internal.provider.GradleThreadBuildActionExecuter.execute(GradleThreadBuildActionExecuter.java:36)
	at org.gradle.tooling.internal.provider.GradleThreadBuildActionExecuter.execute(GradleThreadBuildActionExecuter.java:25)
	at org.gradle.tooling.internal.provider.ParallelismConfigurationBuildActionExecuter.execute(ParallelismConfigurationBuildActionExecuter.java:43)
	at org.gradle.tooling.internal.provider.ParallelismConfigurationBuildActionExecuter.execute(ParallelismConfigurationBuildActionExecuter.java:29)
	at org.gradle.tooling.internal.provider.StartParamsValidatingActionExecuter.execute(StartParamsValidatingActionExecuter.java:59)
	at org.gradle.tooling.internal.provider.StartParamsValidatingActionExecuter.execute(StartParamsValidatingActionExecuter.java:31)
	at org.gradle.tooling.internal.provider.SessionFailureReportingActionExecuter.execute(SessionFailureReportingActionExecuter.java:59)
	at org.gradle.tooling.internal.provider.SessionFailureReportingActionExecuter.execute(SessionFailureReportingActionExecuter.java:44)
	at org.gradle.tooling.internal.provider.SetupLoggingActionExecuter.execute(SetupLoggingActionExecuter.java:46)
	at org.gradle.tooling.internal.provider.SetupLoggingActionExecuter.execute(SetupLoggingActionExecuter.java:30)
	at org.gradle.launcher.cli.RunBuildAction.run(RunBuildAction.java:52)
	at org.gradle.internal.Actions$RunnableActionAdapter.execute(Actions.java:173)
	at org.gradle.launcher.cli.CommandLineActionFactory$ParseAndBuildAction.execute(CommandLineActionFactory.java:379)
	at org.gradle.launcher.cli.CommandLineActionFactory$ParseAndBuildAction.execute(CommandLineActionFactory.java:352)
	at org.gradle.launcher.cli.ExceptionReportingAction.execute(ExceptionReportingAction.java:37)
	at org.gradle.launcher.cli.ExceptionReportingAction.execute(ExceptionReportingAction.java:23)
	at org.gradle.launcher.cli.CommandLineActionFactory$WithLogging.execute(CommandLineActionFactory.java:345)
	at org.gradle.launcher.cli.CommandLineActionFactory$WithLogging.execute(CommandLineActionFactory.java:275)
	at org.gradle.launcher.Main.doAction(Main.java:36)
	at org.gradle.launcher.bootstrap.EntryPoint.run(EntryPoint.java:45)
	at org.gradle.launcher.bootstrap.ProcessBootstrap.runNoExit(ProcessBootstrap.java:60)
	at org.gradle.launcher.bootstrap.ProcessBootstrap.run(ProcessBootstrap.java:37)
	at org.gradle.launcher.GradleMain.main(GradleMain.java:23)
	at org.gradle.wrapper.BootstrapMainStarter.start(BootstrapMainStarter.java:31)
	at org.gradle.wrapper.WrapperExecutor.execute(WrapperExecutor.java:108)
	at org.gradle.wrapper.GradleWrapperMain.main(GradleWrapperMain.java:61)
Caused by: org.gradle.api.plugins.UnknownPluginException: Plugin with id 'kotlin-platform-jvm' not found.
	at org.gradle.api.internal.plugins.DefaultPluginManager.apply(DefaultPluginManager.java:122)
	at org.gradle.api.internal.plugins.DefaultObjectConfigurationAction.applyType(DefaultObjectConfigurationAction.java:120)
	at org.gradle.api.internal.plugins.DefaultObjectConfigurationAction.access$200(DefaultObjectConfigurationAction.java:38)
	at org.gradle.api.internal.plugins.DefaultObjectConfigurationAction$3.run(DefaultObjectConfigurationAction.java:86)
	at org.gradle.api.internal.plugins.DefaultObjectConfigurationAction.execute(DefaultObjectConfigurationAction.java:143)
	at org.gradle.api.internal.project.AbstractPluginAware.apply(AbstractPluginAware.java:46)
	at org.gradle.api.internal.project.ProjectScript.apply(ProjectScript.java:34)
	at org.gradle.api.Script$apply.callCurrent(Unknown Source)
	at build_cgebvnqlnmi0a49ifh5429yud.run(/private/var/folders/bq/vtzpc5ns5sg2cthy61lqpg3dfzgbys/T/1554449164978-0/src/jvm/build.gradle:1)
	at org.gradle.groovy.scripts.internal.DefaultScriptRunnerFactory$ScriptRunnerImpl.run(DefaultScriptRunnerFactory.java:90)
	... 89 more


* Get more help at https://help.gradle.org

Deprecated Gradle features were used in this build, making it incompatible with Gradle 5.0.
See https://docs.gradle.org/4.8.1/userguide/command_line_interface.html#sec:command_line_warnings

BUILD FAILED in 2s

2019-04-05 14:29:54,284 INFO  ProjectTaskService - Detecting possible tasks...
2019-04-05 14:29:54,284 INFO  SysUtils - Execute command: [/var/folders/bq/vtzpc5ns5sg2cthy61lqpg3dfzgbys/T/1554449164978-0/src/gradlew, -b, /var/folders/bq/vtzpc5ns5sg2cthy61lqpg3dfzgbys/T/1554449164978-0/src/native/build.gradle, -Dorg.gradle.daemon=false, -Dorg.gradle.daemon.performance.enable-monitoring=false, -Dorg.gradle.configureondemand=true, tasks]
2019-04-05 14:29:57,676 INFO  ProjectTaskService - Detected possible tasks: 42
2019-04-05 14:29:57,676 INFO  ProjectTaskService - Excluded tasks (1): check
2019-04-05 14:29:57,676 INFO  SysUtils - Execute command: [/var/folders/bq/vtzpc5ns5sg2cthy61lqpg3dfzgbys/T/1554449164978-0/src/gradlew, -b, /var/folders/bq/vtzpc5ns5sg2cthy61lqpg3dfzgbys/T/1554449164978-0/src/native/build.gradle, -Dorg.gradle.daemon=false, -Dorg.gradle.daemon.performance.enable-monitoring=false, -Dorg.gradle.configureondemand=true, --stacktrace, -x, check, build]
2019-04-05 14:30:04,128 ERROR SysUtils - Could not process external command
org.apache.commons.exec.ExecuteException: Process exited with an error: 1 (Exit value: 1)
	at org.apache.commons.exec.DefaultExecutor.executeInternal(DefaultExecutor.java:404)
	at org.apache.commons.exec.DefaultExecutor.execute(DefaultExecutor.java:166)
	at com.github.vbauer.apkmaster.util.SysUtils.execute(SysUtils.java:67)
	at com.github.vbauer.apkmaster.util.SysUtils.executeSimple(SysUtils.java:43)
	at com.github.vbauer.apkmaster.service.assembly.ProjectBuildService.buildProject(ProjectBuildService.java:78)
	at com.github.vbauer.apkmaster.service.assembly.ProjectBuildService.buildProject(ProjectBuildService.java:64)
	at com.github.vbauer.apkmaster.service.assembly.ProjectBuildService.buildProject(ProjectBuildService.java:43)
	at com.github.vbauer.apkmaster.service.FullProcessService.build(FullProcessService.java:84)
	at com.github.vbauer.apkmaster.service.FullProcessService.process(FullProcessService.java:34)
	at com.github.vbauer.apkmaster.app.MainApplication.process(MainApplication.java:38)
	at com.github.vbauer.apkmaster.app.MainApplication.main(MainApplication.java:20)
	at sun.reflect.GeneratedMethodAccessor8.invoke(Unknown Source)
	at sun.reflect.DelegatingMethodAccessorImpl.invoke(DelegatingMethodAccessorImpl.java:43)
	at java.lang.reflect.Method.invoke(Method.java:498)
	at com.android.arsenal.util.ReflectionUtils.invoke(ReflectionUtils.java:52)
	at com.android.arsenal.util.ApkMasterUtils.main(ApkMasterUtils.java:30)
	at com.android.arsenal.service.processor.impl.BuildProcessorServiceImpl.buildProject(BuildProcessorServiceImpl.java:196)
	at com.android.arsenal.service.processor.impl.BuildProcessorServiceImpl.build(BuildProcessorServiceImpl.java:130)
	at com.android.arsenal.service.processor.impl.BuildProcessorServiceImpl.lambda$null$1(BuildProcessorServiceImpl.java:113)
	at java.util.concurrent.FutureTask.run(FutureTask.java:266)
	at java.util.concurrent.Executors$RunnableAdapter.call(Executors.java:511)
	at java.util.concurrent.FutureTask.run(FutureTask.java:266)
	at java.util.concurrent.ThreadPoolExecutor.runWorker(ThreadPoolExecutor.java:1149)
	at java.util.concurrent.ThreadPoolExecutor$Worker.run(ThreadPoolExecutor.java:624)
	at java.lang.Thread.run(Thread.java:748)
2019-04-05 14:30:04,128 INFO  SysUtils - Skipping JVM build
Configuration on demand is an incubating feature.

> Configure project :kluent-native
feature GRADLE_METADATA is not enabled: publication is disabled

> Task :kluent-native:assemble UP-TO-DATE
> Task :kluent-native:checkKonanCompiler

> Task :kluent-native:compileKonanKluent-nativeMacos_x64
/private/var/folders/bq/vtzpc5ns5sg2cthy61lqpg3dfzgbys/T/1554449164978-0/src/native/src/main/kotlin/org/amshove/kluent/internal/Platform.kt:3:24: error: actual function 'platformClassName' has no corresponding expected declaration
actual fun <T : Any> T.platformClassName(): String? = this::class.qualifiedName
                       ^
/private/var/folders/bq/vtzpc5ns5sg2cthy61lqpg3dfzgbys/T/1554449164978-0/src/native/src/main/kotlin/org/amshove/kluent/internal/Platform.kt:6:30: error: actual function 'platformJoinStackTrace' has no corresponding expected declaration
actual fun <T : Throwable> T.platformJoinStackTrace(): String = "<no stacktrace on native yet>"
                             ^
/private/var/folders/bq/vtzpc5ns5sg2cthy61lqpg3dfzgbys/T/1554449164978-0/src/native/src/main/kotlin/org/amshove/kluent/internal/Platform.kt:9:26: error: actual function 'platformIsDigit' has no corresponding expected declaration
internal actual fun Char.platformIsDigit(): Boolean = this.toString().matches(Regex("\\d"))
                         ^

> Task :kluent-native:compileKonanKluent-nativeMacos_x64 FAILED

FAILURE: Build failed with an exception.

* What went wrong:
Execution failed for task ':kluent-native:compileKonanKluent-nativeMacos_x64'.
> Process 'command '/Library/Java/JavaVirtualMachines/jdk1.8.0_172.jdk/Contents/Home/bin/java'' finished with non-zero exit value 1

* Try:
Run with --info or --debug option to get more log output. Run with --scan to get full insights.

* Exception is:
org.gradle.api.tasks.TaskExecutionException: Execution failed for task ':kluent-native:compileKonanKluent-nativeMacos_x64'.
	at org.gradle.api.internal.tasks.execution.ExecuteActionsTaskExecuter.executeActions(ExecuteActionsTaskExecuter.java:110)
	at org.gradle.api.internal.tasks.execution.ExecuteActionsTaskExecuter.execute(ExecuteActionsTaskExecuter.java:77)
	at org.gradle.api.internal.tasks.execution.OutputDirectoryCreatingTaskExecuter.execute(OutputDirectoryCreatingTaskExecuter.java:51)
	at org.gradle.api.internal.tasks.execution.SkipUpToDateTaskExecuter.execute(SkipUpToDateTaskExecuter.java:59)
	at org.gradle.api.internal.tasks.execution.ResolveTaskOutputCachingStateExecuter.execute(ResolveTaskOutputCachingStateExecuter.java:54)
	at org.gradle.api.internal.tasks.execution.ValidatingTaskExecuter.execute(ValidatingTaskExecuter.java:59)
	at org.gradle.api.internal.tasks.execution.SkipEmptySourceFilesTaskExecuter.execute(SkipEmptySourceFilesTaskExecuter.java:101)
	at org.gradle.api.internal.tasks.execution.FinalizeInputFilePropertiesTaskExecuter.execute(FinalizeInputFilePropertiesTaskExecuter.java:44)
	at org.gradle.api.internal.tasks.execution.CleanupStaleOutputsExecuter.execute(CleanupStaleOutputsExecuter.java:91)
	at org.gradle.api.internal.tasks.execution.ResolveTaskArtifactStateTaskExecuter.execute(ResolveTaskArtifactStateTaskExecuter.java:62)
	at org.gradle.api.internal.tasks.execution.SkipTaskWithNoActionsExecuter.execute(SkipTaskWithNoActionsExecuter.java:59)
	at org.gradle.api.internal.tasks.execution.SkipOnlyIfTaskExecuter.execute(SkipOnlyIfTaskExecuter.java:54)
	at org.gradle.api.internal.tasks.execution.ExecuteAtMostOnceTaskExecuter.execute(ExecuteAtMostOnceTaskExecuter.java:43)
	at org.gradle.api.internal.tasks.execution.CatchExceptionTaskExecuter.execute(CatchExceptionTaskExecuter.java:34)
	at org.gradle.api.internal.tasks.execution.EventFiringTaskExecuter$1.run(EventFiringTaskExecuter.java:51)
	at org.gradle.internal.operations.DefaultBuildOperationExecutor$RunnableBuildOperationWorker.execute(DefaultBuildOperationExecutor.java:317)
	at org.gradle.internal.operations.DefaultBuildOperationExecutor$RunnableBuildOperationWorker.execute(DefaultBuildOperationExecutor.java:309)
	at org.gradle.internal.operations.DefaultBuildOperationExecutor.execute(DefaultBuildOperationExecutor.java:185)
	at org.gradle.internal.operations.DefaultBuildOperationExecutor.run(DefaultBuildOperationExecutor.java:97)
	at org.gradle.internal.operations.DelegatingBuildOperationExecutor.run(DelegatingBuildOperationExecutor.java:31)
	at org.gradle.api.internal.tasks.execution.EventFiringTaskExecuter.execute(EventFiringTaskExecuter.java:46)
	at org.gradle.execution.taskgraph.DefaultTaskExecutionGraph$ExecuteTaskAction.execute(DefaultTaskExecutionGraph.java:262)
	at org.gradle.execution.taskgraph.DefaultTaskExecutionGraph$ExecuteTaskAction.execute(DefaultTaskExecutionGraph.java:246)
	at org.gradle.execution.taskgraph.DefaultTaskPlanExecutor$TaskExecutorWorker$1.execute(DefaultTaskPlanExecutor.java:136)
	at org.gradle.execution.taskgraph.DefaultTaskPlanExecutor$TaskExecutorWorker$1.execute(DefaultTaskPlanExecutor.java:130)
	at org.gradle.execution.taskgraph.DefaultTaskPlanExecutor$TaskExecutorWorker.execute(DefaultTaskPlanExecutor.java:201)
	at org.gradle.execution.taskgraph.DefaultTaskPlanExecutor$TaskExecutorWorker.executeWithTask(DefaultTaskPlanExecutor.java:192)
	at org.gradle.execution.taskgraph.DefaultTaskPlanExecutor$TaskExecutorWorker.run(DefaultTaskPlanExecutor.java:130)
	at org.gradle.internal.concurrent.ExecutorPolicy$CatchAndRecordFailures.onExecute(ExecutorPolicy.java:63)
	at org.gradle.internal.concurrent.ManagedExecutorImpl$1.run(ManagedExecutorImpl.java:46)
	at org.gradle.internal.concurrent.ThreadFactoryImpl$ManagedThreadRunnable.run(ThreadFactoryImpl.java:55)
Caused by: org.gradle.process.internal.ExecException: Process 'command '/Library/Java/JavaVirtualMachines/jdk1.8.0_172.jdk/Contents/Home/bin/java'' finished with non-zero exit value 1
	at org.gradle.process.internal.DefaultExecHandle$ExecResultImpl.assertNormalExitValue(DefaultExecHandle.java:395)
	at org.gradle.process.internal.DefaultJavaExecAction.execute(DefaultJavaExecAction.java:37)
	at org.gradle.api.internal.file.DefaultFileOperations.javaexec(DefaultFileOperations.java:192)
	at org.gradle.api.internal.project.DefaultProject.javaexec(DefaultProject.java:1087)
	at org.jetbrains.kotlin.gradle.plugin.konan.KonanCliRunner.run(KonanToolRunner.kt:96)
	at shadow.org.jetbrains.kotlin.gradle.plugin.tasks.KonanBuildingTask.run(KonanBuildingTask.kt:55)
	at org.gradle.internal.reflect.JavaMethod.invoke(JavaMethod.java:73)
	at org.gradle.api.internal.project.taskfactory.StandardTaskAction.doExecute(StandardTaskAction.java:46)
	at org.gradle.api.internal.project.taskfactory.StandardTaskAction.execute(StandardTaskAction.java:39)
	at org.gradle.api.internal.project.taskfactory.StandardTaskAction.execute(StandardTaskAction.java:26)
	at org.gradle.api.internal.AbstractTask$TaskActionWrapper.execute(AbstractTask.java:794)
	at org.gradle.api.internal.AbstractTask$TaskActionWrapper.execute(AbstractTask.java:761)
	at org.gradle.api.internal.tasks.execution.ExecuteActionsTaskExecuter$1.run(ExecuteActionsTaskExecuter.java:131)
	at org.gradle.internal.operations.DefaultBuildOperationExecutor$RunnableBuildOperationWorker.execute(DefaultBuildOperationExecutor.java:317)
	at org.gradle.internal.operations.DefaultBuildOperationExecutor$RunnableBuildOperationWorker.execute(DefaultBuildOperationExecutor.java:309)
	at org.gradle.internal.operations.DefaultBuildOperationExecutor.execute(DefaultBuildOperationExecutor.java:185)
	at org.gradle.internal.operations.DefaultBuildOperationExecutor.run(DefaultBuildOperationExecutor.java:97)
	at org.gradle.internal.operations.DelegatingBuildOperationExecutor.run(DelegatingBuildOperationExecutor.java:31)
	at org.gradle.api.internal.tasks.execution.ExecuteActionsTaskExecuter.executeAction(ExecuteActionsTaskExecuter.java:120)
	at org.gradle.api.internal.tasks.execution.ExecuteActionsTaskExecuter.executeActions(ExecuteActionsTaskExecuter.java:99)
	... 30 more


* Get more help at https://help.gradle.org

BUILD FAILED in 6s
2 actionable tasks: 2 executed

2019-04-05 14:30:04,138 ERROR FullProcessService - Project build has not produced APK file
2019-04-05 14:30:04,148 ERROR FullProcessService - Could not find generated or existed APK file
