2018-10-14 16:46:44,507 INFO  DownloadService - Downloading "https://github.com/Yalantis/SearchFilter/archive/master.zip", attempt 3
2018-10-14 16:46:46,807 INFO  DownloadService - Downloaded https://github.com/Yalantis/SearchFilter/archive/master.zip, attempt 3
2018-10-14 16:46:46,807 INFO  DownloadService - Size of file "/var/folders/bq/vtzpc5ns5sg2cthy61lqpg3dfzgbys/T/1539510404503-0/master.zip": 5 MB
2018-10-14 16:46:46,807 INFO  ArchiveUtils - Checking entries [.gradle] in ZIP file...
2018-10-14 16:46:46,814 INFO  ArchiveUtils - Has entries [.gradle] in ZIP file /var/folders/bq/vtzpc5ns5sg2cthy61lqpg3dfzgbys/T/1539510404503-0/master.zip: true
2018-10-14 16:46:46,815 DEBUG ZipUtil - Extracting '/var/folders/bq/vtzpc5ns5sg2cthy61lqpg3dfzgbys/T/1539510404503-0/master.zip' into '/var/folders/bq/vtzpc5ns5sg2cthy61lqpg3dfzgbys/T/1539510404503-0/src'.
2018-10-14 16:46:46,890 INFO  FullProcessService - Size of directory with sources: 5 MB
2018-10-14 16:46:46,890 INFO  SysUtils - Execute command: [git, init, /var/folders/bq/vtzpc5ns5sg2cthy61lqpg3dfzgbys/T/1539510404503-0/src]
2018-10-14 16:46:46,908 INFO  SysUtils - Initialized empty Git repository in /private/var/folders/bq/vtzpc5ns5sg2cthy61lqpg3dfzgbys/T/1539510404503-0/src/.git/

2018-10-14 16:46:46,912 INFO  ProjectBuildService - Gradle wrapper(s): /var/folders/bq/vtzpc5ns5sg2cthy61lqpg3dfzgbys/T/1539510404503-0/src/SearchFilter-master/gradlew
2018-10-14 16:46:46,915 INFO  ProjectBuildService - Build script(s): /var/folders/bq/vtzpc5ns5sg2cthy61lqpg3dfzgbys/T/1539510404503-0/src/SearchFilter-master/app/build.gradle /var/folders/bq/vtzpc5ns5sg2cthy61lqpg3dfzgbys/T/1539510404503-0/src/SearchFilter-master/filter/build.gradle /var/folders/bq/vtzpc5ns5sg2cthy61lqpg3dfzgbys/T/1539510404503-0/src/SearchFilter-master/build.gradle
2018-10-14 16:46:46,919 INFO  ProjectBuildService - All script(s): /var/folders/bq/vtzpc5ns5sg2cthy61lqpg3dfzgbys/T/1539510404503-0/src/SearchFilter-master/app/build.gradle /var/folders/bq/vtzpc5ns5sg2cthy61lqpg3dfzgbys/T/1539510404503-0/src/SearchFilter-master/build.gradle /var/folders/bq/vtzpc5ns5sg2cthy61lqpg3dfzgbys/T/1539510404503-0/src/SearchFilter-master/filter/build.gradle /var/folders/bq/vtzpc5ns5sg2cthy61lqpg3dfzgbys/T/1539510404503-0/src/SearchFilter-master/settings.gradle
2018-10-14 16:46:46,919 INFO  ProjectBuildService - Remote scripts: none
2018-10-14 16:46:46,919 INFO  ProjectFixService - Fixing project...
2018-10-14 16:46:46,926 INFO  LocalPropertiesFixService - Created fake /var/folders/bq/vtzpc5ns5sg2cthy61lqpg3dfzgbys/T/1539510404503-0/src/SearchFilter-master/app/local.properties
2018-10-14 16:46:46,927 INFO  ProjectFixService - Build info for "/var/folders/bq/vtzpc5ns5sg2cthy61lqpg3dfzgbys/T/1539510404503-0/src/SearchFilter-master/app/build.gradle": [buildToolsVersion=24.0.1,compileSdkVersion=24,minSdkVersion=18,targetSdkVersion=24]
2018-10-14 16:46:46,928 INFO  LocalPropertiesFixService - Created fake /var/folders/bq/vtzpc5ns5sg2cthy61lqpg3dfzgbys/T/1539510404503-0/src/SearchFilter-master/filter/local.properties
2018-10-14 16:46:46,928 INFO  ProjectFixService - Build info for "/var/folders/bq/vtzpc5ns5sg2cthy61lqpg3dfzgbys/T/1539510404503-0/src/SearchFilter-master/filter/build.gradle": [buildToolsVersion=24.0.1,compileSdkVersion=24,minSdkVersion=18,targetSdkVersion=24]
2018-10-14 16:46:46,928 INFO  LocalPropertiesFixService - Created fake /var/folders/bq/vtzpc5ns5sg2cthy61lqpg3dfzgbys/T/1539510404503-0/src/SearchFilter-master/local.properties
2018-10-14 16:46:46,929 INFO  WrapperPropertiesFixService - Gradle wrapper: https://services.gradle.org/distributions/gradle-2.14.1-all.zip
2018-10-14 16:46:46,929 INFO  WrapperPropertiesFixService - Gradle wrapper was changed from "-all.zip" to "-bin.zip" (https://services.gradle.org/distributions/gradle-2.14.1-bin.zip)
2018-10-14 16:46:46,930 INFO  ProjectFixService - Build info for "/var/folders/bq/vtzpc5ns5sg2cthy61lqpg3dfzgbys/T/1539510404503-0/src/SearchFilter-master/build.gradle": [buildToolsVersion=24.0.1,compileSdkVersion=24,minSdkVersion=18,targetSdkVersion=24]
2018-10-14 16:46:46,930 INFO  ProjectFixService - Project was maybe fixed
2018-10-14 16:46:46,930 INFO  ProjectTaskService - Detecting possible tasks...
2018-10-14 16:46:46,930 INFO  SysUtils - Execute command: [/var/folders/bq/vtzpc5ns5sg2cthy61lqpg3dfzgbys/T/1539510404503-0/src/SearchFilter-master/gradlew, -b, /var/folders/bq/vtzpc5ns5sg2cthy61lqpg3dfzgbys/T/1539510404503-0/src/SearchFilter-master/app/build.gradle, -Dorg.gradle.daemon=false, -Dorg.gradle.daemon.performance.enable-monitoring=false, -Dorg.gradle.configureondemand=true, tasks]
2018-10-14 16:46:55,602 INFO  ProjectTaskService - Detected possible tasks: 70
2018-10-14 16:46:55,602 INFO  ProjectTaskService - Excluded tasks (19): lintDebug mockableAndroidJar deviceCheck lint testReleaseUnitTest uninstallRelease deviceAndroidTest uninstallDebugAndroidTest installDebugAndroidTest connectedCheck connectedDebugAndroidTest uninstallAll test check testDebugUnitTest connectedAndroidTest installDebug lintRelease uninstallDebug
2018-10-14 16:46:55,602 INFO  SysUtils - Execute command: [/var/folders/bq/vtzpc5ns5sg2cthy61lqpg3dfzgbys/T/1539510404503-0/src/SearchFilter-master/gradlew, -b, /var/folders/bq/vtzpc5ns5sg2cthy61lqpg3dfzgbys/T/1539510404503-0/src/SearchFilter-master/app/build.gradle, -Dorg.gradle.daemon=false, -Dorg.gradle.daemon.performance.enable-monitoring=false, -Dorg.gradle.configureondemand=true, --stacktrace, -x, lintDebug, -x, mockableAndroidJar, -x, deviceCheck, -x, lint, -x, testReleaseUnitTest, -x, uninstallRelease, -x, deviceAndroidTest, -x, uninstallDebugAndroidTest, -x, installDebugAndroidTest, -x, connectedCheck, -x, connectedDebugAndroidTest, -x, uninstallAll, -x, test, -x, check, -x, testDebugUnitTest, -x, connectedAndroidTest, -x, installDebug, -x, lintRelease, -x, uninstallDebug, build]
2018-10-14 16:47:31,149 ERROR SysUtils - Could not process external command
org.apache.commons.exec.ExecuteException: Process exited with an error: 1 (Exit value: 1)
	at org.apache.commons.exec.DefaultExecutor.executeInternal(DefaultExecutor.java:404)
	at org.apache.commons.exec.DefaultExecutor.execute(DefaultExecutor.java:166)
	at com.github.vbauer.apkmaster.util.SysUtils.execute(SysUtils.java:67)
	at com.github.vbauer.apkmaster.util.SysUtils.executeSimple(SysUtils.java:43)
	at com.github.vbauer.apkmaster.service.assembly.ProjectBuildService.buildProject(ProjectBuildService.java:78)
	at com.github.vbauer.apkmaster.service.assembly.ProjectBuildService.buildProject(ProjectBuildService.java:64)
	at com.github.vbauer.apkmaster.service.assembly.ProjectBuildService.buildProject(ProjectBuildService.java:43)
	at com.github.vbauer.apkmaster.service.FullProcessService.build(FullProcessService.java:84)
	at com.github.vbauer.apkmaster.service.FullProcessService.process(FullProcessService.java:34)
	at com.github.vbauer.apkmaster.app.MainApplication.process(MainApplication.java:38)
	at com.github.vbauer.apkmaster.app.MainApplication.main(MainApplication.java:20)
	at sun.reflect.NativeMethodAccessorImpl.invoke0(Native Method)
	at sun.reflect.NativeMethodAccessorImpl.invoke(NativeMethodAccessorImpl.java:62)
	at sun.reflect.DelegatingMethodAccessorImpl.invoke(DelegatingMethodAccessorImpl.java:43)
	at java.lang.reflect.Method.invoke(Method.java:498)
	at com.android.arsenal.util.ReflectionUtils.invoke(ReflectionUtils.java:52)
	at com.android.arsenal.util.ApkMasterUtils.main(ApkMasterUtils.java:30)
	at com.android.arsenal.service.processor.impl.BuildProcessorServiceImpl.buildProject(BuildProcessorServiceImpl.java:196)
	at com.android.arsenal.service.processor.impl.BuildProcessorServiceImpl.build(BuildProcessorServiceImpl.java:130)
	at com.android.arsenal.service.processor.impl.BuildProcessorServiceImpl.lambda$null$1(BuildProcessorServiceImpl.java:113)
	at java.util.concurrent.FutureTask.run(FutureTask.java:266)
	at java.util.concurrent.Executors$RunnableAdapter.call(Executors.java:511)
	at java.util.concurrent.FutureTask.run(FutureTask.java:266)
	at java.util.concurrent.ThreadPoolExecutor.runWorker(ThreadPoolExecutor.java:1149)
	at java.util.concurrent.ThreadPoolExecutor$Worker.run(ThreadPoolExecutor.java:624)
	at java.lang.Thread.run(Thread.java:748)
2018-10-14 16:47:31,149 INFO  SysUtils - Configuration on demand is an incubating feature.
Constructor DefaultSourceDirectorySet(String, FileResolver) has been deprecated and is scheduled to be removed in Gradle 3.0
Incremental java compilation is an incubating feature.
:app:preBuild UP-TO-DATE
:app:preDebugBuild UP-TO-DATE
:app:checkDebugManifest
:app:preReleaseBuild UP-TO-DATE
:filter:preBuild UP-TO-DATE
:filter:preReleaseBuild UP-TO-DATE
:filter:compileReleaseNdk UP-TO-DATE
:filter:compileLint
:filter:copyReleaseLint UP-TO-DATE
:filter:checkReleaseManifest
:filter:preDebugAndroidTestBuild UP-TO-DATE
:filter:preDebugBuild UP-TO-DATE
:filter:preDebugUnitTestBuild UP-TO-DATE
:filter:preReleaseUnitTestBuild UP-TO-DATE
:filter:prepareComAndroidSupportAnimatedVectorDrawable2420Library
:filter:prepareComAndroidSupportAppcompatV72420Library
:filter:prepareComAndroidSupportDesign2420Library
:filter:prepareComAndroidSupportRecyclerviewV72420Library
:filter:prepareComAndroidSupportSupportCompat2420Library
:filter:prepareComAndroidSupportSupportCoreUi2420Library
:filter:prepareComAndroidSupportSupportCoreUtils2420Library
:filter:prepareComAndroidSupportSupportFragment2420Library
:filter:prepareComAndroidSupportSupportMediaCompat2420Library
:filter:prepareComAndroidSupportSupportV42420Library
:filter:prepareComAndroidSupportSupportVectorDrawable2420Library
:filter:prepareReleaseDependencies
:filter:compileReleaseAidl
:filter:compileReleaseRenderscript
:filter:generateReleaseBuildConfig
:filter:mergeReleaseShaders
:filter:compileReleaseShaders
:filter:generateReleaseAssets
:filter:mergeReleaseAssets
:filter:generateReleaseResValues
:filter:generateReleaseResources
:filter:mergeReleaseResources
:filter:processReleaseManifest
:filter:processReleaseResources
:filter:generateReleaseSources
:filter:incrementalReleaseJavaCompilationSafeguard
:filter:compileReleaseKotlin
w: /private/var/folders/bq/vtzpc5ns5sg2cthy61lqpg3dfzgbys/T/1539510404503-0/src/SearchFilter-master/filter/src/main/java/com/yalantis/filter/animator/FiltersListItemAnimator.kt: (194, 13): Name shadowed: fromX
w: /private/var/folders/bq/vtzpc5ns5sg2cthy61lqpg3dfzgbys/T/1539510404503-0/src/SearchFilter-master/filter/src/main/java/com/yalantis/filter/animator/FiltersListItemAnimator.kt: (195, 13): Name shadowed: fromY
w: /private/var/folders/bq/vtzpc5ns5sg2cthy61lqpg3dfzgbys/T/1539510404503-0/src/SearchFilter-master/filter/src/main/java/com/yalantis/filter/widget/Filter.kt: (364, 28): Unchecked cast: java.io.Serializable! to kotlin.collections.List<T>
w: /private/var/folders/bq/vtzpc5ns5sg2cthy61lqpg3dfzgbys/T/1539510404503-0/src/SearchFilter-master/filter/src/main/java/com/yalantis/filter/widget/Filter.kt: (365, 27): Unchecked cast: java.io.Serializable! to kotlin.collections.List<T>
w: /private/var/folders/bq/vtzpc5ns5sg2cthy61lqpg3dfzgbys/T/1539510404503-0/src/SearchFilter-master/filter/src/main/java/com/yalantis/filter/widget/FilterItem.kt: (214, 18): 'setBackgroundDrawable(Drawable!): Unit' is deprecated. Overrides deprecated member in 'android.widget.ImageView'. Deprecated in Java
w: /private/var/folders/bq/vtzpc5ns5sg2cthy61lqpg3dfzgbys/T/1539510404503-0/src/SearchFilter-master/filter/src/main/java/com/yalantis/filter/widget/FilterItem.kt: (215, 19): 'setBackgroundDrawable(Drawable!): Unit' is deprecated. Overrides deprecated member in 'android.widget.ImageView'. Deprecated in Java
:filter:compileReleaseJavaWithJavac
:filter:compileReleaseJavaWithJavac - is not incremental (e.g. outputs have changed, no previous execution, etc.).
:filter:extractReleaseAnnotations
:filter:mergeReleaseProguardFiles
:filter:packageReleaseRenderscript UP-TO-DATE
:filter:packageReleaseResources
:filter:processReleaseJavaRes UP-TO-DATE
:filter:transformResourcesWithMergeJavaResForRelease
:filter:transformClassesAndResourcesWithSyncLibJarsForRelease
:filter:mergeReleaseJniLibFolders
:filter:transformNative_libsWithMergeJniLibsForRelease
:filter:transformNative_libsWithSyncJniLibsForRelease
:filter:bundleRelease
:app:prepareComAndroidSupportAnimatedVectorDrawable2420Library
:app:prepareComAndroidSupportAppcompatV72420Library
:app:prepareComAndroidSupportDesign2420Library
:app:prepareComAndroidSupportRecyclerviewV72420Library
:app:prepareComAndroidSupportSupportCompat2420Library
:app:prepareComAndroidSupportSupportCoreUi2420Library
:app:prepareComAndroidSupportSupportCoreUtils2420Library
:app:prepareComAndroidSupportSupportFragment2420Library
:app:prepareComAndroidSupportSupportMediaCompat2420Library
:app:prepareComAndroidSupportSupportV42420Library
:app:prepareComAndroidSupportSupportVectorDrawable2420Library
:app:prepareComFacebookFrescoDrawee0130Library
:app:prepareComFacebookFrescoFbcore0130Library
:app:prepareComFacebookFrescoFresco0130Library
:app:prepareComFacebookFrescoImagepipeline0130Library
:app:prepareComFacebookFrescoImagepipelineBase0130Library
:app:prepareSearchFilterMasterFilterUnspecifiedLibrary
:app:prepareDebugDependencies
:app:compileDebugAidl
:app:compileDebugRenderscript
:app:generateDebugBuildConfig
:app:mergeDebugShaders
:app:compileDebugShaders
:app:generateDebugAssets
:app:mergeDebugAssets
:app:generateDebugResValues
:app:generateDebugResources
:app:mergeDebugResources
:app:processDebugManifest
:app:processDebugResources
:app:generateDebugSources
:app:incrementalDebugJavaCompilationSafeguard
:app:compileDebugJavaWithJavac
:app:compileDebugJavaWithJavac - is not incremental (e.g. outputs have changed, no previous execution, etc.).
Note: /private/var/folders/bq/vtzpc5ns5sg2cthy61lqpg3dfzgbys/T/1539510404503-0/src/SearchFilter-master/app/src/main/java/com/yalantis/fitfilter/QuestionsAdapter.java uses or overrides a deprecated API.
Note: Recompile with -Xlint:deprecation for details.
Note: /private/var/folders/bq/vtzpc5ns5sg2cthy61lqpg3dfzgbys/T/1539510404503-0/src/SearchFilter-master/app/src/main/java/com/yalantis/fitfilter/ExampleActivity.java uses unchecked or unsafe operations.
Note: Recompile with -Xlint:unchecked for details.
:app:compileDebugNdk UP-TO-DATE
:app:compileDebugSources
:app:prePackageMarkerForDebug
:app:transformClassesWithDexForDebug
Result compacted from 5694.0KiB to 4280.8KiB to save 1413.1KiB
Merged dex #1 (41 defs/76.5KiB)
Merged dex #2 (36 defs/34.3KiB)
Merged dex #3 (5 defs/15.3KiB)
Merged dex #4 (357 defs/579.7KiB)
Merged dex #5 (186 defs/280.4KiB)
Merged dex #6 (148 defs/325.1KiB)
Merged dex #7 (449 defs/471.7KiB)
Merged dex #8 (135 defs/248.9KiB)
Merged dex #9 (53 defs/75.9KiB)
Merged dex #10 (57 defs/148.3KiB)
Merged dex #11 (144 defs/179.1KiB)
Merged dex #12 (1 defs/0.7KiB)
Merged dex #13 (17 defs/48.5KiB)
Merged dex #14 (77 defs/117.2KiB)
Merged dex #15 (111 defs/107.3KiB)
Merged dex #16 (7 defs/14.7KiB)
Merged dex #17 (236 defs/255.9KiB)
Merged dex #18 (110 defs/105.5KiB)
Merged dex #19 (82 defs/189.9KiB)
Merged dex #20 (249 defs/186.4KiB)
Merged dex #21 (10 defs/15.2KiB)
Merged dex #22 (73 defs/58.2KiB)
Merged dex #23 (8 defs/8.3KiB)
Merged dex #24 (17 defs/28.5KiB)
Merged dex #25 (202 defs/134.7KiB)
Merged dex #26 (296 defs/963.5KiB)
Merged dex #27 (46 defs/7.4KiB)
Result is 3153 defs/4280.8KiB. Took 0.6s
:app:mergeDebugJniLibFolders
:app:transformNative_libsWithMergeJniLibsForDebug
:app:processDebugJavaRes UP-TO-DATE
:app:transformResourcesWithMergeJavaResForDebug
:app:validateDebugSigning
:app:packageDebug
:app:zipalignDebug
:app:assembleDebug
:app:checkReleaseManifest
:app:prepareReleaseDependencies
:app:compileReleaseAidl
:app:compileReleaseRenderscript
:app:generateReleaseBuildConfig
:app:mergeReleaseShaders
:app:compileReleaseShaders
:app:generateReleaseAssets
:app:mergeReleaseAssets
:app:generateReleaseResValues
:app:generateReleaseResources
:app:mergeReleaseResources
:app:processReleaseManifest
:app:processReleaseResources
:app:generateReleaseSources
:app:incrementalReleaseJavaCompilationSafeguard
:app:compileReleaseJavaWithJavac
:app:compileReleaseJavaWithJavac - is not incremental (e.g. outputs have changed, no previous execution, etc.).
Note: /private/var/folders/bq/vtzpc5ns5sg2cthy61lqpg3dfzgbys/T/1539510404503-0/src/SearchFilter-master/app/src/main/java/com/yalantis/fitfilter/QuestionsAdapter.java uses or overrides a deprecated API.
Note: Recompile with -Xlint:deprecation for details.
Note: /private/var/folders/bq/vtzpc5ns5sg2cthy61lqpg3dfzgbys/T/1539510404503-0/src/SearchFilter-master/app/src/main/java/com/yalantis/fitfilter/ExampleActivity.java uses unchecked or unsafe operations.
Note: Recompile with -Xlint:unchecked for details.
:app:compileReleaseNdk UP-TO-DATE
:app:compileReleaseSources
:app:lintVitalRelease FAILED

FAILURE: Build failed with an exception.

* What went wrong:
Execution failed for task ':app:lintVitalRelease'.
> No toolchains found in the NDK toolchains folder for ABI with prefix: mipsel-linux-android

* Try:
Run with --info or --debug option to get more log output.

* Exception is:
org.gradle.api.tasks.TaskExecutionException: Execution failed for task ':app:lintVitalRelease'.
	at org.gradle.api.internal.tasks.execution.ExecuteActionsTaskExecuter.executeActions(ExecuteActionsTaskExecuter.java:69)
	at org.gradle.api.internal.tasks.execution.ExecuteActionsTaskExecuter.execute(ExecuteActionsTaskExecuter.java:46)
	at org.gradle.api.internal.tasks.execution.PostExecutionAnalysisTaskExecuter.execute(PostExecutionAnalysisTaskExecuter.java:35)
	at org.gradle.api.internal.tasks.execution.SkipUpToDateTaskExecuter.execute(SkipUpToDateTaskExecuter.java:66)
	at org.gradle.api.internal.tasks.execution.ValidatingTaskExecuter.execute(ValidatingTaskExecuter.java:58)
	at org.gradle.api.internal.tasks.execution.SkipEmptySourceFilesTaskExecuter.execute(SkipEmptySourceFilesTaskExecuter.java:52)
	at org.gradle.api.internal.tasks.execution.SkipTaskWithNoActionsExecuter.execute(SkipTaskWithNoActionsExecuter.java:52)
	at org.gradle.api.internal.tasks.execution.SkipOnlyIfTaskExecuter.execute(SkipOnlyIfTaskExecuter.java:53)
	at org.gradle.api.internal.tasks.execution.ExecuteAtMostOnceTaskExecuter.execute(ExecuteAtMostOnceTaskExecuter.java:43)
	at org.gradle.execution.taskgraph.DefaultTaskGraphExecuter$EventFiringTaskWorker.execute(DefaultTaskGraphExecuter.java:203)
	at org.gradle.execution.taskgraph.DefaultTaskGraphExecuter$EventFiringTaskWorker.execute(DefaultTaskGraphExecuter.java:185)
	at org.gradle.execution.taskgraph.AbstractTaskPlanExecutor$TaskExecutorWorker.processTask(AbstractTaskPlanExecutor.java:66)
	at org.gradle.execution.taskgraph.AbstractTaskPlanExecutor$TaskExecutorWorker.run(AbstractTaskPlanExecutor.java:50)
	at org.gradle.execution.taskgraph.DefaultTaskPlanExecutor.process(DefaultTaskPlanExecutor.java:25)
	at org.gradle.execution.taskgraph.DefaultTaskGraphExecuter.execute(DefaultTaskGraphExecuter.java:110)
	at org.gradle.execution.SelectedTaskExecutionAction.execute(SelectedTaskExecutionAction.java:37)
	at org.gradle.execution.DefaultBuildExecuter.execute(DefaultBuildExecuter.java:37)
	at org.gradle.execution.DefaultBuildExecuter.access$000(DefaultBuildExecuter.java:23)
	at org.gradle.execution.DefaultBuildExecuter$1.proceed(DefaultBuildExecuter.java:43)
	at org.gradle.execution.DryRunBuildExecutionAction.execute(DryRunBuildExecutionAction.java:32)
	at org.gradle.execution.DefaultBuildExecuter.execute(DefaultBuildExecuter.java:37)
	at org.gradle.execution.DefaultBuildExecuter.execute(DefaultBuildExecuter.java:30)
	at org.gradle.initialization.DefaultGradleLauncher$4.run(DefaultGradleLauncher.java:153)
	at org.gradle.internal.Factories$1.create(Factories.java:22)
	at org.gradle.internal.progress.DefaultBuildOperationExecutor.run(DefaultBuildOperationExecutor.java:91)
	at org.gradle.internal.progress.DefaultBuildOperationExecutor.run(DefaultBuildOperationExecutor.java:53)
	at org.gradle.initialization.DefaultGradleLauncher.doBuildStages(DefaultGradleLauncher.java:150)
	at org.gradle.initialization.DefaultGradleLauncher.access$200(DefaultGradleLauncher.java:32)
	at org.gradle.initialization.DefaultGradleLauncher$1.create(DefaultGradleLauncher.java:98)
	at org.gradle.initialization.DefaultGradleLauncher$1.create(DefaultGradleLauncher.java:92)
	at org.gradle.internal.progress.DefaultBuildOperationExecutor.run(DefaultBuildOperationExecutor.java:91)
	at org.gradle.internal.progress.DefaultBuildOperationExecutor.run(DefaultBuildOperationExecutor.java:63)
	at org.gradle.initialization.DefaultGradleLauncher.doBuild(DefaultGradleLauncher.java:92)
	at org.gradle.initialization.DefaultGradleLauncher.run(DefaultGradleLauncher.java:83)
	at org.gradle.launcher.exec.InProcessBuildActionExecuter$DefaultBuildController.run(InProcessBuildActionExecuter.java:99)
	at org.gradle.tooling.internal.provider.ExecuteBuildActionRunner.run(ExecuteBuildActionRunner.java:28)
	at org.gradle.launcher.exec.ChainingBuildActionRunner.run(ChainingBuildActionRunner.java:35)
	at org.gradle.launcher.exec.InProcessBuildActionExecuter.execute(InProcessBuildActionExecuter.java:48)
	at org.gradle.launcher.exec.InProcessBuildActionExecuter.execute(InProcessBuildActionExecuter.java:30)
	at org.gradle.launcher.exec.ContinuousBuildActionExecuter.execute(ContinuousBuildActionExecuter.java:81)
	at org.gradle.launcher.exec.ContinuousBuildActionExecuter.execute(ContinuousBuildActionExecuter.java:46)
	at org.gradle.launcher.exec.DaemonUsageSuggestingBuildActionExecuter.execute(DaemonUsageSuggestingBuildActionExecuter.java:51)
	at org.gradle.launcher.exec.DaemonUsageSuggestingBuildActionExecuter.execute(DaemonUsageSuggestingBuildActionExecuter.java:28)
	at org.gradle.launcher.cli.RunBuildAction.run(RunBuildAction.java:43)
	at org.gradle.internal.Actions$RunnableActionAdapter.execute(Actions.java:173)
	at org.gradle.launcher.cli.CommandLineActionFactory$ParseAndBuildAction.execute(CommandLineActionFactory.java:239)
	at org.gradle.launcher.cli.CommandLineActionFactory$ParseAndBuildAction.execute(CommandLineActionFactory.java:212)
	at org.gradle.launcher.cli.JavaRuntimeValidationAction.execute(JavaRuntimeValidationAction.java:35)
	at org.gradle.launcher.cli.JavaRuntimeValidationAction.execute(JavaRuntimeValidationAction.java:24)
	at org.gradle.launcher.cli.ExceptionReportingAction.execute(ExceptionReportingAction.java:33)
	at org.gradle.launcher.cli.ExceptionReportingAction.execute(ExceptionReportingAction.java:22)
	at org.gradle.launcher.cli.CommandLineActionFactory$WithLogging.execute(CommandLineActionFactory.java:205)
	at org.gradle.launcher.cli.CommandLineActionFactory$WithLogging.execute(CommandLineActionFactory.java:169)
	at org.gradle.launcher.Main.doAction(Main.java:33)
	at org.gradle.launcher.bootstrap.EntryPoint.run(EntryPoint.java:45)
	at org.gradle.launcher.bootstrap.ProcessBootstrap.runNoExit(ProcessBootstrap.java:55)
	at org.gradle.launcher.bootstrap.ProcessBootstrap.run(ProcessBootstrap.java:36)
	at org.gradle.launcher.GradleMain.main(GradleMain.java:23)
	at org.gradle.wrapper.BootstrapMainStarter.start(BootstrapMainStarter.java:30)
	at org.gradle.wrapper.WrapperExecutor.execute(WrapperExecutor.java:129)
	at org.gradle.wrapper.GradleWrapperMain.main(GradleWrapperMain.java:61)
Caused by: java.lang.RuntimeException: No toolchains found in the NDK toolchains folder for ABI with prefix: mipsel-linux-android
	at com.android.build.gradle.internal.NdkHandler.getDefaultToolchainVersion(NdkHandler.java:375)
	at com.android.build.gradle.internal.NdkHandler.getToolchainPath(NdkHandler.java:273)
	at com.android.build.gradle.internal.NdkHandler.getCCompiler(NdkHandler.java:461)
	at com.android.build.gradle.internal.model.ModelBuilder.createNativeToolchainModelMap(ModelBuilder.java:227)
	at com.android.build.gradle.internal.model.ModelBuilder.buildAll(ModelBuilder.java:166)
	at org.gradle.tooling.provider.model.ToolingModelBuilder$buildAll.call(Unknown Source)
	at com.android.build.gradle.tasks.Lint.createAndroidProject(Lint.groovy:256)
	at com.android.build.gradle.tasks.Lint.lint(Lint.groovy:73)
	at org.gradle.internal.reflect.JavaMethod.invoke(JavaMethod.java:75)
	at org.gradle.api.internal.project.taskfactory.AnnotationProcessingTaskFactory$StandardTaskAction.doExecute(AnnotationProcessingTaskFactory.java:228)
	at org.gradle.api.internal.project.taskfactory.AnnotationProcessingTaskFactory$StandardTaskAction.execute(AnnotationProcessingTaskFactory.java:221)
	at org.gradle.api.internal.project.taskfactory.AnnotationProcessingTaskFactory$StandardTaskAction.execute(AnnotationProcessingTaskFactory.java:210)
	at org.gradle.api.internal.AbstractTask$TaskActionWrapper.execute(AbstractTask.java:621)
	at org.gradle.api.internal.AbstractTask$TaskActionWrapper.execute(AbstractTask.java:604)
	at org.gradle.api.internal.tasks.execution.ExecuteActionsTaskExecuter.executeAction(ExecuteActionsTaskExecuter.java:80)
	at org.gradle.api.internal.tasks.execution.ExecuteActionsTaskExecuter.executeActions(ExecuteActionsTaskExecuter.java:61)
	... 60 more


BUILD FAILED

Total time: 34.413 secs

2018-10-14 16:47:31,251 INFO  FullProcessService - Found APK file: /var/folders/bq/vtzpc5ns5sg2cthy61lqpg3dfzgbys/T/1539510404503-0/src/SearchFilter-master/app/build/outputs/apk/app-debug.apk
