2019-04-06 18:13:07,457 INFO  DownloadService - Downloading "https://github.com/PuffOpenSource/Puff-Android/archive/master.zip", attempt 3
2019-04-06 18:13:10,683 INFO  DownloadService - Downloaded https://github.com/PuffOpenSource/Puff-Android/archive/master.zip, attempt 3
2019-04-06 18:13:10,683 INFO  DownloadService - Size of file "/var/folders/bq/vtzpc5ns5sg2cthy61lqpg3dfzgbys/T/1554549187453-0/master.zip": 1 MB
2019-04-06 18:13:10,683 INFO  ArchiveUtils - Checking entries [.gradle] in ZIP file...
2019-04-06 18:13:10,690 INFO  ArchiveUtils - Has entries [.gradle] in ZIP file /var/folders/bq/vtzpc5ns5sg2cthy61lqpg3dfzgbys/T/1554549187453-0/master.zip: true
2019-04-06 18:13:10,690 DEBUG ZipUtil - Extracting '/var/folders/bq/vtzpc5ns5sg2cthy61lqpg3dfzgbys/T/1554549187453-0/master.zip' into '/var/folders/bq/vtzpc5ns5sg2cthy61lqpg3dfzgbys/T/1554549187453-0/src'.
2019-04-06 18:13:10,798 INFO  FullProcessService - Size of directory with sources: 1 MB
2019-04-06 18:13:10,798 INFO  SysUtils - Execute command: [git, init, /var/folders/bq/vtzpc5ns5sg2cthy61lqpg3dfzgbys/T/1554549187453-0/src]
2019-04-06 18:13:10,817 INFO  SysUtils - Initialized empty Git repository in /private/var/folders/bq/vtzpc5ns5sg2cthy61lqpg3dfzgbys/T/1554549187453-0/src/.git/

2019-04-06 18:13:10,826 INFO  ProjectBuildService - Gradle wrapper(s): /var/folders/bq/vtzpc5ns5sg2cthy61lqpg3dfzgbys/T/1554549187453-0/src/Puff-Android-master/gradlew
2019-04-06 18:13:10,836 INFO  ProjectBuildService - Build script(s): /var/folders/bq/vtzpc5ns5sg2cthy61lqpg3dfzgbys/T/1554549187453-0/src/Puff-Android-master/app/build.gradle /var/folders/bq/vtzpc5ns5sg2cthy61lqpg3dfzgbys/T/1554549187453-0/src/Puff-Android-master/material-intro/build.gradle /var/folders/bq/vtzpc5ns5sg2cthy61lqpg3dfzgbys/T/1554549187453-0/src/Puff-Android-master/build.gradle
2019-04-06 18:13:10,846 INFO  ProjectBuildService - All script(s): /var/folders/bq/vtzpc5ns5sg2cthy61lqpg3dfzgbys/T/1554549187453-0/src/Puff-Android-master/app/build.gradle /var/folders/bq/vtzpc5ns5sg2cthy61lqpg3dfzgbys/T/1554549187453-0/src/Puff-Android-master/build.gradle /var/folders/bq/vtzpc5ns5sg2cthy61lqpg3dfzgbys/T/1554549187453-0/src/Puff-Android-master/material-intro/build.gradle /var/folders/bq/vtzpc5ns5sg2cthy61lqpg3dfzgbys/T/1554549187453-0/src/Puff-Android-master/settings.gradle
2019-04-06 18:13:10,846 INFO  ProjectBuildService - Remote scripts: none
2019-04-06 18:13:10,846 INFO  ProjectFixService - Fixing project...
2019-04-06 18:13:10,867 INFO  LocalPropertiesFixService - Created fake /var/folders/bq/vtzpc5ns5sg2cthy61lqpg3dfzgbys/T/1554549187453-0/src/Puff-Android-master/app/local.properties
2019-04-06 18:13:10,868 INFO  ProjectFixService - Build info for "/var/folders/bq/vtzpc5ns5sg2cthy61lqpg3dfzgbys/T/1554549187453-0/src/Puff-Android-master/app/build.gradle": [buildToolsVersion=24.0.0,compileSdkVersion=24,minSdkVersion=16,targetSdkVersion=24]
2019-04-06 18:13:10,868 INFO  LocalPropertiesFixService - Created fake /var/folders/bq/vtzpc5ns5sg2cthy61lqpg3dfzgbys/T/1554549187453-0/src/Puff-Android-master/material-intro/local.properties
2019-04-06 18:13:10,869 INFO  ProjectFixService - Build info for "/var/folders/bq/vtzpc5ns5sg2cthy61lqpg3dfzgbys/T/1554549187453-0/src/Puff-Android-master/material-intro/build.gradle": [buildToolsVersion=23.0.2,compileSdkVersion=23,minSdkVersion=15,targetSdkVersion=23]
2019-04-06 18:13:10,869 INFO  LocalPropertiesFixService - Created fake /var/folders/bq/vtzpc5ns5sg2cthy61lqpg3dfzgbys/T/1554549187453-0/src/Puff-Android-master/local.properties
2019-04-06 18:13:10,870 INFO  WrapperPropertiesFixService - Gradle wrapper: https://services.gradle.org/distributions/gradle-2.14.1-all.zip
2019-04-06 18:13:10,870 INFO  WrapperPropertiesFixService - Gradle wrapper was changed from "-all.zip" to "-bin.zip" (https://services.gradle.org/distributions/gradle-2.14.1-bin.zip)
2019-04-06 18:13:10,871 INFO  ProjectFixService - Build info for "/var/folders/bq/vtzpc5ns5sg2cthy61lqpg3dfzgbys/T/1554549187453-0/src/Puff-Android-master/build.gradle": [buildToolsVersion=24.0.0,compileSdkVersion=24,minSdkVersion=16,targetSdkVersion=24]
2019-04-06 18:13:10,871 INFO  ProjectFixService - Project was maybe fixed
2019-04-06 18:13:10,871 INFO  ProjectTaskService - Detecting possible tasks...
2019-04-06 18:13:10,871 INFO  SysUtils - Execute command: [/var/folders/bq/vtzpc5ns5sg2cthy61lqpg3dfzgbys/T/1554549187453-0/src/Puff-Android-master/gradlew, -b, /var/folders/bq/vtzpc5ns5sg2cthy61lqpg3dfzgbys/T/1554549187453-0/src/Puff-Android-master/app/build.gradle, -Dorg.gradle.daemon=false, -Dorg.gradle.daemon.performance.enable-monitoring=false, -Dorg.gradle.configureondemand=true, tasks]
2019-04-06 18:13:19,483 ERROR ProjectTaskService - Could not detect possible Gradle tasks: Process exited with an error: 1 (Exit value: 1)
2019-04-06 18:13:19,483 INFO  ProjectTaskService - Detected possible tasks: 0
2019-04-06 18:13:19,483 INFO  ProjectTaskService - Excluded tasks (0): none
2019-04-06 18:13:19,483 INFO  SysUtils - Execute command: [/var/folders/bq/vtzpc5ns5sg2cthy61lqpg3dfzgbys/T/1554549187453-0/src/Puff-Android-master/gradlew, -b, /var/folders/bq/vtzpc5ns5sg2cthy61lqpg3dfzgbys/T/1554549187453-0/src/Puff-Android-master/app/build.gradle, -Dorg.gradle.daemon=false, -Dorg.gradle.daemon.performance.enable-monitoring=false, -Dorg.gradle.configureondemand=true, --stacktrace, build]
2019-04-06 18:13:24,852 ERROR SysUtils - Could not process external command
org.apache.commons.exec.ExecuteException: Process exited with an error: 1 (Exit value: 1)
	at org.apache.commons.exec.DefaultExecutor.executeInternal(DefaultExecutor.java:404)
	at org.apache.commons.exec.DefaultExecutor.execute(DefaultExecutor.java:166)
	at com.github.vbauer.apkmaster.util.SysUtils.execute(SysUtils.java:67)
	at com.github.vbauer.apkmaster.util.SysUtils.executeSimple(SysUtils.java:43)
	at com.github.vbauer.apkmaster.service.assembly.ProjectBuildService.buildProject(ProjectBuildService.java:78)
	at com.github.vbauer.apkmaster.service.assembly.ProjectBuildService.buildProject(ProjectBuildService.java:64)
	at com.github.vbauer.apkmaster.service.assembly.ProjectBuildService.buildProject(ProjectBuildService.java:43)
	at com.github.vbauer.apkmaster.service.FullProcessService.build(FullProcessService.java:84)
	at com.github.vbauer.apkmaster.service.FullProcessService.process(FullProcessService.java:34)
	at com.github.vbauer.apkmaster.app.MainApplication.process(MainApplication.java:38)
	at com.github.vbauer.apkmaster.app.MainApplication.main(MainApplication.java:20)
	at sun.reflect.NativeMethodAccessorImpl.invoke0(Native Method)
	at sun.reflect.NativeMethodAccessorImpl.invoke(NativeMethodAccessorImpl.java:62)
	at sun.reflect.DelegatingMethodAccessorImpl.invoke(DelegatingMethodAccessorImpl.java:43)
	at java.lang.reflect.Method.invoke(Method.java:498)
	at com.android.arsenal.util.ReflectionUtils.invoke(ReflectionUtils.java:52)
	at com.android.arsenal.util.ApkMasterUtils.main(ApkMasterUtils.java:30)
	at com.android.arsenal.service.processor.impl.BuildProcessorServiceImpl.buildProject(BuildProcessorServiceImpl.java:196)
	at com.android.arsenal.service.processor.impl.BuildProcessorServiceImpl.build(BuildProcessorServiceImpl.java:130)
	at com.android.arsenal.service.processor.impl.BuildProcessorServiceImpl.lambda$null$1(BuildProcessorServiceImpl.java:113)
	at java.util.concurrent.FutureTask.run(FutureTask.java:266)
	at java.util.concurrent.Executors$RunnableAdapter.call(Executors.java:511)
	at java.util.concurrent.FutureTask.run(FutureTask.java:266)
	at java.util.concurrent.ThreadPoolExecutor.runWorker(ThreadPoolExecutor.java:1149)
	at java.util.concurrent.ThreadPoolExecutor$Worker.run(ThreadPoolExecutor.java:624)
	at java.lang.Thread.run(Thread.java:748)
2019-04-06 18:13:24,852 INFO  SysUtils - Configuration on demand is an incubating feature.
Incremental java compilation is an incubating feature.

FAILURE: Build failed with an exception.

* What went wrong:
A problem occurred configuring project ':app'.
> Could not find support-compat.aar (com.android.support:support-compat:24.2.1).
  Searched in the following locations:
      https://jcenter.bintray.com/com/android/support/support-compat/24.2.1/support-compat-24.2.1.aar

* Try:
Run with --info or --debug option to get more log output.

* Exception is:
org.gradle.api.ProjectConfigurationException: A problem occurred configuring project ':app'.
	at org.gradle.configuration.project.LifecycleProjectEvaluator.addConfigurationFailure(LifecycleProjectEvaluator.java:79)
	at org.gradle.configuration.project.LifecycleProjectEvaluator.notifyAfterEvaluate(LifecycleProjectEvaluator.java:74)
	at org.gradle.configuration.project.LifecycleProjectEvaluator.evaluate(LifecycleProjectEvaluator.java:61)
	at org.gradle.api.internal.project.AbstractProject.evaluate(AbstractProject.java:540)
	at org.gradle.api.internal.project.AbstractProject.evaluate(AbstractProject.java:93)
	at org.gradle.execution.TaskPathProjectEvaluator.configureHierarchy(TaskPathProjectEvaluator.java:42)
	at org.gradle.execution.TaskSelector.getSelection(TaskSelector.java:84)
	at org.gradle.execution.TaskSelector.getSelection(TaskSelector.java:75)
	at org.gradle.execution.commandline.CommandLineTaskParser.parseTasks(CommandLineTaskParser.java:42)
	at org.gradle.execution.TaskNameResolvingBuildConfigurationAction.configure(TaskNameResolvingBuildConfigurationAction.java:44)
	at org.gradle.execution.DefaultBuildConfigurationActionExecuter.configure(DefaultBuildConfigurationActionExecuter.java:48)
	at org.gradle.execution.DefaultBuildConfigurationActionExecuter.access$000(DefaultBuildConfigurationActionExecuter.java:25)
	at org.gradle.execution.DefaultBuildConfigurationActionExecuter$1.proceed(DefaultBuildConfigurationActionExecuter.java:54)
	at org.gradle.execution.DefaultTasksBuildExecutionAction.configure(DefaultTasksBuildExecutionAction.java:44)
	at org.gradle.execution.DefaultBuildConfigurationActionExecuter.configure(DefaultBuildConfigurationActionExecuter.java:48)
	at org.gradle.execution.DefaultBuildConfigurationActionExecuter.access$000(DefaultBuildConfigurationActionExecuter.java:25)
	at org.gradle.execution.DefaultBuildConfigurationActionExecuter$1.proceed(DefaultBuildConfigurationActionExecuter.java:54)
	at org.gradle.execution.ExcludedTaskFilteringBuildConfigurationAction.configure(ExcludedTaskFilteringBuildConfigurationAction.java:47)
	at org.gradle.execution.DefaultBuildConfigurationActionExecuter.configure(DefaultBuildConfigurationActionExecuter.java:48)
	at org.gradle.execution.DefaultBuildConfigurationActionExecuter.select(DefaultBuildConfigurationActionExecuter.java:36)
	at org.gradle.initialization.DefaultGradleLauncher$3.run(DefaultGradleLauncher.java:142)
	at org.gradle.internal.Factories$1.create(Factories.java:22)
	at org.gradle.internal.progress.DefaultBuildOperationExecutor.run(DefaultBuildOperationExecutor.java:91)
	at org.gradle.internal.progress.DefaultBuildOperationExecutor.run(DefaultBuildOperationExecutor.java:53)
	at org.gradle.initialization.DefaultGradleLauncher.doBuildStages(DefaultGradleLauncher.java:139)
	at org.gradle.initialization.DefaultGradleLauncher.access$200(DefaultGradleLauncher.java:32)
	at org.gradle.initialization.DefaultGradleLauncher$1.create(DefaultGradleLauncher.java:98)
	at org.gradle.initialization.DefaultGradleLauncher$1.create(DefaultGradleLauncher.java:92)
	at org.gradle.internal.progress.DefaultBuildOperationExecutor.run(DefaultBuildOperationExecutor.java:91)
	at org.gradle.internal.progress.DefaultBuildOperationExecutor.run(DefaultBuildOperationExecutor.java:63)
	at org.gradle.initialization.DefaultGradleLauncher.doBuild(DefaultGradleLauncher.java:92)
	at org.gradle.initialization.DefaultGradleLauncher.run(DefaultGradleLauncher.java:83)
	at org.gradle.launcher.exec.InProcessBuildActionExecuter$DefaultBuildController.run(InProcessBuildActionExecuter.java:99)
	at org.gradle.tooling.internal.provider.ExecuteBuildActionRunner.run(ExecuteBuildActionRunner.java:28)
	at org.gradle.launcher.exec.ChainingBuildActionRunner.run(ChainingBuildActionRunner.java:35)
	at org.gradle.launcher.exec.InProcessBuildActionExecuter.execute(InProcessBuildActionExecuter.java:48)
	at org.gradle.launcher.exec.InProcessBuildActionExecuter.execute(InProcessBuildActionExecuter.java:30)
	at org.gradle.launcher.exec.ContinuousBuildActionExecuter.execute(ContinuousBuildActionExecuter.java:81)
	at org.gradle.launcher.exec.ContinuousBuildActionExecuter.execute(ContinuousBuildActionExecuter.java:46)
	at org.gradle.launcher.exec.DaemonUsageSuggestingBuildActionExecuter.execute(DaemonUsageSuggestingBuildActionExecuter.java:51)
	at org.gradle.launcher.exec.DaemonUsageSuggestingBuildActionExecuter.execute(DaemonUsageSuggestingBuildActionExecuter.java:28)
	at org.gradle.launcher.cli.RunBuildAction.run(RunBuildAction.java:43)
	at org.gradle.internal.Actions$RunnableActionAdapter.execute(Actions.java:173)
	at org.gradle.launcher.cli.CommandLineActionFactory$ParseAndBuildAction.execute(CommandLineActionFactory.java:239)
	at org.gradle.launcher.cli.CommandLineActionFactory$ParseAndBuildAction.execute(CommandLineActionFactory.java:212)
	at org.gradle.launcher.cli.JavaRuntimeValidationAction.execute(JavaRuntimeValidationAction.java:35)
	at org.gradle.launcher.cli.JavaRuntimeValidationAction.execute(JavaRuntimeValidationAction.java:24)
	at org.gradle.launcher.cli.ExceptionReportingAction.execute(ExceptionReportingAction.java:33)
	at org.gradle.launcher.cli.ExceptionReportingAction.execute(ExceptionReportingAction.java:22)
	at org.gradle.launcher.cli.CommandLineActionFactory$WithLogging.execute(CommandLineActionFactory.java:205)
	at org.gradle.launcher.cli.CommandLineActionFactory$WithLogging.execute(CommandLineActionFactory.java:169)
	at org.gradle.launcher.Main.doAction(Main.java:33)
	at org.gradle.launcher.bootstrap.EntryPoint.run(EntryPoint.java:45)
	at org.gradle.launcher.bootstrap.ProcessBootstrap.runNoExit(ProcessBootstrap.java:55)
	at org.gradle.launcher.bootstrap.ProcessBootstrap.run(ProcessBootstrap.java:36)
	at org.gradle.launcher.GradleMain.main(GradleMain.java:23)
	at org.gradle.wrapper.BootstrapMainStarter.start(BootstrapMainStarter.java:30)
	at org.gradle.wrapper.WrapperExecutor.execute(WrapperExecutor.java:129)
	at org.gradle.wrapper.GradleWrapperMain.main(GradleWrapperMain.java:61)
Caused by: org.gradle.internal.resolve.ArtifactNotFoundException: Could not find support-compat.aar (com.android.support:support-compat:24.2.1).
Searched in the following locations:
    https://jcenter.bintray.com/com/android/support/support-compat/24.2.1/support-compat-24.2.1.aar
	at org.gradle.internal.resolve.result.DefaultBuildableArtifactResolveResult.notFound(DefaultBuildableArtifactResolveResult.java:38)
	at org.gradle.api.internal.artifacts.ivyservice.ivyresolve.CachingModuleComponentRepository$LocateInCacheRepositoryAccess.resolveArtifactFromCache(CachingModuleComponentRepository.java:260)
	at org.gradle.api.internal.artifacts.ivyservice.ivyresolve.CachingModuleComponentRepository$LocateInCacheRepositoryAccess.resolveArtifact(CachingModuleComponentRepository.java:244)
	at org.gradle.api.internal.artifacts.ivyservice.ivyresolve.BaseModuleComponentRepositoryAccess.resolveArtifact(BaseModuleComponentRepositoryAccess.java:54)
	at org.gradle.api.internal.artifacts.ivyservice.ivyresolve.memcache.InMemoryCachedModuleComponentRepository$CachedAccess.resolveArtifact(InMemoryCachedModuleComponentRepository.java:82)
	at org.gradle.api.internal.artifacts.ivyservice.ivyresolve.ErrorHandlingModuleComponentRepository$ErrorHandlingModuleComponentRepositoryAccess.resolveArtifact(ErrorHandlingModuleComponentRepository.java:116)
	at org.gradle.api.internal.artifacts.ivyservice.ivyresolve.RepositoryChainArtifactResolver.resolveArtifact(RepositoryChainArtifactResolver.java:63)
	at org.gradle.api.internal.artifacts.ivyservice.resolveengine.ComponentResolversChain$ArtifactResolverChain.resolveArtifact(ComponentResolversChain.java:98)
	at org.gradle.api.internal.artifacts.ivyservice.ContextualArtifactResolver$3.execute(ContextualArtifactResolver.java:61)
	at org.gradle.api.internal.artifacts.ivyservice.ContextualArtifactResolver$3.execute(ContextualArtifactResolver.java:59)
	at org.gradle.internal.Transformers$4.transform(Transformers.java:169)
	at org.gradle.api.internal.artifacts.ivyservice.DefaultIvyContextManager.withIvy(DefaultIvyContextManager.java:61)
	at org.gradle.api.internal.artifacts.ivyservice.DefaultIvyContextManager.withIvy(DefaultIvyContextManager.java:39)
	at org.gradle.api.internal.artifacts.ivyservice.ContextualArtifactResolver$4.run(ContextualArtifactResolver.java:69)
	at org.gradle.internal.Factories$1.create(Factories.java:22)
	at org.gradle.cache.internal.DefaultCacheAccess.useCache(DefaultCacheAccess.java:192)
	at org.gradle.cache.internal.DefaultCacheAccess.useCache(DefaultCacheAccess.java:175)
	at org.gradle.cache.internal.DefaultPersistentDirectoryStore.useCache(DefaultPersistentDirectoryStore.java:106)
	at org.gradle.cache.internal.DefaultCacheFactory$ReferenceTrackingCache.useCache(DefaultCacheFactory.java:187)
	at org.gradle.api.internal.artifacts.ivyservice.DefaultCacheLockingManager.useCache(DefaultCacheLockingManager.java:64)
	at org.gradle.api.internal.artifacts.ivyservice.ContextualArtifactResolver.executeInContext(ContextualArtifactResolver.java:67)
	at org.gradle.api.internal.artifacts.ivyservice.ContextualArtifactResolver.resolveArtifact(ContextualArtifactResolver.java:59)
	at org.gradle.api.internal.artifacts.ivyservice.ivyresolve.ErrorHandlingArtifactResolver.resolveArtifact(ErrorHandlingArtifactResolver.java:53)
	at org.gradle.api.internal.artifacts.ivyservice.resolveengine.artifact.DefaultArtifactSet$LazyArtifactSource.create(DefaultArtifactSet.java:93)
	at org.gradle.api.internal.artifacts.ivyservice.resolveengine.artifact.DefaultArtifactSet$LazyArtifactSource.create(DefaultArtifactSet.java:80)
	at org.gradle.api.internal.artifacts.DefaultResolvedArtifact.getFile(DefaultResolvedArtifact.java:90)
	at com.android.build.gradle.internal.DependencyManager.addDependency(DependencyManager.java:911)
	at com.android.build.gradle.internal.DependencyManager.addDependency(DependencyManager.java:855)
	at com.android.build.gradle.internal.DependencyManager.addDependency(DependencyManager.java:855)
	at com.android.build.gradle.internal.DependencyManager.addDependency(DependencyManager.java:855)
	at com.android.build.gradle.internal.DependencyManager.resolveDependencyForConfig(DependencyManager.java:276)
	at com.android.build.gradle.internal.DependencyManager.resolveDependencies(DependencyManager.java:139)
	at com.android.build.gradle.internal.TaskManager.resolveDependencies(TaskManager.java:356)
	at com.android.build.gradle.internal.VariantManager$9.call(VariantManager.java:603)
	at com.android.build.gradle.internal.VariantManager$9.call(VariantManager.java:600)
	at com.android.builder.profile.ThreadRecorder$1.record(ThreadRecorder.java:55)
	at com.android.builder.profile.ThreadRecorder$1.record(ThreadRecorder.java:47)
	at com.android.build.gradle.internal.profile.SpanRecorders.record(SpanRecorders.java:51)
	at com.android.build.gradle.internal.VariantManager.createVariantData(VariantManager.java:599)
	at com.android.build.gradle.internal.VariantManager.createVariantDataForProductFlavors(VariantManager.java:756)
	at com.android.build.gradle.internal.VariantManager.populateVariantDataList(VariantManager.java:465)
	at com.android.build.gradle.internal.VariantManager$1.call(VariantManager.java:269)
	at com.android.build.gradle.internal.VariantManager$1.call(VariantManager.java:266)
	at com.android.builder.profile.ThreadRecorder$1.record(ThreadRecorder.java:55)
	at com.android.builder.profile.ThreadRecorder$1.record(ThreadRecorder.java:47)
	at com.android.build.gradle.internal.VariantManager.createAndroidTasks(VariantManager.java:265)
	at com.android.build.gradle.BasePlugin$12.call(BasePlugin.java:661)
	at com.android.build.gradle.BasePlugin$12.call(BasePlugin.java:658)
	at com.android.builder.profile.ThreadRecorder$1.record(ThreadRecorder.java:55)
	at com.android.builder.profile.ThreadRecorder$1.record(ThreadRecorder.java:47)
	at com.android.build.gradle.BasePlugin.createAndroidTasks(BasePlugin.java:657)
	at com.android.build.gradle.BasePlugin$10$1.call(BasePlugin.java:571)
	at com.android.build.gradle.BasePlugin$10$1.call(BasePlugin.java:568)
	at com.android.builder.profile.ThreadRecorder$1.record(ThreadRecorder.java:55)
	at com.android.builder.profile.ThreadRecorder$1.record(ThreadRecorder.java:47)
	at com.android.build.gradle.BasePlugin$10.execute(BasePlugin.java:567)
	at com.android.build.gradle.BasePlugin$10.execute(BasePlugin.java:564)
	at org.gradle.internal.event.BroadcastDispatch$ActionInvocationHandler.dispatch(BroadcastDispatch.java:93)
	at org.gradle.internal.event.BroadcastDispatch$ActionInvocationHandler.dispatch(BroadcastDispatch.java:82)
	at org.gradle.internal.event.AbstractBroadcastDispatch.dispatch(AbstractBroadcastDispatch.java:44)
	at org.gradle.internal.event.BroadcastDispatch.dispatch(BroadcastDispatch.java:79)
	at org.gradle.internal.event.BroadcastDispatch.dispatch(BroadcastDispatch.java:30)
	at org.gradle.internal.dispatch.ProxyDispatchAdapter$DispatchingInvocationHandler.invoke(ProxyDispatchAdapter.java:93)
	at com.sun.proxy.$Proxy10.afterEvaluate(Unknown Source)
	at org.gradle.configuration.project.LifecycleProjectEvaluator.notifyAfterEvaluate(LifecycleProjectEvaluator.java:67)
	... 57 more


BUILD FAILED

Total time: 4.862 secs

2019-04-06 18:13:24,864 INFO  ProjectTaskService - Detecting possible tasks...
2019-04-06 18:13:24,864 INFO  SysUtils - Execute command: [/var/folders/bq/vtzpc5ns5sg2cthy61lqpg3dfzgbys/T/1554549187453-0/src/Puff-Android-master/gradlew, -b, /var/folders/bq/vtzpc5ns5sg2cthy61lqpg3dfzgbys/T/1554549187453-0/src/Puff-Android-master/material-intro/build.gradle, -Dorg.gradle.daemon=false, -Dorg.gradle.daemon.performance.enable-monitoring=false, -Dorg.gradle.configureondemand=true, tasks]
2019-04-06 18:13:31,232 ERROR ProjectTaskService - Could not detect possible Gradle tasks: Process exited with an error: 1 (Exit value: 1)
2019-04-06 18:13:31,232 INFO  ProjectTaskService - Detected possible tasks: 0
2019-04-06 18:13:31,232 INFO  ProjectTaskService - Excluded tasks (0): none
2019-04-06 18:13:31,232 INFO  SysUtils - Execute command: [/var/folders/bq/vtzpc5ns5sg2cthy61lqpg3dfzgbys/T/1554549187453-0/src/Puff-Android-master/gradlew, -b, /var/folders/bq/vtzpc5ns5sg2cthy61lqpg3dfzgbys/T/1554549187453-0/src/Puff-Android-master/material-intro/build.gradle, -Dorg.gradle.daemon=false, -Dorg.gradle.daemon.performance.enable-monitoring=false, -Dorg.gradle.configureondemand=true, --stacktrace, build]
2019-04-06 18:13:42,860 ERROR SysUtils - Could not process external command
org.apache.commons.exec.ExecuteException: Process exited with an error: 1 (Exit value: 1)
	at org.apache.commons.exec.DefaultExecutor.executeInternal(DefaultExecutor.java:404)
	at org.apache.commons.exec.DefaultExecutor.execute(DefaultExecutor.java:166)
	at com.github.vbauer.apkmaster.util.SysUtils.execute(SysUtils.java:67)
	at com.github.vbauer.apkmaster.util.SysUtils.executeSimple(SysUtils.java:43)
	at com.github.vbauer.apkmaster.service.assembly.ProjectBuildService.buildProject(ProjectBuildService.java:78)
	at com.github.vbauer.apkmaster.service.assembly.ProjectBuildService.buildProject(ProjectBuildService.java:64)
	at com.github.vbauer.apkmaster.service.assembly.ProjectBuildService.buildProject(ProjectBuildService.java:43)
	at com.github.vbauer.apkmaster.service.FullProcessService.build(FullProcessService.java:84)
	at com.github.vbauer.apkmaster.service.FullProcessService.process(FullProcessService.java:34)
	at com.github.vbauer.apkmaster.app.MainApplication.process(MainApplication.java:38)
	at com.github.vbauer.apkmaster.app.MainApplication.main(MainApplication.java:20)
	at sun.reflect.NativeMethodAccessorImpl.invoke0(Native Method)
	at sun.reflect.NativeMethodAccessorImpl.invoke(NativeMethodAccessorImpl.java:62)
	at sun.reflect.DelegatingMethodAccessorImpl.invoke(DelegatingMethodAccessorImpl.java:43)
	at java.lang.reflect.Method.invoke(Method.java:498)
	at com.android.arsenal.util.ReflectionUtils.invoke(ReflectionUtils.java:52)
	at com.android.arsenal.util.ApkMasterUtils.main(ApkMasterUtils.java:30)
	at com.android.arsenal.service.processor.impl.BuildProcessorServiceImpl.buildProject(BuildProcessorServiceImpl.java:196)
	at com.android.arsenal.service.processor.impl.BuildProcessorServiceImpl.build(BuildProcessorServiceImpl.java:130)
	at com.android.arsenal.service.processor.impl.BuildProcessorServiceImpl.lambda$null$1(BuildProcessorServiceImpl.java:113)
	at java.util.concurrent.FutureTask.run(FutureTask.java:266)
	at java.util.concurrent.Executors$RunnableAdapter.call(Executors.java:511)
	at java.util.concurrent.FutureTask.run(FutureTask.java:266)
	at java.util.concurrent.ThreadPoolExecutor.runWorker(ThreadPoolExecutor.java:1149)
	at java.util.concurrent.ThreadPoolExecutor$Worker.run(ThreadPoolExecutor.java:624)
	at java.lang.Thread.run(Thread.java:748)
2019-04-06 18:13:42,860 INFO  SysUtils - Configuration on demand is an incubating feature.
Incremental java compilation is an incubating feature.
:material-intro:preBuild UP-TO-DATE
:material-intro:preDebugBuild UP-TO-DATE
:material-intro:compileDebugNdk UP-TO-DATE
:material-intro:compileLint
:material-intro:copyDebugLint UP-TO-DATE
:material-intro:checkDebugManifest
:material-intro:preDebugAndroidTestBuild UP-TO-DATE
:material-intro:preDebugUnitTestBuild UP-TO-DATE
:material-intro:preReleaseBuild UP-TO-DATE
:material-intro:preReleaseUnitTestBuild UP-TO-DATE
:material-intro:prepareComAndroidSupportAnimatedVectorDrawable2320Library
:material-intro:prepareComAndroidSupportAppcompatV72320Library
:material-intro:prepareComAndroidSupportSupportV42320Library
:material-intro:prepareComAndroidSupportSupportVectorDrawable2320Library
:material-intro:prepareDebugDependencies
:material-intro:compileDebugAidl
:material-intro:compileDebugRenderscript
:material-intro:generateDebugBuildConfig
:material-intro:mergeDebugShaders
:material-intro:compileDebugShaders
:material-intro:generateDebugAssets
:material-intro:mergeDebugAssets
:material-intro:generateDebugResValues
:material-intro:generateDebugResources
:material-intro:mergeDebugResources
:material-intro:processDebugManifest
:material-intro:processDebugResources
:material-intro:generateDebugSources
:material-intro:incrementalDebugJavaCompilationSafeguard
:material-intro:compileDebugJavaWithJavac
:material-intro:compileDebugJavaWithJavac - is not incremental (e.g. outputs have changed, no previous execution, etc.).
:material-intro:extractDebugAnnotations
:material-intro:mergeDebugProguardFiles
:material-intro:packageDebugRenderscript UP-TO-DATE
:material-intro:packageDebugResources
:material-intro:processDebugJavaRes UP-TO-DATE
:material-intro:transformResourcesWithMergeJavaResForDebug
:material-intro:transformClassesAndResourcesWithSyncLibJarsForDebug
:material-intro:mergeDebugJniLibFolders
:material-intro:transformNative_libsWithMergeJniLibsForDebug
:material-intro:transformNative_libsWithSyncJniLibsForDebug
:material-intro:bundleDebug
:material-intro:compileDebugSources
:material-intro:assembleDebug
:material-intro:compileReleaseNdk UP-TO-DATE
:material-intro:copyReleaseLint UP-TO-DATE
:material-intro:checkReleaseManifest
:material-intro:prepareReleaseDependencies
:material-intro:compileReleaseAidl
:material-intro:compileReleaseRenderscript
:material-intro:generateReleaseBuildConfig
:material-intro:mergeReleaseShaders
:material-intro:compileReleaseShaders
:material-intro:generateReleaseAssets
:material-intro:mergeReleaseAssets
:material-intro:generateReleaseResValues
:material-intro:generateReleaseResources
:material-intro:mergeReleaseResources
:material-intro:processReleaseManifest
:material-intro:processReleaseResources
:material-intro:generateReleaseSources
:material-intro:incrementalReleaseJavaCompilationSafeguard
:material-intro:compileReleaseJavaWithJavac
:material-intro:compileReleaseJavaWithJavac - is not incremental (e.g. outputs have changed, no previous execution, etc.).
:material-intro:extractReleaseAnnotations
:material-intro:mergeReleaseProguardFiles
:material-intro:packageReleaseRenderscript UP-TO-DATE
:material-intro:packageReleaseResources
:material-intro:processReleaseJavaRes UP-TO-DATE
:material-intro:transformResourcesWithMergeJavaResForRelease
:material-intro:transformClassesAndResourcesWithSyncLibJarsForRelease
:material-intro:mergeReleaseJniLibFolders
:material-intro:transformNative_libsWithMergeJniLibsForRelease
:material-intro:transformNative_libsWithSyncJniLibsForRelease
:material-intro:bundleRelease
:material-intro:compileReleaseSources
:material-intro:assembleRelease
:material-intro:assemble
:material-intro:lint FAILED

FAILURE: Build failed with an exception.

* What went wrong:
Execution failed for task ':material-intro:lint'.
> No toolchains found in the NDK toolchains folder for ABI with prefix: mipsel-linux-android

* Try:
Run with --info or --debug option to get more log output.

* Exception is:
org.gradle.api.tasks.TaskExecutionException: Execution failed for task ':material-intro:lint'.
	at org.gradle.api.internal.tasks.execution.ExecuteActionsTaskExecuter.executeActions(ExecuteActionsTaskExecuter.java:69)
	at org.gradle.api.internal.tasks.execution.ExecuteActionsTaskExecuter.execute(ExecuteActionsTaskExecuter.java:46)
	at org.gradle.api.internal.tasks.execution.PostExecutionAnalysisTaskExecuter.execute(PostExecutionAnalysisTaskExecuter.java:35)
	at org.gradle.api.internal.tasks.execution.SkipUpToDateTaskExecuter.execute(SkipUpToDateTaskExecuter.java:66)
	at org.gradle.api.internal.tasks.execution.ValidatingTaskExecuter.execute(ValidatingTaskExecuter.java:58)
	at org.gradle.api.internal.tasks.execution.SkipEmptySourceFilesTaskExecuter.execute(SkipEmptySourceFilesTaskExecuter.java:52)
	at org.gradle.api.internal.tasks.execution.SkipTaskWithNoActionsExecuter.execute(SkipTaskWithNoActionsExecuter.java:52)
	at org.gradle.api.internal.tasks.execution.SkipOnlyIfTaskExecuter.execute(SkipOnlyIfTaskExecuter.java:53)
	at org.gradle.api.internal.tasks.execution.ExecuteAtMostOnceTaskExecuter.execute(ExecuteAtMostOnceTaskExecuter.java:43)
	at org.gradle.execution.taskgraph.DefaultTaskGraphExecuter$EventFiringTaskWorker.execute(DefaultTaskGraphExecuter.java:203)
	at org.gradle.execution.taskgraph.DefaultTaskGraphExecuter$EventFiringTaskWorker.execute(DefaultTaskGraphExecuter.java:185)
	at org.gradle.execution.taskgraph.AbstractTaskPlanExecutor$TaskExecutorWorker.processTask(AbstractTaskPlanExecutor.java:66)
	at org.gradle.execution.taskgraph.AbstractTaskPlanExecutor$TaskExecutorWorker.run(AbstractTaskPlanExecutor.java:50)
	at org.gradle.execution.taskgraph.DefaultTaskPlanExecutor.process(DefaultTaskPlanExecutor.java:25)
	at org.gradle.execution.taskgraph.DefaultTaskGraphExecuter.execute(DefaultTaskGraphExecuter.java:110)
	at org.gradle.execution.SelectedTaskExecutionAction.execute(SelectedTaskExecutionAction.java:37)
	at org.gradle.execution.DefaultBuildExecuter.execute(DefaultBuildExecuter.java:37)
	at org.gradle.execution.DefaultBuildExecuter.access$000(DefaultBuildExecuter.java:23)
	at org.gradle.execution.DefaultBuildExecuter$1.proceed(DefaultBuildExecuter.java:43)
	at org.gradle.execution.DryRunBuildExecutionAction.execute(DryRunBuildExecutionAction.java:32)
	at org.gradle.execution.DefaultBuildExecuter.execute(DefaultBuildExecuter.java:37)
	at org.gradle.execution.DefaultBuildExecuter.execute(DefaultBuildExecuter.java:30)
	at org.gradle.initialization.DefaultGradleLauncher$4.run(DefaultGradleLauncher.java:153)
	at org.gradle.internal.Factories$1.create(Factories.java:22)
	at org.gradle.internal.progress.DefaultBuildOperationExecutor.run(DefaultBuildOperationExecutor.java:91)
	at org.gradle.internal.progress.DefaultBuildOperationExecutor.run(DefaultBuildOperationExecutor.java:53)
	at org.gradle.initialization.DefaultGradleLauncher.doBuildStages(DefaultGradleLauncher.java:150)
	at org.gradle.initialization.DefaultGradleLauncher.access$200(DefaultGradleLauncher.java:32)
	at org.gradle.initialization.DefaultGradleLauncher$1.create(DefaultGradleLauncher.java:98)
	at org.gradle.initialization.DefaultGradleLauncher$1.create(DefaultGradleLauncher.java:92)
	at org.gradle.internal.progress.DefaultBuildOperationExecutor.run(DefaultBuildOperationExecutor.java:91)
	at org.gradle.internal.progress.DefaultBuildOperationExecutor.run(DefaultBuildOperationExecutor.java:63)
	at org.gradle.initialization.DefaultGradleLauncher.doBuild(DefaultGradleLauncher.java:92)
	at org.gradle.initialization.DefaultGradleLauncher.run(DefaultGradleLauncher.java:83)
	at org.gradle.launcher.exec.InProcessBuildActionExecuter$DefaultBuildController.run(InProcessBuildActionExecuter.java:99)
	at org.gradle.tooling.internal.provider.ExecuteBuildActionRunner.run(ExecuteBuildActionRunner.java:28)
	at org.gradle.launcher.exec.ChainingBuildActionRunner.run(ChainingBuildActionRunner.java:35)
	at org.gradle.launcher.exec.InProcessBuildActionExecuter.execute(InProcessBuildActionExecuter.java:48)
	at org.gradle.launcher.exec.InProcessBuildActionExecuter.execute(InProcessBuildActionExecuter.java:30)
	at org.gradle.launcher.exec.ContinuousBuildActionExecuter.execute(ContinuousBuildActionExecuter.java:81)
	at org.gradle.launcher.exec.ContinuousBuildActionExecuter.execute(ContinuousBuildActionExecuter.java:46)
	at org.gradle.launcher.exec.DaemonUsageSuggestingBuildActionExecuter.execute(DaemonUsageSuggestingBuildActionExecuter.java:51)
	at org.gradle.launcher.exec.DaemonUsageSuggestingBuildActionExecuter.execute(DaemonUsageSuggestingBuildActionExecuter.java:28)
	at org.gradle.launcher.cli.RunBuildAction.run(RunBuildAction.java:43)
	at org.gradle.internal.Actions$RunnableActionAdapter.execute(Actions.java:173)
	at org.gradle.launcher.cli.CommandLineActionFactory$ParseAndBuildAction.execute(CommandLineActionFactory.java:239)
	at org.gradle.launcher.cli.CommandLineActionFactory$ParseAndBuildAction.execute(CommandLineActionFactory.java:212)
	at org.gradle.launcher.cli.JavaRuntimeValidationAction.execute(JavaRuntimeValidationAction.java:35)
	at org.gradle.launcher.cli.JavaRuntimeValidationAction.execute(JavaRuntimeValidationAction.java:24)
	at org.gradle.launcher.cli.ExceptionReportingAction.execute(ExceptionReportingAction.java:33)
	at org.gradle.launcher.cli.ExceptionReportingAction.execute(ExceptionReportingAction.java:22)
	at org.gradle.launcher.cli.CommandLineActionFactory$WithLogging.execute(CommandLineActionFactory.java:205)
	at org.gradle.launcher.cli.CommandLineActionFactory$WithLogging.execute(CommandLineActionFactory.java:169)
	at org.gradle.launcher.Main.doAction(Main.java:33)
	at org.gradle.launcher.bootstrap.EntryPoint.run(EntryPoint.java:45)
	at org.gradle.launcher.bootstrap.ProcessBootstrap.runNoExit(ProcessBootstrap.java:55)
	at org.gradle.launcher.bootstrap.ProcessBootstrap.run(ProcessBootstrap.java:36)
	at org.gradle.launcher.GradleMain.main(GradleMain.java:23)
	at org.gradle.wrapper.BootstrapMainStarter.start(BootstrapMainStarter.java:30)
	at org.gradle.wrapper.WrapperExecutor.execute(WrapperExecutor.java:129)
	at org.gradle.wrapper.GradleWrapperMain.main(GradleWrapperMain.java:61)
Caused by: java.lang.RuntimeException: No toolchains found in the NDK toolchains folder for ABI with prefix: mipsel-linux-android
	at com.android.build.gradle.internal.NdkHandler.getDefaultToolchainVersion(NdkHandler.java:375)
	at com.android.build.gradle.internal.NdkHandler.getToolchainPath(NdkHandler.java:273)
	at com.android.build.gradle.internal.NdkHandler.getCCompiler(NdkHandler.java:461)
	at com.android.build.gradle.internal.model.ModelBuilder.createNativeToolchainModelMap(ModelBuilder.java:227)
	at com.android.build.gradle.internal.model.ModelBuilder.buildAll(ModelBuilder.java:166)
	at org.gradle.tooling.provider.model.ToolingModelBuilder$buildAll.call(Unknown Source)
	at com.android.build.gradle.tasks.Lint.createAndroidProject(Lint.groovy:256)
	at com.android.build.gradle.tasks.Lint.lint(Lint.groovy:73)
	at org.gradle.internal.reflect.JavaMethod.invoke(JavaMethod.java:75)
	at org.gradle.api.internal.project.taskfactory.AnnotationProcessingTaskFactory$StandardTaskAction.doExecute(AnnotationProcessingTaskFactory.java:228)
	at org.gradle.api.internal.project.taskfactory.AnnotationProcessingTaskFactory$StandardTaskAction.execute(AnnotationProcessingTaskFactory.java:221)
	at org.gradle.api.internal.project.taskfactory.AnnotationProcessingTaskFactory$StandardTaskAction.execute(AnnotationProcessingTaskFactory.java:210)
	at org.gradle.api.internal.AbstractTask$TaskActionWrapper.execute(AbstractTask.java:621)
	at org.gradle.api.internal.AbstractTask$TaskActionWrapper.execute(AbstractTask.java:604)
	at org.gradle.api.internal.tasks.execution.ExecuteActionsTaskExecuter.executeAction(ExecuteActionsTaskExecuter.java:80)
	at org.gradle.api.internal.tasks.execution.ExecuteActionsTaskExecuter.executeActions(ExecuteActionsTaskExecuter.java:61)
	... 60 more


BUILD FAILED

Total time: 11.085 secs

2019-04-06 18:13:42,936 INFO  ProjectTaskService - Detecting possible tasks...
2019-04-06 18:13:42,936 INFO  SysUtils - Execute command: [/var/folders/bq/vtzpc5ns5sg2cthy61lqpg3dfzgbys/T/1554549187453-0/src/Puff-Android-master/gradlew, -b, /var/folders/bq/vtzpc5ns5sg2cthy61lqpg3dfzgbys/T/1554549187453-0/src/Puff-Android-master/build.gradle, -Dorg.gradle.daemon=false, -Dorg.gradle.daemon.performance.enable-monitoring=false, -Dorg.gradle.configureondemand=true, tasks]
2019-04-06 18:13:48,105 ERROR ProjectTaskService - Could not detect possible Gradle tasks: Process exited with an error: 1 (Exit value: 1)
2019-04-06 18:13:48,105 INFO  ProjectTaskService - Detected possible tasks: 0
2019-04-06 18:13:48,105 INFO  ProjectTaskService - Excluded tasks (0): none
2019-04-06 18:13:48,105 INFO  SysUtils - Execute command: [/var/folders/bq/vtzpc5ns5sg2cthy61lqpg3dfzgbys/T/1554549187453-0/src/Puff-Android-master/gradlew, -b, /var/folders/bq/vtzpc5ns5sg2cthy61lqpg3dfzgbys/T/1554549187453-0/src/Puff-Android-master/build.gradle, -Dorg.gradle.daemon=false, -Dorg.gradle.daemon.performance.enable-monitoring=false, -Dorg.gradle.configureondemand=true, --stacktrace, build]
2019-04-06 18:13:53,541 ERROR SysUtils - Could not process external command
org.apache.commons.exec.ExecuteException: Process exited with an error: 1 (Exit value: 1)
	at org.apache.commons.exec.DefaultExecutor.executeInternal(DefaultExecutor.java:404)
	at org.apache.commons.exec.DefaultExecutor.execute(DefaultExecutor.java:166)
	at com.github.vbauer.apkmaster.util.SysUtils.execute(SysUtils.java:67)
	at com.github.vbauer.apkmaster.util.SysUtils.executeSimple(SysUtils.java:43)
	at com.github.vbauer.apkmaster.service.assembly.ProjectBuildService.buildProject(ProjectBuildService.java:78)
	at com.github.vbauer.apkmaster.service.assembly.ProjectBuildService.buildProject(ProjectBuildService.java:64)
	at com.github.vbauer.apkmaster.service.assembly.ProjectBuildService.buildProject(ProjectBuildService.java:43)
	at com.github.vbauer.apkmaster.service.FullProcessService.build(FullProcessService.java:84)
	at com.github.vbauer.apkmaster.service.FullProcessService.process(FullProcessService.java:34)
	at com.github.vbauer.apkmaster.app.MainApplication.process(MainApplication.java:38)
	at com.github.vbauer.apkmaster.app.MainApplication.main(MainApplication.java:20)
	at sun.reflect.NativeMethodAccessorImpl.invoke0(Native Method)
	at sun.reflect.NativeMethodAccessorImpl.invoke(NativeMethodAccessorImpl.java:62)
	at sun.reflect.DelegatingMethodAccessorImpl.invoke(DelegatingMethodAccessorImpl.java:43)
	at java.lang.reflect.Method.invoke(Method.java:498)
	at com.android.arsenal.util.ReflectionUtils.invoke(ReflectionUtils.java:52)
	at com.android.arsenal.util.ApkMasterUtils.main(ApkMasterUtils.java:30)
	at com.android.arsenal.service.processor.impl.BuildProcessorServiceImpl.buildProject(BuildProcessorServiceImpl.java:196)
	at com.android.arsenal.service.processor.impl.BuildProcessorServiceImpl.build(BuildProcessorServiceImpl.java:130)
	at com.android.arsenal.service.processor.impl.BuildProcessorServiceImpl.lambda$null$1(BuildProcessorServiceImpl.java:113)
	at java.util.concurrent.FutureTask.run(FutureTask.java:266)
	at java.util.concurrent.Executors$RunnableAdapter.call(Executors.java:511)
	at java.util.concurrent.FutureTask.run(FutureTask.java:266)
	at java.util.concurrent.ThreadPoolExecutor.runWorker(ThreadPoolExecutor.java:1149)
	at java.util.concurrent.ThreadPoolExecutor$Worker.run(ThreadPoolExecutor.java:624)
	at java.lang.Thread.run(Thread.java:748)
2019-04-06 18:13:53,541 INFO  SysUtils - Configuration on demand is an incubating feature.
Incremental java compilation is an incubating feature.

FAILURE: Build failed with an exception.

* What went wrong:
A problem occurred configuring project ':app'.
> Could not find support-compat.aar (com.android.support:support-compat:24.2.1).
  Searched in the following locations:
      https://jcenter.bintray.com/com/android/support/support-compat/24.2.1/support-compat-24.2.1.aar

* Try:
Run with --info or --debug option to get more log output.

* Exception is:
org.gradle.api.ProjectConfigurationException: A problem occurred configuring project ':app'.
	at org.gradle.configuration.project.LifecycleProjectEvaluator.addConfigurationFailure(LifecycleProjectEvaluator.java:79)
	at org.gradle.configuration.project.LifecycleProjectEvaluator.notifyAfterEvaluate(LifecycleProjectEvaluator.java:74)
	at org.gradle.configuration.project.LifecycleProjectEvaluator.evaluate(LifecycleProjectEvaluator.java:61)
	at org.gradle.api.internal.project.AbstractProject.evaluate(AbstractProject.java:540)
	at org.gradle.api.internal.project.AbstractProject.evaluate(AbstractProject.java:93)
	at org.gradle.execution.TaskPathProjectEvaluator.configureHierarchy(TaskPathProjectEvaluator.java:47)
	at org.gradle.execution.TaskSelector.getSelection(TaskSelector.java:84)
	at org.gradle.execution.TaskSelector.getSelection(TaskSelector.java:75)
	at org.gradle.execution.commandline.CommandLineTaskParser.parseTasks(CommandLineTaskParser.java:42)
	at org.gradle.execution.TaskNameResolvingBuildConfigurationAction.configure(TaskNameResolvingBuildConfigurationAction.java:44)
	at org.gradle.execution.DefaultBuildConfigurationActionExecuter.configure(DefaultBuildConfigurationActionExecuter.java:48)
	at org.gradle.execution.DefaultBuildConfigurationActionExecuter.access$000(DefaultBuildConfigurationActionExecuter.java:25)
	at org.gradle.execution.DefaultBuildConfigurationActionExecuter$1.proceed(DefaultBuildConfigurationActionExecuter.java:54)
	at org.gradle.execution.DefaultTasksBuildExecutionAction.configure(DefaultTasksBuildExecutionAction.java:44)
	at org.gradle.execution.DefaultBuildConfigurationActionExecuter.configure(DefaultBuildConfigurationActionExecuter.java:48)
	at org.gradle.execution.DefaultBuildConfigurationActionExecuter.access$000(DefaultBuildConfigurationActionExecuter.java:25)
	at org.gradle.execution.DefaultBuildConfigurationActionExecuter$1.proceed(DefaultBuildConfigurationActionExecuter.java:54)
	at org.gradle.execution.ExcludedTaskFilteringBuildConfigurationAction.configure(ExcludedTaskFilteringBuildConfigurationAction.java:47)
	at org.gradle.execution.DefaultBuildConfigurationActionExecuter.configure(DefaultBuildConfigurationActionExecuter.java:48)
	at org.gradle.execution.DefaultBuildConfigurationActionExecuter.select(DefaultBuildConfigurationActionExecuter.java:36)
	at org.gradle.initialization.DefaultGradleLauncher$3.run(DefaultGradleLauncher.java:142)
	at org.gradle.internal.Factories$1.create(Factories.java:22)
	at org.gradle.internal.progress.DefaultBuildOperationExecutor.run(DefaultBuildOperationExecutor.java:91)
	at org.gradle.internal.progress.DefaultBuildOperationExecutor.run(DefaultBuildOperationExecutor.java:53)
	at org.gradle.initialization.DefaultGradleLauncher.doBuildStages(DefaultGradleLauncher.java:139)
	at org.gradle.initialization.DefaultGradleLauncher.access$200(DefaultGradleLauncher.java:32)
	at org.gradle.initialization.DefaultGradleLauncher$1.create(DefaultGradleLauncher.java:98)
	at org.gradle.initialization.DefaultGradleLauncher$1.create(DefaultGradleLauncher.java:92)
	at org.gradle.internal.progress.DefaultBuildOperationExecutor.run(DefaultBuildOperationExecutor.java:91)
	at org.gradle.internal.progress.DefaultBuildOperationExecutor.run(DefaultBuildOperationExecutor.java:63)
	at org.gradle.initialization.DefaultGradleLauncher.doBuild(DefaultGradleLauncher.java:92)
	at org.gradle.initialization.DefaultGradleLauncher.run(DefaultGradleLauncher.java:83)
	at org.gradle.launcher.exec.InProcessBuildActionExecuter$DefaultBuildController.run(InProcessBuildActionExecuter.java:99)
	at org.gradle.tooling.internal.provider.ExecuteBuildActionRunner.run(ExecuteBuildActionRunner.java:28)
	at org.gradle.launcher.exec.ChainingBuildActionRunner.run(ChainingBuildActionRunner.java:35)
	at org.gradle.launcher.exec.InProcessBuildActionExecuter.execute(InProcessBuildActionExecuter.java:48)
	at org.gradle.launcher.exec.InProcessBuildActionExecuter.execute(InProcessBuildActionExecuter.java:30)
	at org.gradle.launcher.exec.ContinuousBuildActionExecuter.execute(ContinuousBuildActionExecuter.java:81)
	at org.gradle.launcher.exec.ContinuousBuildActionExecuter.execute(ContinuousBuildActionExecuter.java:46)
	at org.gradle.launcher.exec.DaemonUsageSuggestingBuildActionExecuter.execute(DaemonUsageSuggestingBuildActionExecuter.java:51)
	at org.gradle.launcher.exec.DaemonUsageSuggestingBuildActionExecuter.execute(DaemonUsageSuggestingBuildActionExecuter.java:28)
	at org.gradle.launcher.cli.RunBuildAction.run(RunBuildAction.java:43)
	at org.gradle.internal.Actions$RunnableActionAdapter.execute(Actions.java:173)
	at org.gradle.launcher.cli.CommandLineActionFactory$ParseAndBuildAction.execute(CommandLineActionFactory.java:239)
	at org.gradle.launcher.cli.CommandLineActionFactory$ParseAndBuildAction.execute(CommandLineActionFactory.java:212)
	at org.gradle.launcher.cli.JavaRuntimeValidationAction.execute(JavaRuntimeValidationAction.java:35)
	at org.gradle.launcher.cli.JavaRuntimeValidationAction.execute(JavaRuntimeValidationAction.java:24)
	at org.gradle.launcher.cli.ExceptionReportingAction.execute(ExceptionReportingAction.java:33)
	at org.gradle.launcher.cli.ExceptionReportingAction.execute(ExceptionReportingAction.java:22)
	at org.gradle.launcher.cli.CommandLineActionFactory$WithLogging.execute(CommandLineActionFactory.java:205)
	at org.gradle.launcher.cli.CommandLineActionFactory$WithLogging.execute(CommandLineActionFactory.java:169)
	at org.gradle.launcher.Main.doAction(Main.java:33)
	at org.gradle.launcher.bootstrap.EntryPoint.run(EntryPoint.java:45)
	at org.gradle.launcher.bootstrap.ProcessBootstrap.runNoExit(ProcessBootstrap.java:55)
	at org.gradle.launcher.bootstrap.ProcessBootstrap.run(ProcessBootstrap.java:36)
	at org.gradle.launcher.GradleMain.main(GradleMain.java:23)
	at org.gradle.wrapper.BootstrapMainStarter.start(BootstrapMainStarter.java:30)
	at org.gradle.wrapper.WrapperExecutor.execute(WrapperExecutor.java:129)
	at org.gradle.wrapper.GradleWrapperMain.main(GradleWrapperMain.java:61)
Caused by: org.gradle.internal.resolve.ArtifactNotFoundException: Could not find support-compat.aar (com.android.support:support-compat:24.2.1).
Searched in the following locations:
    https://jcenter.bintray.com/com/android/support/support-compat/24.2.1/support-compat-24.2.1.aar
	at org.gradle.internal.resolve.result.DefaultBuildableArtifactResolveResult.notFound(DefaultBuildableArtifactResolveResult.java:38)
	at org.gradle.api.internal.artifacts.ivyservice.ivyresolve.CachingModuleComponentRepository$LocateInCacheRepositoryAccess.resolveArtifactFromCache(CachingModuleComponentRepository.java:260)
	at org.gradle.api.internal.artifacts.ivyservice.ivyresolve.CachingModuleComponentRepository$LocateInCacheRepositoryAccess.resolveArtifact(CachingModuleComponentRepository.java:244)
	at org.gradle.api.internal.artifacts.ivyservice.ivyresolve.BaseModuleComponentRepositoryAccess.resolveArtifact(BaseModuleComponentRepositoryAccess.java:54)
	at org.gradle.api.internal.artifacts.ivyservice.ivyresolve.memcache.InMemoryCachedModuleComponentRepository$CachedAccess.resolveArtifact(InMemoryCachedModuleComponentRepository.java:82)
	at org.gradle.api.internal.artifacts.ivyservice.ivyresolve.ErrorHandlingModuleComponentRepository$ErrorHandlingModuleComponentRepositoryAccess.resolveArtifact(ErrorHandlingModuleComponentRepository.java:116)
	at org.gradle.api.internal.artifacts.ivyservice.ivyresolve.RepositoryChainArtifactResolver.resolveArtifact(RepositoryChainArtifactResolver.java:63)
	at org.gradle.api.internal.artifacts.ivyservice.resolveengine.ComponentResolversChain$ArtifactResolverChain.resolveArtifact(ComponentResolversChain.java:98)
	at org.gradle.api.internal.artifacts.ivyservice.ContextualArtifactResolver$3.execute(ContextualArtifactResolver.java:61)
	at org.gradle.api.internal.artifacts.ivyservice.ContextualArtifactResolver$3.execute(ContextualArtifactResolver.java:59)
	at org.gradle.internal.Transformers$4.transform(Transformers.java:169)
	at org.gradle.api.internal.artifacts.ivyservice.DefaultIvyContextManager.withIvy(DefaultIvyContextManager.java:61)
	at org.gradle.api.internal.artifacts.ivyservice.DefaultIvyContextManager.withIvy(DefaultIvyContextManager.java:39)
	at org.gradle.api.internal.artifacts.ivyservice.ContextualArtifactResolver$4.run(ContextualArtifactResolver.java:69)
	at org.gradle.internal.Factories$1.create(Factories.java:22)
	at org.gradle.cache.internal.DefaultCacheAccess.useCache(DefaultCacheAccess.java:192)
	at org.gradle.cache.internal.DefaultCacheAccess.useCache(DefaultCacheAccess.java:175)
	at org.gradle.cache.internal.DefaultPersistentDirectoryStore.useCache(DefaultPersistentDirectoryStore.java:106)
	at org.gradle.cache.internal.DefaultCacheFactory$ReferenceTrackingCache.useCache(DefaultCacheFactory.java:187)
	at org.gradle.api.internal.artifacts.ivyservice.DefaultCacheLockingManager.useCache(DefaultCacheLockingManager.java:64)
	at org.gradle.api.internal.artifacts.ivyservice.ContextualArtifactResolver.executeInContext(ContextualArtifactResolver.java:67)
	at org.gradle.api.internal.artifacts.ivyservice.ContextualArtifactResolver.resolveArtifact(ContextualArtifactResolver.java:59)
	at org.gradle.api.internal.artifacts.ivyservice.ivyresolve.ErrorHandlingArtifactResolver.resolveArtifact(ErrorHandlingArtifactResolver.java:53)
	at org.gradle.api.internal.artifacts.ivyservice.resolveengine.artifact.DefaultArtifactSet$LazyArtifactSource.create(DefaultArtifactSet.java:93)
	at org.gradle.api.internal.artifacts.ivyservice.resolveengine.artifact.DefaultArtifactSet$LazyArtifactSource.create(DefaultArtifactSet.java:80)
	at org.gradle.api.internal.artifacts.DefaultResolvedArtifact.getFile(DefaultResolvedArtifact.java:90)
	at com.android.build.gradle.internal.DependencyManager.addDependency(DependencyManager.java:911)
	at com.android.build.gradle.internal.DependencyManager.addDependency(DependencyManager.java:855)
	at com.android.build.gradle.internal.DependencyManager.addDependency(DependencyManager.java:855)
	at com.android.build.gradle.internal.DependencyManager.addDependency(DependencyManager.java:855)
	at com.android.build.gradle.internal.DependencyManager.resolveDependencyForConfig(DependencyManager.java:276)
	at com.android.build.gradle.internal.DependencyManager.resolveDependencies(DependencyManager.java:139)
	at com.android.build.gradle.internal.TaskManager.resolveDependencies(TaskManager.java:356)
	at com.android.build.gradle.internal.VariantManager$9.call(VariantManager.java:603)
	at com.android.build.gradle.internal.VariantManager$9.call(VariantManager.java:600)
	at com.android.builder.profile.ThreadRecorder$1.record(ThreadRecorder.java:55)
	at com.android.builder.profile.ThreadRecorder$1.record(ThreadRecorder.java:47)
	at com.android.build.gradle.internal.profile.SpanRecorders.record(SpanRecorders.java:51)
	at com.android.build.gradle.internal.VariantManager.createVariantData(VariantManager.java:599)
	at com.android.build.gradle.internal.VariantManager.createVariantDataForProductFlavors(VariantManager.java:756)
	at com.android.build.gradle.internal.VariantManager.populateVariantDataList(VariantManager.java:465)
	at com.android.build.gradle.internal.VariantManager$1.call(VariantManager.java:269)
	at com.android.build.gradle.internal.VariantManager$1.call(VariantManager.java:266)
	at com.android.builder.profile.ThreadRecorder$1.record(ThreadRecorder.java:55)
	at com.android.builder.profile.ThreadRecorder$1.record(ThreadRecorder.java:47)
	at com.android.build.gradle.internal.VariantManager.createAndroidTasks(VariantManager.java:265)
	at com.android.build.gradle.BasePlugin$12.call(BasePlugin.java:661)
	at com.android.build.gradle.BasePlugin$12.call(BasePlugin.java:658)
	at com.android.builder.profile.ThreadRecorder$1.record(ThreadRecorder.java:55)
	at com.android.builder.profile.ThreadRecorder$1.record(ThreadRecorder.java:47)
	at com.android.build.gradle.BasePlugin.createAndroidTasks(BasePlugin.java:657)
	at com.android.build.gradle.BasePlugin$10$1.call(BasePlugin.java:571)
	at com.android.build.gradle.BasePlugin$10$1.call(BasePlugin.java:568)
	at com.android.builder.profile.ThreadRecorder$1.record(ThreadRecorder.java:55)
	at com.android.builder.profile.ThreadRecorder$1.record(ThreadRecorder.java:47)
	at com.android.build.gradle.BasePlugin$10.execute(BasePlugin.java:567)
	at com.android.build.gradle.BasePlugin$10.execute(BasePlugin.java:564)
	at org.gradle.internal.event.BroadcastDispatch$ActionInvocationHandler.dispatch(BroadcastDispatch.java:93)
	at org.gradle.internal.event.BroadcastDispatch$ActionInvocationHandler.dispatch(BroadcastDispatch.java:82)
	at org.gradle.internal.event.AbstractBroadcastDispatch.dispatch(AbstractBroadcastDispatch.java:44)
	at org.gradle.internal.event.BroadcastDispatch.dispatch(BroadcastDispatch.java:79)
	at org.gradle.internal.event.BroadcastDispatch.dispatch(BroadcastDispatch.java:30)
	at org.gradle.internal.dispatch.ProxyDispatchAdapter$DispatchingInvocationHandler.invoke(ProxyDispatchAdapter.java:93)
	at com.sun.proxy.$Proxy10.afterEvaluate(Unknown Source)
	at org.gradle.configuration.project.LifecycleProjectEvaluator.notifyAfterEvaluate(LifecycleProjectEvaluator.java:67)
	... 57 more


BUILD FAILED

Total time: 4.94 secs

2019-04-06 18:13:53,604 ERROR FullProcessService - Project build has not produced APK file
2019-04-06 18:13:53,667 ERROR FullProcessService - Could not find generated or existed APK file
