2019-05-30 13:04:56,302 INFO  DownloadService - Downloading "https://github.com/facebook/screenshot-tests-for-android/archive/master.zip", attempt 3
2019-05-30 13:04:57,374 INFO  DownloadService - Downloaded https://github.com/facebook/screenshot-tests-for-android/archive/master.zip, attempt 3
2019-05-30 13:04:57,374 INFO  DownloadService - Size of file "/var/folders/bq/vtzpc5ns5sg2cthy61lqpg3dfzgbys/T/1559196296300-0/master.zip": 689 KB
2019-05-30 13:04:57,374 INFO  ArchiveUtils - Checking entries [.gradle] in ZIP file...
2019-05-30 13:04:57,381 INFO  ArchiveUtils - Has entries [.gradle] in ZIP file /var/folders/bq/vtzpc5ns5sg2cthy61lqpg3dfzgbys/T/1559196296300-0/master.zip: true
2019-05-30 13:04:57,381 DEBUG ZipUtil - Extracting '/var/folders/bq/vtzpc5ns5sg2cthy61lqpg3dfzgbys/T/1559196296300-0/master.zip' into '/var/folders/bq/vtzpc5ns5sg2cthy61lqpg3dfzgbys/T/1559196296300-0/src'.
2019-05-30 13:04:57,436 INFO  FullProcessService - Size of directory with sources: 916 KB
2019-05-30 13:04:57,436 INFO  SysUtils - Execute command: [git, init, /var/folders/bq/vtzpc5ns5sg2cthy61lqpg3dfzgbys/T/1559196296300-0/src]
2019-05-30 13:04:57,451 INFO  SysUtils - Initialized empty Git repository in /private/var/folders/bq/vtzpc5ns5sg2cthy61lqpg3dfzgbys/T/1559196296300-0/src/.git/

2019-05-30 13:04:57,456 INFO  ProjectBuildService - Gradle wrapper(s): /var/folders/bq/vtzpc5ns5sg2cthy61lqpg3dfzgbys/T/1559196296300-0/src/screenshot-tests-for-android-master/gradlew
2019-05-30 13:04:57,462 INFO  ProjectBuildService - Build script(s): /var/folders/bq/vtzpc5ns5sg2cthy61lqpg3dfzgbys/T/1559196296300-0/src/screenshot-tests-for-android-master/core/build.gradle /var/folders/bq/vtzpc5ns5sg2cthy61lqpg3dfzgbys/T/1559196296300-0/src/screenshot-tests-for-android-master/layout-hierarchy-common/build.gradle /var/folders/bq/vtzpc5ns5sg2cthy61lqpg3dfzgbys/T/1559196296300-0/src/screenshot-tests-for-android-master/layout-hierarchy-litho/build.gradle /var/folders/bq/vtzpc5ns5sg2cthy61lqpg3dfzgbys/T/1559196296300-0/src/screenshot-tests-for-android-master/sample/build.gradle /var/folders/bq/vtzpc5ns5sg2cthy61lqpg3dfzgbys/T/1559196296300-0/src/screenshot-tests-for-android-master/build.gradle /var/folders/bq/vtzpc5ns5sg2cthy61lqpg3dfzgbys/T/1559196296300-0/src/screenshot-tests-for-android-master/plugin/build.gradle
2019-05-30 13:04:57,467 INFO  ProjectBuildService - All script(s): /var/folders/bq/vtzpc5ns5sg2cthy61lqpg3dfzgbys/T/1559196296300-0/src/screenshot-tests-for-android-master/versions.gradle /var/folders/bq/vtzpc5ns5sg2cthy61lqpg3dfzgbys/T/1559196296300-0/src/screenshot-tests-for-android-master/core/build.gradle /var/folders/bq/vtzpc5ns5sg2cthy61lqpg3dfzgbys/T/1559196296300-0/src/screenshot-tests-for-android-master/layout-hierarchy-common/build.gradle /var/folders/bq/vtzpc5ns5sg2cthy61lqpg3dfzgbys/T/1559196296300-0/src/screenshot-tests-for-android-master/plugin/build.gradle /var/folders/bq/vtzpc5ns5sg2cthy61lqpg3dfzgbys/T/1559196296300-0/src/screenshot-tests-for-android-master/gradle/gradle-mvn-push.gradle /var/folders/bq/vtzpc5ns5sg2cthy61lqpg3dfzgbys/T/1559196296300-0/src/screenshot-tests-for-android-master/layout-hierarchy-litho/build.gradle /var/folders/bq/vtzpc5ns5sg2cthy61lqpg3dfzgbys/T/1559196296300-0/src/screenshot-tests-for-android-master/build.gradle /var/folders/bq/vtzpc5ns5sg2cthy61lqpg3dfzgbys/T/1559196296300-0/src/screenshot-tests-for-android-master/sample/build.gradle /var/folders/bq/vtzpc5ns5sg2cthy61lqpg3dfzgbys/T/1559196296300-0/src/screenshot-tests-for-android-master/settings.gradle
2019-05-30 13:04:57,468 INFO  ProjectBuildService - Remote scripts: none
2019-05-30 13:04:57,468 INFO  ProjectFixService - Fixing project...
2019-05-30 13:04:57,485 INFO  LocalPropertiesFixService - Created fake /var/folders/bq/vtzpc5ns5sg2cthy61lqpg3dfzgbys/T/1559196296300-0/src/screenshot-tests-for-android-master/core/local.properties
2019-05-30 13:04:57,489 INFO  ProjectFixService - Build info for "/var/folders/bq/vtzpc5ns5sg2cthy61lqpg3dfzgbys/T/1559196296300-0/src/screenshot-tests-for-android-master/core/build.gradle": [buildToolsVersion=<null>,compileSdkVersion=<null>,minSdkVersion=15,targetSdkVersion=<null>]
2019-05-30 13:04:57,489 INFO  ProjectFixService - Fixed build info for "/var/folders/bq/vtzpc5ns5sg2cthy61lqpg3dfzgbys/T/1559196296300-0/src/screenshot-tests-for-android-master/core/build.gradle": [buildToolsVersion=28.0.0-rc2,compileSdkVersion=28,minSdkVersion=15,targetSdkVersion=28]
2019-05-30 13:04:57,490 INFO  LocalPropertiesFixService - Created fake /var/folders/bq/vtzpc5ns5sg2cthy61lqpg3dfzgbys/T/1559196296300-0/src/screenshot-tests-for-android-master/layout-hierarchy-common/local.properties
2019-05-30 13:04:57,493 INFO  ProjectFixService - Build info for "/var/folders/bq/vtzpc5ns5sg2cthy61lqpg3dfzgbys/T/1559196296300-0/src/screenshot-tests-for-android-master/layout-hierarchy-common/build.gradle": [buildToolsVersion=<null>,compileSdkVersion=<null>,minSdkVersion=15,targetSdkVersion=<null>]
2019-05-30 13:04:57,493 INFO  ProjectFixService - Fixed build info for "/var/folders/bq/vtzpc5ns5sg2cthy61lqpg3dfzgbys/T/1559196296300-0/src/screenshot-tests-for-android-master/layout-hierarchy-common/build.gradle": [buildToolsVersion=28.0.0-rc2,compileSdkVersion=28,minSdkVersion=15,targetSdkVersion=28]
2019-05-30 13:04:57,494 INFO  LocalPropertiesFixService - Created fake /var/folders/bq/vtzpc5ns5sg2cthy61lqpg3dfzgbys/T/1559196296300-0/src/screenshot-tests-for-android-master/layout-hierarchy-litho/local.properties
2019-05-30 13:04:57,497 INFO  ProjectFixService - Build info for "/var/folders/bq/vtzpc5ns5sg2cthy61lqpg3dfzgbys/T/1559196296300-0/src/screenshot-tests-for-android-master/layout-hierarchy-litho/build.gradle": [buildToolsVersion=<null>,compileSdkVersion=<null>,minSdkVersion=15,targetSdkVersion=<null>]
2019-05-30 13:04:57,497 INFO  ProjectFixService - Fixed build info for "/var/folders/bq/vtzpc5ns5sg2cthy61lqpg3dfzgbys/T/1559196296300-0/src/screenshot-tests-for-android-master/layout-hierarchy-litho/build.gradle": [buildToolsVersion=28.0.0-rc2,compileSdkVersion=28,minSdkVersion=15,targetSdkVersion=28]
2019-05-30 13:04:57,498 INFO  LocalPropertiesFixService - Created fake /var/folders/bq/vtzpc5ns5sg2cthy61lqpg3dfzgbys/T/1559196296300-0/src/screenshot-tests-for-android-master/sample/local.properties
2019-05-30 13:04:57,501 INFO  ProjectFixService - Build info for "/var/folders/bq/vtzpc5ns5sg2cthy61lqpg3dfzgbys/T/1559196296300-0/src/screenshot-tests-for-android-master/sample/build.gradle": [buildToolsVersion=<null>,compileSdkVersion=<null>,minSdkVersion=15,targetSdkVersion=<null>]
2019-05-30 13:04:57,501 INFO  ProjectFixService - Fixed build info for "/var/folders/bq/vtzpc5ns5sg2cthy61lqpg3dfzgbys/T/1559196296300-0/src/screenshot-tests-for-android-master/sample/build.gradle": [buildToolsVersion=28.0.0-rc2,compileSdkVersion=28,minSdkVersion=15,targetSdkVersion=28]
2019-05-30 13:04:57,502 INFO  LocalPropertiesFixService - Created fake /var/folders/bq/vtzpc5ns5sg2cthy61lqpg3dfzgbys/T/1559196296300-0/src/screenshot-tests-for-android-master/local.properties
2019-05-30 13:04:57,502 INFO  WrapperPropertiesFixService - Gradle wrapper: https://services.gradle.org/distributions/gradle-4.10.2-bin.zip
2019-05-30 13:04:57,506 INFO  ProjectFixService - Build info for "/var/folders/bq/vtzpc5ns5sg2cthy61lqpg3dfzgbys/T/1559196296300-0/src/screenshot-tests-for-android-master/build.gradle": [buildToolsVersion=<null>,compileSdkVersion=<null>,minSdkVersion=15,targetSdkVersion=<null>]
2019-05-30 13:04:57,506 INFO  ProjectFixService - Fixed build info for "/var/folders/bq/vtzpc5ns5sg2cthy61lqpg3dfzgbys/T/1559196296300-0/src/screenshot-tests-for-android-master/build.gradle": [buildToolsVersion=28.0.0-rc2,compileSdkVersion=28,minSdkVersion=15,targetSdkVersion=28]
2019-05-30 13:04:57,507 INFO  LocalPropertiesFixService - Created fake /var/folders/bq/vtzpc5ns5sg2cthy61lqpg3dfzgbys/T/1559196296300-0/src/screenshot-tests-for-android-master/plugin/local.properties
2019-05-30 13:04:57,510 INFO  ProjectFixService - Build info for "/var/folders/bq/vtzpc5ns5sg2cthy61lqpg3dfzgbys/T/1559196296300-0/src/screenshot-tests-for-android-master/plugin/build.gradle": [buildToolsVersion=<null>,compileSdkVersion=<null>,minSdkVersion=15,targetSdkVersion=<null>]
2019-05-30 13:04:57,510 INFO  ProjectFixService - Fixed build info for "/var/folders/bq/vtzpc5ns5sg2cthy61lqpg3dfzgbys/T/1559196296300-0/src/screenshot-tests-for-android-master/plugin/build.gradle": [buildToolsVersion=28.0.0-rc2,compileSdkVersion=28,minSdkVersion=15,targetSdkVersion=28]
2019-05-30 13:04:57,511 INFO  ProjectFixService - Project was maybe fixed
2019-05-30 13:04:57,511 INFO  ProjectTaskService - Detecting possible tasks...
2019-05-30 13:04:57,511 INFO  SysUtils - Execute command: [/var/folders/bq/vtzpc5ns5sg2cthy61lqpg3dfzgbys/T/1559196296300-0/src/screenshot-tests-for-android-master/gradlew, -b, /var/folders/bq/vtzpc5ns5sg2cthy61lqpg3dfzgbys/T/1559196296300-0/src/screenshot-tests-for-android-master/core/build.gradle, -Dorg.gradle.daemon=false, -Dorg.gradle.daemon.performance.enable-monitoring=false, -Dorg.gradle.configureondemand=true, tasks]
2019-05-30 13:05:05,106 INFO  ProjectTaskService - Detected possible tasks: 68
2019-05-30 13:05:05,107 INFO  ProjectTaskService - Excluded tasks (15): lintDebug deviceCheck lint testReleaseUnitTest deviceAndroidTest uninstallDebugAndroidTest installDebugAndroidTest connectedCheck connectedDebugAndroidTest uninstallAll test check testDebugUnitTest connectedAndroidTest lintRelease
2019-05-30 13:05:05,107 INFO  SysUtils - Execute command: [/var/folders/bq/vtzpc5ns5sg2cthy61lqpg3dfzgbys/T/1559196296300-0/src/screenshot-tests-for-android-master/gradlew, -b, /var/folders/bq/vtzpc5ns5sg2cthy61lqpg3dfzgbys/T/1559196296300-0/src/screenshot-tests-for-android-master/core/build.gradle, -Dorg.gradle.daemon=false, -Dorg.gradle.daemon.performance.enable-monitoring=false, -Dorg.gradle.configureondemand=true, --stacktrace, -x, lintDebug, -x, deviceCheck, -x, lint, -x, testReleaseUnitTest, -x, deviceAndroidTest, -x, uninstallDebugAndroidTest, -x, installDebugAndroidTest, -x, connectedCheck, -x, connectedDebugAndroidTest, -x, uninstallAll, -x, test, -x, check, -x, testDebugUnitTest, -x, connectedAndroidTest, -x, lintRelease, build]
2019-05-30 13:05:17,127 INFO  SysUtils - Configuration on demand is an incubating feature.

> Task :core:androidJavadocs
/private/var/folders/bq/vtzpc5ns5sg2cthy61lqpg3dfzgbys/T/1559196296300-0/src/screenshot-tests-for-android-master/core/src/main/java/com/facebook/testing/screenshot/internal/AlbumImpl.java:37: error: cannot find symbol
import javax.annotation.Nullable;
                       ^
  symbol:   class Nullable
  location: package javax.annotation
/private/var/folders/bq/vtzpc5ns5sg2cthy61lqpg3dfzgbys/T/1559196296300-0/src/screenshot-tests-for-android-master/core/src/main/java/com/facebook/testing/screenshot/internal/TestNameDetector.java:20: error: cannot find symbol
import javax.annotation.Nullable;
                       ^
  symbol:   class Nullable
  location: package javax.annotation
/private/var/folders/bq/vtzpc5ns5sg2cthy61lqpg3dfzgbys/T/1559196296300-0/src/screenshot-tests-for-android-master/core/src/main/java/com/facebook/testing/screenshot/WindowAttachment.java:33: error: cannot find symbol
import javax.annotation.Nullable;
                       ^
  symbol:   class Nullable
  location: package javax.annotation
/private/var/folders/bq/vtzpc5ns5sg2cthy61lqpg3dfzgbys/T/1559196296300-0/src/screenshot-tests-for-android-master/core/src/main/java/com/facebook/testing/screenshot/layouthierarchy/AccessibilityUtil.java:28: error: package androidx.core.view does not exist
import androidx.core.view.ViewCompat;
                         ^
/private/var/folders/bq/vtzpc5ns5sg2cthy61lqpg3dfzgbys/T/1559196296300-0/src/screenshot-tests-for-android-master/core/src/main/java/com/facebook/testing/screenshot/layouthierarchy/AccessibilityUtil.java:29: error: package androidx.core.view.accessibility does not exist
import androidx.core.view.accessibility.AccessibilityNodeInfoCompat;
                                       ^
/private/var/folders/bq/vtzpc5ns5sg2cthy61lqpg3dfzgbys/T/1559196296300-0/src/screenshot-tests-for-android-master/core/src/main/java/com/facebook/testing/screenshot/layouthierarchy/AccessibilityUtil.java:32: error: cannot find symbol
import javax.annotation.Nullable;
                       ^
  symbol:   class Nullable
  location: package javax.annotation
/private/var/folders/bq/vtzpc5ns5sg2cthy61lqpg3dfzgbys/T/1559196296300-0/src/screenshot-tests-for-android-master/core/src/main/java/com/facebook/testing/screenshot/layouthierarchy/AccessibilityUtil.java:130: error: cannot find symbol
  public static AccessibilityRole getRole(AccessibilityNodeInfoCompat nodeInfo) {
                                          ^
  symbol:   class AccessibilityNodeInfoCompat
  location: class AccessibilityUtil
/private/var/folders/bq/vtzpc5ns5sg2cthy61lqpg3dfzgbys/T/1559196296300-0/src/screenshot-tests-for-android-master/core/src/main/java/com/facebook/testing/screenshot/layouthierarchy/AccessibilityUtil.java:159: error: cannot find symbol
  private static AccessibilityNodeInfoCompat createNodeInfoFromView(@Nullable View view) {
                 ^
  symbol:   class AccessibilityNodeInfoCompat
  location: class AccessibilityUtil
/private/var/folders/bq/vtzpc5ns5sg2cthy61lqpg3dfzgbys/T/1559196296300-0/src/screenshot-tests-for-android-master/core/src/main/java/com/facebook/testing/screenshot/layouthierarchy/AccessibilityUtil.java:186: error: cannot find symbol
  public static boolean hasText(@Nullable AccessibilityNodeInfoCompat node) {
                                          ^
  symbol:   class AccessibilityNodeInfoCompat
  location: class AccessibilityUtil
/private/var/folders/bq/vtzpc5ns5sg2cthy61lqpg3dfzgbys/T/1559196296300-0/src/screenshot-tests-for-android-master/core/src/main/java/com/facebook/testing/screenshot/layouthierarchy/AccessibilityUtil.java:201: error: cannot find symbol
      @Nullable AccessibilityNodeInfoCompat node, @Nullable View view) {
                ^
  symbol:   class AccessibilityNodeInfoCompat
  location: class AccessibilityUtil
/private/var/folders/bq/vtzpc5ns5sg2cthy61lqpg3dfzgbys/T/1559196296300-0/src/screenshot-tests-for-android-master/core/src/main/java/com/facebook/testing/screenshot/layouthierarchy/AccessibilityUtil.java:228: error: cannot find symbol
      @Nullable AccessibilityNodeInfoCompat node, @Nullable View view) {
                ^
  symbol:   class AccessibilityNodeInfoCompat
  location: class AccessibilityUtil
/private/var/folders/bq/vtzpc5ns5sg2cthy61lqpg3dfzgbys/T/1559196296300-0/src/screenshot-tests-for-android-master/core/src/main/java/com/facebook/testing/screenshot/layouthierarchy/AccessibilityUtil.java:282: error: cannot find symbol
      @Nullable AccessibilityNodeInfoCompat node, @Nullable View view) {
                ^
  symbol:   class AccessibilityNodeInfoCompat
  location: class AccessibilityUtil
/private/var/folders/bq/vtzpc5ns5sg2cthy61lqpg3dfzgbys/T/1559196296300-0/src/screenshot-tests-for-android-master/core/src/main/java/com/facebook/testing/screenshot/layouthierarchy/AccessibilityUtil.java:310: error: cannot find symbol
      @Nullable AccessibilityNodeInfoCompat node, @Nullable View view) {
                ^
  symbol:   class AccessibilityNodeInfoCompat
  location: class AccessibilityUtil
/private/var/folders/bq/vtzpc5ns5sg2cthy61lqpg3dfzgbys/T/1559196296300-0/src/screenshot-tests-for-android-master/core/src/main/java/com/facebook/testing/screenshot/layouthierarchy/AccessibilityUtil.java:352: error: cannot find symbol
  public static boolean isActionableForAccessibility(@Nullable AccessibilityNodeInfoCompat node) {
                                                               ^
  symbol:   class AccessibilityNodeInfoCompat
  location: class AccessibilityUtil
/private/var/folders/bq/vtzpc5ns5sg2cthy61lqpg3dfzgbys/T/1559196296300-0/src/screenshot-tests-for-android-master/core/src/main/java/com/facebook/testing/screenshot/layouthierarchy/AccessibilityUtil.java:376: error: cannot find symbol
      @Nullable AccessibilityNodeInfoCompat node, @Nullable View view) {
                ^
  symbol:   class AccessibilityNodeInfoCompat
  location: class AccessibilityUtil
/private/var/folders/bq/vtzpc5ns5sg2cthy61lqpg3dfzgbys/T/1559196296300-0/src/screenshot-tests-for-android-master/core/src/main/java/com/facebook/testing/screenshot/layouthierarchy/AccessibilityUtil.java:419: error: cannot find symbol
  public static boolean areBoundsIdenticalToWindow(AccessibilityNodeInfoCompat node, View view) {
                                                   ^
  symbol:   class AccessibilityNodeInfoCompat
  location: class AccessibilityUtil
/private/var/folders/bq/vtzpc5ns5sg2cthy61lqpg3dfzgbys/T/1559196296300-0/src/screenshot-tests-for-android-master/core/src/main/java/com/facebook/testing/screenshot/layouthierarchy/AccessibilityUtil.java:573: error: cannot find symbol
    private final @Nullable AccessibilityNodeInfoCompat mNodeInfo;
                            ^
  symbol:   class AccessibilityNodeInfoCompat
  location: class AXTreeNode
/private/var/folders/bq/vtzpc5ns5sg2cthy61lqpg3dfzgbys/T/1559196296300-0/src/screenshot-tests-for-android-master/core/src/main/java/com/facebook/testing/screenshot/layouthierarchy/AccessibilityUtil.java:587: error: cannot find symbol
    public @Nullable AccessibilityNodeInfoCompat getNodeInfo() {
                     ^
  symbol:   class AccessibilityNodeInfoCompat
  location: class AXTreeNode
/private/var/folders/bq/vtzpc5ns5sg2cthy61lqpg3dfzgbys/T/1559196296300-0/src/screenshot-tests-for-android-master/core/src/main/java/com/facebook/testing/screenshot/layouthierarchy/AccessibilityHierarchyDumper.java:21: error: package androidx.core.view.accessibility does not exist
import androidx.core.view.accessibility.AccessibilityNodeInfoCompat;
                                       ^
/private/var/folders/bq/vtzpc5ns5sg2cthy61lqpg3dfzgbys/T/1559196296300-0/src/screenshot-tests-for-android-master/core/src/main/java/com/facebook/testing/screenshot/layouthierarchy/AccessibilityHierarchyDumper.java:22: error: package androidx.core.view.accessibility.AccessibilityNodeInfoCompat does not exist
import androidx.core.view.accessibility.AccessibilityNodeInfoCompat.AccessibilityActionCompat;
                                                                   ^
/private/var/folders/bq/vtzpc5ns5sg2cthy61lqpg3dfzgbys/T/1559196296300-0/src/screenshot-tests-for-android-master/core/src/main/java/com/facebook/testing/screenshot/layouthierarchy/AccessibilityHierarchyDumper.java:23: error: package androidx.core.view.accessibility.AccessibilityNodeInfoCompat does not exist
import androidx.core.view.accessibility.AccessibilityNodeInfoCompat.CollectionInfoCompat;
                                                                   ^
/private/var/folders/bq/vtzpc5ns5sg2cthy61lqpg3dfzgbys/T/1559196296300-0/src/screenshot-tests-for-android-master/core/src/main/java/com/facebook/testing/screenshot/layouthierarchy/AccessibilityHierarchyDumper.java:24: error: package androidx.core.view.accessibility.AccessibilityNodeInfoCompat does not exist
import androidx.core.view.accessibility.AccessibilityNodeInfoCompat.CollectionItemInfoCompat;
                                                                   ^
/private/var/folders/bq/vtzpc5ns5sg2cthy61lqpg3dfzgbys/T/1559196296300-0/src/screenshot-tests-for-android-master/core/src/main/java/com/facebook/testing/screenshot/layouthierarchy/AccessibilityHierarchyDumper.java:25: error: package androidx.core.view.accessibility.AccessibilityNodeInfoCompat does not exist
import androidx.core.view.accessibility.AccessibilityNodeInfoCompat.RangeInfoCompat;
                                                                   ^
/private/var/folders/bq/vtzpc5ns5sg2cthy61lqpg3dfzgbys/T/1559196296300-0/src/screenshot-tests-for-android-master/core/src/main/java/com/facebook/testing/screenshot/internal/AlbumImpl.java:125: error: cannot find symbol
  @Nullable
   ^
  symbol:   class Nullable
  location: class AlbumImpl
/private/var/folders/bq/vtzpc5ns5sg2cthy61lqpg3dfzgbys/T/1559196296300-0/src/screenshot-tests-for-android-master/core/src/main/java/com/facebook/testing/screenshot/internal/AlbumImpl.java:138: error: cannot find symbol
  @Nullable
   ^
  symbol:   class Nullable
  location: class AlbumImpl
/private/var/folders/bq/vtzpc5ns5sg2cthy61lqpg3dfzgbys/T/1559196296300-0/src/screenshot-tests-for-android-master/core/src/main/java/com/facebook/testing/screenshot/internal/TestNameDetector.java:62: error: cannot find symbol
  private static @Nullable StackTraceElement getFirstTestElement(StackTraceElement[] stack) {
                  ^
  symbol:   class Nullable
  location: class TestNameDetector
/private/var/folders/bq/vtzpc5ns5sg2cthy61lqpg3dfzgbys/T/1559196296300-0/src/screenshot-tests-for-android-master/core/src/main/java/com/facebook/testing/screenshot/WindowAttachment.java:41: error: cannot find symbol
  @Nullable private static Object sAttachInfo = null;
   ^
  symbol:   class Nullable
  location: class WindowAttachment
/private/var/folders/bq/vtzpc5ns5sg2cthy61lqpg3dfzgbys/T/1559196296300-0/src/screenshot-tests-for-android-master/core/src/main/java/com/facebook/testing/screenshot/WindowAttachment.java:131: error: cannot find symbol
  public static @Nullable Object generateAttachInfo(View view) {
                 ^
  symbol:   class Nullable
  location: class WindowAttachment
/private/var/folders/bq/vtzpc5ns5sg2cthy61lqpg3dfzgbys/T/1559196296300-0/src/screenshot-tests-for-android-master/core/src/main/java/com/facebook/testing/screenshot/layouthierarchy/AccessibilityUtil.java:159: error: cannot find symbol
  private static AccessibilityNodeInfoCompat createNodeInfoFromView(@Nullable View view) {
                                                                     ^
  symbol:   class Nullable
  location: class AccessibilityUtil
/private/var/folders/bq/vtzpc5ns5sg2cthy61lqpg3dfzgbys/T/1559196296300-0/src/screenshot-tests-for-android-master/core/src/main/java/com/facebook/testing/screenshot/layouthierarchy/AccessibilityUtil.java:158: error: cannot find symbol
  @Nullable
   ^
  symbol:   class Nullable
  location: class AccessibilityUtil
/private/var/folders/bq/vtzpc5ns5sg2cthy61lqpg3dfzgbys/T/1559196296300-0/src/screenshot-tests-for-android-master/core/src/main/java/com/facebook/testing/screenshot/layouthierarchy/AccessibilityUtil.java:186: error: cannot find symbol
  public static boolean hasText(@Nullable AccessibilityNodeInfoCompat node) {
                                 ^
  symbol:   class Nullable
  location: class AccessibilityUtil
/private/var/folders/bq/vtzpc5ns5sg2cthy61lqpg3dfzgbys/T/1559196296300-0/src/screenshot-tests-for-android-master/core/src/main/java/com/facebook/testing/screenshot/layouthierarchy/AccessibilityUtil.java:201: error: cannot find symbol
      @Nullable AccessibilityNodeInfoCompat node, @Nullable View view) {
       ^
  symbol:   class Nullable
  location: class AccessibilityUtil
/private/var/folders/bq/vtzpc5ns5sg2cthy61lqpg3dfzgbys/T/1559196296300-0/src/screenshot-tests-for-android-master/core/src/main/java/com/facebook/testing/screenshot/layouthierarchy/AccessibilityUtil.java:201: error: cannot find symbol
      @Nullable AccessibilityNodeInfoCompat node, @Nullable View view) {
                                                   ^
  symbol:   class Nullable
  location: class AccessibilityUtil
/private/var/folders/bq/vtzpc5ns5sg2cthy61lqpg3dfzgbys/T/1559196296300-0/src/screenshot-tests-for-android-master/core/src/main/java/com/facebook/testing/screenshot/layouthierarchy/AccessibilityUtil.java:228: error: cannot find symbol
      @Nullable AccessibilityNodeInfoCompat node, @Nullable View view) {
       ^
  symbol:   class Nullable
  location: class AccessibilityUtil
/private/var/folders/bq/vtzpc5ns5sg2cthy61lqpg3dfzgbys/T/1559196296300-0/src/screenshot-tests-for-android-master/core/src/main/java/com/facebook/testing/screenshot/layouthierarchy/AccessibilityUtil.java:228: error: cannot find symbol
      @Nullable AccessibilityNodeInfoCompat node, @Nullable View view) {
                                                   ^
  symbol:   class Nullable
  location: class AccessibilityUtil
/private/var/folders/bq/vtzpc5ns5sg2cthy61lqpg3dfzgbys/T/1559196296300-0/src/screenshot-tests-for-android-master/core/src/main/java/com/facebook/testing/screenshot/layouthierarchy/AccessibilityUtil.java:282: error: cannot find symbol
      @Nullable AccessibilityNodeInfoCompat node, @Nullable View view) {
       ^
  symbol:   class Nullable
  location: class AccessibilityUtil
/private/var/folders/bq/vtzpc5ns5sg2cthy61lqpg3dfzgbys/T/1559196296300-0/src/screenshot-tests-for-android-master/core/src/main/java/com/facebook/testing/screenshot/layouthierarchy/AccessibilityUtil.java:282: error: cannot find symbol
      @Nullable AccessibilityNodeInfoCompat node, @Nullable View view) {
                                                   ^
  symbol:   class Nullable
  location: class AccessibilityUtil
/private/var/folders/bq/vtzpc5ns5sg2cthy61lqpg3dfzgbys/T/1559196296300-0/src/screenshot-tests-for-android-master/core/src/main/java/com/facebook/testing/screenshot/layouthierarchy/AccessibilityUtil.java:310: error: cannot find symbol
      @Nullable AccessibilityNodeInfoCompat node, @Nullable View view) {
       ^
  symbol:   class Nullable
  location: class AccessibilityUtil
/private/var/folders/bq/vtzpc5ns5sg2cthy61lqpg3dfzgbys/T/1559196296300-0/src/screenshot-tests-for-android-master/core/src/main/java/com/facebook/testing/screenshot/layouthierarchy/AccessibilityUtil.java:310: error: cannot find symbol
      @Nullable AccessibilityNodeInfoCompat node, @Nullable View view) {
                                                   ^
  symbol:   class Nullable
  location: class AccessibilityUtil
/private/var/folders/bq/vtzpc5ns5sg2cthy61lqpg3dfzgbys/T/1559196296300-0/src/screenshot-tests-for-android-master/core/src/main/java/com/facebook/testing/screenshot/layouthierarchy/AccessibilityUtil.java:352: error: cannot find symbol
  public static boolean isActionableForAccessibility(@Nullable AccessibilityNodeInfoCompat node) {
                                                      ^
  symbol:   class Nullable
  location: class AccessibilityUtil
/private/var/folders/bq/vtzpc5ns5sg2cthy61lqpg3dfzgbys/T/1559196296300-0/src/screenshot-tests-for-android-master/core/src/main/java/com/facebook/testing/screenshot/layouthierarchy/AccessibilityUtil.java:376: error: cannot find symbol
      @Nullable AccessibilityNodeInfoCompat node, @Nullable View view) {
       ^
  symbol:   class Nullable
  location: class AccessibilityUtil
/private/var/folders/bq/vtzpc5ns5sg2cthy61lqpg3dfzgbys/T/1559196296300-0/src/screenshot-tests-for-android-master/core/src/main/java/com/facebook/testing/screenshot/layouthierarchy/AccessibilityUtil.java:376: error: cannot find symbol
      @Nullable AccessibilityNodeInfoCompat node, @Nullable View view) {
                                                   ^
  symbol:   class Nullable
  location: class AccessibilityUtil
/private/var/folders/bq/vtzpc5ns5sg2cthy61lqpg3dfzgbys/T/1559196296300-0/src/screenshot-tests-for-android-master/core/src/main/java/com/facebook/testing/screenshot/layouthierarchy/AccessibilityUtil.java:557: error: cannot find symbol
  public static AXTreeNode generateAccessibilityTree(View view, @Nullable AXTreeNode parent) {
                                                                 ^
  symbol:   class Nullable
  location: class AccessibilityUtil
/private/var/folders/bq/vtzpc5ns5sg2cthy61lqpg3dfzgbys/T/1559196296300-0/src/screenshot-tests-for-android-master/core/src/main/java/com/facebook/testing/screenshot/layouthierarchy/AccessibilityUtil.java:84: error: cannot find symbol
    @Nullable private final String mValue;
     ^
  symbol:   class Nullable
  location: class AccessibilityRole
/private/var/folders/bq/vtzpc5ns5sg2cthy61lqpg3dfzgbys/T/1559196296300-0/src/screenshot-tests-for-android-master/core/src/main/java/com/facebook/testing/screenshot/layouthierarchy/AccessibilityUtil.java:90: error: cannot find symbol
    @Nullable
     ^
  symbol:   class Nullable
  location: class AccessibilityRole
/private/var/folders/bq/vtzpc5ns5sg2cthy61lqpg3dfzgbys/T/1559196296300-0/src/screenshot-tests-for-android-master/core/src/main/java/com/facebook/testing/screenshot/layouthierarchy/AccessibilityUtil.java:573: error: cannot find symbol
    private final @Nullable AccessibilityNodeInfoCompat mNodeInfo;
                   ^
  symbol:   class Nullable
  location: class AXTreeNode
/private/var/folders/bq/vtzpc5ns5sg2cthy61lqpg3dfzgbys/T/1559196296300-0/src/screenshot-tests-for-android-master/core/src/main/java/com/facebook/testing/screenshot/layouthierarchy/AccessibilityUtil.java:575: error: cannot find symbol
    private final @Nullable AXTreeNode mParent;
                   ^
  symbol:   class Nullable
  location: class AXTreeNode
/private/var/folders/bq/vtzpc5ns5sg2cthy61lqpg3dfzgbys/T/1559196296300-0/src/screenshot-tests-for-android-master/core/src/main/java/com/facebook/testing/screenshot/layouthierarchy/AccessibilityUtil.java:577: error: cannot find symbol
    public AXTreeNode(View view, @Nullable AXTreeNode parent) {
                                  ^
  symbol:   class Nullable
  location: class AXTreeNode
/private/var/folders/bq/vtzpc5ns5sg2cthy61lqpg3dfzgbys/T/1559196296300-0/src/screenshot-tests-for-android-master/core/src/main/java/com/facebook/testing/screenshot/layouthierarchy/AccessibilityUtil.java:587: error: cannot find symbol
    public @Nullable AccessibilityNodeInfoCompat getNodeInfo() {
            ^
  symbol:   class Nullable
  location: class AXTreeNode
/private/var/folders/bq/vtzpc5ns5sg2cthy61lqpg3dfzgbys/T/1559196296300-0/src/screenshot-tests-for-android-master/core/src/main/java/com/facebook/testing/screenshot/layouthierarchy/AccessibilityUtil.java:603: error: cannot find symbol
    public @Nullable AXTreeNode getParent() {
            ^
  symbol:   class Nullable
  location: class AXTreeNode
/private/var/folders/bq/vtzpc5ns5sg2cthy61lqpg3dfzgbys/T/1559196296300-0/src/screenshot-tests-for-android-master/core/src/main/java/com/facebook/testing/screenshot/ViewHelpers.java:66: warning - @returns is an unknown tag.
javadoc: warning - Class Nullable not found.
javadoc: warning - Class Nullable not found.
javadoc: warning - Class Nullable not found.
javadoc: warning - Class Nullable not found.
/private/var/folders/bq/vtzpc5ns5sg2cthy61lqpg3dfzgbys/T/1559196296300-0/src/screenshot-tests-for-android-master/core/src/main/java/com/facebook/testing/screenshot/internal/RecordBuilderImpl.java:57: warning - @inherit is an unknown tag.
/private/var/folders/bq/vtzpc5ns5sg2cthy61lqpg3dfzgbys/T/1559196296300-0/src/screenshot-tests-for-android-master/core/src/main/java/com/facebook/testing/screenshot/internal/RecordBuilderImpl.java:71: warning - @inherit is an unknown tag.
/private/var/folders/bq/vtzpc5ns5sg2cthy61lqpg3dfzgbys/T/1559196296300-0/src/screenshot-tests-for-android-master/core/src/main/java/com/facebook/testing/screenshot/internal/RecordBuilderImpl.java:115: warning - @inherit is an unknown tag.
/private/var/folders/bq/vtzpc5ns5sg2cthy61lqpg3dfzgbys/T/1559196296300-0/src/screenshot-tests-for-android-master/core/src/main/java/com/facebook/testing/screenshot/internal/RecordBuilderImpl.java:121: warning - @inherit is an unknown tag.
/private/var/folders/bq/vtzpc5ns5sg2cthy61lqpg3dfzgbys/T/1559196296300-0/src/screenshot-tests-for-android-master/core/src/main/java/com/facebook/testing/screenshot/internal/RecordBuilderImpl.java:151: warning - @inherit is an unknown tag.
/private/var/folders/bq/vtzpc5ns5sg2cthy61lqpg3dfzgbys/T/1559196296300-0/src/screenshot-tests-for-android-master/core/src/main/java/com/facebook/testing/screenshot/layouthierarchy/AccessibilityUtil.java:40: warning - Tag @link: reference not found: AccessibilityNodeInfoCompat
/private/var/folders/bq/vtzpc5ns5sg2cthy61lqpg3dfzgbys/T/1559196296300-0/src/screenshot-tests-for-android-master/core/src/main/java/com/facebook/testing/screenshot/layouthierarchy/AccessibilityUtil.java:40: warning - Tag @link: reference not found: com.googlecode.eyesfree.utils.AccessibilityNodeInfoUtils
/private/var/folders/bq/vtzpc5ns5sg2cthy61lqpg3dfzgbys/T/1559196296300-0/src/screenshot-tests-for-android-master/core/src/main/java/com/facebook/testing/screenshot/layouthierarchy/AccessibilityUtil.java:130: warning - Tag @link: reference not found: AccessibilityNodeInfoCompat
/private/var/folders/bq/vtzpc5ns5sg2cthy61lqpg3dfzgbys/T/1559196296300-0/src/screenshot-tests-for-android-master/core/src/main/java/com/facebook/testing/screenshot/layouthierarchy/AccessibilityUtil.java:375: warning - Tag @link: reference not found: AccessibilityNodeInfoCompat
/private/var/folders/bq/vtzpc5ns5sg2cthy61lqpg3dfzgbys/T/1559196296300-0/src/screenshot-tests-for-android-master/core/src/main/java/com/facebook/testing/screenshot/layouthierarchy/AccessibilityUtil.java:227: warning - Tag @link: reference not found: AccessibilityNodeInfoCompat
/private/var/folders/bq/vtzpc5ns5sg2cthy61lqpg3dfzgbys/T/1559196296300-0/src/screenshot-tests-for-android-master/core/src/main/java/com/facebook/testing/screenshot/layouthierarchy/AccessibilityUtil.java:281: warning - Tag @link: reference not found: AccessibilityNodeInfoCompat
/private/var/folders/bq/vtzpc5ns5sg2cthy61lqpg3dfzgbys/T/1559196296300-0/src/screenshot-tests-for-android-master/core/src/main/java/com/facebook/testing/screenshot/layouthierarchy/AccessibilityUtil.java:200: warning - Tag @link: reference not found: AccessibilityNodeInfoCompat
/private/var/folders/bq/vtzpc5ns5sg2cthy61lqpg3dfzgbys/T/1559196296300-0/src/screenshot-tests-for-android-master/core/src/main/java/com/facebook/testing/screenshot/layouthierarchy/AccessibilityUtil.java:309: warning - Tag @link: reference not found: AccessibilityNodeInfoCompat
/private/var/folders/bq/vtzpc5ns5sg2cthy61lqpg3dfzgbys/T/1559196296300-0/src/screenshot-tests-for-android-master/core/src/main/java/com/facebook/testing/screenshot/layouthierarchy/AccessibilityUtil.java:130: warning - Tag @link: reference not found: AccessibilityNodeInfoCompat
/private/var/folders/bq/vtzpc5ns5sg2cthy61lqpg3dfzgbys/T/1559196296300-0/src/screenshot-tests-for-android-master/core/src/main/java/com/facebook/testing/screenshot/layouthierarchy/AccessibilityUtil.java:130: warning - @param argument "node" is not a parameter name.
javadoc: warning - Class Nullable not found.
javadoc: warning - Class Nullable not found.
javadoc: warning - Class Nullable not found.
/private/var/folders/bq/vtzpc5ns5sg2cthy61lqpg3dfzgbys/T/1559196296300-0/src/screenshot-tests-for-android-master/core/src/main/java/com/facebook/testing/screenshot/layouthierarchy/AccessibilityUtil.java:200: warning - Tag @link: reference not found: AccessibilityNodeInfoCompat
/private/var/folders/bq/vtzpc5ns5sg2cthy61lqpg3dfzgbys/T/1559196296300-0/src/screenshot-tests-for-android-master/core/src/main/java/com/facebook/testing/screenshot/layouthierarchy/AccessibilityUtil.java:200: warning - Tag @link: reference not found: AccessibilityNodeInfoCompat
javadoc: warning - Class Nullable not found.
javadoc: warning - Class Nullable not found.
/private/var/folders/bq/vtzpc5ns5sg2cthy61lqpg3dfzgbys/T/1559196296300-0/src/screenshot-tests-for-android-master/core/src/main/java/com/facebook/testing/screenshot/layouthierarchy/AccessibilityUtil.java:227: warning - Tag @link: reference not found: AccessibilityNodeInfoCompat
/private/var/folders/bq/vtzpc5ns5sg2cthy61lqpg3dfzgbys/T/1559196296300-0/src/screenshot-tests-for-android-master/core/src/main/java/com/facebook/testing/screenshot/layouthierarchy/AccessibilityUtil.java:227: warning - Tag @link: reference not found: AccessibilityNodeInfoCompat
javadoc: warning - Class Nullable not found.
javadoc: warning - Class Nullable not found.
/private/var/folders/bq/vtzpc5ns5sg2cthy61lqpg3dfzgbys/T/1559196296300-0/src/screenshot-tests-for-android-master/core/src/main/java/com/facebook/testing/screenshot/layouthierarchy/AccessibilityUtil.java:281: warning - Tag @link: reference not found: AccessibilityNodeInfoCompat
/private/var/folders/bq/vtzpc5ns5sg2cthy61lqpg3dfzgbys/T/1559196296300-0/src/screenshot-tests-for-android-master/core/src/main/java/com/facebook/testing/screenshot/layouthierarchy/AccessibilityUtil.java:281: warning - Tag @link: reference not found: AccessibilityNodeInfoCompat
javadoc: warning - Class Nullable not found.
javadoc: warning - Class Nullable not found.
/private/var/folders/bq/vtzpc5ns5sg2cthy61lqpg3dfzgbys/T/1559196296300-0/src/screenshot-tests-for-android-master/core/src/main/java/com/facebook/testing/screenshot/layouthierarchy/AccessibilityUtil.java:309: warning - Tag @link: reference not found: AccessibilityNodeInfoCompat
/private/var/folders/bq/vtzpc5ns5sg2cthy61lqpg3dfzgbys/T/1559196296300-0/src/screenshot-tests-for-android-master/core/src/main/java/com/facebook/testing/screenshot/layouthierarchy/AccessibilityUtil.java:309: warning - Tag @link: reference not found: AccessibilityNodeInfoCompat
javadoc: warning - Class Nullable not found.
/private/var/folders/bq/vtzpc5ns5sg2cthy61lqpg3dfzgbys/T/1559196296300-0/src/screenshot-tests-for-android-master/core/src/main/java/com/facebook/testing/screenshot/layouthierarchy/AccessibilityUtil.java:352: warning - Tag @link: reference not found: AccessibilityNodeInfoCompat#isClickable()
/private/var/folders/bq/vtzpc5ns5sg2cthy61lqpg3dfzgbys/T/1559196296300-0/src/screenshot-tests-for-android-master/core/src/main/java/com/facebook/testing/screenshot/layouthierarchy/AccessibilityUtil.java:352: warning - Tag @link: reference not found: AccessibilityNodeInfoCompat#isFocusable()
/private/var/folders/bq/vtzpc5ns5sg2cthy61lqpg3dfzgbys/T/1559196296300-0/src/screenshot-tests-for-android-master/core/src/main/java/com/facebook/testing/screenshot/layouthierarchy/AccessibilityUtil.java:352: warning - Tag @link: reference not found: AccessibilityNodeInfoCompat#isLongClickable()
/private/var/folders/bq/vtzpc5ns5sg2cthy61lqpg3dfzgbys/T/1559196296300-0/src/screenshot-tests-for-android-master/core/src/main/java/com/facebook/testing/screenshot/layouthierarchy/AccessibilityUtil.java:352: warning - Tag @link: reference not found: AccessibilityNodeInfoCompat
javadoc: warning - Class Nullable not found.
javadoc: warning - Class Nullable not found.
/private/var/folders/bq/vtzpc5ns5sg2cthy61lqpg3dfzgbys/T/1559196296300-0/src/screenshot-tests-for-android-master/core/src/main/java/com/facebook/testing/screenshot/layouthierarchy/AccessibilityUtil.java:375: warning - Tag @link: reference not found: AccessibilityNodeInfoCompat
/private/var/folders/bq/vtzpc5ns5sg2cthy61lqpg3dfzgbys/T/1559196296300-0/src/screenshot-tests-for-android-master/core/src/main/java/com/facebook/testing/screenshot/layouthierarchy/AccessibilityUtil.java:375: warning - Tag @link: reference not found: AccessibilityNodeInfoCompat
/private/var/folders/bq/vtzpc5ns5sg2cthy61lqpg3dfzgbys/T/1559196296300-0/src/screenshot-tests-for-android-master/core/src/main/java/com/facebook/testing/screenshot/layouthierarchy/AccessibilityUtil.java:419: warning - Tag @link: reference not found: AccessibilityNodeInfoCompat
javadoc: warning - Class Nullable not found.
javadoc: warning - Class Nullable not found.
javadoc: warning - Class Nullable not found.
100 warnings

> Task :core:androidJavadocsJar
> Task :core:androidSourcesJar
> Task :core:preBuild UP-TO-DATE
> Task :core:preDebugBuild UP-TO-DATE
> Task :core:compileDebugAidl NO-SOURCE
> Task :core:compileDebugRenderscript
> Task :core:checkDebugManifest
> Task :core:generateDebugBuildConfig
> Task :core:generateDebugResValues
> Task :core:generateDebugResources
> Task :core:packageDebugResources
> Task :core:processDebugManifest
> Task :core:generateDebugRFile
> Task :core:prepareLintJar
> Task :core:generateDebugSources
> Task :core:javaPreCompileDebug

> Task :core:compileDebugJavaWithJavac
Note: /private/var/folders/bq/vtzpc5ns5sg2cthy61lqpg3dfzgbys/T/1559196296300-0/src/screenshot-tests-for-android-master/core/src/main/java/com/facebook/testing/screenshot/layouthierarchy/AccessibilityHierarchyDumper.java uses or overrides a deprecated API.
Note: Recompile with -Xlint:deprecation for details.
Note: Some input files use unchecked or unsafe operations.
Note: Recompile with -Xlint:unchecked for details.

> Task :core:extractDebugAnnotations
> Task :core:mergeDebugConsumerProguardFiles
> Task :core:mergeDebugShaders
> Task :core:compileDebugShaders
> Task :core:generateDebugAssets
> Task :core:packageDebugAssets
> Task :core:packageDebugRenderscript NO-SOURCE
> Task :core:processDebugJavaRes NO-SOURCE
> Task :core:transformResourcesWithMergeJavaResForDebug
> Task :core:transformClassesAndResourcesWithSyncLibJarsForDebug
> Task :core:compileDebugNdk NO-SOURCE
> Task :core:mergeDebugJniLibFolders
> Task :core:transformNativeLibsWithMergeJniLibsForDebug
> Task :core:transformNativeLibsWithStripDebugSymbolForDebug
> Task :core:transformNativeLibsWithSyncJniLibsForDebug
> Task :core:bundleDebugAar
> Task :core:compileDebugSources
> Task :core:assembleDebug
> Task :core:preReleaseBuild UP-TO-DATE
> Task :core:compileReleaseAidl NO-SOURCE
> Task :core:compileReleaseRenderscript
> Task :core:checkReleaseManifest
> Task :core:generateReleaseBuildConfig SKIPPED
> Task :core:generateReleaseResValues
> Task :core:generateReleaseResources
> Task :core:packageReleaseResources
> Task :core:processReleaseManifest
> Task :core:generateReleaseRFile
> Task :core:generateReleaseSources
> Task :core:javaPreCompileRelease

> Task :core:compileReleaseJavaWithJavac
Note: /private/var/folders/bq/vtzpc5ns5sg2cthy61lqpg3dfzgbys/T/1559196296300-0/src/screenshot-tests-for-android-master/core/src/main/java/com/facebook/testing/screenshot/layouthierarchy/AccessibilityHierarchyDumper.java uses or overrides a deprecated API.
Note: Recompile with -Xlint:deprecation for details.
Note: Some input files use unchecked or unsafe operations.
Note: Recompile with -Xlint:unchecked for details.

> Task :core:extractReleaseAnnotations
> Task :core:mergeReleaseConsumerProguardFiles
> Task :core:mergeReleaseShaders
> Task :core:compileReleaseShaders
> Task :core:generateReleaseAssets
> Task :core:packageReleaseAssets
> Task :core:packageReleaseRenderscript NO-SOURCE
> Task :core:processReleaseJavaRes NO-SOURCE
> Task :core:transformResourcesWithMergeJavaResForRelease
> Task :core:transformClassesAndResourcesWithSyncLibJarsForRelease
> Task :core:compileReleaseNdk NO-SOURCE
> Task :core:mergeReleaseJniLibFolders
> Task :core:transformNativeLibsWithMergeJniLibsForRelease
> Task :core:transformNativeLibsWithStripDebugSymbolForRelease
> Task :core:transformNativeLibsWithSyncJniLibsForRelease
> Task :core:bundleReleaseAar
> Task :core:compileReleaseSources
> Task :core:mergeReleaseResources
> Task :core:verifyReleaseResources
> Task :core:assembleRelease
> Task :core:signArchives SKIPPED
> Task :core:assemble
> Task :core:build

BUILD SUCCESSFUL in 11s
47 actionable tasks: 47 executed

2019-05-30 13:05:17,168 INFO  FullProcessService - Found APK file: /var/folders/bq/vtzpc5ns5sg2cthy61lqpg3dfzgbys/T/1559196296300-0/src/screenshot-tests-for-android-master/plugin/src/py/android_screenshot_tests/example.apk
